1 1
2 1 2
2 1 3
3 1 2 4
12 1 2 3 4 5 6 10 12 15 20 30 60
18 1 2 3 4 5 6 10 12 15 20 25 30 50 60 75 100 150 300
9 1 2 4 5 10 20 25 50 100
16 1 2 4 5 8 10 20 25 40 50 100 125 200 250 500 1000
4 1 2 5 10
24 1 2 4 5 8 10 16 20 25 32 40 50 64 80 100 128 160 200 320 400 640 800 1600 3200
64 1 2 4 5 8 10 16 20 25 32 40 50 64 80 100 125 128 160 200 250 320 400 500 625 640 800 1000 1250 1600 2000 2500 3125 3200 4000 5000 6250 8000 10000 12500 15625 16000 20000 25000 31250 40000 50000 62500 78125 80000 100000 125000 156250 200000 250000 312500 400000 500000 625000 1000000 1250000 2000000 2500000 5000000 10000000
224 1 2 3 4 5 6 8 10 12 15 16 17 20 24 25 30 32 34 40 48 50 51 60 64 68 75 80 85 96 100 102 120 125 136 150 160 170 192 200 204 240 250 255 272 300 320 340 375 400 408 425 480 500 510 544 600 680 750 800 816 850 960 1000 1020 1088 1200 1275 1360 1500 1600 1632 1700 2000 2040 2125 2207 2400 2550 2720 3000 3264 3400 4000 4080 4250 4414 4800 5100 5440 6000 6375 6621 6800 8000 8160 8500 8828 10200 11035 12000 12750 13242 13600 16320 17000 17656 20400 22070 24000 25500 26484 27200 33105 34000 35312 37519 40800 44140 51000 52968 55175 66210 68000 70624 75038 81600 88280 102000 105936 110350 112557 132420 136000 141248 150076 165525 176560 187595 204000 211872 220700 225114 264840 275875 300152 331050 353120 375190 408000 423744 441400 450228 529680 551750 562785 600304 662100 706240 750380 827625 882800 900456 937975 1059360 1103500 1125570 1200608 1324200 1500760 1655250 1765600 1800912 1875950 2118720 2207000 2251140 2401216 2648400 2813925 3001520 3310500 3531200 3601824 3751900 4414000 4502280 4689875 5296800 5627850 6003040 6621000 7203648 7503800 8828000 9004560 9379750 10593600 11255700 12006080 13242000 14069625 15007600 17656000 18009120 18759500 22511400 26484000 28139250 30015200 36018240 37519000 45022800 52968000 56278500 60030400 75038000 90045600 112557000 150076000 180091200 225114000 300152000 450228000 900456000
2 1 94561237
12 1 11 17 187 289 3179 143483 1578313 2439211 26831321 41466587 456132457
168 1 2 3 4 5 6 8 10 12 15 16 20 24 25 30 32 40 48 50 53 60 64 75 80 96 100 106 120 150 159 160 192 200 212 240 265 300 318 320 400 424 480 530 600 636 795 800 848 960 1060 1200 1272 1325 1590 1600 1696 2120 2400 2544 2650 3180 3392 3539 3975 4240 4800 5088 5300 6360 7078 7950 8480 10176 10600 10617 12720 14156 15900 16960 17695 21200 21234 25440 28312 31800 35390 42400 42468 50880 53085 56624 63600 70780 84800 84936 88475 106170 113248 127200 141560 169872 176950 187567 212340 226496 254400 265425 283120 339744 353900 375134 424680 530850 562701 566240 679488 707800 750268 849360 937835 1061700 1125402 1132480 1415600 1500536 1698720 1875670 2123400 2250804 2813505 2831200 3001072 3397440 3751340 4246800 4501608 4689175 5627010 5662400 6002144 7502680 8493600 9003216 9378350 11254020 12004288 14067525 15005360 16987200 18006432 18756700 22508040 28135050 30010720 36012864 37513400 45016080 56270100 60021440 75026800 90032160 112540200 150053600 180064320 225080400 300107200 450160800 900321600
24 1 2 3 4 6 12 67 134 201 268 402 804 1119403 2238806 3358209 4477612 6716418 13432836 75000001 150000002 225000003 300000004 450000006 900000012
216 1 2 4 5 7 8 10 14 16 20 25 28 32 35 40 49 50 56 64 70 80 98 100 112 125 128 140 160 175 196 200 224 245 250 256 280 320 350 392 400 448 490 500 560 625 640 700 784 800 875 896 980 1000 1120 1225 1250 1280 1400 1568 1600 1750 1792 1960 2000 2240 2450 2500 2800 3125 3136 3200 3500 3920 4000 4375 4480 4900 5000 5600 6125 6250 6272 6400 7000 7840 8000 8750 8960 9800 10000 11200 12250 12500 12544 14000 15625 15680 16000 17500 19600 20000 21875 22400 24500 25000 28000 30625 31250 31360 32000 35000 39200 40000 43750 44800 49000 50000 56000 61250 62500 62720 70000 78125 78400 80000 87500 98000 100000 109375 112000 122500 125000 140000 153125 156250 156800 160000 175000 196000 200000 218750 224000 245000 250000 280000 306250 312500 313600 350000 392000 400000 437500 490000 500000 546875 560000 612500 625000 700000 765625 784000 800000 875000 980000 1000000 1093750 1120000 1225000 1250000 1400000 1531250 1568000 1750000 1960000 2000000 2187500 2450000 2500000 2800000 3062500 3500000 3828125 3920000 4000000 4375000 4900000 5000000 5600000 6125000 7000000 7656250 7840000 8750000 9800000 10000000 12250000 14000000 15312500 17500000 19600000 20000000 24500000 28000000 30625000 35000000 39200000 49000000 61250000 70000000 98000000 122500000 140000000 196000000 245000000 490000000 980000000
240 1 2 4 5 7 8 10 13 14 16 20 25 26 28 32 35 40 50 52 56 64 65 70 80 91 100 104 112 125 128 130 140 160 175 182 200 208 224 250 256 260 280 320 325 350 364 400 416 448 455 500 512 520 560 625 640 650 700 728 800 832 875 896 910 1000 1040 1120 1250 1280 1300 1400 1456 1600 1625 1664 1750 1792 1820 2000 2080 2240 2275 2500 2560 2600 2800 2912 3125 3200 3250 3328 3500 3584 3640 4000 4160 4375 4480 4550 5000 5200 5600 5824 6250 6400 6500 6656 7000 7280 8000 8125 8320 8750 8960 9100 10000 10400 11200 11375 11648 12500 12800 13000 14000 14560 16000 16250 16640 17500 17920 18200 20000 20800 21875 22400 22750 23296 25000 26000 28000 29120 32000 32500 33280 35000 36400 40000 40625 41600 43750 44800 45500 46592 50000 52000 56000 56875 58240 64000 65000 70000 72800 80000 81250 83200 87500 89600 91000 100000 104000 112000 113750 116480 130000 140000 145600 160000 162500 166400 175000 182000 200000 208000 224000 227500 232960 260000 280000 284375 291200 320000 325000 350000 364000 400000 416000 448000 455000 520000 560000 568750 582400 650000 700000 728000 800000 832000 910000 1040000 1120000 1137500 1164800 1300000 1400000 1456000 1600000 1820000 2080000 2240000 2275000 2600000 2800000 2912000 3640000 4160000 4550000 5200000 5600000 5824000 7280000 9100000 10400000 11200000 14560000 18200000 20800000 29120000 36400000 72800000 145600000
24 1 2 4 5 8 10 20 25 40 50 100 200 4549213 9098426 18196852 22746065 36393704 45492130 90984260 113730325 181968520 227460650 454921300 909842600
16 1 2 37 74 109 218 4033 8066 111581 223162 4128497 8256994 12162329 24324658 450006173 900012346
100 1 2 4 5 8 10 16 20 25 32 40 50 64 80 100 125 128 160 200 250 256 320 400 500 512 625 640 800 1000 1250 1280 1600 2000 2500 2560 3125 3200 4000 5000 6250 6400 8000 10000 12500 12800 15625 16000 20000 25000 31250 32000 40000 50000 62500 64000 78125 80000 100000 125000 156250 160000 200000 250000 312500 320000 390625 400000 500000 625000 781250 800000 1000000 1250000 1562500 1600000 1953125 2000000 2500000 3125000 3906250 4000000 5000000 6250000 7812500 8000000 10000000 12500000 15625000 20000000 25000000 31250000 40000000 50000000 62500000 100000000 125000000 200000000 250000000 500000000 1000000000
4 1 3 41 123
12 1 2 4 17 23 34 46 68 92 391 782 1564
4 1 2 617 1234
4 1 2 5 10
1 1
12 1 2 4 41 82 89 164 178 356 3649 7298 14596
8 1 23 31 713 14071 323633 436201 10032623
10 1 2 4 8 16 1459 2918 5836 11672 23344
16 1 2 4 5 8 10 20 25 40 50 100 125 200 250 500 1000
4 1 3 41 123
16 1 2 3 4 6 8 12 19 24 38 57 76 114 152 228 456
4 1 3 263 789
16 1 2 3 5 6 10 15 30 41 82 123 205 246 410 615 1230
8 1 67 317 3761 21239 251987 1192237 79879879
24 1 5 17 37 85 185 289 601 629 1445 3005 3145 10217 10693 22237 51085 53465 111185 173689 378029 868445 1890145 6426493 32132465
24 1 2 3 6 9 17 18 34 51 102 153 306 32687 65374 98061 196122 294183 555679 588366 1111358 1667037 3334074 5001111 10002222
48 1 3 9 11 33 73 99 101 137 219 303 411 657 803 909 1111 1233 1507 2409 3333 4521 7227 7373 9999 10001 13563 13837 22119 30003 41511 66357 81103 90009 110011 124533 152207 243309 330033 456621 729927 990099 1010101 1369863 3030303 9090909 11111111 33333333 99999999
20 1 3 9 27 37 81 111 333 999 2997 333667 1001001 3003003 9009009 12345679 27027027 37037037 111111111 333333333 999999999
4 1 2 5 10
3 1 2 4
4 1 2 3 6
4 1 2 5 10
2 1 7
2 1 5
12 1 2 3 4 6 11 12 22 33 44 66 132
12 1 2 4 7 14 28 163 326 652 1141 2282 4564
8 1 2 3 6 109 218 327 654
4 1 3 53 159
12 1 2 3 4 6 12 29 58 87 116 174 348
4 1 3 673 2019
10 1 3 9 27 29 81 87 261 783 2349
1 1
384 1 2 3 4 5 6 7 8 9 10 11 12 13 14 15 16 18 20 21 22 24 26 27 28 30 32 33 35 36 39 40 42 44 45 48 52 54 55 56 60 63 65 66 70 72 77 78 80 84 88 90 91 96 99 104 105 108 110 112 117 120 126 130 132 135 140 143 144 154 156 160 165 168 176 180 182 189 195 198 208 210 216 220 224 231 234 240 252 260 264 270 273 280 286 288 297 308 312 315 330 336 351 352 360 364 378 385 390 396 416 420 429 432 440 455 462 468 480 495 504 520 528 540 546 560 572 585 594 616 624 630 660 672 693 702 715 720 728 756 770 780 792 819 840 858 864 880 910 924 936 945 990 1001 1008 1040 1056 1080 1092 1120 1144 1155 1170 1188 1232 1248 1260 1287 1320 1365 1386 1404 1430 1440 1456 1485 1512 1540 1560 1584 1638 1680 1716 1755 1760 1820 1848 1872 1890 1980 2002 2016 2079 2080 2145 2160 2184 2288 2310 2340 2376 2457 2464 2520 2574 2640 2730 2772 2808 2860 2912 2970 3003 3024 3080 3120 3168 3276 3360 3432 3465 3510 3640 3696 3744 3780 3861 3960 4004 4095 4158 4290 4320 4368 4576 4620 4680 4752 4914 5005 5040 5148 5280 5460 5544 5616 5720 5940 6006 6048 6160 6240 6435 6552 6864 6930 7020 7280 7392 7560 7722 7920 8008 8190 8316 8580 8736 9009 9240 9360 9504 9828 10010 10080 10296 10395 10920 11088 11232 11440 11880 12012 12285 12320 12870 13104 13728 13860 14040 14560 15015 15120 15444 15840 16016 16380 16632 17160 18018 18480 18720 19305 19656 20020 20592 20790 21840 22176 22880 23760 24024 24570 25740 26208 27027 27720 28080 30030 30240 30888 32032 32760 33264 34320 36036 36960 38610 39312 40040 41184 41580 43680 45045 47520 48048 49140 51480 54054 55440 56160 60060 61776 65520 66528 68640 72072 77220 78624 80080 83160 90090 96096 98280 102960 108108 110880 120120 123552 131040 135135 144144 154440 160160 166320 180180 196560 205920 216216 240240 270270 288288 308880 332640 360360 393120 432432 480480 540540 617760 720720 864864 1081080 1441440 2162160 4324320
400 1 2 3 4 5 6 7 8 9 10 11 12 13 14 15 16 18 20 21 22 24 26 27 28 30 33 35 36 39 40 42 44 45 48 52 54 55 56 60 63 65 66 70 72 77 78 80 81 84 88 90 91 99 104 105 108 110 112 117 120 126 130 132 135 140 143 144 154 156 162 165 168 176 180 182 189 195 198 208 210 216 220 231 234 240 252 260 264 270 273 280 286 297 308 312 315 324 330 336 351 360 364 378 385 390 396 405 420 429 432 440 455 462 468 495 504 520 528 540 546 560 567 572 585 594 616 624 630 648 660 693 702 715 720 728 756 770 780 792 810 819 840 858 880 891 910 924 936 945 990 1001 1008 1040 1053 1080 1092 1134 1144 1155 1170 1188 1232 1260 1287 1296 1320 1365 1386 1404 1430 1456 1485 1512 1540 1560 1584 1620 1638 1680 1716 1755 1782 1820 1848 1872 1890 1980 2002 2079 2106 2145 2160 2184 2268 2288 2310 2340 2376 2457 2520 2574 2640 2730 2772 2808 2835 2860 2970 3003 3024 3080 3120 3240 3276 3432 3465 3510 3564 3640 3696 3780 3861 3960 4004 4095 4158 4212 4290 4368 4455 4536 4620 4680 4752 4914 5005 5040 5148 5265 5460 5544 5616 5670 5720 5940 6006 6160 6237 6435 6480 6552 6864 6930 7020 7128 7280 7371 7560 7722 7920 8008 8190 8316 8424 8580 8910 9009 9072 9240 9360 9828 10010 10296 10395 10530 10920 11088 11340 11440 11583 11880 12012 12285 12474 12870 13104 13860 14040 14256 14742 15015 15120 15444 16016 16380 16632 16848 17160 17820 18018 18480 19305 19656 20020 20592 20790 21060 21840 22680 23166 23760 24024 24570 24948 25740 27027 27720 28080 29484 30030 30888 31185 32760 33264 34320 35640 36036 36855 38610 39312 40040 41580 42120 45045 45360 46332 48048 49140 49896 51480 54054 55440 57915 58968 60060 61776 62370 65520 71280 72072 73710 77220 80080 81081 83160 84240 90090 92664 98280 99792 102960 108108 115830 117936 120120 124740 135135 144144 147420 154440 162162 166320 180180 185328 196560 216216 231660 240240 249480 270270 294840 308880 324324 360360 405405 432432 463320 498960 540540 589680 648648 720720 810810 926640 1081080 1297296 1621620 2162160 3243240 6486480
448 1 2 3 4 5 6 7 8 9 10 11 12 13 14 15 16 18 20 21 22 24 26 27 28 30 32 33 35 36 39 40 42 44 45 48 52 54 55 56 60 63 64 65 66 70 72 77 78 80 84 88 90 91 96 99 104 105 108 110 112 117 120 126 130 132 135 140 143 144 154 156 160 165 168 176 180 182 189 192 195 198 208 210 216 220 224 231 234 240 252 260 264 270 273 280 286 288 297 308 312 315 320 330 336 351 352 360 364 378 385 390 396 416 420 429 432 440 448 455 462 468 480 495 504 520 528 540 546 560 572 576 585 594 616 624 630 660 672 693 702 704 715 720 728 756 770 780 792 819 832 840 858 864 880 910 924 936 945 960 990 1001 1008 1040 1056 1080 1092 1120 1144 1155 1170 1188 1232 1248 1260 1287 1320 1344 1365 1386 1404 1430 1440 1456 1485 1512 1540 1560 1584 1638 1680 1716 1728 1755 1760 1820 1848 1872 1890 1980 2002 2016 2079 2080 2112 2145 2160 2184 2240 2288 2310 2340 2376 2457 2464 2496 2520 2574 2640 2730 2772 2808 2860 2880 2912 2970 3003 3024 3080 3120 3168 3276 3360 3432 3465 3510 3520 3640 3696 3744 3780 3861 3960 4004 4032 4095 4158 4160 4290 4320 4368 4576 4620 4680 4752 4914 4928 5005 5040 5148 5280 5460 5544 5616 5720 5824 5940 6006 6048 6160 6240 6336 6435 6552 6720 6864 6930 7020 7280 7392 7488 7560 7722 7920 8008 8190 8316 8580 8640 8736 9009 9152 9240 9360 9504 9828 10010 10080 10296 10395 10560 10920 11088 11232 11440 11880 12012 12096 12285 12320 12480 12870 13104 13728 13860 14040 14560 14784 15015 15120 15444 15840 16016 16380 16632 17160 17472 18018 18480 18720 19008 19305 19656 20020 20160 20592 20790 21840 22176 22464 22880 23760 24024 24570 24640 25740 26208 27027 27456 27720 28080 29120 30030 30240 30888 31680 32032 32760 33264 34320 36036 36960 37440 38610 39312 40040 41184 41580 43680 44352 45045 45760 47520 48048 49140 51480 52416 54054 55440 56160 60060 60480 61776 64064 65520 66528 68640 72072 73920 77220 78624 80080 82368 83160 87360 90090 95040 96096 98280 102960 108108 110880 112320 120120 123552 131040 133056 135135 137280 144144 154440 157248 160160 166320 180180 192192 196560 205920 216216 221760 240240 247104 262080 270270 288288 308880 320320 332640 360360 393120 411840 432432 480480 540540 576576 617760 665280 720720 786240 864864 960960 1081080 1235520 1441440 1729728 2162160 2882880 4324320 8648640
24 1 3 9 19 57 171 229 687 2061 2287 4351 6861 13053 20583 39159 43453 130359 391077 523723 1571169 4713507 9950737 29852211 89556633
36 1 2 4 5 8 10 16 20 32 40 64 80 128 160 256 320 640 1280 5701 11402 22804 28505 45608 57010 91216 114020 182432 228040 364864 456080 729728 912160 1459456 1824320 3648640 7297280
504 1 2 3 4 5 6 7 8 9 10 11 12 13 14 15 16 18 20 21 22 24 25 26 28 30 32 33 35 36 39 40 42 44 45 48 50 52 55 56 60 63 64 65 66 70 72 75 77 78 80 84 88 90 91 96 99 100 104 105 110 112 117 120 126 130 132 140 143 144 150 154 156 160 165 168 175 176 180 182 192 195 198 200 208 210 220 224 225 231 234 240 252 260 264 273 275 280 286 288 300 308 312 315 320 325 330 336 350 352 360 364 385 390 396 400 416 420 429 440 448 450 455 462 468 480 495 504 520 525 528 546 550 560 572 576 585 600 616 624 630 650 660 672 693 700 704 715 720 728 770 780 792 800 819 825 832 840 858 880 900 910 924 936 960 975 990 1001 1008 1040 1050 1056 1092 1100 1120 1144 1155 1170 1200 1232 1248 1260 1287 1300 1320 1344 1365 1386 1400 1430 1440 1456 1540 1560 1575 1584 1600 1638 1650 1680 1716 1760 1800 1820 1848 1872 1925 1950 1980 2002 2016 2080 2100 2112 2145 2184 2200 2240 2275 2288 2310 2340 2400 2464 2475 2496 2520 2574 2600 2640 2730 2772 2800 2860 2880 2912 2925 3003 3080 3120 3150 3168 3276 3300 3360 3432 3465 3520 3575 3600 3640 3696 3744 3850 3900 3960 4004 4032 4095 4160 4200 4290 4368 4400 4550 4576 4620 4680 4800 4928 4950 5005 5040 5148 5200 5280 5460 5544 5600 5720 5775 5824 5850 6006 6160 6240 6300 6336 6435 6552 6600 6720 6825 6864 6930 7150 7200 7280 7392 7488 7700 7800 7920 8008 8190 8400 8580 8736 8800 9009 9100 9152 9240 9360 9900 10010 10080 10296 10400 10560 10725 10920 11088 11200 11440 11550 11700 12012 12320 12480 12600 12870 13104 13200 13650 13728 13860 14300 14400 14560 14784 15015 15400 15600 15840 16016 16380 16800 17160 17325 17472 17600 18018 18200 18480 18720 19800 20020 20160 20475 20592 20800 21450 21840 22176 22880 23100 23400 24024 24640 25025 25200 25740 26208 26400 27300 27456 27720 28600 29120 30030 30800 31200 31680 32032 32175 32760 33600 34320 34650 36036 36400 36960 37440 39600 40040 40950 41184 42900 43680 44352 45045 45760 46200 46800 48048 50050 50400 51480 52416 52800 54600 55440 57200 60060 61600 62400 64064 64350 65520 68640 69300 72072 72800 73920 75075 79200 80080 81900 82368 85800 87360 90090 92400 93600 96096 100100 100800 102960 109200 110880 114400 120120 123200 128700 131040 137280 138600 144144 145600 150150 158400 160160 163800 171600 180180 184800 187200 192192 200200 205920 218400 221760 225225 228800 240240 257400 262080 277200 288288 300300 320320 327600 343200 360360 369600 400400 411840 436800 450450 480480 514800 554400 576576 600600 655200 686400 720720 800800 900900 960960 1029600 1108800 1201200 1310400 1441440 1601600 1801800 2059200 2402400 2882880 3603600 4804800 7207200 14414400
4 1 3 41 123
2 1 15679
64 1 2 3 6 13 26 39 73 78 101 137 146 202 219 274 303 411 438 606 822 949 1313 1781 1898 2626 2847 3562 3939 5343 5694 7373 7878 10001 10686 13837 14746 20002 22119 27674 30003 41511 44238 60006 83022 95849 130013 179881 191698 260026 287547 359762 390039 539643 575094 780078 1010101 1079286 2020202 3030303 6060606 13131313 26262626 39393939 78787878
4 1 17 39209083 666554411
16 1 2 3 6 37 74 111 222 3557 7114 10671 21342 131609 263218 394827 789654
8 1 7 293 2051 6029 42203 1766497 12365479
64 1 2 4 5 8 10 16 20 25 32 40 50 64 80 100 125 128 160 200 250 320 400 500 625 640 800 1000 1250 1600 2000 2500 3125 3200 4000 5000 6250 8000 10000 12500 15625 16000 20000 25000 31250 40000 50000 62500 78125 80000 100000 125000 156250 200000 250000 312500 400000 500000 625000 1000000 1250000 2000000 2500000 5000000 10000000
24 1 3 7 9 21 23 63 69 161 207 483 1449 452027 1356081 3164189 4068243 9492567 10396621 28477701 31189863 72776347 93569589 218329041 654987123
6 1 2 3 4 6 12
