1=1
2=1+1
2=2
3=1+1+1
3=1+2
3=3
4=1+1+1+1
4=1+1+2
4=1+3
4=2+2
4=4
5=1+1+1+1+1
5=1+1+1+2
5=1+1+3
5=1+2+2
5=1+4
5=2+3
5=5
6=1+1+1+1+1+1
6=1+1+1+1+2
6=1+1+1+3
6=1+1+2+2
6=1+1+4
6=1+2+3
6=1+5
6=2+2+2
6=2+4
6=3+3
6=6
7=1+1+1+1+1+1+1
7=1+1+1+1+1+2
7=1+1+1+1+3
7=1+1+1+2+2
7=1+1+1+4
7=1+1+2+3
7=1+1+5
7=1+2+2+2
7=1+2+4
7=1+3+3
7=1+6
7=2+2+3
7=2+5
7=3+4
7=7
8=1+1+1+1+1+1+1+1
8=1+1+1+1+1+1+2
8=1+1+1+1+1+3
8=1+1+1+1+2+2
8=1+1+1+1+4
8=1+1+1+2+3
8=1+1+1+5
8=1+1+2+2+2
8=1+1+2+4
8=1+1+3+3
8=1+1+6
8=1+2+2+3
8=1+2+5
8=1+3+4
8=1+7
8=2+2+2+2
8=2+2+4
8=2+3+3
8=2+6
8=3+5
8=4+4
8=8
9=1+1+1+1+1+1+1+1+1
9=1+1+1+1+1+1+1+2
9=1+1+1+1+1+1+3
9=1+1+1+1+1+2+2
9=1+1+1+1+1+4
9=1+1+1+1+2+3
9=1+1+1+1+5
9=1+1+1+2+2+2
9=1+1+1+2+4
9=1+1+1+3+3
9=1+1+1+6
9=1+1+2+2+3
9=1+1+2+5
9=1+1+3+4
9=1+1+7
9=1+2+2+2+2
9=1+2+2+4
9=1+2+3+3
9=1+2+6
9=1+3+5
9=1+4+4
9=1+8
9=2+2+2+3
9=2+2+5
9=2+3+4
9=2+7
9=3+3+3
9=3+6
9=4+5
9=9
10=1+1+1+1+1+1+1+1+1+1
10=1+1+1+1+1+1+1+1+2
10=1+1+1+1+1+1+1+3
10=1+1+1+1+1+1+2+2
10=1+1+1+1+1+1+4
10=1+1+1+1+1+2+3
10=1+1+1+1+1+5
10=1+1+1+1+2+2+2
10=1+1+1+1+2+4
10=1+1+1+1+3+3
10=1+1+1+1+6
10=1+1+1+2+2+3
10=1+1+1+2+5
10=1+1+1+3+4
10=1+1+1+7
10=1+1+2+2+2+2
10=1+1+2+2+4
10=1+1+2+3+3
10=1+1+2+6
10=1+1+3+5
10=1+1+4+4
10=1+1+8
10=1+2+2+2+3
10=1+2+2+5
10=1+2+3+4
10=1+2+7
10=1+3+3+3
10=1+3+6
10=1+4+5
10=1+9
10=2+2+2+2+2
10=2+2+2+4
10=2+2+3+3
10=2+2+6
10=2+3+5
10=2+4+4
10=2+8
10=3+3+4
10=3+7
10=4+6
10=5+5
10=10
