11=1+1+1+1+1+1+1+1+1+1+1
11=1+1+1+1+1+1+1+1+1+2
11=1+1+1+1+1+1+1+1+3
11=1+1+1+1+1+1+1+2+2
11=1+1+1+1+1+1+1+4
11=1+1+1+1+1+1+2+3
11=1+1+1+1+1+1+5
11=1+1+1+1+1+2+2+2
11=1+1+1+1+1+2+4
11=1+1+1+1+1+3+3
11=1+1+1+1+1+6
11=1+1+1+1+2+2+3
11=1+1+1+1+2+5
11=1+1+1+1+3+4
11=1+1+1+1+7
11=1+1+1+2+2+2+2
11=1+1+1+2+2+4
11=1+1+1+2+3+3
11=1+1+1+2+6
11=1+1+1+3+5
11=1+1+1+4+4
11=1+1+1+8
11=1+1+2+2+2+3
11=1+1+2+2+5
11=1+1+2+3+4
11=1+1+2+7
11=1+1+3+3+3
11=1+1+3+6
11=1+1+4+5
11=1+1+9
11=1+2+2+2+2+2
11=1+2+2+2+4
11=1+2+2+3+3
11=1+2+2+6
11=1+2+3+5
11=1+2+4+4
11=1+2+8
11=1+3+3+4
11=1+3+7
11=1+4+6
11=1+5+5
11=1+10
11=2+2+2+2+3
11=2+2+2+5
11=2+2+3+4
11=2+2+7
11=2+3+3+3
11=2+3+6
11=2+4+5
11=2+9
11=3+3+5
11=3+4+4
11=3+8
11=4+7
11=5+6
11=11
12=1+1+1+1+1+1+1+1+1+1+1+1
12=1+1+1+1+1+1+1+1+1+1+2
12=1+1+1+1+1+1+1+1+1+3
12=1+1+1+1+1+1+1+1+2+2
12=1+1+1+1+1+1+1+1+4
12=1+1+1+1+1+1+1+2+3
12=1+1+1+1+1+1+1+5
12=1+1+1+1+1+1+2+2+2
12=1+1+1+1+1+1+2+4
12=1+1+1+1+1+1+3+3
12=1+1+1+1+1+1+6
12=1+1+1+1+1+2+2+3
12=1+1+1+1+1+2+5
12=1+1+1+1+1+3+4
12=1+1+1+1+1+7
12=1+1+1+1+2+2+2+2
12=1+1+1+1+2+2+4
12=1+1+1+1+2+3+3
12=1+1+1+1+2+6
12=1+1+1+1+3+5
12=1+1+1+1+4+4
12=1+1+1+1+8
12=1+1+1+2+2+2+3
12=1+1+1+2+2+5
12=1+1+1+2+3+4
12=1+1+1+2+7
12=1+1+1+3+3+3
12=1+1+1+3+6
12=1+1+1+4+5
12=1+1+1+9
12=1+1+2+2+2+2+2
12=1+1+2+2+2+4
12=1+1+2+2+3+3
12=1+1+2+2+6
12=1+1+2+3+5
12=1+1+2+4+4
12=1+1+2+8
12=1+1+3+3+4
12=1+1+3+7
12=1+1+4+6
12=1+1+5+5
12=1+1+10
12=1+2+2+2+2+3
12=1+2+2+2+5
12=1+2+2+3+4
12=1+2+2+7
12=1+2+3+3+3
12=1+2+3+6
12=1+2+4+5
12=1+2+9
12=1+3+3+5
12=1+3+4+4
12=1+3+8
12=1+4+7
12=1+5+6
12=1+11
12=2+2+2+2+2+2
12=2+2+2+2+4
12=2+2+2+3+3
12=2+2+2+6
12=2+2+3+5
12=2+2+4+4
12=2+2+8
12=2+3+3+4
12=2+3+7
12=2+4+6
12=2+5+5
12=2+10
12=3+3+3+3
12=3+3+6
12=3+4+5
12=3+9
12=4+4+4
12=4+8
12=5+7
12=6+6
12=12
13=1+1+1+1+1+1+1+1+1+1+1+1+1
13=1+1+1+1+1+1+1+1+1+1+1+2
13=1+1+1+1+1+1+1+1+1+1+3
13=1+1+1+1+1+1+1+1+1+2+2
13=1+1+1+1+1+1+1+1+1+4
13=1+1+1+1+1+1+1+1+2+3
13=1+1+1+1+1+1+1+1+5
13=1+1+1+1+1+1+1+2+2+2
13=1+1+1+1+1+1+1+2+4
13=1+1+1+1+1+1+1+3+3
13=1+1+1+1+1+1+1+6
13=1+1+1+1+1+1+2+2+3
13=1+1+1+1+1+1+2+5
13=1+1+1+1+1+1+3+4
13=1+1+1+1+1+1+7
13=1+1+1+1+1+2+2+2+2
13=1+1+1+1+1+2+2+4
13=1+1+1+1+1+2+3+3
13=1+1+1+1+1+2+6
13=1+1+1+1+1+3+5
13=1+1+1+1+1+4+4
13=1+1+1+1+1+8
13=1+1+1+1+2+2+2+3
13=1+1+1+1+2+2+5
13=1+1+1+1+2+3+4
13=1+1+1+1+2+7
13=1+1+1+1+3+3+3
13=1+1+1+1+3+6
13=1+1+1+1+4+5
13=1+1+1+1+9
13=1+1+1+2+2+2+2+2
13=1+1+1+2+2+2+4
13=1+1+1+2+2+3+3
13=1+1+1+2+2+6
13=1+1+1+2+3+5
13=1+1+1+2+4+4
13=1+1+1+2+8
13=1+1+1+3+3+4
13=1+1+1+3+7
13=1+1+1+4+6
13=1+1+1+5+5
13=1+1+1+10
13=1+1+2+2+2+2+3
13=1+1+2+2+2+5
13=1+1+2+2+3+4
13=1+1+2+2+7
13=1+1+2+3+3+3
13=1+1+2+3+6
13=1+1+2+4+5
13=1+1+2+9
13=1+1+3+3+5
13=1+1+3+4+4
13=1+1+3+8
13=1+1+4+7
13=1+1+5+6
13=1+1+11
13=1+2+2+2+2+2+2
13=1+2+2+2+2+4
13=1+2+2+2+3+3
13=1+2+2+2+6
13=1+2+2+3+5
13=1+2+2+4+4
13=1+2+2+8
13=1+2+3+3+4
13=1+2+3+7
13=1+2+4+6
13=1+2+5+5
13=1+2+10
13=1+3+3+3+3
13=1+3+3+6
13=1+3+4+5
13=1+3+9
13=1+4+4+4
13=1+4+8
13=1+5+7
13=1+6+6
13=1+12
13=2+2+2+2+2+3
13=2+2+2+2+5
13=2+2+2+3+4
13=2+2+2+7
13=2+2+3+3+3
13=2+2+3+6
13=2+2+4+5
13=2+2+9
13=2+3+3+5
13=2+3+4+4
13=2+3+8
13=2+4+7
13=2+5+6
13=2+11
13=3+3+3+4
13=3+3+7
13=3+4+6
13=3+5+5
13=3+10
13=4+4+5
13=4+9
13=5+8
13=6+7
13=13
14=1+1+1+1+1+1+1+1+1+1+1+1+1+1
14=1+1+1+1+1+1+1+1+1+1+1+1+2
14=1+1+1+1+1+1+1+1+1+1+1+3
14=1+1+1+1+1+1+1+1+1+1+2+2
14=1+1+1+1+1+1+1+1+1+1+4
14=1+1+1+1+1+1+1+1+1+2+3
14=1+1+1+1+1+1+1+1+1+5
14=1+1+1+1+1+1+1+1+2+2+2
14=1+1+1+1+1+1+1+1+2+4
14=1+1+1+1+1+1+1+1+3+3
14=1+1+1+1+1+1+1+1+6
14=1+1+1+1+1+1+1+2+2+3
14=1+1+1+1+1+1+1+2+5
14=1+1+1+1+1+1+1+3+4
14=1+1+1+1+1+1+1+7
14=1+1+1+1+1+1+2+2+2+2
14=1+1+1+1+1+1+2+2+4
14=1+1+1+1+1+1+2+3+3
14=1+1+1+1+1+1+2+6
14=1+1+1+1+1+1+3+5
14=1+1+1+1+1+1+4+4
14=1+1+1+1+1+1+8
14=1+1+1+1+1+2+2+2+3
14=1+1+1+1+1+2+2+5
14=1+1+1+1+1+2+3+4
14=1+1+1+1+1+2+7
14=1+1+1+1+1+3+3+3
14=1+1+1+1+1+3+6
14=1+1+1+1+1+4+5
14=1+1+1+1+1+9
14=1+1+1+1+2+2+2+2+2
14=1+1+1+1+2+2+2+4
14=1+1+1+1+2+2+3+3
14=1+1+1+1+2+2+6
14=1+1+1+1+2+3+5
14=1+1+1+1+2+4+4
14=1+1+1+1+2+8
14=1+1+1+1+3+3+4
14=1+1+1+1+3+7
14=1+1+1+1+4+6
14=1+1+1+1+5+5
14=1+1+1+1+10
14=1+1+1+2+2+2+2+3
14=1+1+1+2+2+2+5
14=1+1+1+2+2+3+4
14=1+1+1+2+2+7
14=1+1+1+2+3+3+3
14=1+1+1+2+3+6
14=1+1+1+2+4+5
14=1+1+1+2+9
14=1+1+1+3+3+5
14=1+1+1+3+4+4
14=1+1+1+3+8
14=1+1+1+4+7
14=1+1+1+5+6
14=1+1+1+11
14=1+1+2+2+2+2+2+2
14=1+1+2+2+2+2+4
14=1+1+2+2+2+3+3
14=1+1+2+2+2+6
14=1+1+2+2+3+5
14=1+1+2+2+4+4
14=1+1+2+2+8
14=1+1+2+3+3+4
14=1+1+2+3+7
14=1+1+2+4+6
14=1+1+2+5+5
14=1+1+2+10
14=1+1+3+3+3+3
14=1+1+3+3+6
14=1+1+3+4+5
14=1+1+3+9
14=1+1+4+4+4
14=1+1+4+8
14=1+1+5+7
14=1+1+6+6
14=1+1+12
14=1+2+2+2+2+2+3
14=1+2+2+2+2+5
14=1+2+2+2+3+4
14=1+2+2+2+7
14=1+2+2+3+3+3
14=1+2+2+3+6
14=1+2+2+4+5
14=1+2+2+9
14=1+2+3+3+5
14=1+2+3+4+4
14=1+2+3+8
14=1+2+4+7
14=1+2+5+6
14=1+2+11
14=1+3+3+3+4
14=1+3+3+7
14=1+3+4+6
14=1+3+5+5
14=1+3+10
14=1+4+4+5
14=1+4+9
14=1+5+8
14=1+6+7
14=1+13
14=2+2+2+2+2+2+2
14=2+2+2+2+2+4
14=2+2+2+2+3+3
14=2+2+2+2+6
14=2+2+2+3+5
14=2+2+2+4+4
14=2+2+2+8
14=2+2+3+3+4
14=2+2+3+7
14=2+2+4+6
14=2+2+5+5
14=2+2+10
14=2+3+3+3+3
14=2+3+3+6
14=2+3+4+5
14=2+3+9
14=2+4+4+4
14=2+4+8
14=2+5+7
14=2+6+6
14=2+12
14=3+3+3+5
14=3+3+4+4
14=3+3+8
14=3+4+7
14=3+5+6
14=3+11
14=4+4+6
14=4+5+5
14=4+10
14=5+9
14=6+8
14=7+7
14=14
15=1+1+1+1+1+1+1+1+1+1+1+1+1+1+1
15=1+1+1+1+1+1+1+1+1+1+1+1+1+2
15=1+1+1+1+1+1+1+1+1+1+1+1+3
15=1+1+1+1+1+1+1+1+1+1+1+2+2
15=1+1+1+1+1+1+1+1+1+1+1+4
15=1+1+1+1+1+1+1+1+1+1+2+3
15=1+1+1+1+1+1+1+1+1+1+5
15=1+1+1+1+1+1+1+1+1+2+2+2
15=1+1+1+1+1+1+1+1+1+2+4
15=1+1+1+1+1+1+1+1+1+3+3
15=1+1+1+1+1+1+1+1+1+6
15=1+1+1+1+1+1+1+1+2+2+3
15=1+1+1+1+1+1+1+1+2+5
15=1+1+1+1+1+1+1+1+3+4
15=1+1+1+1+1+1+1+1+7
15=1+1+1+1+1+1+1+2+2+2+2
15=1+1+1+1+1+1+1+2+2+4
15=1+1+1+1+1+1+1+2+3+3
15=1+1+1+1+1+1+1+2+6
15=1+1+1+1+1+1+1+3+5
15=1+1+1+1+1+1+1+4+4
15=1+1+1+1+1+1+1+8
15=1+1+1+1+1+1+2+2+2+3
15=1+1+1+1+1+1+2+2+5
15=1+1+1+1+1+1+2+3+4
15=1+1+1+1+1+1+2+7
15=1+1+1+1+1+1+3+3+3
15=1+1+1+1+1+1+3+6
15=1+1+1+1+1+1+4+5
15=1+1+1+1+1+1+9
15=1+1+1+1+1+2+2+2+2+2
15=1+1+1+1+1+2+2+2+4
15=1+1+1+1+1+2+2+3+3
15=1+1+1+1+1+2+2+6
15=1+1+1+1+1+2+3+5
15=1+1+1+1+1+2+4+4
15=1+1+1+1+1+2+8
15=1+1+1+1+1+3+3+4
15=1+1+1+1+1+3+7
15=1+1+1+1+1+4+6
15=1+1+1+1+1+5+5
15=1+1+1+1+1+10
15=1+1+1+1+2+2+2+2+3
15=1+1+1+1+2+2+2+5
15=1+1+1+1+2+2+3+4
15=1+1+1+1+2+2+7
15=1+1+1+1+2+3+3+3
15=1+1+1+1+2+3+6
15=1+1+1+1+2+4+5
15=1+1+1+1+2+9
15=1+1+1+1+3+3+5
15=1+1+1+1+3+4+4
15=1+1+1+1+3+8
15=1+1+1+1+4+7
15=1+1+1+1+5+6
15=1+1+1+1+11
15=1+1+1+2+2+2+2+2+2
15=1+1+1+2+2+2+2+4
15=1+1+1+2+2+2+3+3
15=1+1+1+2+2+2+6
15=1+1+1+2+2+3+5
15=1+1+1+2+2+4+4
15=1+1+1+2+2+8
15=1+1+1+2+3+3+4
15=1+1+1+2+3+7
15=1+1+1+2+4+6
15=1+1+1+2+5+5
15=1+1+1+2+10
15=1+1+1+3+3+3+3
15=1+1+1+3+3+6
15=1+1+1+3+4+5
15=1+1+1+3+9
15=1+1+1+4+4+4
15=1+1+1+4+8
15=1+1+1+5+7
15=1+1+1+6+6
15=1+1+1+12
15=1+1+2+2+2+2+2+3
15=1+1+2+2+2+2+5
15=1+1+2+2+2+3+4
15=1+1+2+2+2+7
15=1+1+2+2+3+3+3
15=1+1+2+2+3+6
15=1+1+2+2+4+5
15=1+1+2+2+9
15=1+1+2+3+3+5
15=1+1+2+3+4+4
15=1+1+2+3+8
15=1+1+2+4+7
15=1+1+2+5+6
15=1+1+2+11
15=1+1+3+3+3+4
15=1+1+3+3+7
15=1+1+3+4+6
15=1+1+3+5+5
15=1+1+3+10
15=1+1+4+4+5
15=1+1+4+9
15=1+1+5+8
15=1+1+6+7
15=1+1+13
15=1+2+2+2+2+2+2+2
15=1+2+2+2+2+2+4
15=1+2+2+2+2+3+3
15=1+2+2+2+2+6
15=1+2+2+2+3+5
15=1+2+2+2+4+4
15=1+2+2+2+8
15=1+2+2+3+3+4
15=1+2+2+3+7
15=1+2+2+4+6
15=1+2+2+5+5
15=1+2+2+10
15=1+2+3+3+3+3
15=1+2+3+3+6
15=1+2+3+4+5
15=1+2+3+9
15=1+2+4+4+4
15=1+2+4+8
15=1+2+5+7
15=1+2+6+6
15=1+2+12
15=1+3+3+3+5
15=1+3+3+4+4
15=1+3+3+8
15=1+3+4+7
15=1+3+5+6
15=1+3+11
15=1+4+4+6
15=1+4+5+5
15=1+4+10
15=1+5+9
15=1+6+8
15=1+7+7
15=1+14
15=2+2+2+2+2+2+3
15=2+2+2+2+2+5
15=2+2+2+2+3+4
15=2+2+2+2+7
15=2+2+2+3+3+3
15=2+2+2+3+6
15=2+2+2+4+5
15=2+2+2+9
15=2+2+3+3+5
15=2+2+3+4+4
15=2+2+3+8
15=2+2+4+7
15=2+2+5+6
15=2+2+11
15=2+3+3+3+4
15=2+3+3+7
15=2+3+4+6
15=2+3+5+5
15=2+3+10
15=2+4+4+5
15=2+4+9
15=2+5+8
15=2+6+7
15=2+13
15=3+3+3+3+3
15=3+3+3+6
15=3+3+4+5
15=3+3+9
15=3+4+4+4
15=3+4+8
15=3+5+7
15=3+6+6
15=3+12
15=4+4+7
15=4+5+6
15=4+11
15=5+5+5
15=5+10
15=6+9
15=7+8
15=15
16=1+1+1+1+1+1+1+1+1+1+1+1+1+1+1+1
16=1+1+1+1+1+1+1+1+1+1+1+1+1+1+2
16=1+1+1+1+1+1+1+1+1+1+1+1+1+3
16=1+1+1+1+1+1+1+1+1+1+1+1+2+2
16=1+1+1+1+1+1+1+1+1+1+1+1+4
16=1+1+1+1+1+1+1+1+1+1+1+2+3
16=1+1+1+1+1+1+1+1+1+1+1+5
16=1+1+1+1+1+1+1+1+1+1+2+2+2
16=1+1+1+1+1+1+1+1+1+1+2+4
16=1+1+1+1+1+1+1+1+1+1+3+3
16=1+1+1+1+1+1+1+1+1+1+6
16=1+1+1+1+1+1+1+1+1+2+2+3
16=1+1+1+1+1+1+1+1+1+2+5
16=1+1+1+1+1+1+1+1+1+3+4
16=1+1+1+1+1+1+1+1+1+7
16=1+1+1+1+1+1+1+1+2+2+2+2
16=1+1+1+1+1+1+1+1+2+2+4
16=1+1+1+1+1+1+1+1+2+3+3
16=1+1+1+1+1+1+1+1+2+6
16=1+1+1+1+1+1+1+1+3+5
16=1+1+1+1+1+1+1+1+4+4
16=1+1+1+1+1+1+1+1+8
16=1+1+1+1+1+1+1+2+2+2+3
16=1+1+1+1+1+1+1+2+2+5
16=1+1+1+1+1+1+1+2+3+4
16=1+1+1+1+1+1+1+2+7
16=1+1+1+1+1+1+1+3+3+3
16=1+1+1+1+1+1+1+3+6
16=1+1+1+1+1+1+1+4+5
16=1+1+1+1+1+1+1+9
16=1+1+1+1+1+1+2+2+2+2+2
16=1+1+1+1+1+1+2+2+2+4
16=1+1+1+1+1+1+2+2+3+3
16=1+1+1+1+1+1+2+2+6
16=1+1+1+1+1+1+2+3+5
16=1+1+1+1+1+1+2+4+4
16=1+1+1+1+1+1+2+8
16=1+1+1+1+1+1+3+3+4
16=1+1+1+1+1+1+3+7
16=1+1+1+1+1+1+4+6
16=1+1+1+1+1+1+5+5
16=1+1+1+1+1+1+10
16=1+1+1+1+1+2+2+2+2+3
16=1+1+1+1+1+2+2+2+5
16=1+1+1+1+1+2+2+3+4
16=1+1+1+1+1+2+2+7
16=1+1+1+1+1+2+3+3+3
16=1+1+1+1+1+2+3+6
16=1+1+1+1+1+2+4+5
16=1+1+1+1+1+2+9
16=1+1+1+1+1+3+3+5
16=1+1+1+1+1+3+4+4
16=1+1+1+1+1+3+8
16=1+1+1+1+1+4+7
16=1+1+1+1+1+5+6
16=1+1+1+1+1+11
16=1+1+1+1+2+2+2+2+2+2
16=1+1+1+1+2+2+2+2+4
16=1+1+1+1+2+2+2+3+3
16=1+1+1+1+2+2+2+6
16=1+1+1+1+2+2+3+5
16=1+1+1+1+2+2+4+4
16=1+1+1+1+2+2+8
16=1+1+1+1+2+3+3+4
16=1+1+1+1+2+3+7
16=1+1+1+1+2+4+6
16=1+1+1+1+2+5+5
16=1+1+1+1+2+10
16=1+1+1+1+3+3+3+3
16=1+1+1+1+3+3+6
16=1+1+1+1+3+4+5
16=1+1+1+1+3+9
16=1+1+1+1+4+4+4
16=1+1+1+1+4+8
16=1+1+1+1+5+7
16=1+1+1+1+6+6
16=1+1+1+1+12
16=1+1+1+2+2+2+2+2+3
16=1+1+1+2+2+2+2+5
16=1+1+1+2+2+2+3+4
16=1+1+1+2+2+2+7
16=1+1+1+2+2+3+3+3
16=1+1+1+2+2+3+6
16=1+1+1+2+2+4+5
16=1+1+1+2+2+9
16=1+1+1+2+3+3+5
16=1+1+1+2+3+4+4
16=1+1+1+2+3+8
16=1+1+1+2+4+7
16=1+1+1+2+5+6
16=1+1+1+2+11
16=1+1+1+3+3+3+4
16=1+1+1+3+3+7
16=1+1+1+3+4+6
16=1+1+1+3+5+5
16=1+1+1+3+10
16=1+1+1+4+4+5
16=1+1+1+4+9
16=1+1+1+5+8
16=1+1+1+6+7
16=1+1+1+13
16=1+1+2+2+2+2+2+2+2
16=1+1+2+2+2+2+2+4
16=1+1+2+2+2+2+3+3
16=1+1+2+2+2+2+6
16=1+1+2+2+2+3+5
16=1+1+2+2+2+4+4
16=1+1+2+2+2+8
16=1+1+2+2+3+3+4
16=1+1+2+2+3+7
16=1+1+2+2+4+6
16=1+1+2+2+5+5
16=1+1+2+2+10
16=1+1+2+3+3+3+3
16=1+1+2+3+3+6
16=1+1+2+3+4+5
16=1+1+2+3+9
16=1+1+2+4+4+4
16=1+1+2+4+8
16=1+1+2+5+7
16=1+1+2+6+6
16=1+1+2+12
16=1+1+3+3+3+5
16=1+1+3+3+4+4
16=1+1+3+3+8
16=1+1+3+4+7
16=1+1+3+5+6
16=1+1+3+11
16=1+1+4+4+6
16=1+1+4+5+5
16=1+1+4+10
16=1+1+5+9
16=1+1+6+8
16=1+1+7+7
16=1+1+14
16=1+2+2+2+2+2+2+3
16=1+2+2+2+2+2+5
16=1+2+2+2+2+3+4
16=1+2+2+2+2+7
16=1+2+2+2+3+3+3
16=1+2+2+2+3+6
16=1+2+2+2+4+5
16=1+2+2+2+9
16=1+2+2+3+3+5
16=1+2+2+3+4+4
16=1+2+2+3+8
16=1+2+2+4+7
16=1+2+2+5+6
16=1+2+2+11
16=1+2+3+3+3+4
16=1+2+3+3+7
16=1+2+3+4+6
16=1+2+3+5+5
16=1+2+3+10
16=1+2+4+4+5
16=1+2+4+9
16=1+2+5+8
16=1+2+6+7
16=1+2+13
16=1+3+3+3+3+3
16=1+3+3+3+6
16=1+3+3+4+5
16=1+3+3+9
16=1+3+4+4+4
16=1+3+4+8
16=1+3+5+7
16=1+3+6+6
16=1+3+12
16=1+4+4+7
16=1+4+5+6
16=1+4+11
16=1+5+5+5
16=1+5+10
16=1+6+9
16=1+7+8
16=1+15
16=2+2+2+2+2+2+2+2
16=2+2+2+2+2+2+4
16=2+2+2+2+2+3+3
16=2+2+2+2+2+6
16=2+2+2+2+3+5
16=2+2+2+2+4+4
16=2+2+2+2+8
16=2+2+2+3+3+4
16=2+2+2+3+7
16=2+2+2+4+6
16=2+2+2+5+5
16=2+2+2+10
16=2+2+3+3+3+3
16=2+2+3+3+6
16=2+2+3+4+5
16=2+2+3+9
16=2+2+4+4+4
16=2+2+4+8
16=2+2+5+7
16=2+2+6+6
16=2+2+12
16=2+3+3+3+5
16=2+3+3+4+4
16=2+3+3+8
16=2+3+4+7
16=2+3+5+6
16=2+3+11
16=2+4+4+6
16=2+4+5+5
16=2+4+10
16=2+5+9
16=2+6+8
16=2+7+7
16=2+14
16=3+3+3+3+4
16=3+3+3+7
16=3+3+4+6
16=3+3+5+5
16=3+3+10
16=3+4+4+5
16=3+4+9
16=3+5+8
16=3+6+7
16=3+13
16=4+4+4+4
16=4+4+8
16=4+5+7
16=4+6+6
16=4+12
16=5+5+6
16=5+11
16=6+10
16=7+9
16=8+8
16=16
17=1+1+1+1+1+1+1+1+1+1+1+1+1+1+1+1+1
17=1+1+1+1+1+1+1+1+1+1+1+1+1+1+1+2
17=1+1+1+1+1+1+1+1+1+1+1+1+1+1+3
17=1+1+1+1+1+1+1+1+1+1+1+1+1+2+2
17=1+1+1+1+1+1+1+1+1+1+1+1+1+4
17=1+1+1+1+1+1+1+1+1+1+1+1+2+3
17=1+1+1+1+1+1+1+1+1+1+1+1+5
17=1+1+1+1+1+1+1+1+1+1+1+2+2+2
17=1+1+1+1+1+1+1+1+1+1+1+2+4
17=1+1+1+1+1+1+1+1+1+1+1+3+3
17=1+1+1+1+1+1+1+1+1+1+1+6
17=1+1+1+1+1+1+1+1+1+1+2+2+3
17=1+1+1+1+1+1+1+1+1+1+2+5
17=1+1+1+1+1+1+1+1+1+1+3+4
17=1+1+1+1+1+1+1+1+1+1+7
17=1+1+1+1+1+1+1+1+1+2+2+2+2
17=1+1+1+1+1+1+1+1+1+2+2+4
17=1+1+1+1+1+1+1+1+1+2+3+3
17=1+1+1+1+1+1+1+1+1+2+6
17=1+1+1+1+1+1+1+1+1+3+5
17=1+1+1+1+1+1+1+1+1+4+4
17=1+1+1+1+1+1+1+1+1+8
17=1+1+1+1+1+1+1+1+2+2+2+3
17=1+1+1+1+1+1+1+1+2+2+5
17=1+1+1+1+1+1+1+1+2+3+4
17=1+1+1+1+1+1+1+1+2+7
17=1+1+1+1+1+1+1+1+3+3+3
17=1+1+1+1+1+1+1+1+3+6
17=1+1+1+1+1+1+1+1+4+5
17=1+1+1+1+1+1+1+1+9
17=1+1+1+1+1+1+1+2+2+2+2+2
17=1+1+1+1+1+1+1+2+2+2+4
17=1+1+1+1+1+1+1+2+2+3+3
17=1+1+1+1+1+1+1+2+2+6
17=1+1+1+1+1+1+1+2+3+5
17=1+1+1+1+1+1+1+2+4+4
17=1+1+1+1+1+1+1+2+8
17=1+1+1+1+1+1+1+3+3+4
17=1+1+1+1+1+1+1+3+7
17=1+1+1+1+1+1+1+4+6
17=1+1+1+1+1+1+1+5+5
17=1+1+1+1+1+1+1+10
17=1+1+1+1+1+1+2+2+2+2+3
17=1+1+1+1+1+1+2+2+2+5
17=1+1+1+1+1+1+2+2+3+4
17=1+1+1+1+1+1+2+2+7
17=1+1+1+1+1+1+2+3+3+3
17=1+1+1+1+1+1+2+3+6
17=1+1+1+1+1+1+2+4+5
17=1+1+1+1+1+1+2+9
17=1+1+1+1+1+1+3+3+5
17=1+1+1+1+1+1+3+4+4
17=1+1+1+1+1+1+3+8
17=1+1+1+1+1+1+4+7
17=1+1+1+1+1+1+5+6
17=1+1+1+1+1+1+11
17=1+1+1+1+1+2+2+2+2+2+2
17=1+1+1+1+1+2+2+2+2+4
17=1+1+1+1+1+2+2+2+3+3
17=1+1+1+1+1+2+2+2+6
17=1+1+1+1+1+2+2+3+5
17=1+1+1+1+1+2+2+4+4
17=1+1+1+1+1+2+2+8
17=1+1+1+1+1+2+3+3+4
17=1+1+1+1+1+2+3+7
17=1+1+1+1+1+2+4+6
17=1+1+1+1+1+2+5+5
17=1+1+1+1+1+2+10
17=1+1+1+1+1+3+3+3+3
17=1+1+1+1+1+3+3+6
17=1+1+1+1+1+3+4+5
17=1+1+1+1+1+3+9
17=1+1+1+1+1+4+4+4
17=1+1+1+1+1+4+8
17=1+1+1+1+1+5+7
17=1+1+1+1+1+6+6
17=1+1+1+1+1+12
17=1+1+1+1+2+2+2+2+2+3
17=1+1+1+1+2+2+2+2+5
17=1+1+1+1+2+2+2+3+4
17=1+1+1+1+2+2+2+7
17=1+1+1+1+2+2+3+3+3
17=1+1+1+1+2+2+3+6
17=1+1+1+1+2+2+4+5
17=1+1+1+1+2+2+9
17=1+1+1+1+2+3+3+5
17=1+1+1+1+2+3+4+4
17=1+1+1+1+2+3+8
17=1+1+1+1+2+4+7
17=1+1+1+1+2+5+6
17=1+1+1+1+2+11
17=1+1+1+1+3+3+3+4
17=1+1+1+1+3+3+7
17=1+1+1+1+3+4+6
17=1+1+1+1+3+5+5
17=1+1+1+1+3+10
17=1+1+1+1+4+4+5
17=1+1+1+1+4+9
17=1+1+1+1+5+8
17=1+1+1+1+6+7
17=1+1+1+1+13
17=1+1+1+2+2+2+2+2+2+2
17=1+1+1+2+2+2+2+2+4
17=1+1+1+2+2+2+2+3+3
17=1+1+1+2+2+2+2+6
17=1+1+1+2+2+2+3+5
17=1+1+1+2+2+2+4+4
17=1+1+1+2+2+2+8
17=1+1+1+2+2+3+3+4
17=1+1+1+2+2+3+7
17=1+1+1+2+2+4+6
17=1+1+1+2+2+5+5
17=1+1+1+2+2+10
17=1+1+1+2+3+3+3+3
17=1+1+1+2+3+3+6
17=1+1+1+2+3+4+5
17=1+1+1+2+3+9
17=1+1+1+2+4+4+4
17=1+1+1+2+4+8
17=1+1+1+2+5+7
17=1+1+1+2+6+6
17=1+1+1+2+12
17=1+1+1+3+3+3+5
17=1+1+1+3+3+4+4
17=1+1+1+3+3+8
17=1+1+1+3+4+7
17=1+1+1+3+5+6
17=1+1+1+3+11
17=1+1+1+4+4+6
17=1+1+1+4+5+5
17=1+1+1+4+10
17=1+1+1+5+9
17=1+1+1+6+8
17=1+1+1+7+7
17=1+1+1+14
17=1+1+2+2+2+2+2+2+3
17=1+1+2+2+2+2+2+5
17=1+1+2+2+2+2+3+4
17=1+1+2+2+2+2+7
17=1+1+2+2+2+3+3+3
17=1+1+2+2+2+3+6
17=1+1+2+2+2+4+5
17=1+1+2+2+2+9
17=1+1+2+2+3+3+5
17=1+1+2+2+3+4+4
17=1+1+2+2+3+8
17=1+1+2+2+4+7
17=1+1+2+2+5+6
17=1+1+2+2+11
17=1+1+2+3+3+3+4
17=1+1+2+3+3+7
17=1+1+2+3+4+6
17=1+1+2+3+5+5
17=1+1+2+3+10
17=1+1+2+4+4+5
17=1+1+2+4+9
17=1+1+2+5+8
17=1+1+2+6+7
17=1+1+2+13
17=1+1+3+3+3+3+3
17=1+1+3+3+3+6
17=1+1+3+3+4+5
17=1+1+3+3+9
17=1+1+3+4+4+4
17=1+1+3+4+8
17=1+1+3+5+7
17=1+1+3+6+6
17=1+1+3+12
17=1+1+4+4+7
17=1+1+4+5+6
17=1+1+4+11
17=1+1+5+5+5
17=1+1+5+10
17=1+1+6+9
17=1+1+7+8
17=1+1+15
17=1+2+2+2+2+2+2+2+2
17=1+2+2+2+2+2+2+4
17=1+2+2+2+2+2+3+3
17=1+2+2+2+2+2+6
17=1+2+2+2+2+3+5
17=1+2+2+2+2+4+4
17=1+2+2+2+2+8
17=1+2+2+2+3+3+4
17=1+2+2+2+3+7
17=1+2+2+2+4+6
17=1+2+2+2+5+5
17=1+2+2+2+10
17=1+2+2+3+3+3+3
17=1+2+2+3+3+6
17=1+2+2+3+4+5
17=1+2+2+3+9
17=1+2+2+4+4+4
17=1+2+2+4+8
17=1+2+2+5+7
17=1+2+2+6+6
17=1+2+2+12
17=1+2+3+3+3+5
17=1+2+3+3+4+4
17=1+2+3+3+8
17=1+2+3+4+7
17=1+2+3+5+6
17=1+2+3+11
17=1+2+4+4+6
17=1+2+4+5+5
17=1+2+4+10
17=1+2+5+9
17=1+2+6+8
17=1+2+7+7
17=1+2+14
17=1+3+3+3+3+4
17=1+3+3+3+7
17=1+3+3+4+6
17=1+3+3+5+5
17=1+3+3+10
17=1+3+4+4+5
17=1+3+4+9
17=1+3+5+8
17=1+3+6+7
17=1+3+13
17=1+4+4+4+4
17=1+4+4+8
17=1+4+5+7
17=1+4+6+6
17=1+4+12
17=1+5+5+6
17=1+5+11
17=1+6+10
17=1+7+9
17=1+8+8
17=1+16
17=2+2+2+2+2+2+2+3
17=2+2+2+2+2+2+5
17=2+2+2+2+2+3+4
17=2+2+2+2+2+7
17=2+2+2+2+3+3+3
17=2+2+2+2+3+6
17=2+2+2+2+4+5
17=2+2+2+2+9
17=2+2+2+3+3+5
17=2+2+2+3+4+4
17=2+2+2+3+8
17=2+2+2+4+7
17=2+2+2+5+6
17=2+2+2+11
17=2+2+3+3+3+4
17=2+2+3+3+7
17=2+2+3+4+6
17=2+2+3+5+5
17=2+2+3+10
17=2+2+4+4+5
17=2+2+4+9
17=2+2+5+8
17=2+2+6+7
17=2+2+13
17=2+3+3+3+3+3
17=2+3+3+3+6
17=2+3+3+4+5
17=2+3+3+9
17=2+3+4+4+4
17=2+3+4+8
17=2+3+5+7
17=2+3+6+6
17=2+3+12
17=2+4+4+7
17=2+4+5+6
17=2+4+11
17=2+5+5+5
17=2+5+10
17=2+6+9
17=2+7+8
17=2+15
17=3+3+3+3+5
17=3+3+3+4+4
17=3+3+3+8
17=3+3+4+7
17=3+3+5+6
17=3+3+11
17=3+4+4+6
17=3+4+5+5
17=3+4+10
17=3+5+9
17=3+6+8
17=3+7+7
17=3+14
17=4+4+4+5
17=4+4+9
17=4+5+8
17=4+6+7
17=4+13
17=5+5+7
17=5+6+6
17=5+12
17=6+11
17=7+10
17=8+9
17=17
18=1+1+1+1+1+1+1+1+1+1+1+1+1+1+1+1+1+1
18=1+1+1+1+1+1+1+1+1+1+1+1+1+1+1+1+2
18=1+1+1+1+1+1+1+1+1+1+1+1+1+1+1+3
18=1+1+1+1+1+1+1+1+1+1+1+1+1+1+2+2
18=1+1+1+1+1+1+1+1+1+1+1+1+1+1+4
18=1+1+1+1+1+1+1+1+1+1+1+1+1+2+3
18=1+1+1+1+1+1+1+1+1+1+1+1+1+5
18=1+1+1+1+1+1+1+1+1+1+1+1+2+2+2
18=1+1+1+1+1+1+1+1+1+1+1+1+2+4
18=1+1+1+1+1+1+1+1+1+1+1+1+3+3
18=1+1+1+1+1+1+1+1+1+1+1+1+6
18=1+1+1+1+1+1+1+1+1+1+1+2+2+3
18=1+1+1+1+1+1+1+1+1+1+1+2+5
18=1+1+1+1+1+1+1+1+1+1+1+3+4
18=1+1+1+1+1+1+1+1+1+1+1+7
18=1+1+1+1+1+1+1+1+1+1+2+2+2+2
18=1+1+1+1+1+1+1+1+1+1+2+2+4
18=1+1+1+1+1+1+1+1+1+1+2+3+3
18=1+1+1+1+1+1+1+1+1+1+2+6
18=1+1+1+1+1+1+1+1+1+1+3+5
18=1+1+1+1+1+1+1+1+1+1+4+4
18=1+1+1+1+1+1+1+1+1+1+8
18=1+1+1+1+1+1+1+1+1+2+2+2+3
18=1+1+1+1+1+1+1+1+1+2+2+5
18=1+1+1+1+1+1+1+1+1+2+3+4
18=1+1+1+1+1+1+1+1+1+2+7
18=1+1+1+1+1+1+1+1+1+3+3+3
18=1+1+1+1+1+1+1+1+1+3+6
18=1+1+1+1+1+1+1+1+1+4+5
18=1+1+1+1+1+1+1+1+1+9
18=1+1+1+1+1+1+1+1+2+2+2+2+2
18=1+1+1+1+1+1+1+1+2+2+2+4
18=1+1+1+1+1+1+1+1+2+2+3+3
18=1+1+1+1+1+1+1+1+2+2+6
18=1+1+1+1+1+1+1+1+2+3+5
18=1+1+1+1+1+1+1+1+2+4+4
18=1+1+1+1+1+1+1+1+2+8
18=1+1+1+1+1+1+1+1+3+3+4
18=1+1+1+1+1+1+1+1+3+7
18=1+1+1+1+1+1+1+1+4+6
18=1+1+1+1+1+1+1+1+5+5
18=1+1+1+1+1+1+1+1+10
18=1+1+1+1+1+1+1+2+2+2+2+3
18=1+1+1+1+1+1+1+2+2+2+5
18=1+1+1+1+1+1+1+2+2+3+4
18=1+1+1+1+1+1+1+2+2+7
18=1+1+1+1+1+1+1+2+3+3+3
18=1+1+1+1+1+1+1+2+3+6
18=1+1+1+1+1+1+1+2+4+5
18=1+1+1+1+1+1+1+2+9
18=1+1+1+1+1+1+1+3+3+5
18=1+1+1+1+1+1+1+3+4+4
18=1+1+1+1+1+1+1+3+8
18=1+1+1+1+1+1+1+4+7
18=1+1+1+1+1+1+1+5+6
18=1+1+1+1+1+1+1+11
18=1+1+1+1+1+1+2+2+2+2+2+2
18=1+1+1+1+1+1+2+2+2+2+4
18=1+1+1+1+1+1+2+2+2+3+3
18=1+1+1+1+1+1+2+2+2+6
18=1+1+1+1+1+1+2+2+3+5
18=1+1+1+1+1+1+2+2+4+4
18=1+1+1+1+1+1+2+2+8
18=1+1+1+1+1+1+2+3+3+4
18=1+1+1+1+1+1+2+3+7
18=1+1+1+1+1+1+2+4+6
18=1+1+1+1+1+1+2+5+5
18=1+1+1+1+1+1+2+10
18=1+1+1+1+1+1+3+3+3+3
18=1+1+1+1+1+1+3+3+6
18=1+1+1+1+1+1+3+4+5
18=1+1+1+1+1+1+3+9
18=1+1+1+1+1+1+4+4+4
18=1+1+1+1+1+1+4+8
18=1+1+1+1+1+1+5+7
18=1+1+1+1+1+1+6+6
18=1+1+1+1+1+1+12
18=1+1+1+1+1+2+2+2+2+2+3
18=1+1+1+1+1+2+2+2+2+5
18=1+1+1+1+1+2+2+2+3+4
18=1+1+1+1+1+2+2+2+7
18=1+1+1+1+1+2+2+3+3+3
18=1+1+1+1+1+2+2+3+6
18=1+1+1+1+1+2+2+4+5
18=1+1+1+1+1+2+2+9
18=1+1+1+1+1+2+3+3+5
18=1+1+1+1+1+2+3+4+4
18=1+1+1+1+1+2+3+8
18=1+1+1+1+1+2+4+7
18=1+1+1+1+1+2+5+6
18=1+1+1+1+1+2+11
18=1+1+1+1+1+3+3+3+4
18=1+1+1+1+1+3+3+7
18=1+1+1+1+1+3+4+6
18=1+1+1+1+1+3+5+5
18=1+1+1+1+1+3+10
18=1+1+1+1+1+4+4+5
18=1+1+1+1+1+4+9
18=1+1+1+1+1+5+8
18=1+1+1+1+1+6+7
18=1+1+1+1+1+13
18=1+1+1+1+2+2+2+2+2+2+2
18=1+1+1+1+2+2+2+2+2+4
18=1+1+1+1+2+2+2+2+3+3
18=1+1+1+1+2+2+2+2+6
18=1+1+1+1+2+2+2+3+5
18=1+1+1+1+2+2+2+4+4
18=1+1+1+1+2+2+2+8
18=1+1+1+1+2+2+3+3+4
18=1+1+1+1+2+2+3+7
18=1+1+1+1+2+2+4+6
18=1+1+1+1+2+2+5+5
18=1+1+1+1+2+2+10
18=1+1+1+1+2+3+3+3+3
18=1+1+1+1+2+3+3+6
18=1+1+1+1+2+3+4+5
18=1+1+1+1+2+3+9
18=1+1+1+1+2+4+4+4
18=1+1+1+1+2+4+8
18=1+1+1+1+2+5+7
18=1+1+1+1+2+6+6
18=1+1+1+1+2+12
18=1+1+1+1+3+3+3+5
18=1+1+1+1+3+3+4+4
18=1+1+1+1+3+3+8
18=1+1+1+1+3+4+7
18=1+1+1+1+3+5+6
18=1+1+1+1+3+11
18=1+1+1+1+4+4+6
18=1+1+1+1+4+5+5
18=1+1+1+1+4+10
18=1+1+1+1+5+9
18=1+1+1+1+6+8
18=1+1+1+1+7+7
18=1+1+1+1+14
18=1+1+1+2+2+2+2+2+2+3
18=1+1+1+2+2+2+2+2+5
18=1+1+1+2+2+2+2+3+4
18=1+1+1+2+2+2+2+7
18=1+1+1+2+2+2+3+3+3
18=1+1+1+2+2+2+3+6
18=1+1+1+2+2+2+4+5
18=1+1+1+2+2+2+9
18=1+1+1+2+2+3+3+5
18=1+1+1+2+2+3+4+4
18=1+1+1+2+2+3+8
18=1+1+1+2+2+4+7
18=1+1+1+2+2+5+6
18=1+1+1+2+2+11
18=1+1+1+2+3+3+3+4
18=1+1+1+2+3+3+7
18=1+1+1+2+3+4+6
18=1+1+1+2+3+5+5
18=1+1+1+2+3+10
18=1+1+1+2+4+4+5
18=1+1+1+2+4+9
18=1+1+1+2+5+8
18=1+1+1+2+6+7
18=1+1+1+2+13
18=1+1+1+3+3+3+3+3
18=1+1+1+3+3+3+6
18=1+1+1+3+3+4+5
18=1+1+1+3+3+9
18=1+1+1+3+4+4+4
18=1+1+1+3+4+8
18=1+1+1+3+5+7
18=1+1+1+3+6+6
18=1+1+1+3+12
18=1+1+1+4+4+7
18=1+1+1+4+5+6
18=1+1+1+4+11
18=1+1+1+5+5+5
18=1+1+1+5+10
18=1+1+1+6+9
18=1+1+1+7+8
18=1+1+1+15
18=1+1+2+2+2+2+2+2+2+2
18=1+1+2+2+2+2+2+2+4
18=1+1+2+2+2+2+2+3+3
18=1+1+2+2+2+2+2+6
18=1+1+2+2+2+2+3+5
18=1+1+2+2+2+2+4+4
18=1+1+2+2+2+2+8
18=1+1+2+2+2+3+3+4
18=1+1+2+2+2+3+7
18=1+1+2+2+2+4+6
18=1+1+2+2+2+5+5
18=1+1+2+2+2+10
18=1+1+2+2+3+3+3+3
18=1+1+2+2+3+3+6
18=1+1+2+2+3+4+5
18=1+1+2+2+3+9
18=1+1+2+2+4+4+4
18=1+1+2+2+4+8
18=1+1+2+2+5+7
18=1+1+2+2+6+6
18=1+1+2+2+12
18=1+1+2+3+3+3+5
18=1+1+2+3+3+4+4
18=1+1+2+3+3+8
18=1+1+2+3+4+7
18=1+1+2+3+5+6
18=1+1+2+3+11
18=1+1+2+4+4+6
18=1+1+2+4+5+5
18=1+1+2+4+10
18=1+1+2+5+9
18=1+1+2+6+8
18=1+1+2+7+7
18=1+1+2+14
18=1+1+3+3+3+3+4
18=1+1+3+3+3+7
18=1+1+3+3+4+6
18=1+1+3+3+5+5
18=1+1+3+3+10
18=1+1+3+4+4+5
18=1+1+3+4+9
18=1+1+3+5+8
18=1+1+3+6+7
18=1+1+3+13
18=1+1+4+4+4+4
18=1+1+4+4+8
18=1+1+4+5+7
18=1+1+4+6+6
18=1+1+4+12
18=1+1+5+5+6
18=1+1+5+11
18=1+1+6+10
18=1+1+7+9
18=1+1+8+8
18=1+1+16
18=1+2+2+2+2+2+2+2+3
18=1+2+2+2+2+2+2+5
18=1+2+2+2+2+2+3+4
18=1+2+2+2+2+2+7
18=1+2+2+2+2+3+3+3
18=1+2+2+2+2+3+6
18=1+2+2+2+2+4+5
18=1+2+2+2+2+9
18=1+2+2+2+3+3+5
18=1+2+2+2+3+4+4
18=1+2+2+2+3+8
18=1+2+2+2+4+7
18=1+2+2+2+5+6
18=1+2+2+2+11
18=1+2+2+3+3+3+4
18=1+2+2+3+3+7
18=1+2+2+3+4+6
18=1+2+2+3+5+5
18=1+2+2+3+10
18=1+2+2+4+4+5
18=1+2+2+4+9
18=1+2+2+5+8
18=1+2+2+6+7
18=1+2+2+13
18=1+2+3+3+3+3+3
18=1+2+3+3+3+6
18=1+2+3+3+4+5
18=1+2+3+3+9
18=1+2+3+4+4+4
18=1+2+3+4+8
18=1+2+3+5+7
18=1+2+3+6+6
18=1+2+3+12
18=1+2+4+4+7
18=1+2+4+5+6
18=1+2+4+11
18=1+2+5+5+5
18=1+2+5+10
18=1+2+6+9
18=1+2+7+8
18=1+2+15
18=1+3+3+3+3+5
18=1+3+3+3+4+4
18=1+3+3+3+8
18=1+3+3+4+7
18=1+3+3+5+6
18=1+3+3+11
18=1+3+4+4+6
18=1+3+4+5+5
18=1+3+4+10
18=1+3+5+9
18=1+3+6+8
18=1+3+7+7
18=1+3+14
18=1+4+4+4+5
18=1+4+4+9
18=1+4+5+8
18=1+4+6+7
18=1+4+13
18=1+5+5+7
18=1+5+6+6
18=1+5+12
18=1+6+11
18=1+7+10
18=1+8+9
18=1+17
18=2+2+2+2+2+2+2+2+2
18=2+2+2+2+2+2+2+4
18=2+2+2+2+2+2+3+3
18=2+2+2+2+2+2+6
18=2+2+2+2+2+3+5
18=2+2+2+2+2+4+4
18=2+2+2+2+2+8
18=2+2+2+2+3+3+4
18=2+2+2+2+3+7
18=2+2+2+2+4+6
18=2+2+2+2+5+5
18=2+2+2+2+10
18=2+2+2+3+3+3+3
18=2+2+2+3+3+6
18=2+2+2+3+4+5
18=2+2+2+3+9
18=2+2+2+4+4+4
18=2+2+2+4+8
18=2+2+2+5+7
18=2+2+2+6+6
18=2+2+2+12
18=2+2+3+3+3+5
18=2+2+3+3+4+4
18=2+2+3+3+8
18=2+2+3+4+7
18=2+2+3+5+6
18=2+2+3+11
18=2+2+4+4+6
18=2+2+4+5+5
18=2+2+4+10
18=2+2+5+9
18=2+2+6+8
18=2+2+7+7
18=2+2+14
18=2+3+3+3+3+4
18=2+3+3+3+7
18=2+3+3+4+6
18=2+3+3+5+5
18=2+3+3+10
18=2+3+4+4+5
18=2+3+4+9
18=2+3+5+8
18=2+3+6+7
18=2+3+13
18=2+4+4+4+4
18=2+4+4+8
18=2+4+5+7
18=2+4+6+6
18=2+4+12
18=2+5+5+6
18=2+5+11
18=2+6+10
18=2+7+9
18=2+8+8
18=2+16
18=3+3+3+3+3+3
18=3+3+3+3+6
18=3+3+3+4+5
18=3+3+3+9
18=3+3+4+4+4
18=3+3+4+8
18=3+3+5+7
18=3+3+6+6
18=3+3+12
18=3+4+4+7
18=3+4+5+6
18=3+4+11
18=3+5+5+5
18=3+5+10
18=3+6+9
18=3+7+8
18=3+15
18=4+4+4+6
18=4+4+5+5
18=4+4+10
18=4+5+9
18=4+6+8
18=4+7+7
18=4+14
18=5+5+8
18=5+6+7
18=5+13
18=6+6+6
18=6+12
18=7+11
18=8+10
18=9+9
18=18
19=1+1+1+1+1+1+1+1+1+1+1+1+1+1+1+1+1+1+1
19=1+1+1+1+1+1+1+1+1+1+1+1+1+1+1+1+1+2
19=1+1+1+1+1+1+1+1+1+1+1+1+1+1+1+1+3
19=1+1+1+1+1+1+1+1+1+1+1+1+1+1+1+2+2
19=1+1+1+1+1+1+1+1+1+1+1+1+1+1+1+4
19=1+1+1+1+1+1+1+1+1+1+1+1+1+1+2+3
19=1+1+1+1+1+1+1+1+1+1+1+1+1+1+5
19=1+1+1+1+1+1+1+1+1+1+1+1+1+2+2+2
19=1+1+1+1+1+1+1+1+1+1+1+1+1+2+4
19=1+1+1+1+1+1+1+1+1+1+1+1+1+3+3
19=1+1+1+1+1+1+1+1+1+1+1+1+1+6
19=1+1+1+1+1+1+1+1+1+1+1+1+2+2+3
19=1+1+1+1+1+1+1+1+1+1+1+1+2+5
19=1+1+1+1+1+1+1+1+1+1+1+1+3+4
19=1+1+1+1+1+1+1+1+1+1+1+1+7
19=1+1+1+1+1+1+1+1+1+1+1+2+2+2+2
19=1+1+1+1+1+1+1+1+1+1+1+2+2+4
19=1+1+1+1+1+1+1+1+1+1+1+2+3+3
19=1+1+1+1+1+1+1+1+1+1+1+2+6
19=1+1+1+1+1+1+1+1+1+1+1+3+5
19=1+1+1+1+1+1+1+1+1+1+1+4+4
19=1+1+1+1+1+1+1+1+1+1+1+8
19=1+1+1+1+1+1+1+1+1+1+2+2+2+3
19=1+1+1+1+1+1+1+1+1+1+2+2+5
19=1+1+1+1+1+1+1+1+1+1+2+3+4
19=1+1+1+1+1+1+1+1+1+1+2+7
19=1+1+1+1+1+1+1+1+1+1+3+3+3
19=1+1+1+1+1+1+1+1+1+1+3+6
19=1+1+1+1+1+1+1+1+1+1+4+5
19=1+1+1+1+1+1+1+1+1+1+9
19=1+1+1+1+1+1+1+1+1+2+2+2+2+2
19=1+1+1+1+1+1+1+1+1+2+2+2+4
19=1+1+1+1+1+1+1+1+1+2+2+3+3
19=1+1+1+1+1+1+1+1+1+2+2+6
19=1+1+1+1+1+1+1+1+1+2+3+5
19=1+1+1+1+1+1+1+1+1+2+4+4
19=1+1+1+1+1+1+1+1+1+2+8
19=1+1+1+1+1+1+1+1+1+3+3+4
19=1+1+1+1+1+1+1+1+1+3+7
19=1+1+1+1+1+1+1+1+1+4+6
19=1+1+1+1+1+1+1+1+1+5+5
19=1+1+1+1+1+1+1+1+1+10
19=1+1+1+1+1+1+1+1+2+2+2+2+3
19=1+1+1+1+1+1+1+1+2+2+2+5
19=1+1+1+1+1+1+1+1+2+2+3+4
19=1+1+1+1+1+1+1+1+2+2+7
19=1+1+1+1+1+1+1+1+2+3+3+3
19=1+1+1+1+1+1+1+1+2+3+6
19=1+1+1+1+1+1+1+1+2+4+5
19=1+1+1+1+1+1+1+1+2+9
19=1+1+1+1+1+1+1+1+3+3+5
19=1+1+1+1+1+1+1+1+3+4+4
19=1+1+1+1+1+1+1+1+3+8
19=1+1+1+1+1+1+1+1+4+7
19=1+1+1+1+1+1+1+1+5+6
19=1+1+1+1+1+1+1+1+11
19=1+1+1+1+1+1+1+2+2+2+2+2+2
19=1+1+1+1+1+1+1+2+2+2+2+4
19=1+1+1+1+1+1+1+2+2+2+3+3
19=1+1+1+1+1+1+1+2+2+2+6
19=1+1+1+1+1+1+1+2+2+3+5
19=1+1+1+1+1+1+1+2+2+4+4
19=1+1+1+1+1+1+1+2+2+8
19=1+1+1+1+1+1+1+2+3+3+4
19=1+1+1+1+1+1+1+2+3+7
19=1+1+1+1+1+1+1+2+4+6
19=1+1+1+1+1+1+1+2+5+5
19=1+1+1+1+1+1+1+2+10
19=1+1+1+1+1+1+1+3+3+3+3
19=1+1+1+1+1+1+1+3+3+6
19=1+1+1+1+1+1+1+3+4+5
19=1+1+1+1+1+1+1+3+9
19=1+1+1+1+1+1+1+4+4+4
19=1+1+1+1+1+1+1+4+8
19=1+1+1+1+1+1+1+5+7
19=1+1+1+1+1+1+1+6+6
19=1+1+1+1+1+1+1+12
19=1+1+1+1+1+1+2+2+2+2+2+3
19=1+1+1+1+1+1+2+2+2+2+5
19=1+1+1+1+1+1+2+2+2+3+4
19=1+1+1+1+1+1+2+2+2+7
19=1+1+1+1+1+1+2+2+3+3+3
19=1+1+1+1+1+1+2+2+3+6
19=1+1+1+1+1+1+2+2+4+5
19=1+1+1+1+1+1+2+2+9
19=1+1+1+1+1+1+2+3+3+5
19=1+1+1+1+1+1+2+3+4+4
19=1+1+1+1+1+1+2+3+8
19=1+1+1+1+1+1+2+4+7
19=1+1+1+1+1+1+2+5+6
19=1+1+1+1+1+1+2+11
19=1+1+1+1+1+1+3+3+3+4
19=1+1+1+1+1+1+3+3+7
19=1+1+1+1+1+1+3+4+6
19=1+1+1+1+1+1+3+5+5
19=1+1+1+1+1+1+3+10
19=1+1+1+1+1+1+4+4+5
19=1+1+1+1+1+1+4+9
19=1+1+1+1+1+1+5+8
19=1+1+1+1+1+1+6+7
19=1+1+1+1+1+1+13
19=1+1+1+1+1+2+2+2+2+2+2+2
19=1+1+1+1+1+2+2+2+2+2+4
19=1+1+1+1+1+2+2+2+2+3+3
19=1+1+1+1+1+2+2+2+2+6
19=1+1+1+1+1+2+2+2+3+5
19=1+1+1+1+1+2+2+2+4+4
19=1+1+1+1+1+2+2+2+8
19=1+1+1+1+1+2+2+3+3+4
19=1+1+1+1+1+2+2+3+7
19=1+1+1+1+1+2+2+4+6
19=1+1+1+1+1+2+2+5+5
19=1+1+1+1+1+2+2+10
19=1+1+1+1+1+2+3+3+3+3
19=1+1+1+1+1+2+3+3+6
19=1+1+1+1+1+2+3+4+5
19=1+1+1+1+1+2+3+9
19=1+1+1+1+1+2+4+4+4
19=1+1+1+1+1+2+4+8
19=1+1+1+1+1+2+5+7
19=1+1+1+1+1+2+6+6
19=1+1+1+1+1+2+12
19=1+1+1+1+1+3+3+3+5
19=1+1+1+1+1+3+3+4+4
19=1+1+1+1+1+3+3+8
19=1+1+1+1+1+3+4+7
19=1+1+1+1+1+3+5+6
19=1+1+1+1+1+3+11
19=1+1+1+1+1+4+4+6
19=1+1+1+1+1+4+5+5
19=1+1+1+1+1+4+10
19=1+1+1+1+1+5+9
19=1+1+1+1+1+6+8
19=1+1+1+1+1+7+7
19=1+1+1+1+1+14
19=1+1+1+1+2+2+2+2+2+2+3
19=1+1+1+1+2+2+2+2+2+5
19=1+1+1+1+2+2+2+2+3+4
19=1+1+1+1+2+2+2+2+7
19=1+1+1+1+2+2+2+3+3+3
19=1+1+1+1+2+2+2+3+6
19=1+1+1+1+2+2+2+4+5
19=1+1+1+1+2+2+2+9
19=1+1+1+1+2+2+3+3+5
19=1+1+1+1+2+2+3+4+4
19=1+1+1+1+2+2+3+8
19=1+1+1+1+2+2+4+7
19=1+1+1+1+2+2+5+6
19=1+1+1+1+2+2+11
19=1+1+1+1+2+3+3+3+4
19=1+1+1+1+2+3+3+7
19=1+1+1+1+2+3+4+6
19=1+1+1+1+2+3+5+5
19=1+1+1+1+2+3+10
19=1+1+1+1+2+4+4+5
19=1+1+1+1+2+4+9
19=1+1+1+1+2+5+8
19=1+1+1+1+2+6+7
19=1+1+1+1+2+13
19=1+1+1+1+3+3+3+3+3
19=1+1+1+1+3+3+3+6
19=1+1+1+1+3+3+4+5
19=1+1+1+1+3+3+9
19=1+1+1+1+3+4+4+4
19=1+1+1+1+3+4+8
19=1+1+1+1+3+5+7
19=1+1+1+1+3+6+6
19=1+1+1+1+3+12
19=1+1+1+1+4+4+7
19=1+1+1+1+4+5+6
19=1+1+1+1+4+11
19=1+1+1+1+5+5+5
19=1+1+1+1+5+10
19=1+1+1+1+6+9
19=1+1+1+1+7+8
19=1+1+1+1+15
19=1+1+1+2+2+2+2+2+2+2+2
19=1+1+1+2+2+2+2+2+2+4
19=1+1+1+2+2+2+2+2+3+3
19=1+1+1+2+2+2+2+2+6
19=1+1+1+2+2+2+2+3+5
19=1+1+1+2+2+2+2+4+4
19=1+1+1+2+2+2+2+8
19=1+1+1+2+2+2+3+3+4
19=1+1+1+2+2+2+3+7
19=1+1+1+2+2+2+4+6
19=1+1+1+2+2+2+5+5
19=1+1+1+2+2+2+10
19=1+1+1+2+2+3+3+3+3
19=1+1+1+2+2+3+3+6
19=1+1+1+2+2+3+4+5
19=1+1+1+2+2+3+9
19=1+1+1+2+2+4+4+4
19=1+1+1+2+2+4+8
19=1+1+1+2+2+5+7
19=1+1+1+2+2+6+6
19=1+1+1+2+2+12
19=1+1+1+2+3+3+3+5
19=1+1+1+2+3+3+4+4
19=1+1+1+2+3+3+8
19=1+1+1+2+3+4+7
19=1+1+1+2+3+5+6
19=1+1+1+2+3+11
19=1+1+1+2+4+4+6
19=1+1+1+2+4+5+5
19=1+1+1+2+4+10
19=1+1+1+2+5+9
19=1+1+1+2+6+8
19=1+1+1+2+7+7
19=1+1+1+2+14
19=1+1+1+3+3+3+3+4
19=1+1+1+3+3+3+7
19=1+1+1+3+3+4+6
19=1+1+1+3+3+5+5
19=1+1+1+3+3+10
19=1+1+1+3+4+4+5
19=1+1+1+3+4+9
19=1+1+1+3+5+8
19=1+1+1+3+6+7
19=1+1+1+3+13
19=1+1+1+4+4+4+4
19=1+1+1+4+4+8
19=1+1+1+4+5+7
19=1+1+1+4+6+6
19=1+1+1+4+12
19=1+1+1+5+5+6
19=1+1+1+5+11
19=1+1+1+6+10
19=1+1+1+7+9
19=1+1+1+8+8
19=1+1+1+16
19=1+1+2+2+2+2+2+2+2+3
19=1+1+2+2+2+2+2+2+5
19=1+1+2+2+2+2+2+3+4
19=1+1+2+2+2+2+2+7
19=1+1+2+2+2+2+3+3+3
19=1+1+2+2+2+2+3+6
19=1+1+2+2+2+2+4+5
19=1+1+2+2+2+2+9
19=1+1+2+2+2+3+3+5
19=1+1+2+2+2+3+4+4
19=1+1+2+2+2+3+8
19=1+1+2+2+2+4+7
19=1+1+2+2+2+5+6
19=1+1+2+2+2+11
19=1+1+2+2+3+3+3+4
19=1+1+2+2+3+3+7
19=1+1+2+2+3+4+6
19=1+1+2+2+3+5+5
19=1+1+2+2+3+10
19=1+1+2+2+4+4+5
19=1+1+2+2+4+9
19=1+1+2+2+5+8
19=1+1+2+2+6+7
19=1+1+2+2+13
19=1+1+2+3+3+3+3+3
19=1+1+2+3+3+3+6
19=1+1+2+3+3+4+5
19=1+1+2+3+3+9
19=1+1+2+3+4+4+4
19=1+1+2+3+4+8
19=1+1+2+3+5+7
19=1+1+2+3+6+6
19=1+1+2+3+12
19=1+1+2+4+4+7
19=1+1+2+4+5+6
19=1+1+2+4+11
19=1+1+2+5+5+5
19=1+1+2+5+10
19=1+1+2+6+9
19=1+1+2+7+8
19=1+1+2+15
19=1+1+3+3+3+3+5
19=1+1+3+3+3+4+4
19=1+1+3+3+3+8
19=1+1+3+3+4+7
19=1+1+3+3+5+6
19=1+1+3+3+11
19=1+1+3+4+4+6
19=1+1+3+4+5+5
19=1+1+3+4+10
19=1+1+3+5+9
19=1+1+3+6+8
19=1+1+3+7+7
19=1+1+3+14
19=1+1+4+4+4+5
19=1+1+4+4+9
19=1+1+4+5+8
19=1+1+4+6+7
19=1+1+4+13
19=1+1+5+5+7
19=1+1+5+6+6
19=1+1+5+12
19=1+1+6+11
19=1+1+7+10
19=1+1+8+9
19=1+1+17
19=1+2+2+2+2+2+2+2+2+2
19=1+2+2+2+2+2+2+2+4
19=1+2+2+2+2+2+2+3+3
19=1+2+2+2+2+2+2+6
19=1+2+2+2+2+2+3+5
19=1+2+2+2+2+2+4+4
19=1+2+2+2+2+2+8
19=1+2+2+2+2+3+3+4
19=1+2+2+2+2+3+7
19=1+2+2+2+2+4+6
19=1+2+2+2+2+5+5
19=1+2+2+2+2+10
19=1+2+2+2+3+3+3+3
19=1+2+2+2+3+3+6
19=1+2+2+2+3+4+5
19=1+2+2+2+3+9
19=1+2+2+2+4+4+4
19=1+2+2+2+4+8
19=1+2+2+2+5+7
19=1+2+2+2+6+6
19=1+2+2+2+12
19=1+2+2+3+3+3+5
19=1+2+2+3+3+4+4
19=1+2+2+3+3+8
19=1+2+2+3+4+7
19=1+2+2+3+5+6
19=1+2+2+3+11
19=1+2+2+4+4+6
19=1+2+2+4+5+5
19=1+2+2+4+10
19=1+2+2+5+9
19=1+2+2+6+8
19=1+2+2+7+7
19=1+2+2+14
19=1+2+3+3+3+3+4
19=1+2+3+3+3+7
19=1+2+3+3+4+6
19=1+2+3+3+5+5
19=1+2+3+3+10
19=1+2+3+4+4+5
19=1+2+3+4+9
19=1+2+3+5+8
19=1+2+3+6+7
19=1+2+3+13
19=1+2+4+4+4+4
19=1+2+4+4+8
19=1+2+4+5+7
19=1+2+4+6+6
19=1+2+4+12
19=1+2+5+5+6
19=1+2+5+11
19=1+2+6+10
19=1+2+7+9
19=1+2+8+8
19=1+2+16
19=1+3+3+3+3+3+3
19=1+3+3+3+3+6
19=1+3+3+3+4+5
19=1+3+3+3+9
19=1+3+3+4+4+4
19=1+3+3+4+8
19=1+3+3+5+7
19=1+3+3+6+6
19=1+3+3+12
19=1+3+4+4+7
19=1+3+4+5+6
19=1+3+4+11
19=1+3+5+5+5
19=1+3+5+10
19=1+3+6+9
19=1+3+7+8
19=1+3+15
19=1+4+4+4+6
19=1+4+4+5+5
19=1+4+4+10
19=1+4+5+9
19=1+4+6+8
19=1+4+7+7
19=1+4+14
19=1+5+5+8
19=1+5+6+7
19=1+5+13
19=1+6+6+6
19=1+6+12
19=1+7+11
19=1+8+10
19=1+9+9
19=1+18
19=2+2+2+2+2+2+2+2+3
19=2+2+2+2+2+2+2+5
19=2+2+2+2+2+2+3+4
19=2+2+2+2+2+2+7
19=2+2+2+2+2+3+3+3
19=2+2+2+2+2+3+6
19=2+2+2+2+2+4+5
19=2+2+2+2+2+9
19=2+2+2+2+3+3+5
19=2+2+2+2+3+4+4
19=2+2+2+2+3+8
19=2+2+2+2+4+7
19=2+2+2+2+5+6
19=2+2+2+2+11
19=2+2+2+3+3+3+4
19=2+2+2+3+3+7
19=2+2+2+3+4+6
19=2+2+2+3+5+5
19=2+2+2+3+10
19=2+2+2+4+4+5
19=2+2+2+4+9
19=2+2+2+5+8
19=2+2+2+6+7
19=2+2+2+13
19=2+2+3+3+3+3+3
19=2+2+3+3+3+6
19=2+2+3+3+4+5
19=2+2+3+3+9
19=2+2+3+4+4+4
19=2+2+3+4+8
19=2+2+3+5+7
19=2+2+3+6+6
19=2+2+3+12
19=2+2+4+4+7
19=2+2+4+5+6
19=2+2+4+11
19=2+2+5+5+5
19=2+2+5+10
19=2+2+6+9
19=2+2+7+8
19=2+2+15
19=2+3+3+3+3+5
19=2+3+3+3+4+4
19=2+3+3+3+8
19=2+3+3+4+7
19=2+3+3+5+6
19=2+3+3+11
19=2+3+4+4+6
19=2+3+4+5+5
19=2+3+4+10
19=2+3+5+9
19=2+3+6+8
19=2+3+7+7
19=2+3+14
19=2+4+4+4+5
19=2+4+4+9
19=2+4+5+8
19=2+4+6+7
19=2+4+13
19=2+5+5+7
19=2+5+6+6
19=2+5+12
19=2+6+11
19=2+7+10
19=2+8+9
19=2+17
19=3+3+3+3+3+4
19=3+3+3+3+7
19=3+3+3+4+6
19=3+3+3+5+5
19=3+3+3+10
19=3+3+4+4+5
19=3+3+4+9
19=3+3+5+8
19=3+3+6+7
19=3+3+13
19=3+4+4+4+4
19=3+4+4+8
19=3+4+5+7
19=3+4+6+6
19=3+4+12
19=3+5+5+6
19=3+5+11
19=3+6+10
19=3+7+9
19=3+8+8
19=3+16
19=4+4+4+7
19=4+4+5+6
19=4+4+11
19=4+5+5+5
19=4+5+10
19=4+6+9
19=4+7+8
19=4+15
19=5+5+9
19=5+6+8
19=5+7+7
19=5+14
19=6+6+7
19=6+13
19=7+12
19=8+11
19=9+10
19=19
20=1+1+1+1+1+1+1+1+1+1+1+1+1+1+1+1+1+1+1+1
20=1+1+1+1+1+1+1+1+1+1+1+1+1+1+1+1+1+1+2
20=1+1+1+1+1+1+1+1+1+1+1+1+1+1+1+1+1+3
20=1+1+1+1+1+1+1+1+1+1+1+1+1+1+1+1+2+2
20=1+1+1+1+1+1+1+1+1+1+1+1+1+1+1+1+4
20=1+1+1+1+1+1+1+1+1+1+1+1+1+1+1+2+3
20=1+1+1+1+1+1+1+1+1+1+1+1+1+1+1+5
20=1+1+1+1+1+1+1+1+1+1+1+1+1+1+2+2+2
20=1+1+1+1+1+1+1+1+1+1+1+1+1+1+2+4
20=1+1+1+1+1+1+1+1+1+1+1+1+1+1+3+3
20=1+1+1+1+1+1+1+1+1+1+1+1+1+1+6
20=1+1+1+1+1+1+1+1+1+1+1+1+1+2+2+3
20=1+1+1+1+1+1+1+1+1+1+1+1+1+2+5
20=1+1+1+1+1+1+1+1+1+1+1+1+1+3+4
20=1+1+1+1+1+1+1+1+1+1+1+1+1+7
20=1+1+1+1+1+1+1+1+1+1+1+1+2+2+2+2
20=1+1+1+1+1+1+1+1+1+1+1+1+2+2+4
20=1+1+1+1+1+1+1+1+1+1+1+1+2+3+3
20=1+1+1+1+1+1+1+1+1+1+1+1+2+6
20=1+1+1+1+1+1+1+1+1+1+1+1+3+5
20=1+1+1+1+1+1+1+1+1+1+1+1+4+4
20=1+1+1+1+1+1+1+1+1+1+1+1+8
20=1+1+1+1+1+1+1+1+1+1+1+2+2+2+3
20=1+1+1+1+1+1+1+1+1+1+1+2+2+5
20=1+1+1+1+1+1+1+1+1+1+1+2+3+4
20=1+1+1+1+1+1+1+1+1+1+1+2+7
20=1+1+1+1+1+1+1+1+1+1+1+3+3+3
20=1+1+1+1+1+1+1+1+1+1+1+3+6
20=1+1+1+1+1+1+1+1+1+1+1+4+5
20=1+1+1+1+1+1+1+1+1+1+1+9
20=1+1+1+1+1+1+1+1+1+1+2+2+2+2+2
20=1+1+1+1+1+1+1+1+1+1+2+2+2+4
20=1+1+1+1+1+1+1+1+1+1+2+2+3+3
20=1+1+1+1+1+1+1+1+1+1+2+2+6
20=1+1+1+1+1+1+1+1+1+1+2+3+5
20=1+1+1+1+1+1+1+1+1+1+2+4+4
20=1+1+1+1+1+1+1+1+1+1+2+8
20=1+1+1+1+1+1+1+1+1+1+3+3+4
20=1+1+1+1+1+1+1+1+1+1+3+7
20=1+1+1+1+1+1+1+1+1+1+4+6
20=1+1+1+1+1+1+1+1+1+1+5+5
20=1+1+1+1+1+1+1+1+1+1+10
20=1+1+1+1+1+1+1+1+1+2+2+2+2+3
20=1+1+1+1+1+1+1+1+1+2+2+2+5
20=1+1+1+1+1+1+1+1+1+2+2+3+4
20=1+1+1+1+1+1+1+1+1+2+2+7
20=1+1+1+1+1+1+1+1+1+2+3+3+3
20=1+1+1+1+1+1+1+1+1+2+3+6
20=1+1+1+1+1+1+1+1+1+2+4+5
20=1+1+1+1+1+1+1+1+1+2+9
20=1+1+1+1+1+1+1+1+1+3+3+5
20=1+1+1+1+1+1+1+1+1+3+4+4
20=1+1+1+1+1+1+1+1+1+3+8
20=1+1+1+1+1+1+1+1+1+4+7
20=1+1+1+1+1+1+1+1+1+5+6
20=1+1+1+1+1+1+1+1+1+11
20=1+1+1+1+1+1+1+1+2+2+2+2+2+2
20=1+1+1+1+1+1+1+1+2+2+2+2+4
20=1+1+1+1+1+1+1+1+2+2+2+3+3
20=1+1+1+1+1+1+1+1+2+2+2+6
20=1+1+1+1+1+1+1+1+2+2+3+5
20=1+1+1+1+1+1+1+1+2+2+4+4
20=1+1+1+1+1+1+1+1+2+2+8
20=1+1+1+1+1+1+1+1+2+3+3+4
20=1+1+1+1+1+1+1+1+2+3+7
20=1+1+1+1+1+1+1+1+2+4+6
20=1+1+1+1+1+1+1+1+2+5+5
20=1+1+1+1+1+1+1+1+2+10
20=1+1+1+1+1+1+1+1+3+3+3+3
20=1+1+1+1+1+1+1+1+3+3+6
20=1+1+1+1+1+1+1+1+3+4+5
20=1+1+1+1+1+1+1+1+3+9
20=1+1+1+1+1+1+1+1+4+4+4
20=1+1+1+1+1+1+1+1+4+8
20=1+1+1+1+1+1+1+1+5+7
20=1+1+1+1+1+1+1+1+6+6
20=1+1+1+1+1+1+1+1+12
20=1+1+1+1+1+1+1+2+2+2+2+2+3
20=1+1+1+1+1+1+1+2+2+2+2+5
20=1+1+1+1+1+1+1+2+2+2+3+4
20=1+1+1+1+1+1+1+2+2+2+7
20=1+1+1+1+1+1+1+2+2+3+3+3
20=1+1+1+1+1+1+1+2+2+3+6
20=1+1+1+1+1+1+1+2+2+4+5
20=1+1+1+1+1+1+1+2+2+9
20=1+1+1+1+1+1+1+2+3+3+5
20=1+1+1+1+1+1+1+2+3+4+4
20=1+1+1+1+1+1+1+2+3+8
20=1+1+1+1+1+1+1+2+4+7
20=1+1+1+1+1+1+1+2+5+6
20=1+1+1+1+1+1+1+2+11
20=1+1+1+1+1+1+1+3+3+3+4
20=1+1+1+1+1+1+1+3+3+7
20=1+1+1+1+1+1+1+3+4+6
20=1+1+1+1+1+1+1+3+5+5
20=1+1+1+1+1+1+1+3+10
20=1+1+1+1+1+1+1+4+4+5
20=1+1+1+1+1+1+1+4+9
20=1+1+1+1+1+1+1+5+8
20=1+1+1+1+1+1+1+6+7
20=1+1+1+1+1+1+1+13
20=1+1+1+1+1+1+2+2+2+2+2+2+2
20=1+1+1+1+1+1+2+2+2+2+2+4
20=1+1+1+1+1+1+2+2+2+2+3+3
20=1+1+1+1+1+1+2+2+2+2+6
20=1+1+1+1+1+1+2+2+2+3+5
20=1+1+1+1+1+1+2+2+2+4+4
20=1+1+1+1+1+1+2+2+2+8
20=1+1+1+1+1+1+2+2+3+3+4
20=1+1+1+1+1+1+2+2+3+7
20=1+1+1+1+1+1+2+2+4+6
20=1+1+1+1+1+1+2+2+5+5
20=1+1+1+1+1+1+2+2+10
20=1+1+1+1+1+1+2+3+3+3+3
20=1+1+1+1+1+1+2+3+3+6
20=1+1+1+1+1+1+2+3+4+5
20=1+1+1+1+1+1+2+3+9
20=1+1+1+1+1+1+2+4+4+4
20=1+1+1+1+1+1+2+4+8
20=1+1+1+1+1+1+2+5+7
20=1+1+1+1+1+1+2+6+6
20=1+1+1+1+1+1+2+12
20=1+1+1+1+1+1+3+3+3+5
20=1+1+1+1+1+1+3+3+4+4
20=1+1+1+1+1+1+3+3+8
20=1+1+1+1+1+1+3+4+7
20=1+1+1+1+1+1+3+5+6
20=1+1+1+1+1+1+3+11
20=1+1+1+1+1+1+4+4+6
20=1+1+1+1+1+1+4+5+5
20=1+1+1+1+1+1+4+10
20=1+1+1+1+1+1+5+9
20=1+1+1+1+1+1+6+8
20=1+1+1+1+1+1+7+7
20=1+1+1+1+1+1+14
20=1+1+1+1+1+2+2+2+2+2+2+3
20=1+1+1+1+1+2+2+2+2+2+5
20=1+1+1+1+1+2+2+2+2+3+4
20=1+1+1+1+1+2+2+2+2+7
20=1+1+1+1+1+2+2+2+3+3+3
20=1+1+1+1+1+2+2+2+3+6
20=1+1+1+1+1+2+2+2+4+5
20=1+1+1+1+1+2+2+2+9
20=1+1+1+1+1+2+2+3+3+5
20=1+1+1+1+1+2+2+3+4+4
20=1+1+1+1+1+2+2+3+8
20=1+1+1+1+1+2+2+4+7
20=1+1+1+1+1+2+2+5+6
20=1+1+1+1+1+2+2+11
20=1+1+1+1+1+2+3+3+3+4
20=1+1+1+1+1+2+3+3+7
20=1+1+1+1+1+2+3+4+6
20=1+1+1+1+1+2+3+5+5
20=1+1+1+1+1+2+3+10
20=1+1+1+1+1+2+4+4+5
20=1+1+1+1+1+2+4+9
20=1+1+1+1+1+2+5+8
20=1+1+1+1+1+2+6+7
20=1+1+1+1+1+2+13
20=1+1+1+1+1+3+3+3+3+3
20=1+1+1+1+1+3+3+3+6
20=1+1+1+1+1+3+3+4+5
20=1+1+1+1+1+3+3+9
20=1+1+1+1+1+3+4+4+4
20=1+1+1+1+1+3+4+8
20=1+1+1+1+1+3+5+7
20=1+1+1+1+1+3+6+6
20=1+1+1+1+1+3+12
20=1+1+1+1+1+4+4+7
20=1+1+1+1+1+4+5+6
20=1+1+1+1+1+4+11
20=1+1+1+1+1+5+5+5
20=1+1+1+1+1+5+10
20=1+1+1+1+1+6+9
20=1+1+1+1+1+7+8
20=1+1+1+1+1+15
20=1+1+1+1+2+2+2+2+2+2+2+2
20=1+1+1+1+2+2+2+2+2+2+4
20=1+1+1+1+2+2+2+2+2+3+3
20=1+1+1+1+2+2+2+2+2+6
20=1+1+1+1+2+2+2+2+3+5
20=1+1+1+1+2+2+2+2+4+4
20=1+1+1+1+2+2+2+2+8
20=1+1+1+1+2+2+2+3+3+4
20=1+1+1+1+2+2+2+3+7
20=1+1+1+1+2+2+2+4+6
20=1+1+1+1+2+2+2+5+5
20=1+1+1+1+2+2+2+10
20=1+1+1+1+2+2+3+3+3+3
20=1+1+1+1+2+2+3+3+6
20=1+1+1+1+2+2+3+4+5
20=1+1+1+1+2+2+3+9
20=1+1+1+1+2+2+4+4+4
20=1+1+1+1+2+2+4+8
20=1+1+1+1+2+2+5+7
20=1+1+1+1+2+2+6+6
20=1+1+1+1+2+2+12
20=1+1+1+1+2+3+3+3+5
20=1+1+1+1+2+3+3+4+4
20=1+1+1+1+2+3+3+8
20=1+1+1+1+2+3+4+7
20=1+1+1+1+2+3+5+6
20=1+1+1+1+2+3+11
20=1+1+1+1+2+4+4+6
20=1+1+1+1+2+4+5+5
20=1+1+1+1+2+4+10
20=1+1+1+1+2+5+9
20=1+1+1+1+2+6+8
20=1+1+1+1+2+7+7
20=1+1+1+1+2+14
20=1+1+1+1+3+3+3+3+4
20=1+1+1+1+3+3+3+7
20=1+1+1+1+3+3+4+6
20=1+1+1+1+3+3+5+5
20=1+1+1+1+3+3+10
20=1+1+1+1+3+4+4+5
20=1+1+1+1+3+4+9
20=1+1+1+1+3+5+8
20=1+1+1+1+3+6+7
20=1+1+1+1+3+13
20=1+1+1+1+4+4+4+4
20=1+1+1+1+4+4+8
20=1+1+1+1+4+5+7
20=1+1+1+1+4+6+6
20=1+1+1+1+4+12
20=1+1+1+1+5+5+6
20=1+1+1+1+5+11
20=1+1+1+1+6+10
20=1+1+1+1+7+9
20=1+1+1+1+8+8
20=1+1+1+1+16
20=1+1+1+2+2+2+2+2+2+2+3
20=1+1+1+2+2+2+2+2+2+5
20=1+1+1+2+2+2+2+2+3+4
20=1+1+1+2+2+2+2+2+7
20=1+1+1+2+2+2+2+3+3+3
20=1+1+1+2+2+2+2+3+6
20=1+1+1+2+2+2+2+4+5
20=1+1+1+2+2+2+2+9
20=1+1+1+2+2+2+3+3+5
20=1+1+1+2+2+2+3+4+4
20=1+1+1+2+2+2+3+8
20=1+1+1+2+2+2+4+7
20=1+1+1+2+2+2+5+6
20=1+1+1+2+2+2+11
20=1+1+1+2+2+3+3+3+4
20=1+1+1+2+2+3+3+7
20=1+1+1+2+2+3+4+6
20=1+1+1+2+2+3+5+5
20=1+1+1+2+2+3+10
20=1+1+1+2+2+4+4+5
20=1+1+1+2+2+4+9
20=1+1+1+2+2+5+8
20=1+1+1+2+2+6+7
20=1+1+1+2+2+13
20=1+1+1+2+3+3+3+3+3
20=1+1+1+2+3+3+3+6
20=1+1+1+2+3+3+4+5
20=1+1+1+2+3+3+9
20=1+1+1+2+3+4+4+4
20=1+1+1+2+3+4+8
20=1+1+1+2+3+5+7
20=1+1+1+2+3+6+6
20=1+1+1+2+3+12
20=1+1+1+2+4+4+7
20=1+1+1+2+4+5+6
20=1+1+1+2+4+11
20=1+1+1+2+5+5+5
20=1+1+1+2+5+10
20=1+1+1+2+6+9
20=1+1+1+2+7+8
20=1+1+1+2+15
20=1+1+1+3+3+3+3+5
20=1+1+1+3+3+3+4+4
20=1+1+1+3+3+3+8
20=1+1+1+3+3+4+7
20=1+1+1+3+3+5+6
20=1+1+1+3+3+11
20=1+1+1+3+4+4+6
20=1+1+1+3+4+5+5
20=1+1+1+3+4+10
20=1+1+1+3+5+9
20=1+1+1+3+6+8
20=1+1+1+3+7+7
20=1+1+1+3+14
20=1+1+1+4+4+4+5
20=1+1+1+4+4+9
20=1+1+1+4+5+8
20=1+1+1+4+6+7
20=1+1+1+4+13
20=1+1+1+5+5+7
20=1+1+1+5+6+6
20=1+1+1+5+12
20=1+1+1+6+11
20=1+1+1+7+10
20=1+1+1+8+9
20=1+1+1+17
20=1+1+2+2+2+2+2+2+2+2+2
20=1+1+2+2+2+2+2+2+2+4
20=1+1+2+2+2+2+2+2+3+3
20=1+1+2+2+2+2+2+2+6
20=1+1+2+2+2+2+2+3+5
20=1+1+2+2+2+2+2+4+4
20=1+1+2+2+2+2+2+8
20=1+1+2+2+2+2+3+3+4
20=1+1+2+2+2+2+3+7
20=1+1+2+2+2+2+4+6
20=1+1+2+2+2+2+5+5
20=1+1+2+2+2+2+10
20=1+1+2+2+2+3+3+3+3
20=1+1+2+2+2+3+3+6
20=1+1+2+2+2+3+4+5
20=1+1+2+2+2+3+9
20=1+1+2+2+2+4+4+4
20=1+1+2+2+2+4+8
20=1+1+2+2+2+5+7
20=1+1+2+2+2+6+6
20=1+1+2+2+2+12
20=1+1+2+2+3+3+3+5
20=1+1+2+2+3+3+4+4
20=1+1+2+2+3+3+8
20=1+1+2+2+3+4+7
20=1+1+2+2+3+5+6
20=1+1+2+2+3+11
20=1+1+2+2+4+4+6
20=1+1+2+2+4+5+5
20=1+1+2+2+4+10
20=1+1+2+2+5+9
20=1+1+2+2+6+8
20=1+1+2+2+7+7
20=1+1+2+2+14
20=1+1+2+3+3+3+3+4
20=1+1+2+3+3+3+7
20=1+1+2+3+3+4+6
20=1+1+2+3+3+5+5
20=1+1+2+3+3+10
20=1+1+2+3+4+4+5
20=1+1+2+3+4+9
20=1+1+2+3+5+8
20=1+1+2+3+6+7
20=1+1+2+3+13
20=1+1+2+4+4+4+4
20=1+1+2+4+4+8
20=1+1+2+4+5+7
20=1+1+2+4+6+6
20=1+1+2+4+12
20=1+1+2+5+5+6
20=1+1+2+5+11
20=1+1+2+6+10
20=1+1+2+7+9
20=1+1+2+8+8
20=1+1+2+16
20=1+1+3+3+3+3+3+3
20=1+1+3+3+3+3+6
20=1+1+3+3+3+4+5
20=1+1+3+3+3+9
20=1+1+3+3+4+4+4
20=1+1+3+3+4+8
20=1+1+3+3+5+7
20=1+1+3+3+6+6
20=1+1+3+3+12
20=1+1+3+4+4+7
20=1+1+3+4+5+6
20=1+1+3+4+11
20=1+1+3+5+5+5
20=1+1+3+5+10
20=1+1+3+6+9
20=1+1+3+7+8
20=1+1+3+15
20=1+1+4+4+4+6
20=1+1+4+4+5+5
20=1+1+4+4+10
20=1+1+4+5+9
20=1+1+4+6+8
20=1+1+4+7+7
20=1+1+4+14
20=1+1+5+5+8
20=1+1+5+6+7
20=1+1+5+13
20=1+1+6+6+6
20=1+1+6+12
20=1+1+7+11
20=1+1+8+10
20=1+1+9+9
20=1+1+18
20=1+2+2+2+2+2+2+2+2+3
20=1+2+2+2+2+2+2+2+5
20=1+2+2+2+2+2+2+3+4
20=1+2+2+2+2+2+2+7
20=1+2+2+2+2+2+3+3+3
20=1+2+2+2+2+2+3+6
20=1+2+2+2+2+2+4+5
20=1+2+2+2+2+2+9
20=1+2+2+2+2+3+3+5
20=1+2+2+2+2+3+4+4
20=1+2+2+2+2+3+8
20=1+2+2+2+2+4+7
20=1+2+2+2+2+5+6
20=1+2+2+2+2+11
20=1+2+2+2+3+3+3+4
20=1+2+2+2+3+3+7
20=1+2+2+2+3+4+6
20=1+2+2+2+3+5+5
20=1+2+2+2+3+10
20=1+2+2+2+4+4+5
20=1+2+2+2+4+9
20=1+2+2+2+5+8
20=1+2+2+2+6+7
20=1+2+2+2+13
20=1+2+2+3+3+3+3+3
20=1+2+2+3+3+3+6
20=1+2+2+3+3+4+5
20=1+2+2+3+3+9
20=1+2+2+3+4+4+4
20=1+2+2+3+4+8
20=1+2+2+3+5+7
20=1+2+2+3+6+6
20=1+2+2+3+12
20=1+2+2+4+4+7
20=1+2+2+4+5+6
20=1+2+2+4+11
20=1+2+2+5+5+5
20=1+2+2+5+10
20=1+2+2+6+9
20=1+2+2+7+8
20=1+2+2+15
20=1+2+3+3+3+3+5
20=1+2+3+3+3+4+4
20=1+2+3+3+3+8
20=1+2+3+3+4+7
20=1+2+3+3+5+6
20=1+2+3+3+11
20=1+2+3+4+4+6
20=1+2+3+4+5+5
20=1+2+3+4+10
20=1+2+3+5+9
20=1+2+3+6+8
20=1+2+3+7+7
20=1+2+3+14
20=1+2+4+4+4+5
20=1+2+4+4+9
20=1+2+4+5+8
20=1+2+4+6+7
20=1+2+4+13
20=1+2+5+5+7
20=1+2+5+6+6
20=1+2+5+12
20=1+2+6+11
20=1+2+7+10
20=1+2+8+9
20=1+2+17
20=1+3+3+3+3+3+4
20=1+3+3+3+3+7
20=1+3+3+3+4+6
20=1+3+3+3+5+5
20=1+3+3+3+10
20=1+3+3+4+4+5
20=1+3+3+4+9
20=1+3+3+5+8
20=1+3+3+6+7
20=1+3+3+13
20=1+3+4+4+4+4
20=1+3+4+4+8
20=1+3+4+5+7
20=1+3+4+6+6
20=1+3+4+12
20=1+3+5+5+6
20=1+3+5+11
20=1+3+6+10
20=1+3+7+9
20=1+3+8+8
20=1+3+16
20=1+4+4+4+7
20=1+4+4+5+6
20=1+4+4+11
20=1+4+5+5+5
20=1+4+5+10
20=1+4+6+9
20=1+4+7+8
20=1+4+15
20=1+5+5+9
20=1+5+6+8
20=1+5+7+7
20=1+5+14
20=1+6+6+7
20=1+6+13
20=1+7+12
20=1+8+11
20=1+9+10
20=1+19
20=2+2+2+2+2+2+2+2+2+2
20=2+2+2+2+2+2+2+2+4
20=2+2+2+2+2+2+2+3+3
20=2+2+2+2+2+2+2+6
20=2+2+2+2+2+2+3+5
20=2+2+2+2+2+2+4+4
20=2+2+2+2+2+2+8
20=2+2+2+2+2+3+3+4
20=2+2+2+2+2+3+7
20=2+2+2+2+2+4+6
20=2+2+2+2+2+5+5
20=2+2+2+2+2+10
20=2+2+2+2+3+3+3+3
20=2+2+2+2+3+3+6
20=2+2+2+2+3+4+5
20=2+2+2+2+3+9
20=2+2+2+2+4+4+4
20=2+2+2+2+4+8
20=2+2+2+2+5+7
20=2+2+2+2+6+6
20=2+2+2+2+12
20=2+2+2+3+3+3+5
20=2+2+2+3+3+4+4
20=2+2+2+3+3+8
20=2+2+2+3+4+7
20=2+2+2+3+5+6
20=2+2+2+3+11
20=2+2+2+4+4+6
20=2+2+2+4+5+5
20=2+2+2+4+10
20=2+2+2+5+9
20=2+2+2+6+8
20=2+2+2+7+7
20=2+2+2+14
20=2+2+3+3+3+3+4
20=2+2+3+3+3+7
20=2+2+3+3+4+6
20=2+2+3+3+5+5
20=2+2+3+3+10
20=2+2+3+4+4+5
20=2+2+3+4+9
20=2+2+3+5+8
20=2+2+3+6+7
20=2+2+3+13
20=2+2+4+4+4+4
20=2+2+4+4+8
20=2+2+4+5+7
20=2+2+4+6+6
20=2+2+4+12
20=2+2+5+5+6
20=2+2+5+11
20=2+2+6+10
20=2+2+7+9
20=2+2+8+8
20=2+2+16
20=2+3+3+3+3+3+3
20=2+3+3+3+3+6
20=2+3+3+3+4+5
20=2+3+3+3+9
20=2+3+3+4+4+4
20=2+3+3+4+8
20=2+3+3+5+7
20=2+3+3+6+6
20=2+3+3+12
20=2+3+4+4+7
20=2+3+4+5+6
20=2+3+4+11
20=2+3+5+5+5
20=2+3+5+10
20=2+3+6+9
20=2+3+7+8
20=2+3+15
20=2+4+4+4+6
20=2+4+4+5+5
20=2+4+4+10
20=2+4+5+9
20=2+4+6+8
20=2+4+7+7
20=2+4+14
20=2+5+5+8
20=2+5+6+7
20=2+5+13
20=2+6+6+6
20=2+6+12
20=2+7+11
20=2+8+10
20=2+9+9
20=2+18
20=3+3+3+3+3+5
20=3+3+3+3+4+4
20=3+3+3+3+8
20=3+3+3+4+7
20=3+3+3+5+6
20=3+3+3+11
20=3+3+4+4+6
20=3+3+4+5+5
20=3+3+4+10
20=3+3+5+9
20=3+3+6+8
20=3+3+7+7
20=3+3+14
20=3+4+4+4+5
20=3+4+4+9
20=3+4+5+8
20=3+4+6+7
20=3+4+13
20=3+5+5+7
20=3+5+6+6
20=3+5+12
20=3+6+11
20=3+7+10
20=3+8+9
20=3+17
20=4+4+4+4+4
20=4+4+4+8
20=4+4+5+7
20=4+4+6+6
20=4+4+12
20=4+5+5+6
20=4+5+11
20=4+6+10
20=4+7+9
20=4+8+8
20=4+16
20=5+5+5+5
20=5+5+10
20=5+6+9
20=5+7+8
20=5+15
20=6+6+8
20=6+7+7
20=6+14
20=7+13
20=8+12
20=9+11
20=10+10
20=20
