548815620517731830194541.899025343415715973535967221869852721
.00000005148554641076956121994511276767154838481760200726351203835429763013462401
43992025569.928573701266488041146654993318703707511666295476720493953024
29448126.764121021618164430206909037173276672
90429072743629540498.107596019456651774561044010001
1.126825030131969720661201
193.7659030411463935651167391656422626577614411586152317674869233464019922771432158872187137603759765625
155.440374071087980438939349467025786799279742708630302687913279529037070336
73.27074748166035576098592504992517630566311770974745889103249134674167633056640625
99975002999770012649468717709519310815545705768715.426520024799744573673126042964184298069822900531298735002299997000002499999
1215766545905692880100000000000000000000
3556.354719744
21926060883661320.576990332639283158179971774914276001
.0000000000000000000000000000000000000000000000000000000000000000000000000000000000000000000000000001
.0000000002865105309044948309897552475601
2034.100201
4131332103584688909772226.749361349947490782596601853752656706181
2671625275453631624157935787621498779.984968182884025984769729131039695050187674857388517856597900390625
120931118093408635467508963426687142276.019584798245436200601789116511796446745102419691260778903961181640625
5473947060498141884436793229508993495124.026505892579669620239984358906466161917061027324919157087802886962890625
247778213693448392399031445533724590556789.059789227618745360162892005901190819175767401862465645579397678375244140625
415965087556954374914857445037.844914947485197222331514093568
