4697205
5392783
6185689
7089500
8118264
9289091
10619863
12132164
13848650
15796476
18004327
20506255
23338469
26543660
30167357
34262962
38887673
44108109
49995925
56634173
64112359
72533807
82010177
92669720
104651419
118114304
133230930
150198136
169229875
190569292
214481126
241265379
271248950
304801365
342325709
384276336
431149389
483502844
541946240
607163746
679903203
761002156
851376628
952050665
1064144451
1188908248
1327710076
1482074143
1653668665
1844349560
