153
917
569
465
1064
291
290
1037
238
1156
502
251
1372
807
155
44
1744
1513
98
960
460
901
133
511
1126
1116
1193
930
484
940
661
918
952
593
971
428
732
1030
1096
734
903
685
761
551
1138
470
613
937
1206
810
714
1037
265
1166
1071
1519
804
797
335
927
816
820
689
67
704
1036
716
401
984
1096
780
193
8
1098
1031
1191
1778
604
840
1256
1390
895
206
1403
1012
1189
1574
92
790
934
631
896
891
466
1191
472
463
1545
1052
482
