44569
21256
24723
45223
6049
26571
57409
59941
46072
32797
37722
15801
50589
37513
41132
43170
7450
49147
60637
11275
34442
38945
63334
32690
43330
24409
41964
7466
24009
31622
40439
57125
25624
22402
3222
40401
15508
35890
23480
17001
25012
24872
13761
52538
48145
23020
26943
31313
31546
19040
31427
8688
15246
24309
39179
9982
48579
470
22411
24296
19803
9079
27042
56080
26983
30186
48275
31626
41561
26257
29683
13378
47454
62122
36247
26736
24793
10661
18354
53348
31587
39922
23927
47067
20635
48142
35441
41568
9908
52141
32111
38909
17912
38742
39491
42506
50067
27707
6988
14092
