60
2520
360360
26771144400
26771144400
80313433200
144403552893600
9419588158802421600
164249358725037825439200
1182266884102822267511361600
410555180440430163438262940577600
9419588158802421600
410555180440430163438262940577600
69720375229712477164533808935312303556800
27720
219060189739591200
1182266884102822267511361600
8076030954443701744994070304101969600
232792560
2329089562800
718766754945489455304472257065075294400
69720375229712477164533808935312303556800
69720375229712477164533808935312303556800
69720375229712477164533808935312303556800
