sa
saa
saasa

sasa
sasasa
sasasasa
sasasasasa
sasasasasasa
sasasasasasasa
sasasasasasasasa
sasasasasasasasasa
sasasasasasasasasasa
sasasasasasasasasasasa
sasasasasasasasasasasasa

sooooooooooooooooooool

sooooolo
soooooooooolo
sooooooooooloooosooooolo

weiii
weiiii
weiiiii
weiiiiii
weiiiiiii

weiassasaszengdwdwke
weiassasaszengdwdwkewwdwke

aaaaaa
aaaaaaa
aaaaaaaa
aaaaaaaaa
aaaaaaaaaa
aaaaaaaaaaa

abaab

kedejklddebjkdhjkdedj
kedejklddebjkdhjkdedjsdfsadedj

eioiowiiowei
eioiowiioweiowioefiowefuiowoefoewdededwei
eioiowiioweiowioefiowefuiowoefoewdededweieiowei
eioiowiowei
eioiowioweioiowiiowei
eioiowioweioiowiioweiowioefiowefuiowoefoewdededwei
eioiowioweioiowiioweiowioefiowefuiowoefoewdededweieiowei
eioiwei
eioiweiowei
eioiweioweiowei
eioiweioweioweiowei
eioiweioweioweioweioiowiowei
eioiweioweioweioweioiowioweioiowiiowei
eioiweioweioweioweioiowioweioiowiioweiowioefiowefuiowoefoewdededwei
eioiweioweioweioweioiowioweioiowiioweiowioefiowefuiowoefoewdededweieiowei
eiowei
eioweioiowiowei
eioweioiowioweioiowiiowei
eioweioiowioweioiowiioweiowioefiowefuiowoefoewdededwei
eioweioiowioweioiowiioweiowioefiowefuiowoefoewdededweieiowei
eioweiowei
eioweioweioiowiowei
eioweioweioiowioweioiowiiowei
eioweioweioiowioweioiowiioweiowioefiowefuiowoefoewdededwei
eioweioweioiowioweioiowiioweiowioefiowefuiowoefoewdededweieiowei
eioweioweiowei
eioweioweioweioiowiowei
eioweioweioweioiowioweioiowiiowei
eioweioweioweioiowioweioiowiioweiowioefiowefuiowoefoewdededwei
eioweioweioweioiowioweioiowiioweiowioefiowefuiowoefoewdededweieiowei
eiowioefiowefuiowoefoewdededwei
eiowioefiowefuiowoefoewdededweieiowei

ppppppppppppppppppppoooooooooooooooooooooooooopppppppppppppp
ppppppppppppppppppppooooooooooooooooooooooooooppppppppppppppp
ppppppppppppppppppppoooooooooooooooooooooooooopppppppppppppppp
ppppppppppppppppppppooooooooooooooooooooooooooppppppppppppppppp
ppppppppppppppppppppoooooooooooooooooooooooooopppppppppppppppppp
ppppppppppppppppppppooooooooooooooooooooooooooppppppppppppppppppp
ppppppppppppppppppppoooooooooooooooooooooooooopppppppppppppppppppp
ppppppppppppppppppppooooooooooooooooooooooooooppppppppppppppppppppp
ppppppppppppppppppppoooooooooooooooooooooooooopppppppppppppppppppppp
ppppppppppppppppppppooooooooooooooooooooooooooppppppppppppppppppppppp
pppppppppppppppppppppoooooooooooooooooooooooooopppppppppppppp
pppppppppppppppppppppooooooooooooooooooooooooooppppppppppppppp
pppppppppppppppppppppoooooooooooooooooooooooooopppppppppppppppp
pppppppppppppppppppppooooooooooooooooooooooooooppppppppppppppppp
pppppppppppppppppppppoooooooooooooooooooooooooopppppppppppppppppp
pppppppppppppppppppppooooooooooooooooooooooooooppppppppppppppppppp
pppppppppppppppppppppoooooooooooooooooooooooooopppppppppppppppppppp
pppppppppppppppppppppooooooooooooooooooooooooooppppppppppppppppppppp
pppppppppppppppppppppoooooooooooooooooooooooooopppppppppppppppppppppp
pppppppppppppppppppppooooooooooooooooooooooooooppppppppppppppppppppppp
ppppppppppppppppppppppoooooooooooooooooooooooooopppppppppppppp
ppppppppppppppppppppppooooooooooooooooooooooooooppppppppppppppp
ppppppppppppppppppppppoooooooooooooooooooooooooopppppppppppppppp
ppppppppppppppppppppppooooooooooooooooooooooooooppppppppppppppppp
ppppppppppppppppppppppoooooooooooooooooooooooooopppppppppppppppppp
ppppppppppppppppppppppooooooooooooooooooooooooooppppppppppppppppppp
ppppppppppppppppppppppoooooooooooooooooooooooooopppppppppppppppppppp
ppppppppppppppppppppppooooooooooooooooooooooooooppppppppppppppppppppp
ppppppppppppppppppppppoooooooooooooooooooooooooopppppppppppppppppppppp
ppppppppppppppppppppppooooooooooooooooooooooooooppppppppppppppppppppppp
pppppppppppppppppppppppoooooooooooooooooooooooooopppppppppppppp
pppppppppppppppppppppppooooooooooooooooooooooooooppppppppppppppp
pppppppppppppppppppppppoooooooooooooooooooooooooopppppppppppppppp
pppppppppppppppppppppppooooooooooooooooooooooooooppppppppppppppppp
pppppppppppppppppppppppoooooooooooooooooooooooooopppppppppppppppppp
pppppppppppppppppppppppooooooooooooooooooooooooooppppppppppppppppppp
pppppppppppppppppppppppoooooooooooooooooooooooooopppppppppppppppppppp
pppppppppppppppppppppppooooooooooooooooooooooooooppppppppppppppppppppp
pppppppppppppppppppppppoooooooooooooooooooooooooopppppppppppppppppppppp
pppppppppppppppppppppppooooooooooooooooooooooooooppppppppppppppppppppppp
ppppppppppppppppppppppppoooooooooooooooooooooooooopppppppppppppp
ppppppppppppppppppppppppooooooooooooooooooooooooooppppppppppppppp
ppppppppppppppppppppppppoooooooooooooooooooooooooopppppppppppppppp
ppppppppppppppppppppppppooooooooooooooooooooooooooppppppppppppppppp
ppppppppppppppppppppppppoooooooooooooooooooooooooopppppppppppppppppp
ppppppppppppppppppppppppooooooooooooooooooooooooooppppppppppppppppppp
ppppppppppppppppppppppppoooooooooooooooooooooooooopppppppppppppppppppp
ppppppppppppppppppppppppooooooooooooooooooooooooooppppppppppppppppppppp
ppppppppppppppppppppppppoooooooooooooooooooooooooopppppppppppppppppppppp
ppppppppppppppppppppppppooooooooooooooooooooooooooppppppppppppppppppppppp
pppppppppppppppppppppppppoooooooooooooooooooooooooopppppppppppppp
pppppppppppppppppppppppppooooooooooooooooooooooooooppppppppppppppp
pppppppppppppppppppppppppoooooooooooooooooooooooooopppppppppppppppp
pppppppppppppppppppppppppooooooooooooooooooooooooooppppppppppppppppp
pppppppppppppppppppppppppoooooooooooooooooooooooooopppppppppppppppppp
pppppppppppppppppppppppppooooooooooooooooooooooooooppppppppppppppppppp
pppppppppppppppppppppppppoooooooooooooooooooooooooopppppppppppppppppppp
pppppppppppppppppppppppppooooooooooooooooooooooooooppppppppppppppppppppp
pppppppppppppppppppppppppoooooooooooooooooooooooooopppppppppppppppppppppp
pppppppppppppppppppppppppooooooooooooooooooooooooooppppppppppppppppppppppp
ppppppppppppppppppppppppppoooooooooooooooooooooooooopppppppppppppp
ppppppppppppppppppppppppppooooooooooooooooooooooooooppppppppppppppp
ppppppppppppppppppppppppppoooooooooooooooooooooooooopppppppppppppppp
ppppppppppppppppppppppppppooooooooooooooooooooooooooppppppppppppppppp
ppppppppppppppppppppppppppoooooooooooooooooooooooooopppppppppppppppppp
ppppppppppppppppppppppppppooooooooooooooooooooooooooppppppppppppppppppp
ppppppppppppppppppppppppppoooooooooooooooooooooooooopppppppppppppppppppp
ppppppppppppppppppppppppppooooooooooooooooooooooooooppppppppppppppppppppp
ppppppppppppppppppppppppppoooooooooooooooooooooooooopppppppppppppppppppppp
ppppppppppppppppppppppppppooooooooooooooooooooooooooppppppppppppppppppppppp
pppppppppppppppppppppppppppoooooooooooooooooooooooooopppppppppppppp
pppppppppppppppppppppppppppooooooooooooooooooooooooooppppppppppppppp
pppppppppppppppppppppppppppoooooooooooooooooooooooooopppppppppppppppp
pppppppppppppppppppppppppppooooooooooooooooooooooooooppppppppppppppppp
pppppppppppppppppppppppppppoooooooooooooooooooooooooopppppppppppppppppp
pppppppppppppppppppppppppppooooooooooooooooooooooooooppppppppppppppppppp
pppppppppppppppppppppppppppoooooooooooooooooooooooooopppppppppppppppppppp
pppppppppppppppppppppppppppooooooooooooooooooooooooooppppppppppppppppppppp
pppppppppppppppppppppppppppoooooooooooooooooooooooooopppppppppppppppppppppp
pppppppppppppppppppppppppppooooooooooooooooooooooooooppppppppppppppppppppppp
ppppppppppppppppppppppppppppoooooooooooooooooooooooooopppppppppppppp
ppppppppppppppppppppppppppppooooooooooooooooooooooooooppppppppppppppp
ppppppppppppppppppppppppppppoooooooooooooooooooooooooopppppppppppppppp
ppppppppppppppppppppppppppppooooooooooooooooooooooooooppppppppppppppppp
ppppppppppppppppppppppppppppoooooooooooooooooooooooooopppppppppppppppppp
ppppppppppppppppppppppppppppooooooooooooooooooooooooooppppppppppppppppppp
ppppppppppppppppppppppppppppoooooooooooooooooooooooooopppppppppppppppppppp
ppppppppppppppppppppppppppppooooooooooooooooooooooooooppppppppppppppppppppp
ppppppppppppppppppppppppppppoooooooooooooooooooooooooopppppppppppppppppppppp
ppppppppppppppppppppppppppppooooooooooooooooooooooooooppppppppppppppppppppppp
pppppppppppppppppppppppppppppoooooooooooooooooooooooooopppppppppppppp
pppppppppppppppppppppppppppppooooooooooooooooooooooooooppppppppppppppp
pppppppppppppppppppppppppppppoooooooooooooooooooooooooopppppppppppppppp
pppppppppppppppppppppppppppppooooooooooooooooooooooooooppppppppppppppppp
pppppppppppppppppppppppppppppoooooooooooooooooooooooooopppppppppppppppppp
pppppppppppppppppppppppppppppooooooooooooooooooooooooooppppppppppppppppppp
pppppppppppppppppppppppppppppoooooooooooooooooooooooooopppppppppppppppppppp
pppppppppppppppppppppppppppppooooooooooooooooooooooooooppppppppppppppppppppp
pppppppppppppppppppppppppppppoooooooooooooooooooooooooopppppppppppppppppppppp
pppppppppppppppppppppppppppppooooooooooooooooooooooooooppppppppppppppppppppppp
ppppppppppppppppppppppppppppppoooooooooooooooooooooooooopppppppppppppp
ppppppppppppppppppppppppppppppooooooooooooooooooooooooooppppppppppppppp
ppppppppppppppppppppppppppppppoooooooooooooooooooooooooopppppppppppppppp
ppppppppppppppppppppppppppppppooooooooooooooooooooooooooppppppppppppppppp
ppppppppppppppppppppppppppppppoooooooooooooooooooooooooopppppppppppppppppp
ppppppppppppppppppppppppppppppooooooooooooooooooooooooooppppppppppppppppppp
ppppppppppppppppppppppppppppppoooooooooooooooooooooooooopppppppppppppppppppp
ppppppppppppppppppppppppppppppooooooooooooooooooooooooooppppppppppppppppppppp
ppppppppppppppppppppppppppppppoooooooooooooooooooooooooopppppppppppppppppppppp
ppppppppppppppppppppppppppppppooooooooooooooooooooooooooppppppppppppppppppppppp
pppppppppppppppppppppppppppppppoooooooooooooooooooooooooopppppppppppppp
pppppppppppppppppppppppppppppppooooooooooooooooooooooooooppppppppppppppp
pppppppppppppppppppppppppppppppoooooooooooooooooooooooooopppppppppppppppp
pppppppppppppppppppppppppppppppooooooooooooooooooooooooooppppppppppppppppp
pppppppppppppppppppppppppppppppoooooooooooooooooooooooooopppppppppppppppppp
pppppppppppppppppppppppppppppppooooooooooooooooooooooooooppppppppppppppppppp
pppppppppppppppppppppppppppppppoooooooooooooooooooooooooopppppppppppppppppppp
pppppppppppppppppppppppppppppppooooooooooooooooooooooooooppppppppppppppppppppp
pppppppppppppppppppppppppppppppoooooooooooooooooooooooooopppppppppppppppppppppp
pppppppppppppppppppppppppppppppooooooooooooooooooooooooooppppppppppppppppppppppp

ppppppppppppppppppppoooooooooooooooooooooooooopppp
pppppppppppppppppppppoooooooooooooooooooooooooopppp
ppppppppppppppppppppppoooooooooooooooooooooooooopppp
pppppppppppppppppppppppoooooooooooooooooooooooooopppp
ppppppppppppppppppppppppoooooooooooooooooooooooooopppp
pppppppppppppppppppppppppoooooooooooooooooooooooooopppp
ppppppppppppppppppppppppppoooooooooooooooooooooooooopppp
pppppppppppppppppppppppppppoooooooooooooooooooooooooopppp
ppppppppppppppppppppppppppppoooooooooooooooooooooooooopppp
pppppppppppppppppppppppppppppoooooooooooooooooooooooooopppp
ppppppppppppppppppppppppppppppoooooooooooooooooooooooooopppp
pppppppppppppppppppppppppppppppoooooooooooooooooooooooooopppp

bjklaeaeb

no substring

no substring

iiiiooosol
iiiooosol

wwelo

welo
wwelo

wel
wwel

no substring

