eioiowiiowei
eioiowiioweiowioefiowefuiowoefoewdededwei
eioiowiioweiowioefiowefuiowoefoewdededweieiowei
eioiowiowei
eioiowioweioiowiiowei
eioiowioweioiowiioweiowioefiowefuiowoefoewdededwei
eioiowioweioiowiioweiowioefiowefuiowoefoewdededweieiowei
eioiwei
eioiweiowei
eioiweioweiowei
eioiweioweioweiowei
eioiweioweioweioweioiowiowei
eioiweioweioweioweioiowioweioiowiiowei
eioiweioweioweioweioiowioweioiowiioweiowioefiowefuiowoefoewdededwei
eioiweioweioweioweioiowioweioiowiioweiowioefiowefuiowoefoewdededweieiowei
eiowei
eioweioiowiowei
eioweioiowioweioiowiiowei
eioweioiowioweioiowiioweiowioefiowefuiowoefoewdededwei
eioweioiowioweioiowiioweiowioefiowefuiowoefoewdededweieiowei
eioweiowei
eioweioweioiowiowei
eioweioweioiowioweioiowiiowei
eioweioweioiowioweioiowiioweiowioefiowefuiowoefoewdededwei
eioweioweioiowioweioiowiioweiowioefiowefuiowoefoewdededweieiowei
eioweioweiowei
eioweioweioweioiowiowei
eioweioweioweioiowioweioiowiiowei
eioweioweioweioiowioweioiowiioweiowioefiowefuiowoefoewdededwei
eioweioweioweioiowioweioiowiioweiowioefiowefuiowoefoewdededweieiowei
eiowioefiowefuiowoefoewdededwei
eiowioefiowefuiowoefoewdededweieiowei
