1022 1041 1060 1079 1098 1117 1136 1155 1 20 39 58 77 96 115 134 153 733 752 771 790 809 828 847 866 579 598 328 347 366 385 404 423 442
1040 1059 1078 1097 1116 1135 1154 884 19 38 57 76 95 114 133 152 154 751 770 789 808 827 846 865 595 597 616 346 365 384 403 422 441 443
1058 1077 1096 1115 1134 1153 883 885 37 56 75 94 113 132 151 170 172 769 788 807 826 845 864 594 596 615 634 364 383 402 421 440 459 461
1076 1095 1114 1133 1152 882 901 903 55 74 93 112 131 150 169 171 190 787 806 825 844 863 593 612 614 633 652 382 401 420 439 458 460 479
1094 1113 1132 1151 881 900 902 921 73 92 111 130 149 168 187 189 208 805 824 843 862 592 611 613 632 651 670 400 419 438 457 476 478 497
1112 1131 1150 880 899 918 920 939 91 110 129 148 167 186 188 207 226 823 842 861 591 610 629 631 650 669 688 418 437 456 475 477 496 515
1130 1149 879 898 917 919 938 957 109 128 147 166 185 204 206 225 244 841 860 590 609 628 630 649 668 687 706 436 455 474 493 495 514 533
1148 878 897 916 935 937 956 975 127 146 165 184 203 205 224 243 262 859 589 608 627 646 648 667 686 705 724 454 473 492 494 513 532 551
10 896 915 934 936 955 974 993 1012 164 183 202 221 223 242 261 280 588 607 626 645 647 666 685 704 723 742 472 491 510 512 531 550 569
895 914 933 952 954 973 992 1011 163 182 201 220 222 241 260 279 9 606 625 644 663 665 684 703 722 741 760 490 509 511 530 549 568 298
913 932 951 953 972 991 1010 1029 181 200 219 238 240 259 278 8 27 624 643 662 664 683 702 721 740 759 778 508 527 529 548 567 297 316
931 950 969 971 990 1009 1028 1047 199 218 237 239 258 277 7 26 45 642 661 680 682 701 720 739 758 777 796 526 528 547 566 296 315 334
949 968 970 989 1008 1027 1046 1065 217 236 255 257 276 6 25 44 63 660 679 681 700 719 738 757 776 795 814 544 546 565 295 314 333 352
967 986 988 1007 1026 1045 1064 1083 235 254 256 275 5 24 43 62 81 678 697 699 718 737 756 775 794 813 832 545 564 294 313 332 351 370
985 987 1006 1025 1044 1063 1082 1101 253 272 274 4 23 42 61 80 99 696 698 717 736 755 774 793 812 831 850 563 293 312 331 350 369 388
1003 1005 1024 1043 1062 1081 1100 1119 271 273 3 22 41 60 79 98 117 714 716 735 754 773 792 811 830 849 851 292 311 330 349 368 387 406
1004 1023 1042 1061 1080 1099 1118 1137 289 2 21 40 59 78 97 116 135 715 734 753 772 791 810 829 848 867 580 310 329 348 367 386 405 424
155 174 193 212 231 250 269 288 868 887 906 925 944 963 982 1001 1020 444 463 482 501 520 539 558 577 290 309 617 636 655 674 693 712 731
173 192 211 230 249 268 287 17 886 905 924 943 962 981 1000 1019 1021 462 481 500 519 538 557 576 306 308 327 635 654 673 692 711 730 732
191 210 229 248 267 286 16 18 904 923 942 961 980 999 1018 1037 1039 480 499 518 537 556 575 305 307 326 345 653 672 691 710 729 748 750
209 228 247 266 285 15 34 36 922 941 960 979 998 1017 1036 1038 1057 498 517 536 555 574 304 323 325 344 363 671 690 709 728 747 749 768
227 246 265 284 14 33 35 54 940 959 978 997 1016 1035 1054 1056 1075 516 535 554 573 303 322 324 343 362 381 689 708 727 746 765 767 786
245 264 283 13 32 51 53 72 958 977 996 1015 1034 1053 1055 1074 1093 534 553 572 302 321 340 342 361 380 399 707 726 745 764 766 785 804
263 282 12 31 50 52 71 90 976 995 1014 1033 1052 1071 1073 1092 1111 552 571 301 320 339 341 360 379 398 417 725 744 763 782 784 803 822
281 11 30 49 68 70 89 108 994 1013 1032 1051 1070 1072 1091 1110 1129 570 300 319 338 357 359 378 397 416 435 743 762 781 783 802 821 840
877 29 48 67 69 88 107 126 145 1031 1050 1069 1088 1090 1109 1128 1147 299 318 337 356 358 377 396 415 434 453 761 780 799 801 820 839 858
28 47 66 85 87 106 125 144 1030 1049 1068 1087 1089 1108 1127 1146 876 317 336 355 374 376 395 414 433 452 471 779 798 800 819 838 857 587
46 65 84 86 105 124 143 162 1048 1067 1086 1105 1107 1126 1145 875 894 335 354 373 375 394 413 432 451 470 489 797 816 818 837 856 586 605
64 83 102 104 123 142 161 180 1066 1085 1104 1106 1125 1144 874 893 912 353 372 391 393 412 431 450 469 488 507 815 817 836 855 585 604 623
82 101 103 122 141 160 179 198 1084 1103 1122 1124 1143 873 892 911 930 371 390 392 411 430 449 468 487 506 525 833 835 854 584 603 622 641
100 119 121 140 159 178 197 216 1102 1121 1123 1142 872 891 910 929 948 389 408 410 429 448 467 486 505 524 543 834 853 583 602 621 640 659
118 120 139 158 177 196 215 234 1120 1139 1141 871 890 909 928 947 966 407 409 428 447 466 485 504 523 542 561 852 582 601 620 639 658 677
136 138 157 176 195 214 233 252 1138 1140 870 889 908 927 946 965 984 425 427 446 465 484 503 522 541 560 562 581 600 619 638 657 676 695
137 156 175 194 213 232 251 270 1156 869 888 907 926 945 964 983 1002 426 445 464 483 502 521 540 559 578 291 599 618 637 656 675 694 713
632 669 706 743 780 817 854 891 928 965 1002 1039 1076 1113 1150 1187 1224 1 38 75 112 149 186 223 260 297 334 371 408 445 482 519 556 593 630
668 705 742 779 816 853 890 927 964 1001 1038 1075 1112 1149 1186 1223 35 37 74 111 148 185 222 259 296 333 370 407 444 481 518 555 592 629 631
704 741 778 815 852 889 926 963 1000 1037 1074 1111 1148 1185 1222 34 36 73 110 147 184 221 258 295 332 369 406 443 480 517 554 591 628 665 667
740 777 814 851 888 925 962 999 1036 1073 1110 1147 1184 1221 33 70 72 109 146 183 220 257 294 331 368 405 442 479 516 553 590 627 664 666 703
776 813 850 887 924 961 998 1035 1072 1109 1146 1183 1220 32 69 71 108 145 182 219 256 293 330 367 404 441 478 515 552 589 626 663 700 702 739
812 849 886 923 960 997 1034 1071 1108 1145 1182 1219 31 68 105 107 144 181 218 255 292 329 366 403 440 477 514 551 588 625 662 699 701 738 775
848 885 922 959 996 1033 1070 1107 1144 1181 1218 30 67 104 106 143 180 217 254 291 328 365 402 439 476 513 550 587 624 661 698 735 737 774 811
884 921 958 995 1032 1069 1106 1143 1180 1217 29 66 103 140 142 179 216 253 290 327 364 401 438 475 512 549 586 623 660 697 734 736 773 810 847
920 957 994 1031 1068 1105 1142 1179 1216 28 65 102 139 141 178 215 252 289 326 363 400 437 474 511 548 585 622 659 696 733 770 772 809 846 883
956 993 1030 1067 1104 1141 1178 1215 27 64 101 138 175 177 214 251 288 325 362 399 436 473 510 547 584 621 658 695 732 769 771 808 845 882 919
992 1029 1066 1103 1140 1177 1214 26 63 100 137 174 176 213 250 287 324 361 398 435 472 509 546 583 620 657 694 731 768 805 807 844 881 918 955
1028 1065 1102 1139 1176 1213 25 62 99 136 173 210 212 249 286 323 360 397 434 471 508 545 582 619 656 693 730 767 804 806 843 880 917 954 991
1064 1101 1138 1175 1212 24 61 98 135 172 209 211 248 285 322 359 396 433 470 507 544 581 618 655 692 729 766 803 840 842 879 916 953 990 1027
1100 1137 1174 1211 23 60 97 134 171 208 245 247 284 321 358 395 432 469 506 543 580 617 654 691 728 765 802 839 841 878 915 952 989 1026 1063
1136 1173 1210 22 59 96 133 170 207 244 246 283 320 357 394 431 468 505 542 579 616 653 690 727 764 801 838 875 877 914 951 988 1025 1062 1099
1172 1209 21 58 95 132 169 206 243 280 282 319 356 393 430 467 504 541 578 615 652 689 726 763 800 837 874 876 913 950 987 1024 1061 1098 1135
1208 20 57 94 131 168 205 242 279 281 318 355 392 429 466 503 540 577 614 651 688 725 762 799 836 873 910 912 949 986 1023 1060 1097 1134 1171
19 56 93 130 167 204 241 278 315 317 354 391 428 465 502 539 576 613 650 687 724 761 798 835 872 909 911 948 985 1022 1059 1096 1133 1170 1207
55 92 129 166 203 240 277 314 316 353 390 427 464 501 538 575 612 649 686 723 760 797 834 871 908 945 947 984 1021 1058 1095 1132 1169 1206 18
91 128 165 202 239 276 313 350 352 389 426 463 500 537 574 611 648 685 722 759 796 833 870 907 944 946 983 1020 1057 1094 1131 1168 1205 17 54
127 164 201 238 275 312 349 351 388 425 462 499 536 573 610 647 684 721 758 795 832 869 906 943 980 982 1019 1056 1093 1130 1167 1204 16 53 90
163 200 237 274 311 348 385 387 424 461 498 535 572 609 646 683 720 757 794 831 868 905 942 979 981 1018 1055 1092 1129 1166 1203 15 52 89 126
199 236 273 310 347 384 386 423 460 497 534 571 608 645 682 719 756 793 830 867 904 941 978 1015 1017 1054 1091 1128 1165 1202 14 51 88 125 162
235 272 309 346 383 420 422 459 496 533 570 607 644 681 718 755 792 829 866 903 940 977 1014 1016 1053 1090 1127 1164 1201 13 50 87 124 161 198
271 308 345 382 419 421 458 495 532 569 606 643 680 717 754 791 828 865 902 939 976 1013 1050 1052 1089 1126 1163 1200 12 49 86 123 160 197 234
307 344 381 418 455 457 494 531 568 605 642 679 716 753 790 827 864 901 938 975 1012 1049 1051 1088 1125 1162 1199 11 48 85 122 159 196 233 270
343 380 417 454 456 493 530 567 604 641 678 715 752 789 826 863 900 937 974 1011 1048 1085 1087 1124 1161 1198 10 47 84 121 158 195 232 269 306
379 416 453 490 492 529 566 603 640 677 714 751 788 825 862 899 936 973 1010 1047 1084 1086 1123 1160 1197 9 46 83 120 157 194 231 268 305 342
415 452 489 491 528 565 602 639 676 713 750 787 824 861 898 935 972 1009 1046 1083 1120 1122 1159 1196 8 45 82 119 156 193 230 267 304 341 378
451 488 525 527 564 601 638 675 712 749 786 823 860 897 934 971 1008 1045 1082 1119 1121 1158 1195 7 44 81 118 155 192 229 266 303 340 377 414
487 524 526 563 600 637 674 711 748 785 822 859 896 933 970 1007 1044 1081 1118 1155 1157 1194 6 43 80 117 154 191 228 265 302 339 376 413 450
523 560 562 599 636 673 710 747 784 821 858 895 932 969 1006 1043 1080 1117 1154 1156 1193 5 42 79 116 153 190 227 264 301 338 375 412 449 486
559 561 598 635 672 709 746 783 820 857 894 931 968 1005 1042 1079 1116 1153 1190 1192 4 41 78 115 152 189 226 263 300 337 374 411 448 485 522
595 597 634 671 708 745 782 819 856 893 930 967 1004 1041 1078 1115 1152 1189 1191 3 40 77 114 151 188 225 262 299 336 373 410 447 484 521 558
596 633 670 707 744 781 818 855 892 929 966 1003 1040 1077 1114 1151 1188 1225 2 39 76 113 150 187 224 261 298 335 372 409 446 483 520 557 594
1296 2 3 1293 1292 6 7 1289 1288 10 11 1285 1284 14 15 1281 1280 18 19 1277 1276 22 23 1273 1272 26 27 1269 1268 30 31 1265 1264 34 35 1261
37 1259 1258 40 41 1255 1254 44 45 1251 1250 48 49 1247 1246 52 53 1243 1242 56 57 1239 1238 60 61 1235 1234 64 65 1231 1230 68 69 1227 1226 72
73 1223 1222 76 77 1219 1218 80 81 1215 1214 84 85 1211 1210 88 89 1207 1206 92 93 1203 1202 96 97 1199 1198 100 101 1195 1194 104 105 1191 1190 108
1188 110 111 1185 1184 114 115 1181 1180 118 119 1177 1176 122 123 1173 1172 126 127 1169 1168 130 131 1165 1164 134 135 1161 1160 138 139 1157 1156 142 143 1153
1152 146 147 1149 1148 150 151 1145 1144 154 155 1141 1140 158 159 1137 1136 162 163 1133 1132 166 167 1129 1128 170 171 1125 1124 174 175 1121 1120 178 179 1117
181 1115 1114 184 185 1111 1110 188 189 1107 1106 192 193 1103 1102 196 197 1099 1098 200 201 1095 1094 204 205 1091 1090 208 209 1087 1086 212 213 1083 1082 216
217 1079 1078 220 221 1075 1074 224 225 1071 1070 228 229 1067 1066 232 233 1063 1062 236 237 1059 1058 240 241 1055 1054 244 245 1051 1050 248 249 1047 1046 252
1044 254 255 1041 1040 258 259 1037 1036 262 263 1033 1032 266 267 1029 1028 270 271 1025 1024 274 275 1021 1020 278 279 1017 1016 282 283 1013 1012 286 287 1009
1008 290 291 1005 1004 294 295 1001 1000 298 299 997 996 302 303 993 992 306 307 989 988 310 311 985 984 314 315 981 980 318 319 977 976 322 323 973
325 971 970 328 329 967 966 332 333 963 962 336 337 959 958 340 341 955 954 344 345 951 950 348 349 947 946 352 353 943 942 356 357 939 938 360
361 935 934 364 365 931 930 368 369 927 926 372 373 923 922 376 377 919 918 380 381 915 914 384 385 911 910 388 389 907 906 392 393 903 902 396
900 398 399 897 896 402 403 893 892 406 407 889 888 410 411 885 884 414 415 881 880 418 419 877 876 422 423 873 872 426 427 869 868 430 431 865
864 434 435 861 860 438 439 857 856 442 443 853 852 446 447 849 848 450 451 845 844 454 455 841 840 458 459 837 836 462 463 833 832 466 467 829
469 827 826 472 473 823 822 476 477 819 818 480 481 815 814 484 485 811 810 488 489 807 806 492 493 803 802 496 497 799 798 500 501 795 794 504
505 791 790 508 509 787 786 512 513 783 782 516 517 779 778 520 521 775 774 524 525 771 770 528 529 767 766 532 533 763 762 536 537 759 758 540
756 542 543 753 752 546 547 749 748 550 551 745 744 554 555 741 740 558 559 737 736 562 563 733 732 566 567 729 728 570 571 725 724 574 575 721
720 578 579 717 716 582 583 713 712 586 587 709 708 590 591 705 704 594 595 701 700 598 599 697 696 602 603 693 692 606 607 689 688 610 611 685
613 683 682 616 617 679 678 620 621 675 674 624 625 671 670 628 629 667 666 632 633 663 662 636 637 659 658 640 641 655 654 644 645 651 650 648
649 647 646 652 653 643 642 656 657 639 638 660 661 635 634 664 665 631 630 668 669 627 626 672 673 623 622 676 677 619 618 680 681 615 614 684
612 686 687 609 608 690 691 605 604 694 695 601 600 698 699 597 596 702 703 593 592 706 707 589 588 710 711 585 584 714 715 581 580 718 719 577
576 722 723 573 572 726 727 569 568 730 731 565 564 734 735 561 560 738 739 557 556 742 743 553 552 746 747 549 548 750 751 545 544 754 755 541
757 539 538 760 761 535 534 764 765 531 530 768 769 527 526 772 773 523 522 776 777 519 518 780 781 515 514 784 785 511 510 788 789 507 506 792
793 503 502 796 797 499 498 800 801 495 494 804 805 491 490 808 809 487 486 812 813 483 482 816 817 479 478 820 821 475 474 824 825 471 470 828
468 830 831 465 464 834 835 461 460 838 839 457 456 842 843 453 452 846 847 449 448 850 851 445 444 854 855 441 440 858 859 437 436 862 863 433
432 866 867 429 428 870 871 425 424 874 875 421 420 878 879 417 416 882 883 413 412 886 887 409 408 890 891 405 404 894 895 401 400 898 899 397
901 395 394 904 905 391 390 908 909 387 386 912 913 383 382 916 917 379 378 920 921 375 374 924 925 371 370 928 929 367 366 932 933 363 362 936
937 359 358 940 941 355 354 944 945 351 350 948 949 347 346 952 953 343 342 956 957 339 338 960 961 335 334 964 965 331 330 968 969 327 326 972
324 974 975 321 320 978 979 317 316 982 983 313 312 986 987 309 308 990 991 305 304 994 995 301 300 998 999 297 296 1002 1003 293 292 1006 1007 289
288 1010 1011 285 284 1014 1015 281 280 1018 1019 277 276 1022 1023 273 272 1026 1027 269 268 1030 1031 265 264 1034 1035 261 260 1038 1039 257 256 1042 1043 253
1045 251 250 1048 1049 247 246 1052 1053 243 242 1056 1057 239 238 1060 1061 235 234 1064 1065 231 230 1068 1069 227 226 1072 1073 223 222 1076 1077 219 218 1080
1081 215 214 1084 1085 211 210 1088 1089 207 206 1092 1093 203 202 1096 1097 199 198 1100 1101 195 194 1104 1105 191 190 1108 1109 187 186 1112 1113 183 182 1116
180 1118 1119 177 176 1122 1123 173 172 1126 1127 169 168 1130 1131 165 164 1134 1135 161 160 1138 1139 157 156 1142 1143 153 152 1146 1147 149 148 1150 1151 145
144 1154 1155 141 140 1158 1159 137 136 1162 1163 133 132 1166 1167 129 128 1170 1171 125 124 1174 1175 121 120 1178 1179 117 116 1182 1183 113 112 1186 1187 109
1189 107 106 1192 1193 103 102 1196 1197 99 98 1200 1201 95 94 1204 1205 91 90 1208 1209 87 86 1212 1213 83 82 1216 1217 79 78 1220 1221 75 74 1224
1225 71 70 1228 1229 67 66 1232 1233 63 62 1236 1237 59 58 1240 1241 55 54 1244 1245 51 50 1248 1249 47 46 1252 1253 43 42 1256 1257 39 38 1260
36 1262 1263 33 32 1266 1267 29 28 1270 1271 25 24 1274 1275 21 20 1278 1279 17 16 1282 1283 13 12 1286 1287 9 8 1290 1291 5 4 1294 1295 1
705 744 783 822 861 900 939 978 1017 1056 1095 1134 1173 1212 1251 1290 1329 1368 1 40 79 118 157 196 235 274 313 352 391 430 469 508 547 586 625 664 703
743 782 821 860 899 938 977 1016 1055 1094 1133 1172 1211 1250 1289 1328 1367 37 39 78 117 156 195 234 273 312 351 390 429 468 507 546 585 624 663 702 704
781 820 859 898 937 976 1015 1054 1093 1132 1171 1210 1249 1288 1327 1366 36 38 77 116 155 194 233 272 311 350 389 428 467 506 545 584 623 662 701 740 742
819 858 897 936 975 1014 1053 1092 1131 1170 1209 1248 1287 1326 1365 35 74 76 115 154 193 232 271 310 349 388 427 466 505 544 583 622 661 700 739 741 780
857 896 935 974 1013 1052 1091 1130 1169 1208 1247 1286 1325 1364 34 73 75 114 153 192 231 270 309 348 387 426 465 504 543 582 621 660 699 738 777 779 818
895 934 973 1012 1051 1090 1129 1168 1207 1246 1285 1324 1363 33 72 111 113 152 191 230 269 308 347 386 425 464 503 542 581 620 659 698 737 776 778 817 856
933 972 1011 1050 1089 1128 1167 1206 1245 1284 1323 1362 32 71 110 112 151 190 229 268 307 346 385 424 463 502 541 580 619 658 697 736 775 814 816 855 894
971 1010 1049 1088 1127 1166 1205 1244 1283 1322 1361 31 70 109 148 150 189 228 267 306 345 384 423 462 501 540 579 618 657 696 735 774 813 815 854 893 932
1009 1048 1087 1126 1165 1204 1243 1282 1321 1360 30 69 108 147 149 188 227 266 305 344 383 422 461 500 539 578 617 656 695 734 773 812 851 853 892 931 970
1047 1086 1125 1164 1203 1242 1281 1320 1359 29 68 107 146 185 187 226 265 304 343 382 421 460 499 538 577 616 655 694 733 772 811 850 852 891 930 969 1008
1085 1124 1163 1202 1241 1280 1319 1358 28 67 106 145 184 186 225 264 303 342 381 420 459 498 537 576 615 654 693 732 771 810 849 888 890 929 968 1007 1046
1123 1162 1201 1240 1279 1318 1357 27 66 105 144 183 222 224 263 302 341 380 419 458 497 536 575 614 653 692 731 770 809 848 887 889 928 967 1006 1045 1084
1161 1200 1239 1278 1317 1356 26 65 104 143 182 221 223 262 301 340 379 418 457 496 535 574 613 652 691 730 769 808 847 886 925 927 966 1005 1044 1083 1122
1199 1238 1277 1316 1355 25 64 103 142 181 220 259 261 300 339 378 417 456 495 534 573 612 651 690 729 768 807 846 885 924 926 965 1004 1043 1082 1121 1160
1237 1276 1315 1354 24 63 102 141 180 219 258 260 299 338 377 416 455 494 533 572 611 650 689 728 767 806 845 884 923 962 964 1003 1042 1081 1120 1159 1198
1275 1314 1353 23 62 101 140 179 218 257 296 298 337 376 415 454 493 532 571 610 649 688 727 766 805 844 883 922 961 963 1002 1041 1080 1119 1158 1197 1236
1313 1352 22 61 100 139 178 217 256 295 297 336 375 414 453 492 531 570 609 648 687 726 765 804 843 882 921 960 999 1001 1040 1079 1118 1157 1196 1235 1274
1351 21 60 99 138 177 216 255 294 333 335 374 413 452 491 530 569 608 647 686 725 764 803 842 881 920 959 998 1000 1039 1078 1117 1156 1195 1234 1273 1312
20 59 98 137 176 215 254 293 332 334 373 412 451 490 529 568 607 646 685 724 763 802 841 880 919 958 997 1036 1038 1077 1116 1155 1194 1233 1272 1311 1350
58 97 136 175 214 253 292 331 370 372 411 450 489 528 567 606 645 684 723 762 801 840 879 918 957 996 1035 1037 1076 1115 1154 1193 1232 1271 1310 1349 19
96 135 174 213 252 291 330 369 371 410 449 488 527 566 605 644 683 722 761 800 839 878 917 956 995 1034 1073 1075 1114 1153 1192 1231 1270 1309 1348 18 57
134 173 212 251 290 329 368 407 409 448 487 526 565 604 643 682 721 760 799 838 877 916 955 994 1033 1072 1074 1113 1152 1191 1230 1269 1308 1347 17 56 95
172 211 250 289 328 367 406 408 447 486 525 564 603 642 681 720 759 798 837 876 915 954 993 1032 1071 1110 1112 1151 1190 1229 1268 1307 1346 16 55 94 133
210 249 288 327 366 405 444 446 485 524 563 602 641 680 719 758 797 836 875 914 953 992 1031 1070 1109 1111 1150 1189 1228 1267 1306 1345 15 54 93 132 171
248 287 326 365 404 443 445 484 523 562 601 640 679 718 757 796 835 874 913 952 991 1030 1069 1108 1147 1149 1188 1227 1266 1305 1344 14 53 92 131 170 209
286 325 364 403 442 481 483 522 561 600 639 678 717 756 795 834 873 912 951 990 1029 1068 1107 1146 1148 1187 1226 1265 1304 1343 13 52 91 130 169 208 247
324 363 402 441 480 482 521 560 599 638 677 716 755 794 833 872 911 950 989 1028 1067 1106 1145 1184 1186 1225 1264 1303 1342 12 51 90 129 168 207 246 285
362 401 440 479 518 520 559 598 637 676 715 754 793 832 871 910 949 988 1027 1066 1105 1144 1183 1185 1224 1263 1302 1341 11 50 89 128 167 206 245 284 323
400 439 478 517 519 558 597 636 675 714 753 792 831 870 909 948 987 1026 1065 1104 1143 1182 1221 1223 1262 1301 1340 10 49 88 127 166 205 244 283 322 361
438 477 516 555 557 596 635 674 713 752 791 830 869 908 947 986 1025 1064 1103 1142 1181 1220 1222 1261 1300 1339 9 48 87 126 165 204 243 282 321 360 399
476 515 554 556 595 634 673 712 751 790 829 868 907 946 985 1024 1063 1102 1141 1180 1219 1258 1260 1299 1338 8 47 86 125 164 203 242 281 320 359 398 437
514 553 592 594 633 672 711 750 789 828 867 906 945 984 1023 1062 1101 1140 1179 1218 1257 1259 1298 1337 7 46 85 124 163 202 241 280 319 358 397 436 475
552 591 593 632 671 710 749 788 827 866 905 944 983 1022 1061 1100 1139 1178 1217 1256 1295 1297 1336 6 45 84 123 162 201 240 279 318 357 396 435 474 513
590 629 631 670 709 748 787 826 865 904 943 982 1021 1060 1099 1138 1177 1216 1255 1294 1296 1335 5 44 83 122 161 200 239 278 317 356 395 434 473 512 551
628 630 669 708 747 786 825 864 903 942 981 1020 1059 1098 1137 1176 1215 1254 1293 1332 1334 4 43 82 121 160 199 238 277 316 355 394 433 472 511 550 589
666 668 707 746 785 824 863 902 941 980 1019 1058 1097 1136 1175 1214 1253 1292 1331 1333 3 42 81 120 159 198 237 276 315 354 393 432 471 510 549 588 627
667 706 745 784 823 862 901 940 979 1018 1057 1096 1135 1174 1213 1252 1291 1330 1369 2 41 80 119 158 197 236 275 314 353 392 431 470 509 548 587 626 665
1275 1296 1317 1338 1359 1380 1401 1422 1443 1 22 43 64 85 106 127 148 169 190 914 935 956 977 998 1019 1040 1061 1082 723 744 404 425 446 467 488 509 530 551
1295 1316 1337 1358 1379 1400 1421 1442 1102 21 42 63 84 105 126 147 168 189 191 934 955 976 997 1018 1039 1060 1081 741 743 764 424 445 466 487 508 529 550 552
1315 1336 1357 1378 1399 1420 1441 1101 1103 41 62 83 104 125 146 167 188 209 211 954 975 996 1017 1038 1059 1080 740 742 763 784 444 465 486 507 528 549 570 572
1335 1356 1377 1398 1419 1440 1100 1121 1123 61 82 103 124 145 166 187 208 210 231 974 995 1016 1037 1058 1079 739 760 762 783 804 464 485 506 527 548 569 571 592
1355 1376 1397 1418 1439 1099 1120 1122 1143 81 102 123 144 165 186 207 228 230 251 994 1015 1036 1057 1078 738 759 761 782 803 824 484 505 526 547 568 589 591 612
1375 1396 1417 1438 1098 1119 1140 1142 1163 101 122 143 164 185 206 227 229 250 271 1014 1035 1056 1077 737 758 779 781 802 823 844 504 525 546 567 588 590 611 632
1395 1416 1437 1097 1118 1139 1141 1162 1183 121 142 163 184 205 226 247 249 270 291 1034 1055 1076 736 757 778 780 801 822 843 864 524 545 566 587 608 610 631 652
1415 1436 1096 1117 1138 1159 1161 1182 1203 141 162 183 204 225 246 248 269 290 311 1054 1075 735 756 777 798 800 821 842 863 884 544 565 586 607 609 630 651 672
1435 1095 1116 1137 1158 1160 1181 1202 1223 161 182 203 224 245 266 268 289 310 331 1074 734 755 776 797 799 820 841 862 883 904 564 585 606 627 629 650 671 692
11 1115 1136 1157 1178 1180 1201 1222 1243 1264 202 223 244 265 267 288 309 330 351 733 754 775 796 817 819 840 861 882 903 924 584 605 626 628 649 670 691 712
1114 1135 1156 1177 1179 1200 1221 1242 1263 201 222 243 264 285 287 308 329 350 10 753 774 795 816 818 839 860 881 902 923 944 604 625 646 648 669 690 711 371
1134 1155 1176 1197 1199 1220 1241 1262 1283 221 242 263 284 286 307 328 349 9 30 773 794 815 836 838 859 880 901 922 943 964 624 645 647 668 689 710 370 391
1154 1175 1196 1198 1219 1240 1261 1282 1303 241 262 283 304 306 327 348 8 29 50 793 814 835 837 858 879 900 921 942 963 984 644 665 667 688 709 369 390 411
1174 1195 1216 1218 1239 1260 1281 1302 1323 261 282 303 305 326 347 7 28 49 70 813 834 855 857 878 899 920 941 962 983 1004 664 666 687 708 368 389 410 431
1194 1215 1217 1238 1259 1280 1301 1322 1343 281 302 323 325 346 6 27 48 69 90 833 854 856 877 898 919 940 961 982 1003 1024 684 686 707 367 388 409 430 451
1214 1235 1237 1258 1279 1300 1321 1342 1363 301 322 324 345 5 26 47 68 89 110 853 874 876 897 918 939 960 981 1002 1023 1044 685 706 366 387 408 429 450 471
1234 1236 1257 1278 1299 1320 1341 1362 1383 321 342 344 4 25 46 67 88 109 130 873 875 896 917 938 959 980 1001 1022 1043 1064 705 365 386 407 428 449 470 491
1254 1256 1277 1298 1319 1340 1361 1382 1403 341 343 3 24 45 66 87 108 129 150 893 895 916 937 958 979 1000 1021 1042 1063 1065 364 385 406 427 448 469 490 511
1255 1276 1297 1318 1339 1360 1381 1402 1423 361 2 23 44 65 86 107 128 149 170 894 915 936 957 978 999 1020 1041 1062 1083 724 384 405 426 447 468 489 510 531
192 213 234 255 276 297 318 339 360 1084 1105 1126 1147 1168 1189 1210 1231 1252 1273 553 574 595 616 637 658 679 700 721 362 383 765 786 807 828 849 870 891 912
212 233 254 275 296 317 338 359 19 1104 1125 1146 1167 1188 1209 1230 1251 1272 1274 573 594 615 636 657 678 699 720 380 382 403 785 806 827 848 869 890 911 913
232 253 274 295 316 337 358 18 20 1124 1145 1166 1187 1208 1229 1250 1271 1292 1294 593 614 635 656 677 698 719 379 381 402 423 805 826 847 868 889 910 931 933
252 273 294 315 336 357 17 38 40 1144 1165 1186 1207 1228 1249 1270 1291 1293 1314 613 634 655 676 697 718 378 399 401 422 443 825 846 867 888 909 930 932 953
272 293 314 335 356 16 37 39 60 1164 1185 1206 1227 1248 1269 1290 1311 1313 1334 633 654 675 696 717 377 398 400 421 442 463 845 866 887 908 929 950 952 973
292 313 334 355 15 36 57 59 80 1184 1205 1226 1247 1268 1289 1310 1312 1333 1354 653 674 695 716 376 397 418 420 441 462 483 865 886 907 928 949 951 972 993
312 333 354 14 35 56 58 79 100 1204 1225 1246 1267 1288 1309 1330 1332 1353 1374 673 694 715 375 396 417 419 440 461 482 503 885 906 927 948 969 971 992 1013
332 353 13 34 55 76 78 99 120 1224 1245 1266 1287 1308 1329 1331 1352 1373 1394 693 714 374 395 416 437 439 460 481 502 523 905 926 947 968 970 991 1012 1033
352 12 33 54 75 77 98 119 140 1244 1265 1286 1307 1328 1349 1351 1372 1393 1414 713 373 394 415 436 438 459 480 501 522 543 925 946 967 988 990 1011 1032 1053
1094 32 53 74 95 97 118 139 160 181 1285 1306 1327 1348 1350 1371 1392 1413 1434 372 393 414 435 456 458 479 500 521 542 563 945 966 987 989 1010 1031 1052 1073
31 52 73 94 96 117 138 159 180 1284 1305 1326 1347 1368 1370 1391 1412 1433 1093 392 413 434 455 457 478 499 520 541 562 583 965 986 1007 1009 1030 1051 1072 732
51 72 93 114 116 137 158 179 200 1304 1325 1346 1367 1369 1390 1411 1432 1092 1113 412 433 454 475 477 498 519 540 561 582 603 985 1006 1008 1029 1050 1071 731 752
71 92 113 115 136 157 178 199 220 1324 1345 1366 1387 1389 1410 1431 1091 1112 1133 432 453 474 476 497 518 539 560 581 602 623 1005 1026 1028 1049 1070 730 751 772
91 112 133 135 156 177 198 219 240 1344 1365 1386 1388 1409 1430 1090 1111 1132 1153 452 473 494 496 517 538 559 580 601 622 643 1025 1027 1048 1069 729 750 771 792
111 132 134 155 176 197 218 239 260 1364 1385 1406 1408 1429 1089 1110 1131 1152 1173 472 493 495 516 537 558 579 600 621 642 663 1045 1047 1068 728 749 770 791 812
131 152 154 175 196 217 238 259 280 1384 1405 1407 1428 1088 1109 1130 1151 1172 1193 492 513 515 536 557 578 599 620 641 662 683 1046 1067 727 748 769 790 811 832
151 153 174 195 216 237 258 279 300 1404 1425 1427 1087 1108 1129 1150 1171 1192 1213 512 514 535 556 577 598 619 640 661 682 703 1066 726 747 768 789 810 831 852
171 173 194 215 236 257 278 299 320 1424 1426 1086 1107 1128 1149 1170 1191 1212 1233 532 534 555 576 597 618 639 660 681 702 704 725 746 767 788 809 830 851 872
172 193 214 235 256 277 298 319 340 1444 1085 1106 1127 1148 1169 1190 1211 1232 1253 533 554 575 596 617 638 659 680 701 722 363 745 766 787 808 829 850 871 892
