1936 2 3 1933 1932 6 7 1929 1928 10 11 1925 1924 14 15 1921 1920 18 19 1917 1916 22 23 1913 1912 26 27 1909 1908 30 31 1905 1904 34 35 1901 1900 38 39 1897 1896 42 43 1893
45 1891 1890 48 49 1887 1886 52 53 1883 1882 56 57 1879 1878 60 61 1875 1874 64 65 1871 1870 68 69 1867 1866 72 73 1863 1862 76 77 1859 1858 80 81 1855 1854 84 85 1851 1850 88
89 1847 1846 92 93 1843 1842 96 97 1839 1838 100 101 1835 1834 104 105 1831 1830 108 109 1827 1826 112 113 1823 1822 116 117 1819 1818 120 121 1815 1814 124 125 1811 1810 128 129 1807 1806 132
1804 134 135 1801 1800 138 139 1797 1796 142 143 1793 1792 146 147 1789 1788 150 151 1785 1784 154 155 1781 1780 158 159 1777 1776 162 163 1773 1772 166 167 1769 1768 170 171 1765 1764 174 175 1761
1760 178 179 1757 1756 182 183 1753 1752 186 187 1749 1748 190 191 1745 1744 194 195 1741 1740 198 199 1737 1736 202 203 1733 1732 206 207 1729 1728 210 211 1725 1724 214 215 1721 1720 218 219 1717
221 1715 1714 224 225 1711 1710 228 229 1707 1706 232 233 1703 1702 236 237 1699 1698 240 241 1695 1694 244 245 1691 1690 248 249 1687 1686 252 253 1683 1682 256 257 1679 1678 260 261 1675 1674 264
265 1671 1670 268 269 1667 1666 272 273 1663 1662 276 277 1659 1658 280 281 1655 1654 284 285 1651 1650 288 289 1647 1646 292 293 1643 1642 296 297 1639 1638 300 301 1635 1634 304 305 1631 1630 308
1628 310 311 1625 1624 314 315 1621 1620 318 319 1617 1616 322 323 1613 1612 326 327 1609 1608 330 331 1605 1604 334 335 1601 1600 338 339 1597 1596 342 343 1593 1592 346 347 1589 1588 350 351 1585
1584 354 355 1581 1580 358 359 1577 1576 362 363 1573 1572 366 367 1569 1568 370 371 1565 1564 374 375 1561 1560 378 379 1557 1556 382 383 1553 1552 386 387 1549 1548 390 391 1545 1544 394 395 1541
397 1539 1538 400 401 1535 1534 404 405 1531 1530 408 409 1527 1526 412 413 1523 1522 416 417 1519 1518 420 421 1515 1514 424 425 1511 1510 428 429 1507 1506 432 433 1503 1502 436 437 1499 1498 440
441 1495 1494 444 445 1491 1490 448 449 1487 1486 452 453 1483 1482 456 457 1479 1478 460 461 1475 1474 464 465 1471 1470 468 469 1467 1466 472 473 1463 1462 476 477 1459 1458 480 481 1455 1454 484
1452 486 487 1449 1448 490 491 1445 1444 494 495 1441 1440 498 499 1437 1436 502 503 1433 1432 506 507 1429 1428 510 511 1425 1424 514 515 1421 1420 518 519 1417 1416 522 523 1413 1412 526 527 1409
1408 530 531 1405 1404 534 535 1401 1400 538 539 1397 1396 542 543 1393 1392 546 547 1389 1388 550 551 1385 1384 554 555 1381 1380 558 559 1377 1376 562 563 1373 1372 566 567 1369 1368 570 571 1365
573 1363 1362 576 577 1359 1358 580 581 1355 1354 584 585 1351 1350 588 589 1347 1346 592 593 1343 1342 596 597 1339 1338 600 601 1335 1334 604 605 1331 1330 608 609 1327 1326 612 613 1323 1322 616
617 1319 1318 620 621 1315 1314 624 625 1311 1310 628 629 1307 1306 632 633 1303 1302 636 637 1299 1298 640 641 1295 1294 644 645 1291 1290 648 649 1287 1286 652 653 1283 1282 656 657 1279 1278 660
1276 662 663 1273 1272 666 667 1269 1268 670 671 1265 1264 674 675 1261 1260 678 679 1257 1256 682 683 1253 1252 686 687 1249 1248 690 691 1245 1244 694 695 1241 1240 698 699 1237 1236 702 703 1233
1232 706 707 1229 1228 710 711 1225 1224 714 715 1221 1220 718 719 1217 1216 722 723 1213 1212 726 727 1209 1208 730 731 1205 1204 734 735 1201 1200 738 739 1197 1196 742 743 1193 1192 746 747 1189
749 1187 1186 752 753 1183 1182 756 757 1179 1178 760 761 1175 1174 764 765 1171 1170 768 769 1167 1166 772 773 1163 1162 776 777 1159 1158 780 781 1155 1154 784 785 1151 1150 788 789 1147 1146 792
793 1143 1142 796 797 1139 1138 800 801 1135 1134 804 805 1131 1130 808 809 1127 1126 812 813 1123 1122 816 817 1119 1118 820 821 1115 1114 824 825 1111 1110 828 829 1107 1106 832 833 1103 1102 836
1100 838 839 1097 1096 842 843 1093 1092 846 847 1089 1088 850 851 1085 1084 854 855 1081 1080 858 859 1077 1076 862 863 1073 1072 866 867 1069 1068 870 871 1065 1064 874 875 1061 1060 878 879 1057
1056 882 883 1053 1052 886 887 1049 1048 890 891 1045 1044 894 895 1041 1040 898 899 1037 1036 902 903 1033 1032 906 907 1029 1028 910 911 1025 1024 914 915 1021 1020 918 919 1017 1016 922 923 1013
925 1011 1010 928 929 1007 1006 932 933 1003 1002 936 937 999 998 940 941 995 994 944 945 991 990 948 949 987 986 952 953 983 982 956 957 979 978 960 961 975 974 964 965 971 970 968
969 967 966 972 973 963 962 976 977 959 958 980 981 955 954 984 985 951 950 988 989 947 946 992 993 943 942 996 997 939 938 1000 1001 935 934 1004 1005 931 930 1008 1009 927 926 1012
924 1014 1015 921 920 1018 1019 917 916 1022 1023 913 912 1026 1027 909 908 1030 1031 905 904 1034 1035 901 900 1038 1039 897 896 1042 1043 893 892 1046 1047 889 888 1050 1051 885 884 1054 1055 881
880 1058 1059 877 876 1062 1063 873 872 1066 1067 869 868 1070 1071 865 864 1074 1075 861 860 1078 1079 857 856 1082 1083 853 852 1086 1087 849 848 1090 1091 845 844 1094 1095 841 840 1098 1099 837
1101 835 834 1104 1105 831 830 1108 1109 827 826 1112 1113 823 822 1116 1117 819 818 1120 1121 815 814 1124 1125 811 810 1128 1129 807 806 1132 1133 803 802 1136 1137 799 798 1140 1141 795 794 1144
1145 791 790 1148 1149 787 786 1152 1153 783 782 1156 1157 779 778 1160 1161 775 774 1164 1165 771 770 1168 1169 767 766 1172 1173 763 762 1176 1177 759 758 1180 1181 755 754 1184 1185 751 750 1188
748 1190 1191 745 744 1194 1195 741 740 1198 1199 737 736 1202 1203 733 732 1206 1207 729 728 1210 1211 725 724 1214 1215 721 720 1218 1219 717 716 1222 1223 713 712 1226 1227 709 708 1230 1231 705
704 1234 1235 701 700 1238 1239 697 696 1242 1243 693 692 1246 1247 689 688 1250 1251 685 684 1254 1255 681 680 1258 1259 677 676 1262 1263 673 672 1266 1267 669 668 1270 1271 665 664 1274 1275 661
1277 659 658 1280 1281 655 654 1284 1285 651 650 1288 1289 647 646 1292 1293 643 642 1296 1297 639 638 1300 1301 635 634 1304 1305 631 630 1308 1309 627 626 1312 1313 623 622 1316 1317 619 618 1320
1321 615 614 1324 1325 611 610 1328 1329 607 606 1332 1333 603 602 1336 1337 599 598 1340 1341 595 594 1344 1345 591 590 1348 1349 587 586 1352 1353 583 582 1356 1357 579 578 1360 1361 575 574 1364
572 1366 1367 569 568 1370 1371 565 564 1374 1375 561 560 1378 1379 557 556 1382 1383 553 552 1386 1387 549 548 1390 1391 545 544 1394 1395 541 540 1398 1399 537 536 1402 1403 533 532 1406 1407 529
528 1410 1411 525 524 1414 1415 521 520 1418 1419 517 516 1422 1423 513 512 1426 1427 509 508 1430 1431 505 504 1434 1435 501 500 1438 1439 497 496 1442 1443 493 492 1446 1447 489 488 1450 1451 485
1453 483 482 1456 1457 479 478 1460 1461 475 474 1464 1465 471 470 1468 1469 467 466 1472 1473 463 462 1476 1477 459 458 1480 1481 455 454 1484 1485 451 450 1488 1489 447 446 1492 1493 443 442 1496
1497 439 438 1500 1501 435 434 1504 1505 431 430 1508 1509 427 426 1512 1513 423 422 1516 1517 419 418 1520 1521 415 414 1524 1525 411 410 1528 1529 407 406 1532 1533 403 402 1536 1537 399 398 1540
396 1542 1543 393 392 1546 1547 389 388 1550 1551 385 384 1554 1555 381 380 1558 1559 377 376 1562 1563 373 372 1566 1567 369 368 1570 1571 365 364 1574 1575 361 360 1578 1579 357 356 1582 1583 353
352 1586 1587 349 348 1590 1591 345 344 1594 1595 341 340 1598 1599 337 336 1602 1603 333 332 1606 1607 329 328 1610 1611 325 324 1614 1615 321 320 1618 1619 317 316 1622 1623 313 312 1626 1627 309
1629 307 306 1632 1633 303 302 1636 1637 299 298 1640 1641 295 294 1644 1645 291 290 1648 1649 287 286 1652 1653 283 282 1656 1657 279 278 1660 1661 275 274 1664 1665 271 270 1668 1669 267 266 1672
1673 263 262 1676 1677 259 258 1680 1681 255 254 1684 1685 251 250 1688 1689 247 246 1692 1693 243 242 1696 1697 239 238 1700 1701 235 234 1704 1705 231 230 1708 1709 227 226 1712 1713 223 222 1716
220 1718 1719 217 216 1722 1723 213 212 1726 1727 209 208 1730 1731 205 204 1734 1735 201 200 1738 1739 197 196 1742 1743 193 192 1746 1747 189 188 1750 1751 185 184 1754 1755 181 180 1758 1759 177
176 1762 1763 173 172 1766 1767 169 168 1770 1771 165 164 1774 1775 161 160 1778 1779 157 156 1782 1783 153 152 1786 1787 149 148 1790 1791 145 144 1794 1795 141 140 1798 1799 137 136 1802 1803 133
1805 131 130 1808 1809 127 126 1812 1813 123 122 1816 1817 119 118 1820 1821 115 114 1824 1825 111 110 1828 1829 107 106 1832 1833 103 102 1836 1837 99 98 1840 1841 95 94 1844 1845 91 90 1848
1849 87 86 1852 1853 83 82 1856 1857 79 78 1860 1861 75 74 1864 1865 71 70 1868 1869 67 66 1872 1873 63 62 1876 1877 59 58 1880 1881 55 54 1884 1885 51 50 1888 1889 47 46 1892
44 1894 1895 41 40 1898 1899 37 36 1902 1903 33 32 1906 1907 29 28 1910 1911 25 24 1914 1915 21 20 1918 1919 17 16 1922 1923 13 12 1926 1927 9 8 1930 1931 5 4 1934 1935 1
1865 1890 1915 1940 1965 1990 2015 2040 2065 2090 2115 1 26 51 76 101 126 151 176 201 226 251 276 1336 1361 1386 1411 1436 1461 1486 1511 1536 1561 1586 1059 1084 580 605 630 655 680 705 730 755 780 805
1889 1914 1939 1964 1989 2014 2039 2064 2089 2114 1610 25 50 75 100 125 150 175 200 225 250 275 277 1360 1385 1410 1435 1460 1485 1510 1535 1560 1585 1081 1083 1108 604 629 654 679 704 729 754 779 804 806
1913 1938 1963 1988 2013 2038 2063 2088 2113 1609 1611 49 74 99 124 149 174 199 224 249 274 299 301 1384 1409 1434 1459 1484 1509 1534 1559 1584 1080 1082 1107 1132 628 653 678 703 728 753 778 803 828 830
1937 1962 1987 2012 2037 2062 2087 2112 1608 1633 1635 73 98 123 148 173 198 223 248 273 298 300 325 1408 1433 1458 1483 1508 1533 1558 1583 1079 1104 1106 1131 1156 652 677 702 727 752 777 802 827 829 854
1961 1986 2011 2036 2061 2086 2111 1607 1632 1634 1659 97 122 147 172 197 222 247 272 297 322 324 349 1432 1457 1482 1507 1532 1557 1582 1078 1103 1105 1130 1155 1180 676 701 726 751 776 801 826 851 853 878
1985 2010 2035 2060 2085 2110 1606 1631 1656 1658 1683 121 146 171 196 221 246 271 296 321 323 348 373 1456 1481 1506 1531 1556 1581 1077 1102 1127 1129 1154 1179 1204 700 725 750 775 800 825 850 852 877 902
2009 2034 2059 2084 2109 1605 1630 1655 1657 1682 1707 145 170 195 220 245 270 295 320 345 347 372 397 1480 1505 1530 1555 1580 1076 1101 1126 1128 1153 1178 1203 1228 724 749 774 799 824 849 874 876 901 926
2033 2058 2083 2108 1604 1629 1654 1679 1681 1706 1731 169 194 219 244 269 294 319 344 346 371 396 421 1504 1529 1554 1579 1075 1100 1125 1150 1152 1177 1202 1227 1252 748 773 798 823 848 873 875 900 925 950
2057 2082 2107 1603 1628 1653 1678 1680 1705 1730 1755 193 218 243 268 293 318 343 368 370 395 420 445 1528 1553 1578 1074 1099 1124 1149 1151 1176 1201 1226 1251 1276 772 797 822 847 872 897 899 924 949 974
2081 2106 1602 1627 1652 1677 1702 1704 1729 1754 1779 217 242 267 292 317 342 367 369 394 419 444 469 1552 1577 1073 1098 1123 1148 1173 1175 1200 1225 1250 1275 1300 796 821 846 871 896 898 923 948 973 998
2105 1601 1626 1651 1676 1701 1703 1728 1753 1778 1803 241 266 291 316 341 366 391 393 418 443 468 493 1576 1072 1097 1122 1147 1172 1174 1199 1224 1249 1274 1299 1324 820 845 870 895 920 922 947 972 997 1022
13 1625 1650 1675 1700 1725 1727 1752 1777 1802 1827 1852 290 315 340 365 390 392 417 442 467 492 517 1071 1096 1121 1146 1171 1196 1198 1223 1248 1273 1298 1323 1348 844 869 894 919 921 946 971 996 1021 1046
1624 1649 1674 1699 1724 1726 1751 1776 1801 1826 1851 289 314 339 364 389 414 416 441 466 491 516 12 1095 1120 1145 1170 1195 1197 1222 1247 1272 1297 1322 1347 1372 868 893 918 943 945 970 995 1020 1045 541
1648 1673 1698 1723 1748 1750 1775 1800 1825 1850 1875 313 338 363 388 413 415 440 465 490 515 11 36 1119 1144 1169 1194 1219 1221 1246 1271 1296 1321 1346 1371 1396 892 917 942 944 969 994 1019 1044 540 565
1672 1697 1722 1747 1749 1774 1799 1824 1849 1874 1899 337 362 387 412 437 439 464 489 514 10 35 60 1143 1168 1193 1218 1220 1245 1270 1295 1320 1345 1370 1395 1420 916 941 966 968 993 1018 1043 539 564 589
1696 1721 1746 1771 1773 1798 1823 1848 1873 1898 1923 361 386 411 436 438 463 488 513 9 34 59 84 1167 1192 1217 1242 1244 1269 1294 1319 1344 1369 1394 1419 1444 940 965 967 992 1017 1042 538 563 588 613
1720 1745 1770 1772 1797 1822 1847 1872 1897 1922 1947 385 410 435 460 462 487 512 8 33 58 83 108 1191 1216 1241 1243 1268 1293 1318 1343 1368 1393 1418 1443 1468 964 989 991 1016 1041 537 562 587 612 637
1744 1769 1794 1796 1821 1846 1871 1896 1921 1946 1971 409 434 459 461 486 511 7 32 57 82 107 132 1215 1240 1265 1267 1292 1317 1342 1367 1392 1417 1442 1467 1492 988 990 1015 1040 536 561 586 611 636 661
1768 1793 1795 1820 1845 1870 1895 1920 1945 1970 1995 433 458 483 485 510 6 31 56 81 106 131 156 1239 1264 1266 1291 1316 1341 1366 1391 1416 1441 1466 1491 1516 1012 1014 1039 535 560 585 610 635 660 685
1792 1817 1819 1844 1869 1894 1919 1944 1969 1994 2019 457 482 484 509 5 30 55 80 105 130 155 180 1263 1288 1290 1315 1340 1365 1390 1415 1440 1465 1490 1515 1540 1013 1038 534 559 584 609 634 659 684 709
1816 1818 1843 1868 1893 1918 1943 1968 1993 2018 2043 481 506 508 4 29 54 79 104 129 154 179 204 1287 1289 1314 1339 1364 1389 1414 1439 1464 1489 1514 1539 1564 1037 533 558 583 608 633 658 683 708 733
1840 1842 1867 1892 1917 1942 1967 1992 2017 2042 2067 505 507 3 28 53 78 103 128 153 178 203 228 1311 1313 1338 1363 1388 1413 1438 1463 1488 1513 1538 1563 1565 532 557 582 607 632 657 682 707 732 757
1841 1866 1891 1916 1941 1966 1991 2016 2041 2066 2091 529 2 27 52 77 102 127 152 177 202 227 252 1312 1337 1362 1387 1412 1437 1462 1487 1512 1537 1562 1587 1060 556 581 606 631 656 681 706 731 756 781
278 303 328 353 378 403 428 453 478 503 528 1588 1613 1638 1663 1688 1713 1738 1763 1788 1813 1838 1863 807 832 857 882 907 932 957 982 1007 1032 1057 530 555 1109 1134 1159 1184 1209 1234 1259 1284 1309 1334
302 327 352 377 402 427 452 477 502 527 23 1612 1637 1662 1687 1712 1737 1762 1787 1812 1837 1862 1864 831 856 881 906 931 956 981 1006 1031 1056 552 554 579 1133 1158 1183 1208 1233 1258 1283 1308 1333 1335
326 351 376 401 426 451 476 501 526 22 24 1636 1661 1686 1711 1736 1761 1786 1811 1836 1861 1886 1888 855 880 905 930 955 980 1005 1030 1055 551 553 578 603 1157 1182 1207 1232 1257 1282 1307 1332 1357 1359
350 375 400 425 450 475 500 525 21 46 48 1660 1685 1710 1735 1760 1785 1810 1835 1860 1885 1887 1912 879 904 929 954 979 1004 1029 1054 550 575 577 602 627 1181 1206 1231 1256 1281 1306 1331 1356 1358 1383
374 399 424 449 474 499 524 20 45 47 72 1684 1709 1734 1759 1784 1809 1834 1859 1884 1909 1911 1936 903 928 953 978 1003 1028 1053 549 574 576 601 626 651 1205 1230 1255 1280 1305 1330 1355 1380 1382 1407
398 423 448 473 498 523 19 44 69 71 96 1708 1733 1758 1783 1808 1833 1858 1883 1908 1910 1935 1960 927 952 977 1002 1027 1052 548 573 598 600 625 650 675 1229 1254 1279 1304 1329 1354 1379 1381 1406 1431
422 447 472 497 522 18 43 68 70 95 120 1732 1757 1782 1807 1832 1857 1882 1907 1932 1934 1959 1984 951 976 1001 1026 1051 547 572 597 599 624 649 674 699 1253 1278 1303 1328 1353 1378 1403 1405 1430 1455
446 471 496 521 17 42 67 92 94 119 144 1756 1781 1806 1831 1856 1881 1906 1931 1933 1958 1983 2008 975 1000 1025 1050 546 571 596 621 623 648 673 698 723 1277 1302 1327 1352 1377 1402 1404 1429 1454 1479
470 495 520 16 41 66 91 93 118 143 168 1780 1805 1830 1855 1880 1905 1930 1955 1957 1982 2007 2032 999 1024 1049 545 570 595 620 622 647 672 697 722 747 1301 1326 1351 1376 1401 1426 1428 1453 1478 1503
494 519 15 40 65 90 115 117 142 167 192 1804 1829 1854 1879 1904 1929 1954 1956 1981 2006 2031 2056 1023 1048 544 569 594 619 644 646 671 696 721 746 771 1325 1350 1375 1400 1425 1427 1452 1477 1502 1527
518 14 39 64 89 114 116 141 166 191 216 1828 1853 1878 1903 1928 1953 1978 1980 2005 2030 2055 2080 1047 543 568 593 618 643 645 670 695 720 745 770 795 1349 1374 1399 1424 1449 1451 1476 1501 1526 1551
1600 38 63 88 113 138 140 165 190 215 240 265 1877 1902 1927 1952 1977 1979 2004 2029 2054 2079 2104 542 567 592 617 642 667 669 694 719 744 769 794 819 1373 1398 1423 1448 1450 1475 1500 1525 1550 1575
37 62 87 112 137 139 164 189 214 239 264 1876 1901 1926 1951 1976 2001 2003 2028 2053 2078 2103 1599 566 591 616 641 666 668 693 718 743 768 793 818 843 1397 1422 1447 1472 1474 1499 1524 1549 1574 1070
61 86 111 136 161 163 188 213 238 263 288 1900 1925 1950 1975 2000 2002 2027 2052 2077 2102 1598 1623 590 615 640 665 690 692 717 742 767 792 817 842 867 1421 1446 1471 1473 1498 1523 1548 1573 1069 1094
85 110 135 160 162 187 212 237 262 287 312 1924 1949 1974 1999 2024 2026 2051 2076 2101 1597 1622 1647 614 639 664 689 691 716 741 766 791 816 841 866 891 1445 1470 1495 1497 1522 1547 1572 1068 1093 1118
109 134 159 184 186 211 236 261 286 311 336 1948 1973 1998 2023 2025 2050 2075 2100 1596 1621 1646 1671 638 663 688 713 715 740 765 790 815 840 865 890 915 1469 1494 1496 1521 1546 1571 1067 1092 1117 1142
133 158 183 185 210 235 260 285 310 335 360 1972 1997 2022 2047 2049 2074 2099 1595 1620 1645 1670 1695 662 687 712 714 739 764 789 814 839 864 889 914 939 1493 1518 1520 1545 1570 1066 1091 1116 1141 1166
157 182 207 209 234 259 284 309 334 359 384 1996 2021 2046 2048 2073 2098 1594 1619 1644 1669 1694 1719 686 711 736 738 763 788 813 838 863 888 913 938 963 1517 1519 1544 1569 1065 1090 1115 1140 1165 1190
181 206 208 233 258 283 308 333 358 383 408 2020 2045 2070 2072 2097 1593 1618 1643 1668 1693 1718 1743 710 735 737 762 787 812 837 862 887 912 937 962 987 1541 1543 1568 1064 1089 1114 1139 1164 1189 1214
205 230 232 257 282 307 332 357 382 407 432 2044 2069 2071 2096 1592 1617 1642 1667 1692 1717 1742 1767 734 759 761 786 811 836 861 886 911 936 961 986 1011 1542 1567 1063 1088 1113 1138 1163 1188 1213 1238
229 231 256 281 306 331 356 381 406 431 456 2068 2093 2095 1591 1616 1641 1666 1691 1716 1741 1766 1791 758 760 785 810 835 860 885 910 935 960 985 1010 1035 1566 1062 1087 1112 1137 1162 1187 1212 1237 1262
253 255 280 305 330 355 380 405 430 455 480 2092 2094 1590 1615 1640 1665 1690 1715 1740 1765 1790 1815 782 784 809 834 859 884 909 934 959 984 1009 1034 1036 1061 1086 1111 1136 1161 1186 1211 1236 1261 1286
254 279 304 329 354 379 404 429 454 479 504 2116 1589 1614 1639 1664 1689 1714 1739 1764 1789 1814 1839 783 808 833 858 883 908 933 958 983 1008 1033 1058 531 1085 1110 1135 1160 1185 1210 1235 1260 1285 1310
1037 1084 1131 1178 1225 1272 1319 1366 1413 1460 1507 1554 1601 1648 1695 1742 1789 1836 1883 1930 1977 2024 1 48 95 142 189 236 283 330 377 424 471 518 565 612 659 706 753 800 847 894 941 988 1035
1083 1130 1177 1224 1271 1318 1365 1412 1459 1506 1553 1600 1647 1694 1741 1788 1835 1882 1929 1976 2023 45 47 94 141 188 235 282 329 376 423 470 517 564 611 658 705 752 799 846 893 940 987 1034 1036
1129 1176 1223 1270 1317 1364 1411 1458 1505 1552 1599 1646 1693 1740 1787 1834 1881 1928 1975 2022 44 46 93 140 187 234 281 328 375 422 469 516 563 610 657 704 751 798 845 892 939 986 1033 1080 1082
1175 1222 1269 1316 1363 1410 1457 1504 1551 1598 1645 1692 1739 1786 1833 1880 1927 1974 2021 43 90 92 139 186 233 280 327 374 421 468 515 562 609 656 703 750 797 844 891 938 985 1032 1079 1081 1128
1221 1268 1315 1362 1409 1456 1503 1550 1597 1644 1691 1738 1785 1832 1879 1926 1973 2020 42 89 91 138 185 232 279 326 373 420 467 514 561 608 655 702 749 796 843 890 937 984 1031 1078 1125 1127 1174
1267 1314 1361 1408 1455 1502 1549 1596 1643 1690 1737 1784 1831 1878 1925 1972 2019 41 88 135 137 184 231 278 325 372 419 466 513 560 607 654 701 748 795 842 889 936 983 1030 1077 1124 1126 1173 1220
1313 1360 1407 1454 1501 1548 1595 1642 1689 1736 1783 1830 1877 1924 1971 2018 40 87 134 136 183 230 277 324 371 418 465 512 559 606 653 700 747 794 841 888 935 982 1029 1076 1123 1170 1172 1219 1266
1359 1406 1453 1500 1547 1594 1641 1688 1735 1782 1829 1876 1923 1970 2017 39 86 133 180 182 229 276 323 370 417 464 511 558 605 652 699 746 793 840 887 934 981 1028 1075 1122 1169 1171 1218 1265 1312
1405 1452 1499 1546 1593 1640 1687 1734 1781 1828 1875 1922 1969 2016 38 85 132 179 181 228 275 322 369 416 463 510 557 604 651 698 745 792 839 886 933 980 1027 1074 1121 1168 1215 1217 1264 1311 1358
1451 1498 1545 1592 1639 1686 1733 1780 1827 1874 1921 1968 2015 37 84 131 178 225 227 274 321 368 415 462 509 556 603 650 697 744 791 838 885 932 979 1026 1073 1120 1167 1214 1216 1263 1310 1357 1404
1497 1544 1591 1638 1685 1732 1779 1826 1873 1920 1967 2014 36 83 130 177 224 226 273 320 367 414 461 508 555 602 649 696 743 790 837 884 931 978 1025 1072 1119 1166 1213 1260 1262 1309 1356 1403 1450
1543 1590 1637 1684 1731 1778 1825 1872 1919 1966 2013 35 82 129 176 223 270 272 319 366 413 460 507 554 601 648 695 742 789 836 883 930 977 1024 1071 1118 1165 1212 1259 1261 1308 1355 1402 1449 1496
1589 1636 1683 1730 1777 1824 1871 1918 1965 2012 34 81 128 175 222 269 271 318 365 412 459 506 553 600 647 694 741 788 835 882 929 976 1023 1070 1117 1164 1211 1258 1305 1307 1354 1401 1448 1495 1542
1635 1682 1729 1776 1823 1870 1917 1964 2011 33 80 127 174 221 268 315 317 364 411 458 505 552 599 646 693 740 787 834 881 928 975 1022 1069 1116 1163 1210 1257 1304 1306 1353 1400 1447 1494 1541 1588
1681 1728 1775 1822 1869 1916 1963 2010 32 79 126 173 220 267 314 316 363 410 457 504 551 598 645 692 739 786 833 880 927 974 1021 1068 1115 1162 1209 1256 1303 1350 1352 1399 1446 1493 1540 1587 1634
1727 1774 1821 1868 1915 1962 2009 31 78 125 172 219 266 313 360 362 409 456 503 550 597 644 691 738 785 832 879 926 973 1020 1067 1114 1161 1208 1255 1302 1349 1351 1398 1445 1492 1539 1586 1633 1680
1773 1820 1867 1914 1961 2008 30 77 124 171 218 265 312 359 361 408 455 502 549 596 643 690 737 784 831 878 925 972 1019 1066 1113 1160 1207 1254 1301 1348 1395 1397 1444 1491 1538 1585 1632 1679 1726
1819 1866 1913 1960 2007 29 76 123 170 217 264 311 358 405 407 454 501 548 595 642 689 736 783 830 877 924 971 1018 1065 1112 1159 1206 1253 1300 1347 1394 1396 1443 1490 1537 1584 1631 1678 1725 1772
1865 1912 1959 2006 28 75 122 169 216 263 310 357 404 406 453 500 547 594 641 688 735 782 829 876 923 970 1017 1064 1111 1158 1205 1252 1299 1346 1393 1440 1442 1489 1536 1583 1630 1677 1724 1771 1818
1911 1958 2005 27 74 121 168 215 262 309 356 403 450 452 499 546 593 640 687 734 781 828 875 922 969 1016 1063 1110 1157 1204 1251 1298 1345 1392 1439 1441 1488 1535 1582 1629 1676 1723 1770 1817 1864
1957 2004 26 73 120 167 214 261 308 355 402 449 451 498 545 592 639 686 733 780 827 874 921 968 1015 1062 1109 1156 1203 1250 1297 1344 1391 1438 1485 1487 1534 1581 1628 1675 1722 1769 1816 1863 1910
2003 25 72 119 166 213 260 307 354 401 448 495 497 544 591 638 685 732 779 826 873 920 967 1014 1061 1108 1155 1202 1249 1296 1343 1390 1437 1484 1486 1533 1580 1627 1674 1721 1768 1815 1862 1909 1956
24 71 118 165 212 259 306 353 400 447 494 496 543 590 637 684 731 778 825 872 919 966 1013 1060 1107 1154 1201 1248 1295 1342 1389 1436 1483 1530 1532 1579 1626 1673 1720 1767 1814 1861 1908 1955 2002
70 117 164 211 258 305 352 399 446 493 540 542 589 636 683 730 777 824 871 918 965 1012 1059 1106 1153 1200 1247 1294 1341 1388 1435 1482 1529 1531 1578 1625 1672 1719 1766 1813 1860 1907 1954 2001 23
116 163 210 257 304 351 398 445 492 539 541 588 635 682 729 776 823 870 917 964 1011 1058 1105 1152 1199 1246 1293 1340 1387 1434 1481 1528 1575 1577 1624 1671 1718 1765 1812 1859 1906 1953 2000 22 69
162 209 256 303 350 397 444 491 538 585 587 634 681 728 775 822 869 916 963 1010 1057 1104 1151 1198 1245 1292 1339 1386 1433 1480 1527 1574 1576 1623 1670 1717 1764 1811 1858 1905 1952 1999 21 68 115
208 255 302 349 396 443 490 537 584 586 633 680 727 774 821 868 915 962 1009 1056 1103 1150 1197 1244 1291 1338 1385 1432 1479 1526 1573 1620 1622 1669 1716 1763 1810 1857 1904 1951 1998 20 67 114 161
254 301 348 395 442 489 536 583 630 632 679 726 773 820 867 914 961 1008 1055 1102 1149 1196 1243 1290 1337 1384 1431 1478 1525 1572 1619 1621 1668 1715 1762 1809 1856 1903 1950 1997 19 66 113 160 207
300 347 394 441 488 535 582 629 631 678 725 772 819 866 913 960 1007 1054 1101 1148 1195 1242 1289 1336 1383 1430 1477 1524 1571 1618 1665 1667 1714 1761 1808 1855 1902 1949 1996 18 65 112 159 206 253
346 393 440 487 534 581 628 675 677 724 771 818 865 912 959 1006 1053 1100 1147 1194 1241 1288 1335 1382 1429 1476 1523 1570 1617 1664 1666 1713 1760 1807 1854 1901 1948 1995 17 64 111 158 205 252 299
392 439 486 533 580 627 674 676 723 770 817 864 911 958 1005 1052 1099 1146 1193 1240 1287 1334 1381 1428 1475 1522 1569 1616 1663 1710 1712 1759 1806 1853 1900 1947 1994 16 63 110 157 204 251 298 345
438 485 532 579 626 673 720 722 769 816 863 910 957 1004 1051 1098 1145 1192 1239 1286 1333 1380 1427 1474 1521 1568 1615 1662 1709 1711 1758 1805 1852 1899 1946 1993 15 62 109 156 203 250 297 344 391
484 531 578 625 672 719 721 768 815 862 909 956 1003 1050 1097 1144 1191 1238 1285 1332 1379 1426 1473 1520 1567 1614 1661 1708 1755 1757 1804 1851 1898 1945 1992 14 61 108 155 202 249 296 343 390 437
530 577 624 671 718 765 767 814 861 908 955 1002 1049 1096 1143 1190 1237 1284 1331 1378 1425 1472 1519 1566 1613 1660 1707 1754 1756 1803 1850 1897 1944 1991 13 60 107 154 201 248 295 342 389 436 483
576 623 670 717 764 766 813 860 907 954 1001 1048 1095 1142 1189 1236 1283 1330 1377 1424 1471 1518 1565 1612 1659 1706 1753 1800 1802 1849 1896 1943 1990 12 59 106 153 200 247 294 341 388 435 482 529
622 669 716 763 810 812 859 906 953 1000 1047 1094 1141 1188 1235 1282 1329 1376 1423 1470 1517 1564 1611 1658 1705 1752 1799 1801 1848 1895 1942 1989 11 58 105 152 199 246 293 340 387 434 481 528 575
668 715 762 809 811 858 905 952 999 1046 1093 1140 1187 1234 1281 1328 1375 1422 1469 1516 1563 1610 1657 1704 1751 1798 1845 1847 1894 1941 1988 10 57 104 151 198 245 292 339 386 433 480 527 574 621
714 761 808 855 857 904 951 998 1045 1092 1139 1186 1233 1280 1327 1374 1421 1468 1515 1562 1609 1656 1703 1750 1797 1844 1846 1893 1940 1987 9 56 103 150 197 244 291 338 385 432 479 526 573 620 667
760 807 854 856 903 950 997 1044 1091 1138 1185 1232 1279 1326 1373 1420 1467 1514 1561 1608 1655 1702 1749 1796 1843 1890 1892 1939 1986 8 55 102 149 196 243 290 337 384 431 478 525 572 619 666 713
806 853 900 902 949 996 1043 1090 1137 1184 1231 1278 1325 1372 1419 1466 1513 1560 1607 1654 1701 1748 1795 1842 1889 1891 1938 1985 7 54 101 148 195 242 289 336 383 430 477 524 571 618 665 712 759
852 899 901 948 995 1042 1089 1136 1183 1230 1277 1324 1371 1418 1465 1512 1559 1606 1653 1700 1747 1794 1841 1888 1935 1937 1984 6 53 100 147 194 241 288 335 382 429 476 523 570 617 664 711 758 805
898 945 947 994 1041 1088 1135 1182 1229 1276 1323 1370 1417 1464 1511 1558 1605 1652 1699 1746 1793 1840 1887 1934 1936 1983 5 52 99 146 193 240 287 334 381 428 475 522 569 616 663 710 757 804 851
944 946 993 1040 1087 1134 1181 1228 1275 1322 1369 1416 1463 1510 1557 1604 1651 1698 1745 1792 1839 1886 1933 1980 1982 4 51 98 145 192 239 286 333 380 427 474 521 568 615 662 709 756 803 850 897
990 992 1039 1086 1133 1180 1227 1274 1321 1368 1415 1462 1509 1556 1603 1650 1697 1744 1791 1838 1885 1932 1979 1981 3 50 97 144 191 238 285 332 379 426 473 520 567 614 661 708 755 802 849 896 943
991 1038 1085 1132 1179 1226 1273 1320 1367 1414 1461 1508 1555 1602 1649 1696 1743 1790 1837 1884 1931 1978 2025 2 49 96 143 190 237 284 331 378 425 472 519 566 613 660 707 754 801 848 895 942 989
948 993 1038 1083 1128 1173 1218 1263 1308 1353 1398 1443 1488 1533 1578 1623 1668 1713 1758 1803 1848 1 46 91 136 181 226 271 316 361 406 451 496 541 586 631 676 721 766 811 856 901 946
992 1037 1082 1127 1172 1217 1262 1307 1352 1397 1442 1487 1532 1577 1622 1667 1712 1757 1802 1847 43 45 90 135 180 225 270 315 360 405 450 495 540 585 630 675 720 765 810 855 900 945 947
1036 1081 1126 1171 1216 1261 1306 1351 1396 1441 1486 1531 1576 1621 1666 1711 1756 1801 1846 42 44 89 134 179 224 269 314 359 404 449 494 539 584 629 674 719 764 809 854 899 944 989 991
1080 1125 1170 1215 1260 1305 1350 1395 1440 1485 1530 1575 1620 1665 1710 1755 1800 1845 41 86 88 133 178 223 268 313 358 403 448 493 538 583 628 673 718 763 808 853 898 943 988 990 1035
1124 1169 1214 1259 1304 1349 1394 1439 1484 1529 1574 1619 1664 1709 1754 1799 1844 40 85 87 132 177 222 267 312 357 402 447 492 537 582 627 672 717 762 807 852 897 942 987 1032 1034 1079
1168 1213 1258 1303 1348 1393 1438 1483 1528 1573 1618 1663 1708 1753 1798 1843 39 84 129 131 176 221 266 311 356 401 446 491 536 581 626 671 716 761 806 851 896 941 986 1031 1033 1078 1123
1212 1257 1302 1347 1392 1437 1482 1527 1572 1617 1662 1707 1752 1797 1842 38 83 128 130 175 220 265 310 355 400 445 490 535 580 625 670 715 760 805 850 895 940 985 1030 1075 1077 1122 1167
1256 1301 1346 1391 1436 1481 1526 1571 1616 1661 1706 1751 1796 1841 37 82 127 172 174 219 264 309 354 399 444 489 534 579 624 669 714 759 804 849 894 939 984 1029 1074 1076 1121 1166 1211
1300 1345 1390 1435 1480 1525 1570 1615 1660 1705 1750 1795 1840 36 81 126 171 173 218 263 308 353 398 443 488 533 578 623 668 713 758 803 848 893 938 983 1028 1073 1118 1120 1165 1210 1255
1344 1389 1434 1479 1524 1569 1614 1659 1704 1749 1794 1839 35 80 125 170 215 217 262 307 352 397 442 487 532 577 622 667 712 757 802 847 892 937 982 1027 1072 1117 1119 1164 1209 1254 1299
1388 1433 1478 1523 1568 1613 1658 1703 1748 1793 1838 34 79 124 169 214 216 261 306 351 396 441 486 531 576 621 666 711 756 801 846 891 936 981 1026 1071 1116 1161 1163 1208 1253 1298 1343
1432 1477 1522 1567 1612 1657 1702 1747 1792 1837 33 78 123 168 213 258 260 305 350 395 440 485 530 575 620 665 710 755 800 845 890 935 980 1025 1070 1115 1160 1162 1207 1252 1297 1342 1387
1476 1521 1566 1611 1656 1701 1746 1791 1836 32 77 122 167 212 257 259 304 349 394 439 484 529 574 619 664 709 754 799 844 889 934 979 1024 1069 1114 1159 1204 1206 1251 1296 1341 1386 1431
1520 1565 1610 1655 1700 1745 1790 1835 31 76 121 166 211 256 301 303 348 393 438 483 528 573 618 663 708 753 798 843 888 933 978 1023 1068 1113 1158 1203 1205 1250 1295 1340 1385 1430 1475
1564 1609 1654 1699 1744 1789 1834 30 75 120 165 210 255 300 302 347 392 437 482 527 572 617 662 707 752 797 842 887 932 977 1022 1067 1112 1157 1202 1247 1249 1294 1339 1384 1429 1474 1519
1608 1653 1698 1743 1788 1833 29 74 119 164 209 254 299 344 346 391 436 481 526 571 616 661 706 751 796 841 886 931 976 1021 1066 1111 1156 1201 1246 1248 1293 1338 1383 1428 1473 1518 1563
1652 1697 1742 1787 1832 28 73 118 163 208 253 298 343 345 390 435 480 525 570 615 660 705 750 795 840 885 930 975 1020 1065 1110 1155 1200 1245 1290 1292 1337 1382 1427 1472 1517 1562 1607
1696 1741 1786 1831 27 72 117 162 207 252 297 342 387 389 434 479 524 569 614 659 704 749 794 839 884 929 974 1019 1064 1109 1154 1199 1244 1289 1291 1336 1381 1426 1471 1516 1561 1606 1651
1740 1785 1830 26 71 116 161 206 251 296 341 386 388 433 478 523 568 613 658 703 748 793 838 883 928 973 1018 1063 1108 1153 1198 1243 1288 1333 1335 1380 1425 1470 1515 1560 1605 1650 1695
1784 1829 25 70 115 160 205 250 295 340 385 430 432 477 522 567 612 657 702 747 792 837 882 927 972 1017 1062 1107 1152 1197 1242 1287 1332 1334 1379 1424 1469 1514 1559 1604 1649 1694 1739
1828 24 69 114 159 204 249 294 339 384 429 431 476 521 566 611 656 701 746 791 836 881 926 971 1016 1061 1106 1151 1196 1241 1286 1331 1376 1378 1423 1468 1513 1558 1603 1648 1693 1738 1783
23 68 113 158 203 248 293 338 383 428 473 475 520 565 610 655 700 745 790 835 880 925 970 1015 1060 1105 1150 1195 1240 1285 1330 1375 1377 1422 1467 1512 1557 1602 1647 1692 1737 1782 1827
67 112 157 202 247 292 337 382 427 472 474 519 564 609 654 699 744 789 834 879 924 969 1014 1059 1104 1149 1194 1239 1284 1329 1374 1419 1421 1466 1511 1556 1601 1646 1691 1736 1781 1826 22
111 156 201 246 291 336 381 426 471 516 518 563 608 653 698 743 788 833 878 923 968 1013 1058 1103 1148 1193 1238 1283 1328 1373 1418 1420 1465 1510 1555 1600 1645 1690 1735 1780 1825 21 66
155 200 245 290 335 380 425 470 515 517 562 607 652 697 742 787 832 877 922 967 1012 1057 1102 1147 1192 1237 1282 1327 1372 1417 1462 1464 1509 1554 1599 1644 1689 1734 1779 1824 20 65 110
199 244 289 334 379 424 469 514 559 561 606 651 696 741 786 831 876 921 966 1011 1056 1101 1146 1191 1236 1281 1326 1371 1416 1461 1463 1508 1553 1598 1643 1688 1733 1778 1823 19 64 109 154
243 288 333 378 423 468 513 558 560 605 650 695 740 785 830 875 920 965 1010 1055 1100 1145 1190 1235 1280 1325 1370 1415 1460 1505 1507 1552 1597 1642 1687 1732 1777 1822 18 63 108 153 198
287 332 377 422 467 512 557 602 604 649 694 739 784 829 874 919 964 1009 1054 1099 1144 1189 1234 1279 1324 1369 1414 1459 1504 1506 1551 1596 1641 1686 1731 1776 1821 17 62 107 152 197 242
331 376 421 466 511 556 601 603 648 693 738 783 828 873 918 963 1008 1053 1098 1143 1188 1233 1278 1323 1368 1413 1458 1503 1548 1550 1595 1640 1685 1730 1775 1820 16 61 106 151 196 241 286
375 420 465 510 555 600 645 647 692 737 782 827 872 917 962 1007 1052 1097 1142 1187 1232 1277 1322 1367 1412 1457 1502 1547 1549 1594 1639 1684 1729 1774 1819 15 60 105 150 195 240 285 330
419 464 509 554 599 644 646 691 736 781 826 871 916 961 1006 1051 1096 1141 1186 1231 1276 1321 1366 1411 1456 1501 1546 1591 1593 1638 1683 1728 1773 1818 14 59 104 149 194 239 284 329 374
463 508 553 598 643 688 690 735 780 825 870 915 960 1005 1050 1095 1140 1185 1230 1275 1320 1365 1410 1455 1500 1545 1590 1592 1637 1682 1727 1772 1817 13 58 103 148 193 238 283 328 373 418
507 552 597 642 687 689 734 779 824 869 914 959 1004 1049 1094 1139 1184 1229 1274 1319 1364 1409 1454 1499 1544 1589 1634 1636 1681 1726 1771 1816 12 57 102 147 192 237 282 327 372 417 462
551 596 641 686 731 733 778 823 868 913 958 1003 1048 1093 1138 1183 1228 1273 1318 1363 1408 1453 1498 1543 1588 1633 1635 1680 1725 1770 1815 11 56 101 146 191 236 281 326 371 416 461 506
595 640 685 730 732 777 822 867 912 957 1002 1047 1092 1137 1182 1227 1272 1317 1362 1407 1452 1497 1542 1587 1632 1677 1679 1724 1769 1814 10 55 100 145 190 235 280 325 370 415 460 505 550
639 684 729 774 776 821 866 911 956 1001 1046 1091 1136 1181 1226 1271 1316 1361 1406 1451 1496 1541 1586 1631 1676 1678 1723 1768 1813 9 54 99 144 189 234 279 324 369 414 459 504 549 594
683 728 773 775 820 865 910 955 1000 1045 1090 1135 1180 1225 1270 1315 1360 1405 1450 1495 1540 1585 1630 1675 1720 1722 1767 1812 8 53 98 143 188 233 278 323 368 413 458 503 548 593 638
727 772 817 819 864 909 954 999 1044 1089 1134 1179 1224 1269 1314 1359 1404 1449 1494 1539 1584 1629 1674 1719 1721 1766 1811 7 52 97 142 187 232 277 322 367 412 457 502 547 592 637 682
771 816 818 863 908 953 998 1043 1088 1133 1178 1223 1268 1313 1358 1403 1448 1493 1538 1583 1628 1673 1718 1763 1765 1810 6 51 96 141 186 231 276 321 366 411 456 501 546 591 636 681 726
815 860 862 907 952 997 1042 1087 1132 1177 1222 1267 1312 1357 1402 1447 1492 1537 1582 1627 1672 1717 1762 1764 1809 5 50 95 140 185 230 275 320 365 410 455 500 545 590 635 680 725 770
859 861 906 951 996 1041 1086 1131 1176 1221 1266 1311 1356 1401 1446 1491 1536 1581 1626 1671 1716 1761 1806 1808 4 49 94 139 184 229 274 319 364 409 454 499 544 589 634 679 724 769 814
903 905 950 995 1040 1085 1130 1175 1220 1265 1310 1355 1400 1445 1490 1535 1580 1625 1670 1715 1760 1805 1807 3 48 93 138 183 228 273 318 363 408 453 498 543 588 633 678 723 768 813 858
904 949 994 1039 1084 1129 1174 1219 1264 1309 1354 1399 1444 1489 1534 1579 1624 1669 1714 1759 1804 1849 2 47 92 137 182 227 272 317 362 407 452 497 542 587 632 677 722 767 812 857 902
863 906 949 992 1035 1078 1121 1164 1207 1250 1293 1336 1379 1422 1465 1508 1551 1594 1637 1680 1 44 87 130 173 216 259 302 345 388 431 474 517 560 603 646 689 732 775 818 861
905 948 991 1034 1077 1120 1163 1206 1249 1292 1335 1378 1421 1464 1507 1550 1593 1636 1679 41 43 86 129 172 215 258 301 344 387 430 473 516 559 602 645 688 731 774 817 860 862
947 990 1033 1076 1119 1162 1205 1248 1291 1334 1377 1420 1463 1506 1549 1592 1635 1678 40 42 85 128 171 214 257 300 343 386 429 472 515 558 601 644 687 730 773 816 859 902 904
989 1032 1075 1118 1161 1204 1247 1290 1333 1376 1419 1462 1505 1548 1591 1634 1677 39 82 84 127 170 213 256 299 342 385 428 471 514 557 600 643 686 729 772 815 858 901 903 946
1031 1074 1117 1160 1203 1246 1289 1332 1375 1418 1461 1504 1547 1590 1633 1676 38 81 83 126 169 212 255 298 341 384 427 470 513 556 599 642 685 728 771 814 857 900 943 945 988
1073 1116 1159 1202 1245 1288 1331 1374 1417 1460 1503 1546 1589 1632 1675 37 80 123 125 168 211 254 297 340 383 426 469 512 555 598 641 684 727 770 813 856 899 942 944 987 1030
1115 1158 1201 1244 1287 1330 1373 1416 1459 1502 1545 1588 1631 1674 36 79 122 124 167 210 253 296 339 382 425 468 511 554 597 640 683 726 769 812 855 898 941 984 986 1029 1072
1157 1200 1243 1286 1329 1372 1415 1458 1501 1544 1587 1630 1673 35 78 121 164 166 209 252 295 338 381 424 467 510 553 596 639 682 725 768 811 854 897 940 983 985 1028 1071 1114
1199 1242 1285 1328 1371 1414 1457 1500 1543 1586 1629 1672 34 77 120 163 165 208 251 294 337 380 423 466 509 552 595 638 681 724 767 810 853 896 939 982 1025 1027 1070 1113 1156
1241 1284 1327 1370 1413 1456 1499 1542 1585 1628 1671 33 76 119 162 205 207 250 293 336 379 422 465 508 551 594 637 680 723 766 809 852 895 938 981 1024 1026 1069 1112 1155 1198
1283 1326 1369 1412 1455 1498 1541 1584 1627 1670 32 75 118 161 204 206 249 292 335 378 421 464 507 550 593 636 679 722 765 808 851 894 937 980 1023 1066 1068 1111 1154 1197 1240
1325 1368 1411 1454 1497 1540 1583 1626 1669 31 74 117 160 203 246 248 291 334 377 420 463 506 549 592 635 678 721 764 807 850 893 936 979 1022 1065 1067 1110 1153 1196 1239 1282
1367 1410 1453 1496 1539 1582 1625 1668 30 73 116 159 202 245 247 290 333 376 419 462 505 548 591 634 677 720 763 806 849 892 935 978 1021 1064 1107 1109 1152 1195 1238 1281 1324
1409 1452 1495 1538 1581 1624 1667 29 72 115 158 201 244 287 289 332 375 418 461 504 547 590 633 676 719 762 805 848 891 934 977 1020 1063 1106 1108 1151 1194 1237 1280 1323 1366
1451 1494 1537 1580 1623 1666 28 71 114 157 200 243 286 288 331 374 417 460 503 546 589 632 675 718 761 804 847 890 933 976 1019 1062 1105 1148 1150 1193 1236 1279 1322 1365 1408
1493 1536 1579 1622 1665 27 70 113 156 199 242 285 328 330 373 416 459 502 545 588 631 674 717 760 803 846 889 932 975 1018 1061 1104 1147 1149 1192 1235 1278 1321 1364 1407 1450
1535 1578 1621 1664 26 69 112 155 198 241 284 327 329 372 415 458 501 544 587 630 673 716 759 802 845 888 931 974 1017 1060 1103 1146 1189 1191 1234 1277 1320 1363 1406 1449 1492
1577 1620 1663 25 68 111 154 197 240 283 326 369 371 414 457 500 543 586 629 672 715 758 801 844 887 930 973 1016 1059 1102 1145 1188 1190 1233 1276 1319 1362 1405 1448 1491 1534
1619 1662 24 67 110 153 196 239 282 325 368 370 413 456 499 542 585 628 671 714 757 800 843 886 929 972 1015 1058 1101 1144 1187 1230 1232 1275 1318 1361 1404 1447 1490 1533 1576
1661 23 66 109 152 195 238 281 324 367 410 412 455 498 541 584 627 670 713 756 799 842 885 928 971 1014 1057 1100 1143 1186 1229 1231 1274 1317 1360 1403 1446 1489 1532 1575 1618
22 65 108 151 194 237 280 323 366 409 411 454 497 540 583 626 669 712 755 798 841 884 927 970 1013 1056 1099 1142 1185 1228 1271 1273 1316 1359 1402 1445 1488 1531 1574 1617 1660
64 107 150 193 236 279 322 365 408 451 453 496 539 582 625 668 711 754 797 840 883 926 969 1012 1055 1098 1141 1184 1227 1270 1272 1315 1358 1401 1444 1487 1530 1573 1616 1659 21
106 149 192 235 278 321 364 407 450 452 495 538 581 624 667 710 753 796 839 882 925 968 1011 1054 1097 1140 1183 1226 1269 1312 1314 1357 1400 1443 1486 1529 1572 1615 1658 20 63
148 191 234 277 320 363 406 449 492 494 537 580 623 666 709 752 795 838 881 924 967 1010 1053 1096 1139 1182 1225 1268 1311 1313 1356 1399 1442 1485 1528 1571 1614 1657 19 62 105
190 233 276 319 362 405 448 491 493 536 579 622 665 708 751 794 837 880 923 966 1009 1052 1095 1138 1181 1224 1267 1310 1353 1355 1398 1441 1484 1527 1570 1613 1656 18 61 104 147
232 275 318 361 404 447 490 533 535 578 621 664 707 750 793 836 879 922 965 1008 1051 1094 1137 1180 1223 1266 1309 1352 1354 1397 1440 1483 1526 1569 1612 1655 17 60 103 146 189
274 317 360 403 446 489 532 534 577 620 663 706 749 792 835 878 921 964 1007 1050 1093 1136 1179 1222 1265 1308 1351 1394 1396 1439 1482 1525 1568 1611 1654 16 59 102 145 188 231
316 359 402 445 488 531 574 576 619 662 705 748 791 834 877 920 963 1006 1049 1092 1135 1178 1221 1264 1307 1350 1393 1395 1438 1481 1524 1567 1610 1653 15 58 101 144 187 230 273
358 401 444 487 530 573 575 618 661 704 747 790 833 876 919 962 1005 1048 1091 1134 1177 1220 1263 1306 1349 1392 1435 1437 1480 1523 1566 1609 1652 14 57 100 143 186 229 272 315
400 443 486 529 572 615 617 660 703 746 789 832 875 918 961 1004 1047 1090 1133 1176 1219 1262 1305 1348 1391 1434 1436 1479 1522 1565 1608 1651 13 56 99 142 185 228 271 314 357
442 485 528 571 614 616 659 702 745 788 831 874 917 960 1003 1046 1089 1132 1175 1218 1261 1304 1347 1390 1433 1476 1478 1521 1564 1607 1650 12 55 98 141 184 227 270 313 356 399
484 527 570 613 656 658 701 744 787 830 873 916 959 1002 1045 1088 1131 1174 1217 1260 1303 1346 1389 1432 1475 1477 1520 1563 1606 1649 11 54 97 140 183 226 269 312 355 398 441
526 569 612 655 657 700 743 786 829 872 915 958 1001 1044 1087 1130 1173 1216 1259 1302 1345 1388 1431 1474 1517 1519 1562 1605 1648 10 53 96 139 182 225 268 311 354 397 440 483
568 611 654 697 699 742 785 828 871 914 957 1000 1043 1086 1129 1172 1215 1258 1301 1344 1387 1430 1473 1516 1518 1561 1604 1647 9 52 95 138 181 224 267 310 353 396 439 482 525
610 653 696 698 741 784 827 870 913 956 999 1042 1085 1128 1171 1214 1257 1300 1343 1386 1429 1472 1515 1558 1560 1603 1646 8 51 94 137 180 223 266 309 352 395 438 481 524 567
652 695 738 740 783 826 869 912 955 998 1041 1084 1127 1170 1213 1256 1299 1342 1385 1428 1471 1514 1557 1559 1602 1645 7 50 93 136 179 222 265 308 351 394 437 480 523 566 609
694 737 739 782 825 868 911 954 997 1040 1083 1126 1169 1212 1255 1298 1341 1384 1427 1470 1513 1556 1599 1601 1644 6 49 92 135 178 221 264 307 350 393 436 479 522 565 608 651
736 779 781 824 867 910 953 996 1039 1082 1125 1168 1211 1254 1297 1340 1383 1426 1469 1512 1555 1598 1600 1643 5 48 91 134 177 220 263 306 349 392 435 478 521 564 607 650 693
778 780 823 866 909 952 995 1038 1081 1124 1167 1210 1253 1296 1339 1382 1425 1468 1511 1554 1597 1640 1642 4 47 90 133 176 219 262 305 348 391 434 477 520 563 606 649 692 735
820 822 865 908 951 994 1037 1080 1123 1166 1209 1252 1295 1338 1381 1424 1467 1510 1553 1596 1639 1641 3 46 89 132 175 218 261 304 347 390 433 476 519 562 605 648 691 734 777
821 864 907 950 993 1036 1079 1122 1165 1208 1251 1294 1337 1380 1423 1466 1509 1552 1595 1638 1681 2 45 88 131 174 217 260 303 346 389 432 475 518 561 604 647 690 733 776 819
1130 1179 1228 1277 1326 1375 1424 1473 1522 1571 1620 1669 1718 1767 1816 1865 1914 1963 2012 2061 2110 2159 2208 1 50 99 148 197 246 295 344 393 442 491 540 589 638 687 736 785 834 883 932 981 1030 1079 1128
1178 1227 1276 1325 1374 1423 1472 1521 1570 1619 1668 1717 1766 1815 1864 1913 1962 2011 2060 2109 2158 2207 47 49 98 147 196 245 294 343 392 441 490 539 588 637 686 735 784 833 882 931 980 1029 1078 1127 1129
1226 1275 1324 1373 1422 1471 1520 1569 1618 1667 1716 1765 1814 1863 1912 1961 2010 2059 2108 2157 2206 46 48 97 146 195 244 293 342 391 440 489 538 587 636 685 734 783 832 881 930 979 1028 1077 1126 1175 1177
1274 1323 1372 1421 1470 1519 1568 1617 1666 1715 1764 1813 1862 1911 1960 2009 2058 2107 2156 2205 45 94 96 145 194 243 292 341 390 439 488 537 586 635 684 733 782 831 880 929 978 1027 1076 1125 1174 1176 1225
1322 1371 1420 1469 1518 1567 1616 1665 1714 1763 1812 1861 1910 1959 2008 2057 2106 2155 2204 44 93 95 144 193 242 291 340 389 438 487 536 585 634 683 732 781 830 879 928 977 1026 1075 1124 1173 1222 1224 1273
1370 1419 1468 1517 1566 1615 1664 1713 1762 1811 1860 1909 1958 2007 2056 2105 2154 2203 43 92 141 143 192 241 290 339 388 437 486 535 584 633 682 731 780 829 878 927 976 1025 1074 1123 1172 1221 1223 1272 1321
1418 1467 1516 1565 1614 1663 1712 1761 1810 1859 1908 1957 2006 2055 2104 2153 2202 42 91 140 142 191 240 289 338 387 436 485 534 583 632 681 730 779 828 877 926 975 1024 1073 1122 1171 1220 1269 1271 1320 1369
1466 1515 1564 1613 1662 1711 1760 1809 1858 1907 1956 2005 2054 2103 2152 2201 41 90 139 188 190 239 288 337 386 435 484 533 582 631 680 729 778 827 876 925 974 1023 1072 1121 1170 1219 1268 1270 1319 1368 1417
1514 1563 1612 1661 1710 1759 1808 1857 1906 1955 2004 2053 2102 2151 2200 40 89 138 187 189 238 287 336 385 434 483 532 581 630 679 728 777 826 875 924 973 1022 1071 1120 1169 1218 1267 1316 1318 1367 1416 1465
1562 1611 1660 1709 1758 1807 1856 1905 1954 2003 2052 2101 2150 2199 39 88 137 186 235 237 286 335 384 433 482 531 580 629 678 727 776 825 874 923 972 1021 1070 1119 1168 1217 1266 1315 1317 1366 1415 1464 1513
1610 1659 1708 1757 1806 1855 1904 1953 2002 2051 2100 2149 2198 38 87 136 185 234 236 285 334 383 432 481 530 579 628 677 726 775 824 873 922 971 1020 1069 1118 1167 1216 1265 1314 1363 1365 1414 1463 1512 1561
1658 1707 1756 1805 1854 1903 1952 2001 2050 2099 2148 2197 37 86 135 184 233 282 284 333 382 431 480 529 578 627 676 725 774 823 872 921 970 1019 1068 1117 1166 1215 1264 1313 1362 1364 1413 1462 1511 1560 1609
1706 1755 1804 1853 1902 1951 2000 2049 2098 2147 2196 36 85 134 183 232 281 283 332 381 430 479 528 577 626 675 724 773 822 871 920 969 1018 1067 1116 1165 1214 1263 1312 1361 1410 1412 1461 1510 1559 1608 1657
1754 1803 1852 1901 1950 1999 2048 2097 2146 2195 35 84 133 182 231 280 329 331 380 429 478 527 576 625 674 723 772 821 870 919 968 1017 1066 1115 1164 1213 1262 1311 1360 1409 1411 1460 1509 1558 1607 1656 1705
1802 1851 1900 1949 1998 2047 2096 2145 2194 34 83 132 181 230 279 328 330 379 428 477 526 575 624 673 722 771 820 869 918 967 1016 1065 1114 1163 1212 1261 1310 1359 1408 1457 1459 1508 1557 1606 1655 1704 1753
1850 1899 1948 1997 2046 2095 2144 2193 33 82 131 180 229 278 327 376 378 427 476 525 574 623 672 721 770 819 868 917 966 1015 1064 1113 1162 1211 1260 1309 1358 1407 1456 1458 1507 1556 1605 1654 1703 1752 1801
1898 1947 1996 2045 2094 2143 2192 32 81 130 179 228 277 326 375 377 426 475 524 573 622 671 720 769 818 867 916 965 1014 1063 1112 1161 1210 1259 1308 1357 1406 1455 1504 1506 1555 1604 1653 1702 1751 1800 1849
1946 1995 2044 2093 2142 2191 31 80 129 178 227 276 325 374 423 425 474 523 572 621 670 719 768 817 866 915 964 1013 1062 1111 1160 1209 1258 1307 1356 1405 1454 1503 1505 1554 1603 1652 1701 1750 1799 1848 1897
1994 2043 2092 2141 2190 30 79 128 177 226 275 324 373 422 424 473 522 571 620 669 718 767 816 865 914 963 1012 1061 1110 1159 1208 1257 1306 1355 1404 1453 1502 1551 1553 1602 1651 1700 1749 1798 1847 1896 1945
2042 2091 2140 2189 29 78 127 176 225 274 323 372 421 470 472 521 570 619 668 717 766 815 864 913 962 1011 1060 1109 1158 1207 1256 1305 1354 1403 1452 1501 1550 1552 1601 1650 1699 1748 1797 1846 1895 1944 1993
2090 2139 2188 28 77 126 175 224 273 322 371 420 469 471 520 569 618 667 716 765 814 863 912 961 1010 1059 1108 1157 1206 1255 1304 1353 1402 1451 1500 1549 1598 1600 1649 1698 1747 1796 1845 1894 1943 1992 2041
2138 2187 27 76 125 174 223 272 321 370 419 468 517 519 568 617 666 715 764 813 862 911 960 1009 1058 1107 1156 1205 1254 1303 1352 1401 1450 1499 1548 1597 1599 1648 1697 1746 1795 1844 1893 1942 1991 2040 2089
2186 26 75 124 173 222 271 320 369 418 467 516 518 567 616 665 714 763 812 861 910 959 1008 1057 1106 1155 1204 1253 1302 1351 1400 1449 1498 1547 1596 1645 1647 1696 1745 1794 1843 1892 1941 1990 2039 2088 2137
25 74 123 172 221 270 319 368 417 466 515 564 566 615 664 713 762 811 860 909 958 1007 1056 1105 1154 1203 1252 1301 1350 1399 1448 1497 1546 1595 1644 1646 1695 1744 1793 1842 1891 1940 1989 2038 2087 2136 2185
73 122 171 220 269 318 367 416 465 514 563 565 614 663 712 761 810 859 908 957 1006 1055 1104 1153 1202 1251 1300 1349 1398 1447 1496 1545 1594 1643 1692 1694 1743 1792 1841 1890 1939 1988 2037 2086 2135 2184 24
121 170 219 268 317 366 415 464 513 562 611 613 662 711 760 809 858 907 956 1005 1054 1103 1152 1201 1250 1299 1348 1397 1446 1495 1544 1593 1642 1691 1693 1742 1791 1840 1889 1938 1987 2036 2085 2134 2183 23 72
169 218 267 316 365 414 463 512 561 610 612 661 710 759 808 857 906 955 1004 1053 1102 1151 1200 1249 1298 1347 1396 1445 1494 1543 1592 1641 1690 1739 1741 1790 1839 1888 1937 1986 2035 2084 2133 2182 22 71 120
217 266 315 364 413 462 511 560 609 658 660 709 758 807 856 905 954 1003 1052 1101 1150 1199 1248 1297 1346 1395 1444 1493 1542 1591 1640 1689 1738 1740 1789 1838 1887 1936 1985 2034 2083 2132 2181 21 70 119 168
265 314 363 412 461 510 559 608 657 659 708 757 806 855 904 953 1002 1051 1100 1149 1198 1247 1296 1345 1394 1443 1492 1541 1590 1639 1688 1737 1786 1788 1837 1886 1935 1984 2033 2082 2131 2180 20 69 118 167 216
313 362 411 460 509 558 607 656 705 707 756 805 854 903 952 1001 1050 1099 1148 1197 1246 1295 1344 1393 1442 1491 1540 1589 1638 1687 1736 1785 1787 1836 1885 1934 1983 2032 2081 2130 2179 19 68 117 166 215 264
361 410 459 508 557 606 655 704 706 755 804 853 902 951 1000 1049 1098 1147 1196 1245 1294 1343 1392 1441 1490 1539 1588 1637 1686 1735 1784 1833 1835 1884 1933 1982 2031 2080 2129 2178 18 67 116 165 214 263 312
409 458 507 556 605 654 703 752 754 803 852 901 950 999 1048 1097 1146 1195 1244 1293 1342 1391 1440 1489 1538 1587 1636 1685 1734 1783 1832 1834 1883 1932 1981 2030 2079 2128 2177 17 66 115 164 213 262 311 360
457 506 555 604 653 702 751 753 802 851 900 949 998 1047 1096 1145 1194 1243 1292 1341 1390 1439 1488 1537 1586 1635 1684 1733 1782 1831 1880 1882 1931 1980 2029 2078 2127 2176 16 65 114 163 212 261 310 359 408
505 554 603 652 701 750 799 801 850 899 948 997 1046 1095 1144 1193 1242 1291 1340 1389 1438 1487 1536 1585 1634 1683 1732 1781 1830 1879 1881 1930 1979 2028 2077 2126 2175 15 64 113 162 211 260 309 358 407 456
553 602 651 700 749 798 800 849 898 947 996 1045 1094 1143 1192 1241 1290 1339 1388 1437 1486 1535 1584 1633 1682 1731 1780 1829 1878 1927 1929 1978 2027 2076 2125 2174 14 63 112 161 210 259 308 357 406 455 504
601 650 699 748 797 846 848 897 946 995 1044 1093 1142 1191 1240 1289 1338 1387 1436 1485 1534 1583 1632 1681 1730 1779 1828 1877 1926 1928 1977 2026 2075 2124 2173 13 62 111 160 209 258 307 356 405 454 503 552
649 698 747 796 845 847 896 945 994 1043 1092 1141 1190 1239 1288 1337 1386 1435 1484 1533 1582 1631 1680 1729 1778 1827 1876 1925 1974 1976 2025 2074 2123 2172 12 61 110 159 208 257 306 355 404 453 502 551 600
697 746 795 844 893 895 944 993 1042 1091 1140 1189 1238 1287 1336 1385 1434 1483 1532 1581 1630 1679 1728 1777 1826 1875 1924 1973 1975 2024 2073 2122 2171 11 60 109 158 207 256 305 354 403 452 501 550 599 648
745 794 843 892 894 943 992 1041 1090 1139 1188 1237 1286 1335 1384 1433 1482 1531 1580 1629 1678 1727 1776 1825 1874 1923 1972 2021 2023 2072 2121 2170 10 59 108 157 206 255 304 353 402 451 500 549 598 647 696
793 842 891 940 942 991 1040 1089 1138 1187 1236 1285 1334 1383 1432 1481 1530 1579 1628 1677 1726 1775 1824 1873 1922 1971 2020 2022 2071 2120 2169 9 58 107 156 205 254 303 352 401 450 499 548 597 646 695 744
841 890 939 941 990 1039 1088 1137 1186 1235 1284 1333 1382 1431 1480 1529 1578 1627 1676 1725 1774 1823 1872 1921 1970 2019 2068 2070 2119 2168 8 57 106 155 204 253 302 351 400 449 498 547 596 645 694 743 792
889 938 987 989 1038 1087 1136 1185 1234 1283 1332 1381 1430 1479 1528 1577 1626 1675 1724 1773 1822 1871 1920 1969 2018 2067 2069 2118 2167 7 56 105 154 203 252 301 350 399 448 497 546 595 644 693 742 791 840
937 986 988 1037 1086 1135 1184 1233 1282 1331 1380 1429 1478 1527 1576 1625 1674 1723 1772 1821 1870 1919 1968 2017 2066 2115 2117 2166 6 55 104 153 202 251 300 349 398 447 496 545 594 643 692 741 790 839 888
985 1034 1036 1085 1134 1183 1232 1281 1330 1379 1428 1477 1526 1575 1624 1673 1722 1771 1820 1869 1918 1967 2016 2065 2114 2116 2165 5 54 103 152 201 250 299 348 397 446 495 544 593 642 691 740 789 838 887 936
1033 1035 1084 1133 1182 1231 1280 1329 1378 1427 1476 1525 1574 1623 1672 1721 1770 1819 1868 1917 1966 2015 2064 2113 2162 2164 4 53 102 151 200 249 298 347 396 445 494 543 592 641 690 739 788 837 886 935 984
1081 1083 1132 1181 1230 1279 1328 1377 1426 1475 1524 1573 1622 1671 1720 1769 1818 1867 1916 1965 2014 2063 2112 2161 2163 3 52 101 150 199 248 297 346 395 444 493 542 591 640 689 738 787 836 885 934 983 1032
1082 1131 1180 1229 1278 1327 1376 1425 1474 1523 1572 1621 1670 1719 1768 1817 1866 1915 1964 2013 2062 2111 2160 2209 2 51 100 149 198 247 296 345 394 443 492 541 590 639 688 737 786 835 884 933 982 1031 1080
1227 1278 1329 1380 1431 1482 1533 1584 1635 1686 1737 1788 1839 1890 1941 1992 2043 2094 2145 2196 2247 2298 2349 2400 1 52 103 154 205 256 307 358 409 460 511 562 613 664 715 766 817 868 919 970 1021 1072 1123 1174 1225
1277 1328 1379 1430 1481 1532 1583 1634 1685 1736 1787 1838 1889 1940 1991 2042 2093 2144 2195 2246 2297 2348 2399 49 51 102 153 204 255 306 357 408 459 510 561 612 663 714 765 816 867 918 969 1020 1071 1122 1173 1224 1226
1327 1378 1429 1480 1531 1582 1633 1684 1735 1786 1837 1888 1939 1990 2041 2092 2143 2194 2245 2296 2347 2398 48 50 101 152 203 254 305 356 407 458 509 560 611 662 713 764 815 866 917 968 1019 1070 1121 1172 1223 1274 1276
1377 1428 1479 1530 1581 1632 1683 1734 1785 1836 1887 1938 1989 2040 2091 2142 2193 2244 2295 2346 2397 47 98 100 151 202 253 304 355 406 457 508 559 610 661 712 763 814 865 916 967 1018 1069 1120 1171 1222 1273 1275 1326
1427 1478 1529 1580 1631 1682 1733 1784 1835 1886 1937 1988 2039 2090 2141 2192 2243 2294 2345 2396 46 97 99 150 201 252 303 354 405 456 507 558 609 660 711 762 813 864 915 966 1017 1068 1119 1170 1221 1272 1323 1325 1376
1477 1528 1579 1630 1681 1732 1783 1834 1885 1936 1987 2038 2089 2140 2191 2242 2293 2344 2395 45 96 147 149 200 251 302 353 404 455 506 557 608 659 710 761 812 863 914 965 1016 1067 1118 1169 1220 1271 1322 1324 1375 1426
1527 1578 1629 1680 1731 1782 1833 1884 1935 1986 2037 2088 2139 2190 2241 2292 2343 2394 44 95 146 148 199 250 301 352 403 454 505 556 607 658 709 760 811 862 913 964 1015 1066 1117 1168 1219 1270 1321 1372 1374 1425 1476
1577 1628 1679 1730 1781 1832 1883 1934 1985 2036 2087 2138 2189 2240 2291 2342 2393 43 94 145 196 198 249 300 351 402 453 504 555 606 657 708 759 810 861 912 963 1014 1065 1116 1167 1218 1269 1320 1371 1373 1424 1475 1526
1627 1678 1729 1780 1831 1882 1933 1984 2035 2086 2137 2188 2239 2290 2341 2392 42 93 144 195 197 248 299 350 401 452 503 554 605 656 707 758 809 860 911 962 1013 1064 1115 1166 1217 1268 1319 1370 1421 1423 1474 1525 1576
1677 1728 1779 1830 1881 1932 1983 2034 2085 2136 2187 2238 2289 2340 2391 41 92 143 194 245 247 298 349 400 451 502 553 604 655 706 757 808 859 910 961 1012 1063 1114 1165 1216 1267 1318 1369 1420 1422 1473 1524 1575 1626
1727 1778 1829 1880 1931 1982 2033 2084 2135 2186 2237 2288 2339 2390 40 91 142 193 244 246 297 348 399 450 501 552 603 654 705 756 807 858 909 960 1011 1062 1113 1164 1215 1266 1317 1368 1419 1470 1472 1523 1574 1625 1676
1777 1828 1879 1930 1981 2032 2083 2134 2185 2236 2287 2338 2389 39 90 141 192 243 294 296 347 398 449 500 551 602 653 704 755 806 857 908 959 1010 1061 1112 1163 1214 1265 1316 1367 1418 1469 1471 1522 1573 1624 1675 1726
1827 1878 1929 1980 2031 2082 2133 2184 2235 2286 2337 2388 38 89 140 191 242 293 295 346 397 448 499 550 601 652 703 754 805 856 907 958 1009 1060 1111 1162 1213 1264 1315 1366 1417 1468 1519 1521 1572 1623 1674 1725 1776
1877 1928 1979 2030 2081 2132 2183 2234 2285 2336 2387 37 88 139 190 241 292 343 345 396 447 498 549 600 651 702 753 804 855 906 957 1008 1059 1110 1161 1212 1263 1314 1365 1416 1467 1518 1520 1571 1622 1673 1724 1775 1826
1927 1978 2029 2080 2131 2182 2233 2284 2335 2386 36 87 138 189 240 291 342 344 395 446 497 548 599 650 701 752 803 854 905 956 1007 1058 1109 1160 1211 1262 1313 1364 1415 1466 1517 1568 1570 1621 1672 1723 1774 1825 1876
1977 2028 2079 2130 2181 2232 2283 2334 2385 35 86 137 188 239 290 341 392 394 445 496 547 598 649 700 751 802 853 904 955 1006 1057 1108 1159 1210 1261 1312 1363 1414 1465 1516 1567 1569 1620 1671 1722 1773 1824 1875 1926
2027 2078 2129 2180 2231 2282 2333 2384 34 85 136 187 238 289 340 391 393 444 495 546 597 648 699 750 801 852 903 954 1005 1056 1107 1158 1209 1260 1311 1362 1413 1464 1515 1566 1617 1619 1670 1721 1772 1823 1874 1925 1976
2077 2128 2179 2230 2281 2332 2383 33 84 135 186 237 288 339 390 441 443 494 545 596 647 698 749 800 851 902 953 1004 1055 1106 1157 1208 1259 1310 1361 1412 1463 1514 1565 1616 1618 1669 1720 1771 1822 1873 1924 1975 2026
2127 2178 2229 2280 2331 2382 32 83 134 185 236 287 338 389 440 442 493 544 595 646 697 748 799 850 901 952 1003 1054 1105 1156 1207 1258 1309 1360 1411 1462 1513 1564 1615 1666 1668 1719 1770 1821 1872 1923 1974 2025 2076
2177 2228 2279 2330 2381 31 82 133 184 235 286 337 388 439 490 492 543 594 645 696 747 798 849 900 951 1002 1053 1104 1155 1206 1257 1308 1359 1410 1461 1512 1563 1614 1665 1667 1718 1769 1820 1871 1922 1973 2024 2075 2126
2227 2278 2329 2380 30 81 132 183 234 285 336 387 438 489 491 542 593 644 695 746 797 848 899 950 1001 1052 1103 1154 1205 1256 1307 1358 1409 1460 1511 1562 1613 1664 1715 1717 1768 1819 1870 1921 1972 2023 2074 2125 2176
2277 2328 2379 29 80 131 182 233 284 335 386 437 488 539 541 592 643 694 745 796 847 898 949 1000 1051 1102 1153 1204 1255 1306 1357 1408 1459 1510 1561 1612 1663 1714 1716 1767 1818 1869 1920 1971 2022 2073 2124 2175 2226
2327 2378 28 79 130 181 232 283 334 385 436 487 538 540 591 642 693 744 795 846 897 948 999 1050 1101 1152 1203 1254 1305 1356 1407 1458 1509 1560 1611 1662 1713 1764 1766 1817 1868 1919 1970 2021 2072 2123 2174 2225 2276
2377 27 78 129 180 231 282 333 384 435 486 537 588 590 641 692 743 794 845 896 947 998 1049 1100 1151 1202 1253 1304 1355 1406 1457 1508 1559 1610 1661 1712 1763 1765 1816 1867 1918 1969 2020 2071 2122 2173 2224 2275 2326
26 77 128 179 230 281 332 383 434 485 536 587 589 640 691 742 793 844 895 946 997 1048 1099 1150 1201 1252 1303 1354 1405 1456 1507 1558 1609 1660 1711 1762 1813 1815 1866 1917 1968 2019 2070 2121 2172 2223 2274 2325 2376
76 127 178 229 280 331 382 433 484 535 586 637 639 690 741 792 843 894 945 996 1047 1098 1149 1200 1251 1302 1353 1404 1455 1506 1557 1608 1659 1710 1761 1812 1814 1865 1916 1967 2018 2069 2120 2171 2222 2273 2324 2375 25
126 177 228 279 330 381 432 483 534 585 636 638 689 740 791 842 893 944 995 1046 1097 1148 1199 1250 1301 1352 1403 1454 1505 1556 1607 1658 1709 1760 1811 1862 1864 1915 1966 2017 2068 2119 2170 2221 2272 2323 2374 24 75
176 227 278 329 380 431 482 533 584 635 686 688 739 790 841 892 943 994 1045 1096 1147 1198 1249 1300 1351 1402 1453 1504 1555 1606 1657 1708 1759 1810 1861 1863 1914 1965 2016 2067 2118 2169 2220 2271 2322 2373 23 74 125
226 277 328 379 430 481 532 583 634 685 687 738 789 840 891 942 993 1044 1095 1146 1197 1248 1299 1350 1401 1452 1503 1554 1605 1656 1707 1758 1809 1860 1911 1913 1964 2015 2066 2117 2168 2219 2270 2321 2372 22 73 124 175
276 327 378 429 480 531 582 633 684 735 737 788 839 890 941 992 1043 1094 1145 1196 1247 1298 1349 1400 1451 1502 1553 1604 1655 1706 1757 1808 1859 1910 1912 1963 2014 2065 2116 2167 2218 2269 2320 2371 21 72 123 174 225
326 377 428 479 530 581 632 683 734 736 787 838 889 940 991 1042 1093 1144 1195 1246 1297 1348 1399 1450 1501 1552 1603 1654 1705 1756 1807 1858 1909 1960 1962 2013 2064 2115 2166 2217 2268 2319 2370 20 71 122 173 224 275
376 427 478 529 580 631 682 733 784 786 837 888 939 990 1041 1092 1143 1194 1245 1296 1347 1398 1449 1500 1551 1602 1653 1704 1755 1806 1857 1908 1959 1961 2012 2063 2114 2165 2216 2267 2318 2369 19 70 121 172 223 274 325
426 477 528 579 630 681 732 783 785 836 887 938 989 1040 1091 1142 1193 1244 1295 1346 1397 1448 1499 1550 1601 1652 1703 1754 1805 1856 1907 1958 2009 2011 2062 2113 2164 2215 2266 2317 2368 18 69 120 171 222 273 324 375
476 527 578 629 680 731 782 833 835 886 937 988 1039 1090 1141 1192 1243 1294 1345 1396 1447 1498 1549 1600 1651 1702 1753 1804 1855 1906 1957 2008 2010 2061 2112 2163 2214 2265 2316 2367 17 68 119 170 221 272 323 374 425
526 577 628 679 730 781 832 834 885 936 987 1038 1089 1140 1191 1242 1293 1344 1395 1446 1497 1548 1599 1650 1701 1752 1803 1854 1905 1956 2007 2058 2060 2111 2162 2213 2264 2315 2366 16 67 118 169 220 271 322 373 424 475
576 627 678 729 780 831 882 884 935 986 1037 1088 1139 1190 1241 1292 1343 1394 1445 1496 1547 1598 1649 1700 1751 1802 1853 1904 1955 2006 2057 2059 2110 2161 2212 2263 2314 2365 15 66 117 168 219 270 321 372 423 474 525
626 677 728 779 830 881 883 934 985 1036 1087 1138 1189 1240 1291 1342 1393 1444 1495 1546 1597 1648 1699 1750 1801 1852 1903 1954 2005 2056 2107 2109 2160 2211 2262 2313 2364 14 65 116 167 218 269 320 371 422 473 524 575
676 727 778 829 880 931 933 984 1035 1086 1137 1188 1239 1290 1341 1392 1443 1494 1545 1596 1647 1698 1749 1800 1851 1902 1953 2004 2055 2106 2108 2159 2210 2261 2312 2363 13 64 115 166 217 268 319 370 421 472 523 574 625
726 777 828 879 930 932 983 1034 1085 1136 1187 1238 1289 1340 1391 1442 1493 1544 1595 1646 1697 1748 1799 1850 1901 1952 2003 2054 2105 2156 2158 2209 2260 2311 2362 12 63 114 165 216 267 318 369 420 471 522 573 624 675
776 827 878 929 980 982 1033 1084 1135 1186 1237 1288 1339 1390 1441 1492 1543 1594 1645 1696 1747 1798 1849 1900 1951 2002 2053 2104 2155 2157 2208 2259 2310 2361 11 62 113 164 215 266 317 368 419 470 521 572 623 674 725
826 877 928 979 981 1032 1083 1134 1185 1236 1287 1338 1389 1440 1491 1542 1593 1644 1695 1746 1797 1848 1899 1950 2001 2052 2103 2154 2205 2207 2258 2309 2360 10 61 112 163 214 265 316 367 418 469 520 571 622 673 724 775
876 927 978 1029 1031 1082 1133 1184 1235 1286 1337 1388 1439 1490 1541 1592 1643 1694 1745 1796 1847 1898 1949 2000 2051 2102 2153 2204 2206 2257 2308 2359 9 60 111 162 213 264 315 366 417 468 519 570 621 672 723 774 825
926 977 1028 1030 1081 1132 1183 1234 1285 1336 1387 1438 1489 1540 1591 1642 1693 1744 1795 1846 1897 1948 1999 2050 2101 2152 2203 2254 2256 2307 2358 8 59 110 161 212 263 314 365 416 467 518 569 620 671 722 773 824 875
976 1027 1078 1080 1131 1182 1233 1284 1335 1386 1437 1488 1539 1590 1641 1692 1743 1794 1845 1896 1947 1998 2049 2100 2151 2202 2253 2255 2306 2357 7 58 109 160 211 262 313 364 415 466 517 568 619 670 721 772 823 874 925
1026 1077 1079 1130 1181 1232 1283 1334 1385 1436 1487 1538 1589 1640 1691 1742 1793 1844 1895 1946 1997 2048 2099 2150 2201 2252 2303 2305 2356 6 57 108 159 210 261 312 363 414 465 516 567 618 669 720 771 822 873 924 975
1076 1127 1129 1180 1231 1282 1333 1384 1435 1486 1537 1588 1639 1690 1741 1792 1843 1894 1945 1996 2047 2098 2149 2200 2251 2302 2304 2355 5 56 107 158 209 260 311 362 413 464 515 566 617 668 719 770 821 872 923 974 1025
1126 1128 1179 1230 1281 1332 1383 1434 1485 1536 1587 1638 1689 1740 1791 1842 1893 1944 1995 2046 2097 2148 2199 2250 2301 2352 2354 4 55 106 157 208 259 310 361 412 463 514 565 616 667 718 769 820 871 922 973 1024 1075
1176 1178 1229 1280 1331 1382 1433 1484 1535 1586 1637 1688 1739 1790 1841 1892 1943 1994 2045 2096 2147 2198 2249 2300 2351 2353 3 54 105 156 207 258 309 360 411 462 513 564 615 666 717 768 819 870 921 972 1023 1074 1125
1177 1228 1279 1330 1381 1432 1483 1534 1585 1636 1687 1738 1789 1840 1891 1942 1993 2044 2095 2146 2197 2248 2299 2350 2401 2 53 104 155 206 257 308 359 410 461 512 563 614 665 716 767 818 869 920 971 1022 1073 1124 1175
2202 2229 2256 2283 2310 2337 2364 2391 2418 2445 2472 2499 1 28 55 82 109 136 163 190 217 244 271 298 325 1577 1604 1631 1658 1685 1712 1739 1766 1793 1820 1847 1874 1251 1278 680 707 734 761 788 815 842 869 896 923 950
2228 2255 2282 2309 2336 2363 2390 2417 2444 2471 2498 1900 27 54 81 108 135 162 189 216 243 270 297 324 326 1603 1630 1657 1684 1711 1738 1765 1792 1819 1846 1873 1275 1277 1304 706 733 760 787 814 841 868 895 922 949 951
2254 2281 2308 2335 2362 2389 2416 2443 2470 2497 1899 1901 53 80 107 134 161 188 215 242 269 296 323 350 352 1629 1656 1683 1710 1737 1764 1791 1818 1845 1872 1274 1276 1303 1330 732 759 786 813 840 867 894 921 948 975 977
2280 2307 2334 2361 2388 2415 2442 2469 2496 1898 1925 1927 79 106 133 160 187 214 241 268 295 322 349 351 378 1655 1682 1709 1736 1763 1790 1817 1844 1871 1273 1300 1302 1329 1356 758 785 812 839 866 893 920 947 974 976 1003
2306 2333 2360 2387 2414 2441 2468 2495 1897 1924 1926 1953 105 132 159 186 213 240 267 294 321 348 375 377 404 1681 1708 1735 1762 1789 1816 1843 1870 1272 1299 1301 1328 1355 1382 784 811 838 865 892 919 946 973 1000 1002 1029
2332 2359 2386 2413 2440 2467 2494 1896 1923 1950 1952 1979 131 158 185 212 239 266 293 320 347 374 376 403 430 1707 1734 1761 1788 1815 1842 1869 1271 1298 1325 1327 1354 1381 1408 810 837 864 891 918 945 972 999 1001 1028 1055
2358 2385 2412 2439 2466 2493 1895 1922 1949 1951 1978 2005 157 184 211 238 265 292 319 346 373 400 402 429 456 1733 1760 1787 1814 1841 1868 1270 1297 1324 1326 1353 1380 1407 1434 836 863 890 917 944 971 998 1025 1027 1054 1081
2384 2411 2438 2465 2492 1894 1921 1948 1975 1977 2004 2031 183 210 237 264 291 318 345 372 399 401 428 455 482 1759 1786 1813 1840 1867 1269 1296 1323 1350 1352 1379 1406 1433 1460 862 889 916 943 970 997 1024 1026 1053 1080 1107
2410 2437 2464 2491 1893 1920 1947 1974 1976 2003 2030 2057 209 236 263 290 317 344 371 398 425 427 454 481 508 1785 1812 1839 1866 1268 1295 1322 1349 1351 1378 1405 1432 1459 1486 888 915 942 969 996 1023 1050 1052 1079 1106 1133
2436 2463 2490 1892 1919 1946 1973 2000 2002 2029 2056 2083 235 262 289 316 343 370 397 424 426 453 480 507 534 1811 1838 1865 1267 1294 1321 1348 1375 1377 1404 1431 1458 1485 1512 914 941 968 995 1022 1049 1051 1078 1105 1132 1159
2462 2489 1891 1918 1945 1972 1999 2001 2028 2055 2082 2109 261 288 315 342 369 396 423 450 452 479 506 533 560 1837 1864 1266 1293 1320 1347 1374 1376 1403 1430 1457 1484 1511 1538 940 967 994 1021 1048 1075 1077 1104 1131 1158 1185
2488 1890 1917 1944 1971 1998 2025 2027 2054 2081 2108 2135 287 314 341 368 395 422 449 451 478 505 532 559 586 1863 1265 1292 1319 1346 1373 1400 1402 1429 1456 1483 1510 1537 1564 966 993 1020 1047 1074 1076 1103 1130 1157 1184 1211
14 1916 1943 1970 1997 2024 2026 2053 2080 2107 2134 2161 2188 340 367 394 421 448 475 477 504 531 558 585 612 1264 1291 1318 1345 1372 1399 1401 1428 1455 1482 1509 1536 1563 1590 992 1019 1046 1073 1100 1102 1129 1156 1183 1210 1237
1915 1942 1969 1996 2023 2050 2052 2079 2106 2133 2160 2187 339 366 393 420 447 474 476 503 530 557 584 611 13 1290 1317 1344 1371 1398 1425 1427 1454 1481 1508 1535 1562 1589 1616 1018 1045 1072 1099 1101 1128 1155 1182 1209 1236 638
1941 1968 1995 2022 2049 2051 2078 2105 2132 2159 2186 2213 365 392 419 446 473 500 502 529 556 583 610 12 39 1316 1343 1370 1397 1424 1426 1453 1480 1507 1534 1561 1588 1615 1642 1044 1071 1098 1125 1127 1154 1181 1208 1235 637 664
1967 1994 2021 2048 2075 2077 2104 2131 2158 2185 2212 2239 391 418 445 472 499 501 528 555 582 609 11 38 65 1342 1369 1396 1423 1450 1452 1479 1506 1533 1560 1587 1614 1641 1668 1070 1097 1124 1126 1153 1180 1207 1234 636 663 690
1993 2020 2047 2074 2076 2103 2130 2157 2184 2211 2238 2265 417 444 471 498 525 527 554 581 608 10 37 64 91 1368 1395 1422 1449 1451 1478 1505 1532 1559 1586 1613 1640 1667 1694 1096 1123 1150 1152 1179 1206 1233 635 662 689 716
2019 2046 2073 2100 2102 2129 2156 2183 2210 2237 2264 2291 443 470 497 524 526 553 580 607 9 36 63 90 117 1394 1421 1448 1475 1477 1504 1531 1558 1585 1612 1639 1666 1693 1720 1122 1149 1151 1178 1205 1232 634 661 688 715 742
2045 2072 2099 2101 2128 2155 2182 2209 2236 2263 2290 2317 469 496 523 550 552 579 606 8 35 62 89 116 143 1420 1447 1474 1476 1503 1530 1557 1584 1611 1638 1665 1692 1719 1746 1148 1175 1177 1204 1231 633 660 687 714 741 768
2071 2098 2125 2127 2154 2181 2208 2235 2262 2289 2316 2343 495 522 549 551 578 605 7 34 61 88 115 142 169 1446 1473 1500 1502 1529 1556 1583 1610 1637 1664 1691 1718 1745 1772 1174 1176 1203 1230 632 659 686 713 740 767 794
2097 2124 2126 2153 2180 2207 2234 2261 2288 2315 2342 2369 521 548 575 577 604 6 33 60 87 114 141 168 195 1472 1499 1501 1528 1555 1582 1609 1636 1663 1690 1717 1744 1771 1798 1200 1202 1229 631 658 685 712 739 766 793 820
2123 2150 2152 2179 2206 2233 2260 2287 2314 2341 2368 2395 547 574 576 603 5 32 59 86 113 140 167 194 221 1498 1525 1527 1554 1581 1608 1635 1662 1689 1716 1743 1770 1797 1824 1201 1228 630 657 684 711 738 765 792 819 846
2149 2151 2178 2205 2232 2259 2286 2313 2340 2367 2394 2421 573 600 602 4 31 58 85 112 139 166 193 220 247 1524 1526 1553 1580 1607 1634 1661 1688 1715 1742 1769 1796 1823 1850 1227 629 656 683 710 737 764 791 818 845 872
2175 2177 2204 2231 2258 2285 2312 2339 2366 2393 2420 2447 599 601 3 30 57 84 111 138 165 192 219 246 273 1550 1552 1579 1606 1633 1660 1687 1714 1741 1768 1795 1822 1849 1851 628 655 682 709 736 763 790 817 844 871 898
2176 2203 2230 2257 2284 2311 2338 2365 2392 2419 2446 2473 625 2 29 56 83 110 137 164 191 218 245 272 299 1551 1578 1605 1632 1659 1686 1713 1740 1767 1794 1821 1848 1875 1252 654 681 708 735 762 789 816 843 870 897 924
327 354 381 408 435 462 489 516 543 570 597 624 1876 1903 1930 1957 1984 2011 2038 2065 2092 2119 2146 2173 2200 952 979 1006 1033 1060 1087 1114 1141 1168 1195 1222 1249 626 653 1305 1332 1359 1386 1413 1440 1467 1494 1521 1548 1575
353 380 407 434 461 488 515 542 569 596 623 25 1902 1929 1956 1983 2010 2037 2064 2091 2118 2145 2172 2199 2201 978 1005 1032 1059 1086 1113 1140 1167 1194 1221 1248 650 652 679 1331 1358 1385 1412 1439 1466 1493 1520 1547 1574 1576
379 406 433 460 487 514 541 568 595 622 24 26 1928 1955 1982 2009 2036 2063 2090 2117 2144 2171 2198 2225 2227 1004 1031 1058 1085 1112 1139 1166 1193 1220 1247 649 651 678 705 1357 1384 1411 1438 1465 1492 1519 1546 1573 1600 1602
405 432 459 486 513 540 567 594 621 23 50 52 1954 1981 2008 2035 2062 2089 2116 2143 2170 2197 2224 2226 2253 1030 1057 1084 1111 1138 1165 1192 1219 1246 648 675 677 704 731 1383 1410 1437 1464 1491 1518 1545 1572 1599 1601 1628
431 458 485 512 539 566 593 620 22 49 51 78 1980 2007 2034 2061 2088 2115 2142 2169 2196 2223 2250 2252 2279 1056 1083 1110 1137 1164 1191 1218 1245 647 674 676 703 730 757 1409 1436 1463 1490 1517 1544 1571 1598 1625 1627 1654
457 484 511 538 565 592 619 21 48 75 77 104 2006 2033 2060 2087 2114 2141 2168 2195 2222 2249 2251 2278 2305 1082 1109 1136 1163 1190 1217 1244 646 673 700 702 729 756 783 1435 1462 1489 1516 1543 1570 1597 1624 1626 1653 1680
483 510 537 564 591 618 20 47 74 76 103 130 2032 2059 2086 2113 2140 2167 2194 2221 2248 2275 2277 2304 2331 1108 1135 1162 1189 1216 1243 645 672 699 701 728 755 782 809 1461 1488 1515 1542 1569 1596 1623 1650 1652 1679 1706
509 536 563 590 617 19 46 73 100 102 129 156 2058 2085 2112 2139 2166 2193 2220 2247 2274 2276 2303 2330 2357 1134 1161 1188 1215 1242 644 671 698 725 727 754 781 808 835 1487 1514 1541 1568 1595 1622 1649 1651 1678 1705 1732
535 562 589 616 18 45 72 99 101 128 155 182 2084 2111 2138 2165 2192 2219 2246 2273 2300 2302 2329 2356 2383 1160 1187 1214 1241 643 670 697 724 726 753 780 807 834 861 1513 1540 1567 1594 1621 1648 1675 1677 1704 1731 1758
561 588 615 17 44 71 98 125 127 154 181 208 2110 2137 2164 2191 2218 2245 2272 2299 2301 2328 2355 2382 2409 1186 1213 1240 642 669 696 723 750 752 779 806 833 860 887 1539 1566 1593 1620 1647 1674 1676 1703 1730 1757 1784
587 614 16 43 70 97 124 126 153 180 207 234 2136 2163 2190 2217 2244 2271 2298 2325 2327 2354 2381 2408 2435 1212 1239 641 668 695 722 749 751 778 805 832 859 886 913 1565 1592 1619 1646 1673 1700 1702 1729 1756 1783 1810
613 15 42 69 96 123 150 152 179 206 233 260 2162 2189 2216 2243 2270 2297 2324 2326 2353 2380 2407 2434 2461 1238 640 667 694 721 748 775 777 804 831 858 885 912 939 1591 1618 1645 1672 1699 1701 1728 1755 1782 1809 1836
1889 41 68 95 122 149 151 178 205 232 259 286 313 2215 2242 2269 2296 2323 2350 2352 2379 2406 2433 2460 2487 639 666 693 720 747 774 776 803 830 857 884 911 938 965 1617 1644 1671 1698 1725 1727 1754 1781 1808 1835 1862
40 67 94 121 148 175 177 204 231 258 285 312 2214 2241 2268 2295 2322 2349 2351 2378 2405 2432 2459 2486 1888 665 692 719 746 773 800 802 829 856 883 910 937 964 991 1643 1670 1697 1724 1726 1753 1780 1807 1834 1861 1263
66 93 120 147 174 176 203 230 257 284 311 338 2240 2267 2294 2321 2348 2375 2377 2404 2431 2458 2485 1887 1914 691 718 745 772 799 801 828 855 882 909 936 963 990 1017 1669 1696 1723 1750 1752 1779 1806 1833 1860 1262 1289
92 119 146 173 200 202 229 256 283 310 337 364 2266 2293 2320 2347 2374 2376 2403 2430 2457 2484 1886 1913 1940 717 744 771 798 825 827 854 881 908 935 962 989 1016 1043 1695 1722 1749 1751 1778 1805 1832 1859 1261 1288 1315
118 145 172 199 201 228 255 282 309 336 363 390 2292 2319 2346 2373 2400 2402 2429 2456 2483 1885 1912 1939 1966 743 770 797 824 826 853 880 907 934 961 988 1015 1042 1069 1721 1748 1775 1777 1804 1831 1858 1260 1287 1314 1341
144 171 198 225 227 254 281 308 335 362 389 416 2318 2345 2372 2399 2401 2428 2455 2482 1884 1911 1938 1965 1992 769 796 823 850 852 879 906 933 960 987 1014 1041 1068 1095 1747 1774 1776 1803 1830 1857 1259 1286 1313 1340 1367
170 197 224 226 253 280 307 334 361 388 415 442 2344 2371 2398 2425 2427 2454 2481 1883 1910 1937 1964 1991 2018 795 822 849 851 878 905 932 959 986 1013 1040 1067 1094 1121 1773 1800 1802 1829 1856 1258 1285 1312 1339 1366 1393
196 223 250 252 279 306 333 360 387 414 441 468 2370 2397 2424 2426 2453 2480 1882 1909 1936 1963 1990 2017 2044 821 848 875 877 904 931 958 985 1012 1039 1066 1093 1120 1147 1799 1801 1828 1855 1257 1284 1311 1338 1365 1392 1419
222 249 251 278 305 332 359 386 413 440 467 494 2396 2423 2450 2452 2479 1881 1908 1935 1962 1989 2016 2043 2070 847 874 876 903 930 957 984 1011 1038 1065 1092 1119 1146 1173 1825 1827 1854 1256 1283 1310 1337 1364 1391 1418 1445
248 275 277 304 331 358 385 412 439 466 493 520 2422 2449 2451 2478 1880 1907 1934 1961 1988 2015 2042 2069 2096 873 900 902 929 956 983 1010 1037 1064 1091 1118 1145 1172 1199 1826 1853 1255 1282 1309 1336 1363 1390 1417 1444 1471
274 276 303 330 357 384 411 438 465 492 519 546 2448 2475 2477 1879 1906 1933 1960 1987 2014 2041 2068 2095 2122 899 901 928 955 982 1009 1036 1063 1090 1117 1144 1171 1198 1225 1852 1254 1281 1308 1335 1362 1389 1416 1443 1470 1497
300 302 329 356 383 410 437 464 491 518 545 572 2474 2476 1878 1905 1932 1959 1986 2013 2040 2067 2094 2121 2148 925 927 954 981 1008 1035 1062 1089 1116 1143 1170 1197 1224 1226 1253 1280 1307 1334 1361 1388 1415 1442 1469 1496 1523
301 328 355 382 409 436 463 490 517 544 571 598 2500 1877 1904 1931 1958 1985 2012 2039 2066 2093 2120 2147 2174 926 953 980 1007 1034 1061 1088 1115 1142 1169 1196 1223 1250 627 1279 1306 1333 1360 1387 1414 1441 1468 1495 1522 1549
