16 2 3 13
5 11 10 8
9 7 6 12
4 14 15 1
17 24 1 8 15
23 5 7 14 16
4 6 13 20 22
10 12 19 21 3
11 18 25 2 9
35 1 6 26 19 24
3 32 7 21 23 25
31 9 2 22 27 20
8 28 33 17 10 15
30 5 34 12 14 16
4 36 29 13 18 11
30 39 48 1 10 19 28
38 47 7 9 18 27 29
46 6 8 17 26 35 37
5 14 16 25 34 36 45
13 15 24 33 42 44 4
21 23 32 41 43 3 12
22 31 40 49 2 11 20
64 2 3 61 60 6 7 57
9 55 54 12 13 51 50 16
17 47 46 20 21 43 42 24
40 26 27 37 36 30 31 33
32 34 35 29 28 38 39 25
41 23 22 44 45 19 18 48
49 15 14 52 53 11 10 56
8 58 59 5 4 62 63 1
47 58 69 80 1 12 23 34 45
57 68 79 9 11 22 33 44 46
67 78 8 10 21 32 43 54 56
77 7 18 20 31 42 53 55 66
6 17 19 30 41 52 63 65 76
16 27 29 40 51 62 64 75 5
26 28 39 50 61 72 74 4 15
36 38 49 60 71 73 3 14 25
37 48 59 70 81 2 13 24 35
92 99 1 8 15 67 74 51 58 40
98 80 7 14 16 73 55 57 64 41
4 81 88 20 22 54 56 63 70 47
85 87 19 21 3 60 62 69 71 28
86 93 25 2 9 61 68 75 52 34
17 24 76 83 90 42 49 26 33 65
23 5 82 89 91 48 30 32 39 66
79 6 13 95 97 29 31 38 45 72
10 12 94 96 78 35 37 44 46 53
11 18 100 77 84 36 43 50 27 59
68 81 94 107 120 1 14 27 40 53 66
80 93 106 119 11 13 26 39 52 65 67
92 105 118 10 12 25 38 51 64 77 79
104 117 9 22 24 37 50 63 76 78 91
116 8 21 23 36 49 62 75 88 90 103
7 20 33 35 48 61 74 87 89 102 115
19 32 34 47 60 73 86 99 101 114 6
31 44 46 59 72 85 98 100 113 5 18
43 45 58 71 84 97 110 112 4 17 30
55 57 70 83 96 109 111 3 16 29 42
56 69 82 95 108 121 2 15 28 41 54
144 2 3 141 140 6 7 137 136 10 11 133
13 131 130 16 17 127 126 20 21 123 122 24
25 119 118 28 29 115 114 32 33 111 110 36
108 38 39 105 104 42 43 101 100 46 47 97
96 50 51 93 92 54 55 89 88 58 59 85
61 83 82 64 65 79 78 68 69 75 74 72
73 71 70 76 77 67 66 80 81 63 62 84
60 86 87 57 56 90 91 53 52 94 95 49
48 98 99 45 44 102 103 41 40 106 107 37
109 35 34 112 113 31 30 116 117 27 26 120
121 23 22 124 125 19 18 128 129 15 14 132
12 134 135 9 8 138 139 5 4 142 143 1
93 108 123 138 153 168 1 16 31 46 61 76 91
107 122 137 152 167 13 15 30 45 60 75 90 92
121 136 151 166 12 14 29 44 59 74 89 104 106
135 150 165 11 26 28 43 58 73 88 103 105 120
149 164 10 25 27 42 57 72 87 102 117 119 134
163 9 24 39 41 56 71 86 101 116 118 133 148
8 23 38 40 55 70 85 100 115 130 132 147 162
22 37 52 54 69 84 99 114 129 131 146 161 7
36 51 53 68 83 98 113 128 143 145 160 6 21
50 65 67 82 97 112 127 142 144 159 5 20 35
64 66 81 96 111 126 141 156 158 4 19 34 49
78 80 95 110 125 140 155 157 3 18 33 48 63
79 94 109 124 139 154 169 2 17 32 47 62 77
177 186 195 1 10 19 28 128 137 146 99 108 68 77
185 194 154 9 18 27 29 136 145 105 107 116 76 78
193 153 155 17 26 35 37 144 104 106 115 124 84 86
5 161 163 172 34 36 45 103 112 114 123 132 85 94
160 162 171 33 42 44 4 111 113 122 131 140 93 53
168 170 179 41 43 3 12 119 121 130 139 141 52 61
169 178 187 49 2 11 20 120 129 138 147 100 60 69
30 39 48 148 157 166 175 79 88 97 50 59 117 126
38 47 7 156 165 174 176 87 96 56 58 67 125 127
46 6 8 164 173 182 184 95 55 57 66 75 133 135
152 14 16 25 181 183 192 54 63 65 74 83 134 143
13 15 24 180 189 191 151 62 64 73 82 91 142 102
21 23 32 188 190 150 159 70 72 81 90 92 101 110
22 31 40 196 149 158 167 71 80 89 98 51 109 118
122 139 156 173 190 207 224 1 18 35 52 69 86 103 120
138 155 172 189 206 223 15 17 34 51 68 85 102 119 121
154 171 188 205 222 14 16 33 50 67 84 101 118 135 137
170 187 204 221 13 30 32 49 66 83 100 117 134 136 153
186 203 220 12 29 31 48 65 82 99 116 133 150 152 169
202 219 11 28 45 47 64 81 98 115 132 149 151 168 185
218 10 27 44 46 63 80 97 114 131 148 165 167 184 201
9 26 43 60 62 79 96 113 130 147 164 166 183 200 217
25 42 59 61 78 95 112 129 146 163 180 182 199 216 8
41 58 75 77 94 111 128 145 162 179 181 198 215 7 24
57 74 76 93 110 127 144 161 178 195 197 214 6 23 40
73 90 92 109 126 143 160 177 194 196 213 5 22 39 56
89 91 108 125 142 159 176 193 210 212 4 21 38 55 72
105 107 124 141 158 175 192 209 211 3 20 37 54 71 88
106 123 140 157 174 191 208 225 2 19 36 53 70 87 104
122 139 156 173 190 207 224 1 18 35 52 69 86 103 120
138 155 172 189 206 223 15 17 34 51 68 85 102 119 121
154 171 188 205 222 14 16 33 50 67 84 101 118 135 137
170 187 204 221 13 30 32 49 66 83 100 117 134 136 153
186 203 220 12 29 31 48 65 82 99 116 133 150 152 169
202 219 11 28 45 47 64 81 98 115 132 149 151 168 185
218 10 27 44 46 63 80 97 114 131 148 165 167 184 201
9 26 43 60 62 79 96 113 130 147 164 166 183 200 217
25 42 59 61 78 95 112 129 146 163 180 182 199 216 8
41 58 75 77 94 111 128 145 162 179 181 198 215 7 24
57 74 76 93 110 127 144 161 178 195 197 214 6 23 40
73 90 92 109 126 143 160 177 194 196 213 5 22 39 56
89 91 108 125 142 159 176 193 210 212 4 21 38 55 72
105 107 124 141 158 175 192 209 211 3 20 37 54 71 88
106 123 140 157 174 191 208 225 2 19 36 53 70 87 104
256 2 3 253 252 6 7 249 248 10 11 245 244 14 15 241
17 239 238 20 21 235 234 24 25 231 230 28 29 227 226 32
33 223 222 36 37 219 218 40 41 215 214 44 45 211 210 48
208 50 51 205 204 54 55 201 200 58 59 197 196 62 63 193
192 66 67 189 188 70 71 185 184 74 75 181 180 78 79 177
81 175 174 84 85 171 170 88 89 167 166 92 93 163 162 96
97 159 158 100 101 155 154 104 105 151 150 108 109 147 146 112
144 114 115 141 140 118 119 137 136 122 123 133 132 126 127 129
128 130 131 125 124 134 135 121 120 138 139 117 116 142 143 113
145 111 110 148 149 107 106 152 153 103 102 156 157 99 98 160
161 95 94 164 165 91 90 168 169 87 86 172 173 83 82 176
80 178 179 77 76 182 183 73 72 186 187 69 68 190 191 65
64 194 195 61 60 198 199 57 56 202 203 53 52 206 207 49
209 47 46 212 213 43 42 216 217 39 38 220 221 35 34 224
225 31 30 228 229 27 26 232 233 23 22 236 237 19 18 240
16 242 243 13 12 246 247 9 8 250 251 5 4 254 255 1
155 174 193 212 231 250 269 288 1 20 39 58 77 96 115 134 153
173 192 211 230 249 268 287 17 19 38 57 76 95 114 133 152 154
191 210 229 248 267 286 16 18 37 56 75 94 113 132 151 170 172
209 228 247 266 285 15 34 36 55 74 93 112 131 150 169 171 190
227 246 265 284 14 33 35 54 73 92 111 130 149 168 187 189 208
245 264 283 13 32 51 53 72 91 110 129 148 167 186 188 207 226
263 282 12 31 50 52 71 90 109 128 147 166 185 204 206 225 244
281 11 30 49 68 70 89 108 127 146 165 184 203 205 224 243 262
10 29 48 67 69 88 107 126 145 164 183 202 221 223 242 261 280
28 47 66 85 87 106 125 144 163 182 201 220 222 241 260 279 9
46 65 84 86 105 124 143 162 181 200 219 238 240 259 278 8 27
64 83 102 104 123 142 161 180 199 218 237 239 258 277 7 26 45
82 101 103 122 141 160 179 198 217 236 255 257 276 6 25 44 63
100 119 121 140 159 178 197 216 235 254 256 275 5 24 43 62 81
118 120 139 158 177 196 215 234 253 272 274 4 23 42 61 80 99
136 138 157 176 195 214 233 252 271 273 3 22 41 60 79 98 117
137 156 175 194 213 232 251 270 289 2 21 40 59 78 97 116 135
290 301 312 323 1 12 23 34 45 209 220 231 242 163 174 104 115 126
300 311 322 252 11 22 33 44 46 219 230 241 171 173 184 114 125 127
310 321 251 253 21 32 43 54 56 229 240 170 172 183 194 124 135 137
320 250 261 263 31 42 53 55 66 239 169 180 182 193 204 134 136 147
6 260 262 273 284 52 63 65 76 168 179 181 192 203 214 144 146 157
259 270 272 283 51 62 64 75 5 178 189 191 202 213 224 145 156 86
269 271 282 293 61 72 74 4 15 188 190 201 212 223 234 155 85 96
279 281 292 303 71 73 3 14 25 198 200 211 222 233 235 84 95 106
280 291 302 313 81 2 13 24 35 199 210 221 232 243 164 94 105 116
47 58 69 80 244 255 266 277 288 128 139 150 161 82 93 185 196 207
57 68 79 9 254 265 276 287 289 138 149 160 90 92 103 195 206 208
67 78 8 10 264 275 286 297 299 148 159 89 91 102 113 205 216 218
77 7 18 20 274 285 296 298 309 158 88 99 101 112 123 215 217 228
249 17 19 30 41 295 306 308 319 87 98 100 111 122 133 225 227 238
16 27 29 40 294 305 307 318 248 97 108 110 121 132 143 226 237 167
26 28 39 50 304 315 317 247 258 107 109 120 131 142 153 236 166 177
36 38 49 60 314 316 246 257 268 117 119 130 141 152 154 165 176 187
37 48 59 70 324 245 256 267 278 118 129 140 151 162 83 175 186 197
192 213 234 255 276 297 318 339 360 1 22 43 64 85 106 127 148 169 190
212 233 254 275 296 317 338 359 19 21 42 63 84 105 126 147 168 189 191
232 253 274 295 316 337 358 18 20 41 62 83 104 125 146 167 188 209 211
252 273 294 315 336 357 17 38 40 61 82 103 124 145 166 187 208 210 231
272 293 314 335 356 16 37 39 60 81 102 123 144 165 186 207 228 230 251
292 313 334 355 15 36 57 59 80 101 122 143 164 185 206 227 229 250 271
312 333 354 14 35 56 58 79 100 121 142 163 184 205 226 247 249 270 291
332 353 13 34 55 76 78 99 120 141 162 183 204 225 246 248 269 290 311
352 12 33 54 75 77 98 119 140 161 182 203 224 245 266 268 289 310 331
11 32 53 74 95 97 118 139 160 181 202 223 244 265 267 288 309 330 351
31 52 73 94 96 117 138 159 180 201 222 243 264 285 287 308 329 350 10
51 72 93 114 116 137 158 179 200 221 242 263 284 286 307 328 349 9 30
71 92 113 115 136 157 178 199 220 241 262 283 304 306 327 348 8 29 50
91 112 133 135 156 177 198 219 240 261 282 303 305 326 347 7 28 49 70
111 132 134 155 176 197 218 239 260 281 302 323 325 346 6 27 48 69 90
131 152 154 175 196 217 238 259 280 301 322 324 345 5 26 47 68 89 110
151 153 174 195 216 237 258 279 300 321 342 344 4 25 46 67 88 109 130
171 173 194 215 236 257 278 299 320 341 343 3 24 45 66 87 108 129 150
172 193 214 235 256 277 298 319 340 361 2 23 44 65 86 107 128 149 170
400 2 3 397 396 6 7 393 392 10 11 389 388 14 15 385 384 18 19 381
21 379 378 24 25 375 374 28 29 371 370 32 33 367 366 36 37 363 362 40
41 359 358 44 45 355 354 48 49 351 350 52 53 347 346 56 57 343 342 60
340 62 63 337 336 66 67 333 332 70 71 329 328 74 75 325 324 78 79 321
320 82 83 317 316 86 87 313 312 90 91 309 308 94 95 305 304 98 99 301
101 299 298 104 105 295 294 108 109 291 290 112 113 287 286 116 117 283 282 120
121 279 278 124 125 275 274 128 129 271 270 132 133 267 266 136 137 263 262 140
260 142 143 257 256 146 147 253 252 150 151 249 248 154 155 245 244 158 159 241
240 162 163 237 236 166 167 233 232 170 171 229 228 174 175 225 224 178 179 221
181 219 218 184 185 215 214 188 189 211 210 192 193 207 206 196 197 203 202 200
201 199 198 204 205 195 194 208 209 191 190 212 213 187 186 216 217 183 182 220
180 222 223 177 176 226 227 173 172 230 231 169 168 234 235 165 164 238 239 161
160 242 243 157 156 246 247 153 152 250 251 149 148 254 255 145 144 258 259 141
261 139 138 264 265 135 134 268 269 131 130 272 273 127 126 276 277 123 122 280
281 119 118 284 285 115 114 288 289 111 110 292 293 107 106 296 297 103 102 300
100 302 303 97 96 306 307 93 92 310 311 89 88 314 315 85 84 318 319 81
80 322 323 77 76 326 327 73 72 330 331 69 68 334 335 65 64 338 339 61
341 59 58 344 345 55 54 348 349 51 50 352 353 47 46 356 357 43 42 360
361 39 38 364 365 35 34 368 369 31 30 372 373 27 26 376 377 23 22 380
20 382 383 17 16 386 387 13 12 390 391 9 8 394 395 5 4 398 399 1
233 256 279 302 325 348 371 394 417 440 1 24 47 70 93 116 139 162 185 208 231
255 278 301 324 347 370 393 416 439 21 23 46 69 92 115 138 161 184 207 230 232
277 300 323 346 369 392 415 438 20 22 45 68 91 114 137 160 183 206 229 252 254
299 322 345 368 391 414 437 19 42 44 67 90 113 136 159 182 205 228 251 253 276
321 344 367 390 413 436 18 41 43 66 89 112 135 158 181 204 227 250 273 275 298
343 366 389 412 435 17 40 63 65 88 111 134 157 180 203 226 249 272 274 297 320
365 388 411 434 16 39 62 64 87 110 133 156 179 202 225 248 271 294 296 319 342
387 410 433 15 38 61 84 86 109 132 155 178 201 224 247 270 293 295 318 341 364
409 432 14 37 60 83 85 108 131 154 177 200 223 246 269 292 315 317 340 363 386
431 13 36 59 82 105 107 130 153 176 199 222 245 268 291 314 316 339 362 385 408
12 35 58 81 104 106 129 152 175 198 221 244 267 290 313 336 338 361 384 407 430
34 57 80 103 126 128 151 174 197 220 243 266 289 312 335 337 360 383 406 429 11
56 79 102 125 127 150 173 196 219 242 265 288 311 334 357 359 382 405 428 10 33
78 101 124 147 149 172 195 218 241 264 287 310 333 356 358 381 404 427 9 32 55
100 123 146 148 171 194 217 240 263 286 309 332 355 378 380 403 426 8 31 54 77
122 145 168 170 193 216 239 262 285 308 331 354 377 379 402 425 7 30 53 76 99
144 167 169 192 215 238 261 284 307 330 353 376 399 401 424 6 29 52 75 98 121
166 189 191 214 237 260 283 306 329 352 375 398 400 423 5 28 51 74 97 120 143
188 190 213 236 259 282 305 328 351 374 397 420 422 4 27 50 73 96 119 142 165
210 212 235 258 281 304 327 350 373 396 419 421 3 26 49 72 95 118 141 164 187
211 234 257 280 303 326 349 372 395 418 441 2 25 48 71 94 117 140 163 186 209
431 444 457 470 483 1 14 27 40 53 66 310 323 336 349 362 243 256 148 161 174 187
443 456 469 482 374 13 26 39 52 65 67 322 335 348 361 253 255 268 160 173 186 188
455 468 481 373 375 25 38 51 64 77 79 334 347 360 252 254 267 280 172 185 198 200
467 480 372 385 387 37 50 63 76 78 91 346 359 251 264 266 279 292 184 197 199 212
479 371 384 386 399 49 62 75 88 90 103 358 250 263 265 278 291 304 196 209 211 224
7 383 396 398 411 424 74 87 89 102 115 249 262 275 277 290 303 316 208 210 223 236
382 395 397 410 423 73 86 99 101 114 6 261 274 276 289 302 315 328 220 222 235 127
394 407 409 422 435 85 98 100 113 5 18 273 286 288 301 314 327 340 221 234 126 139
406 408 421 434 447 97 110 112 4 17 30 285 287 300 313 326 339 352 233 125 138 151
418 420 433 446 459 109 111 3 16 29 42 297 299 312 325 338 351 353 124 137 150 163
419 432 445 458 471 121 2 15 28 41 54 298 311 324 337 350 363 244 136 149 162 175
68 81 94 107 120 364 377 390 403 416 429 189 202 215 228 241 122 135 269 282 295 308
80 93 106 119 11 376 389 402 415 428 430 201 214 227 240 132 134 147 281 294 307 309
92 105 118 10 12 388 401 414 427 440 442 213 226 239 131 133 146 159 293 306 319 321
104 117 9 22 24 400 413 426 439 441 454 225 238 130 143 145 158 171 305 318 320 333
116 8 21 23 36 412 425 438 451 453 466 237 129 142 144 157 170 183 317 330 332 345
370 20 33 35 48 61 437 450 452 465 478 128 141 154 156 169 182 195 329 331 344 357
19 32 34 47 60 436 449 462 464 477 369 140 153 155 168 181 194 207 341 343 356 248
31 44 46 59 72 448 461 463 476 368 381 152 165 167 180 193 206 219 342 355 247 260
43 45 58 71 84 460 473 475 367 380 393 164 166 179 192 205 218 231 354 246 259 272
55 57 70 83 96 472 474 366 379 392 405 176 178 191 204 217 230 232 245 258 271 284
56 69 82 95 108 484 365 378 391 404 417 177 190 203 216 229 242 123 257 270 283 296
278 303 328 353 378 403 428 453 478 503 528 1 26 51 76 101 126 151 176 201 226 251 276
302 327 352 377 402 427 452 477 502 527 23 25 50 75 100 125 150 175 200 225 250 275 277
326 351 376 401 426 451 476 501 526 22 24 49 74 99 124 149 174 199 224 249 274 299 301
350 375 400 425 450 475 500 525 21 46 48 73 98 123 148 173 198 223 248 273 298 300 325
374 399 424 449 474 499 524 20 45 47 72 97 122 147 172 197 222 247 272 297 322 324 349
398 423 448 473 498 523 19 44 69 71 96 121 146 171 196 221 246 271 296 321 323 348 373
422 447 472 497 522 18 43 68 70 95 120 145 170 195 220 245 270 295 320 345 347 372 397
446 471 496 521 17 42 67 92 94 119 144 169 194 219 244 269 294 319 344 346 371 396 421
470 495 520 16 41 66 91 93 118 143 168 193 218 243 268 293 318 343 368 370 395 420 445
494 519 15 40 65 90 115 117 142 167 192 217 242 267 292 317 342 367 369 394 419 444 469
518 14 39 64 89 114 116 141 166 191 216 241 266 291 316 341 366 391 393 418 443 468 493
13 38 63 88 113 138 140 165 190 215 240 265 290 315 340 365 390 392 417 442 467 492 517
37 62 87 112 137 139 164 189 214 239 264 289 314 339 364 389 414 416 441 466 491 516 12
61 86 111 136 161 163 188 213 238 263 288 313 338 363 388 413 415 440 465 490 515 11 36
85 110 135 160 162 187 212 237 262 287 312 337 362 387 412 437 439 464 489 514 10 35 60
109 134 159 184 186 211 236 261 286 311 336 361 386 411 436 438 463 488 513 9 34 59 84
133 158 183 185 210 235 260 285 310 335 360 385 410 435 460 462 487 512 8 33 58 83 108
157 182 207 209 234 259 284 309 334 359 384 409 434 459 461 486 511 7 32 57 82 107 132
181 206 208 233 258 283 308 333 358 383 408 433 458 483 485 510 6 31 56 81 106 131 156
205 230 232 257 282 307 332 357 382 407 432 457 482 484 509 5 30 55 80 105 130 155 180
229 231 256 281 306 331 356 381 406 431 456 481 506 508 4 29 54 79 104 129 154 179 204
253 255 280 305 330 355 380 405 430 455 480 505 507 3 28 53 78 103 128 153 178 203 228
254 279 304 329 354 379 404 429 454 479 504 529 2 27 52 77 102 127 152 177 202 227 252
576 2 3 573 572 6 7 569 568 10 11 565 564 14 15 561 560 18 19 557 556 22 23 553
25 551 550 28 29 547 546 32 33 543 542 36 37 539 538 40 41 535 534 44 45 531 530 48
49 527 526 52 53 523 522 56 57 519 518 60 61 515 514 64 65 511 510 68 69 507 506 72
504 74 75 501 500 78 79 497 496 82 83 493 492 86 87 489 488 90 91 485 484 94 95 481
480 98 99 477 476 102 103 473 472 106 107 469 468 110 111 465 464 114 115 461 460 118 119 457
121 455 454 124 125 451 450 128 129 447 446 132 133 443 442 136 137 439 438 140 141 435 434 144
145 431 430 148 149 427 426 152 153 423 422 156 157 419 418 160 161 415 414 164 165 411 410 168
408 170 171 405 404 174 175 401 400 178 179 397 396 182 183 393 392 186 187 389 388 190 191 385
384 194 195 381 380 198 199 377 376 202 203 373 372 206 207 369 368 210 211 365 364 214 215 361
217 359 358 220 221 355 354 224 225 351 350 228 229 347 346 232 233 343 342 236 237 339 338 240
241 335 334 244 245 331 330 248 249 327 326 252 253 323 322 256 257 319 318 260 261 315 314 264
312 266 267 309 308 270 271 305 304 274 275 301 300 278 279 297 296 282 283 293 292 286 287 289
288 290 291 285 284 294 295 281 280 298 299 277 276 302 303 273 272 306 307 269 268 310 311 265
313 263 262 316 317 259 258 320 321 255 254 324 325 251 250 328 329 247 246 332 333 243 242 336
337 239 238 340 341 235 234 344 345 231 230 348 349 227 226 352 353 223 222 356 357 219 218 360
216 362 363 213 212 366 367 209 208 370 371 205 204 374 375 201 200 378 379 197 196 382 383 193
192 386 387 189 188 390 391 185 184 394 395 181 180 398 399 177 176 402 403 173 172 406 407 169
409 167 166 412 413 163 162 416 417 159 158 420 421 155 154 424 425 151 150 428 429 147 146 432
433 143 142 436 437 139 138 440 441 135 134 444 445 131 130 448 449 127 126 452 453 123 122 456
120 458 459 117 116 462 463 113 112 466 467 109 108 470 471 105 104 474 475 101 100 478 479 97
96 482 483 93 92 486 487 89 88 490 491 85 84 494 495 81 80 498 499 77 76 502 503 73
505 71 70 508 509 67 66 512 513 63 62 516 517 59 58 520 521 55 54 524 525 51 50 528
529 47 46 532 533 43 42 536 537 39 38 540 541 35 34 544 545 31 30 548 549 27 26 552
24 554 555 21 20 558 559 17 16 562 563 13 12 566 567 9 8 570 571 5 4 574 575 1
327 354 381 408 435 462 489 516 543 570 597 624 1 28 55 82 109 136 163 190 217 244 271 298 325
353 380 407 434 461 488 515 542 569 596 623 25 27 54 81 108 135 162 189 216 243 270 297 324 326
379 406 433 460 487 514 541 568 595 622 24 26 53 80 107 134 161 188 215 242 269 296 323 350 352
405 432 459 486 513 540 567 594 621 23 50 52 79 106 133 160 187 214 241 268 295 322 349 351 378
431 458 485 512 539 566 593 620 22 49 51 78 105 132 159 186 213 240 267 294 321 348 375 377 404
457 484 511 538 565 592 619 21 48 75 77 104 131 158 185 212 239 266 293 320 347 374 376 403 430
483 510 537 564 591 618 20 47 74 76 103 130 157 184 211 238 265 292 319 346 373 400 402 429 456
509 536 563 590 617 19 46 73 100 102 129 156 183 210 237 264 291 318 345 372 399 401 428 455 482
535 562 589 616 18 45 72 99 101 128 155 182 209 236 263 290 317 344 371 398 425 427 454 481 508
561 588 615 17 44 71 98 125 127 154 181 208 235 262 289 316 343 370 397 424 426 453 480 507 534
587 614 16 43 70 97 124 126 153 180 207 234 261 288 315 342 369 396 423 450 452 479 506 533 560
613 15 42 69 96 123 150 152 179 206 233 260 287 314 341 368 395 422 449 451 478 505 532 559 586
14 41 68 95 122 149 151 178 205 232 259 286 313 340 367 394 421 448 475 477 504 531 558 585 612
40 67 94 121 148 175 177 204 231 258 285 312 339 366 393 420 447 474 476 503 530 557 584 611 13
66 93 120 147 174 176 203 230 257 284 311 338 365 392 419 446 473 500 502 529 556 583 610 12 39
92 119 146 173 200 202 229 256 283 310 337 364 391 418 445 472 499 501 528 555 582 609 11 38 65
118 145 172 199 201 228 255 282 309 336 363 390 417 444 471 498 525 527 554 581 608 10 37 64 91
144 171 198 225 227 254 281 308 335 362 389 416 443 470 497 524 526 553 580 607 9 36 63 90 117
170 197 224 226 253 280 307 334 361 388 415 442 469 496 523 550 552 579 606 8 35 62 89 116 143
196 223 250 252 279 306 333 360 387 414 441 468 495 522 549 551 578 605 7 34 61 88 115 142 169
222 249 251 278 305 332 359 386 413 440 467 494 521 548 575 577 604 6 33 60 87 114 141 168 195
248 275 277 304 331 358 385 412 439 466 493 520 547 574 576 603 5 32 59 86 113 140 167 194 221
274 276 303 330 357 384 411 438 465 492 519 546 573 600 602 4 31 58 85 112 139 166 193 220 247
300 302 329 356 383 410 437 464 491 518 545 572 599 601 3 30 57 84 111 138 165 192 219 246 273
301 328 355 382 409 436 463 490 517 544 571 598 625 2 29 56 83 110 137 164 191 218 245 272 299
600 615 630 645 660 675 1 16 31 46 61 76 91 431 446 461 476 491 506 339 354 200 215 230 245 260
614 629 644 659 674 520 15 30 45 60 75 90 92 445 460 475 490 505 351 353 368 214 229 244 259 261
628 643 658 673 519 521 29 44 59 74 89 104 106 459 474 489 504 350 352 367 382 228 243 258 273 275
642 657 672 518 533 535 43 58 73 88 103 105 120 473 488 503 349 364 366 381 396 242 257 272 274 289
656 671 517 532 534 549 57 72 87 102 117 119 134 487 502 348 363 365 380 395 410 256 271 286 288 303
670 516 531 546 548 563 71 86 101 116 118 133 148 501 347 362 377 379 394 409 424 270 285 287 302 317
8 530 545 547 562 577 592 100 115 130 132 147 162 346 361 376 378 393 408 423 438 284 299 301 316 331
529 544 559 561 576 591 99 114 129 131 146 161 7 360 375 390 392 407 422 437 452 298 300 315 330 176
543 558 560 575 590 605 113 128 143 145 160 6 21 374 389 391 406 421 436 451 466 312 314 329 175 190
557 572 574 589 604 619 127 142 144 159 5 20 35 388 403 405 420 435 450 465 480 313 328 174 189 204
571 573 588 603 618 633 141 156 158 4 19 34 49 402 404 419 434 449 464 479 494 327 173 188 203 218
585 587 602 617 632 647 155 157 3 18 33 48 63 416 418 433 448 463 478 493 495 172 187 202 217 232
586 601 616 631 646 661 169 2 17 32 47 62 77 417 432 447 462 477 492 507 340 186 201 216 231 246
93 108 123 138 153 168 508 523 538 553 568 583 598 262 277 292 307 322 337 170 185 369 384 399 414 429
107 122 137 152 167 13 522 537 552 567 582 597 599 276 291 306 321 336 182 184 199 383 398 413 428 430
121 136 151 166 12 14 536 551 566 581 596 611 613 290 305 320 335 181 183 198 213 397 412 427 442 444
135 150 165 11 26 28 550 565 580 595 610 612 627 304 319 334 180 195 197 212 227 411 426 441 443 458
149 164 10 25 27 42 564 579 594 609 624 626 641 318 333 179 194 196 211 226 241 425 440 455 457 472
163 9 24 39 41 56 578 593 608 623 625 640 655 332 178 193 208 210 225 240 255 439 454 456 471 486
515 23 38 40 55 70 85 607 622 637 639 654 669 177 192 207 209 224 239 254 269 453 468 470 485 500
22 37 52 54 69 84 606 621 636 638 653 668 514 191 206 221 223 238 253 268 283 467 469 484 499 345
36 51 53 68 83 98 620 635 650 652 667 513 528 205 220 222 237 252 267 282 297 481 483 498 344 359
50 65 67 82 97 112 634 649 651 666 512 527 542 219 234 236 251 266 281 296 311 482 497 343 358 373
64 66 81 96 111 126 648 663 665 511 526 541 556 233 235 250 265 280 295 310 325 496 342 357 372 387
78 80 95 110 125 140 662 664 510 525 540 555 570 247 249 264 279 294 309 324 326 341 356 371 386 401
79 94 109 124 139 154 676 509 524 539 554 569 584 248 263 278 293 308 323 338 171 355 370 385 400 415
380 409 438 467 496 525 554 583 612 641 670 699 728 1 30 59 88 117 146 175 204 233 262 291 320 349 378
408 437 466 495 524 553 582 611 640 669 698 727 27 29 58 87 116 145 174 203 232 261 290 319 348 377 379
436 465 494 523 552 581 610 639 668 697 726 26 28 57 86 115 144 173 202 231 260 289 318 347 376 405 407
464 493 522 551 580 609 638 667 696 725 25 54 56 85 114 143 172 201 230 259 288 317 346 375 404 406 435
492 521 550 579 608 637 666 695 724 24 53 55 84 113 142 171 200 229 258 287 316 345 374 403 432 434 463
520 549 578 607 636 665 694 723 23 52 81 83 112 141 170 199 228 257 286 315 344 373 402 431 433 462 491
548 577 606 635 664 693 722 22 51 80 82 111 140 169 198 227 256 285 314 343 372 401 430 459 461 490 519
576 605 634 663 692 721 21 50 79 108 110 139 168 197 226 255 284 313 342 371 400 429 458 460 489 518 547
604 633 662 691 720 20 49 78 107 109 138 167 196 225 254 283 312 341 370 399 428 457 486 488 517 546 575
632 661 690 719 19 48 77 106 135 137 166 195 224 253 282 311 340 369 398 427 456 485 487 516 545 574 603
660 689 718 18 47 76 105 134 136 165 194 223 252 281 310 339 368 397 426 455 484 513 515 544 573 602 631
688 717 17 46 75 104 133 162 164 193 222 251 280 309 338 367 396 425 454 483 512 514 543 572 601 630 659
716 16 45 74 103 132 161 163 192 221 250 279 308 337 366 395 424 453 482 511 540 542 571 600 629 658 687
15 44 73 102 131 160 189 191 220 249 278 307 336 365 394 423 452 481 510 539 541 570 599 628 657 686 715
43 72 101 130 159 188 190 219 248 277 306 335 364 393 422 451 480 509 538 567 569 598 627 656 685 714 14
71 100 129 158 187 216 218 247 276 305 334 363 392 421 450 479 508 537 566 568 597 626 655 684 713 13 42
99 128 157 186 215 217 246 275 304 333 362 391 420 449 478 507 536 565 594 596 625 654 683 712 12 41 70
127 156 185 214 243 245 274 303 332 361 390 419 448 477 506 535 564 593 595 624 653 682 711 11 40 69 98
155 184 213 242 244 273 302 331 360 389 418 447 476 505 534 563 592 621 623 652 681 710 10 39 68 97 126
183 212 241 270 272 301 330 359 388 417 446 475 504 533 562 591 620 622 651 680 709 9 38 67 96 125 154
211 240 269 271 300 329 358 387 416 445 474 503 532 561 590 619 648 650 679 708 8 37 66 95 124 153 182
239 268 297 299 328 357 386 415 444 473 502 531 560 589 618 647 649 678 707 7 36 65 94 123 152 181 210
267 296 298 327 356 385 414 443 472 501 530 559 588 617 646 675 677 706 6 35 64 93 122 151 180 209 238
295 324 326 355 384 413 442 471 500 529 558 587 616 645 674 676 705 5 34 63 92 121 150 179 208 237 266
323 325 354 383 412 441 470 499 528 557 586 615 644 673 702 704 4 33 62 91 120 149 178 207 236 265 294
351 353 382 411 440 469 498 527 556 585 614 643 672 701 703 3 32 61 90 119 148 177 206 235 264 293 322
352 381 410 439 468 497 526 555 584 613 642 671 700 729 2 31 60 89 118 147 176 205 234 263 292 321 350
784 2 3 781 780 6 7 777 776 10 11 773 772 14 15 769 768 18 19 765 764 22 23 761 760 26 27 757
29 755 754 32 33 751 750 36 37 747 746 40 41 743 742 44 45 739 738 48 49 735 734 52 53 731 730 56
57 727 726 60 61 723 722 64 65 719 718 68 69 715 714 72 73 711 710 76 77 707 706 80 81 703 702 84
700 86 87 697 696 90 91 693 692 94 95 689 688 98 99 685 684 102 103 681 680 106 107 677 676 110 111 673
672 114 115 669 668 118 119 665 664 122 123 661 660 126 127 657 656 130 131 653 652 134 135 649 648 138 139 645
141 643 642 144 145 639 638 148 149 635 634 152 153 631 630 156 157 627 626 160 161 623 622 164 165 619 618 168
169 615 614 172 173 611 610 176 177 607 606 180 181 603 602 184 185 599 598 188 189 595 594 192 193 591 590 196
588 198 199 585 584 202 203 581 580 206 207 577 576 210 211 573 572 214 215 569 568 218 219 565 564 222 223 561
560 226 227 557 556 230 231 553 552 234 235 549 548 238 239 545 544 242 243 541 540 246 247 537 536 250 251 533
253 531 530 256 257 527 526 260 261 523 522 264 265 519 518 268 269 515 514 272 273 511 510 276 277 507 506 280
281 503 502 284 285 499 498 288 289 495 494 292 293 491 490 296 297 487 486 300 301 483 482 304 305 479 478 308
476 310 311 473 472 314 315 469 468 318 319 465 464 322 323 461 460 326 327 457 456 330 331 453 452 334 335 449
448 338 339 445 444 342 343 441 440 346 347 437 436 350 351 433 432 354 355 429 428 358 359 425 424 362 363 421
365 419 418 368 369 415 414 372 373 411 410 376 377 407 406 380 381 403 402 384 385 399 398 388 389 395 394 392
393 391 390 396 397 387 386 400 401 383 382 404 405 379 378 408 409 375 374 412 413 371 370 416 417 367 366 420
364 422 423 361 360 426 427 357 356 430 431 353 352 434 435 349 348 438 439 345 344 442 443 341 340 446 447 337
336 450 451 333 332 454 455 329 328 458 459 325 324 462 463 321 320 466 467 317 316 470 471 313 312 474 475 309
477 307 306 480 481 303 302 484 485 299 298 488 489 295 294 492 493 291 290 496 497 287 286 500 501 283 282 504
505 279 278 508 509 275 274 512 513 271 270 516 517 267 266 520 521 263 262 524 525 259 258 528 529 255 254 532
252 534 535 249 248 538 539 245 244 542 543 241 240 546 547 237 236 550 551 233 232 554 555 229 228 558 559 225
224 562 563 221 220 566 567 217 216 570 571 213 212 574 575 209 208 578 579 205 204 582 583 201 200 586 587 197
589 195 194 592 593 191 190 596 597 187 186 600 601 183 182 604 605 179 178 608 609 175 174 612 613 171 170 616
617 167 166 620 621 163 162 624 625 159 158 628 629 155 154 632 633 151 150 636 637 147 146 640 641 143 142 644
140 646 647 137 136 650 651 133 132 654 655 129 128 658 659 125 124 662 663 121 120 666 667 117 116 670 671 113
112 674 675 109 108 678 679 105 104 682 683 101 100 686 687 97 96 690 691 93 92 694 695 89 88 698 699 85
701 83 82 704 705 79 78 708 709 75 74 712 713 71 70 716 717 67 66 720 721 63 62 724 725 59 58 728
729 55 54 732 733 51 50 736 737 47 46 740 741 43 42 744 745 39 38 748 749 35 34 752 753 31 30 756
28 758 759 25 24 762 763 21 20 766 767 17 16 770 771 13 12 774 775 9 8 778 779 5 4 782 783 1
437 468 499 530 561 592 623 654 685 716 747 778 809 840 1 32 63 94 125 156 187 218 249 280 311 342 373 404 435
467 498 529 560 591 622 653 684 715 746 777 808 839 29 31 62 93 124 155 186 217 248 279 310 341 372 403 434 436
497 528 559 590 621 652 683 714 745 776 807 838 28 30 61 92 123 154 185 216 247 278 309 340 371 402 433 464 466
527 558 589 620 651 682 713 744 775 806 837 27 58 60 91 122 153 184 215 246 277 308 339 370 401 432 463 465 496
557 588 619 650 681 712 743 774 805 836 26 57 59 90 121 152 183 214 245 276 307 338 369 400 431 462 493 495 526
587 618 649 680 711 742 773 804 835 25 56 87 89 120 151 182 213 244 275 306 337 368 399 430 461 492 494 525 556
617 648 679 710 741 772 803 834 24 55 86 88 119 150 181 212 243 274 305 336 367 398 429 460 491 522 524 555 586
647 678 709 740 771 802 833 23 54 85 116 118 149 180 211 242 273 304 335 366 397 428 459 490 521 523 554 585 616
677 708 739 770 801 832 22 53 84 115 117 148 179 210 241 272 303 334 365 396 427 458 489 520 551 553 584 615 646
707 738 769 800 831 21 52 83 114 145 147 178 209 240 271 302 333 364 395 426 457 488 519 550 552 583 614 645 676
737 768 799 830 20 51 82 113 144 146 177 208 239 270 301 332 363 394 425 456 487 518 549 580 582 613 644 675 706
767 798 829 19 50 81 112 143 174 176 207 238 269 300 331 362 393 424 455 486 517 548 579 581 612 643 674 705 736
797 828 18 49 80 111 142 173 175 206 237 268 299 330 361 392 423 454 485 516 547 578 609 611 642 673 704 735 766
827 17 48 79 110 141 172 203 205 236 267 298 329 360 391 422 453 484 515 546 577 608 610 641 672 703 734 765 796
16 47 78 109 140 171 202 204 235 266 297 328 359 390 421 452 483 514 545 576 607 638 640 671 702 733 764 795 826
46 77 108 139 170 201 232 234 265 296 327 358 389 420 451 482 513 544 575 606 637 639 670 701 732 763 794 825 15
76 107 138 169 200 231 233 264 295 326 357 388 419 450 481 512 543 574 605 636 667 669 700 731 762 793 824 14 45
106 137 168 199 230 261 263 294 325 356 387 418 449 480 511 542 573 604 635 666 668 699 730 761 792 823 13 44 75
136 167 198 229 260 262 293 324 355 386 417 448 479 510 541 572 603 634 665 696 698 729 760 791 822 12 43 74 105
166 197 228 259 290 292 323 354 385 416 447 478 509 540 571 602 633 664 695 697 728 759 790 821 11 42 73 104 135
196 227 258 289 291 322 353 384 415 446 477 508 539 570 601 632 663 694 725 727 758 789 820 10 41 72 103 134 165
226 257 288 319 321 352 383 414 445 476 507 538 569 600 631 662 693 724 726 757 788 819 9 40 71 102 133 164 195
256 287 318 320 351 382 413 444 475 506 537 568 599 630 661 692 723 754 756 787 818 8 39 70 101 132 163 194 225
286 317 348 350 381 412 443 474 505 536 567 598 629 660 691 722 753 755 786 817 7 38 69 100 131 162 193 224 255
316 347 349 380 411 442 473 504 535 566 597 628 659 690 721 752 783 785 816 6 37 68 99 130 161 192 223 254 285
346 377 379 410 441 472 503 534 565 596 627 658 689 720 751 782 784 815 5 36 67 98 129 160 191 222 253 284 315
376 378 409 440 471 502 533 564 595 626 657 688 719 750 781 812 814 4 35 66 97 128 159 190 221 252 283 314 345
406 408 439 470 501 532 563 594 625 656 687 718 749 780 811 813 3 34 65 96 127 158 189 220 251 282 313 344 375
407 438 469 500 531 562 593 624 655 686 717 748 779 810 841 2 33 64 95 126 157 188 219 250 281 312 343 374 405
797 814 831 848 865 882 899 1 18 35 52 69 86 103 120 572 589 606 623 640 657 674 451 468 260 277 294 311 328 345
813 830 847 864 881 898 690 17 34 51 68 85 102 119 121 588 605 622 639 656 673 465 467 484 276 293 310 327 344 346
829 846 863 880 897 689 691 33 50 67 84 101 118 135 137 604 621 638 655 672 464 466 483 500 292 309 326 343 360 362
845 862 879 896 688 705 707 49 66 83 100 117 134 136 153 620 637 654 671 463 480 482 499 516 308 325 342 359 361 378
861 878 895 687 704 706 723 65 82 99 116 133 150 152 169 636 653 670 462 479 481 498 515 532 324 341 358 375 377 394
877 894 686 703 720 722 739 81 98 115 132 149 151 168 185 652 669 461 478 495 497 514 531 548 340 357 374 376 393 410
893 685 702 719 721 738 755 97 114 131 148 165 167 184 201 668 460 477 494 496 513 530 547 564 356 373 390 392 409 426
9 701 718 735 737 754 771 788 130 147 164 166 183 200 217 459 476 493 510 512 529 546 563 580 372 389 391 408 425 442
700 717 734 736 753 770 787 129 146 163 180 182 199 216 8 475 492 509 511 528 545 562 579 596 388 405 407 424 441 233
716 733 750 752 769 786 803 145 162 179 181 198 215 7 24 491 508 525 527 544 561 578 595 612 404 406 423 440 232 249
732 749 751 768 785 802 819 161 178 195 197 214 6 23 40 507 524 526 543 560 577 594 611 628 420 422 439 231 248 265
748 765 767 784 801 818 835 177 194 196 213 5 22 39 56 523 540 542 559 576 593 610 627 644 421 438 230 247 264 281
764 766 783 800 817 834 851 193 210 212 4 21 38 55 72 539 541 558 575 592 609 626 643 660 437 229 246 263 280 297
780 782 799 816 833 850 867 209 211 3 20 37 54 71 88 555 557 574 591 608 625 642 659 661 228 245 262 279 296 313
781 798 815 832 849 866 883 225 2 19 36 53 70 87 104 556 573 590 607 624 641 658 675 452 244 261 278 295 312 329
122 139 156 173 190 207 224 676 693 710 727 744 761 778 795 347 364 381 398 415 432 449 226 243 485 502 519 536 553 570
138 155 172 189 206 223 15 692 709 726 743 760 777 794 796 363 380 397 414 431 448 240 242 259 501 518 535 552 569 571
154 171 188 205 222 14 16 708 725 742 759 776 793 810 812 379 396 413 430 447 239 241 258 275 517 534 551 568 585 587
170 187 204 221 13 30 32 724 741 758 775 792 809 811 828 395 412 429 446 238 255 257 274 291 533 550 567 584 586 603
186 203 220 12 29 31 48 740 757 774 791 808 825 827 844 411 428 445 237 254 256 273 290 307 549 566 583 600 602 619
202 219 11 28 45 47 64 756 773 790 807 824 826 843 860 427 444 236 253 270 272 289 306 323 565 582 599 601 618 635
218 10 27 44 46 63 80 772 789 806 823 840 842 859 876 443 235 252 269 271 288 305 322 339 581 598 615 617 634 651
684 26 43 60 62 79 96 113 805 822 839 841 858 875 892 234 251 268 285 287 304 321 338 355 597 614 616 633 650 667
25 42 59 61 78 95 112 804 821 838 855 857 874 891 683 250 267 284 286 303 320 337 354 371 613 630 632 649 666 458
41 58 75 77 94 111 128 820 837 854 856 873 890 682 699 266 283 300 302 319 336 353 370 387 629 631 648 665 457 474
57 74 76 93 110 127 144 836 853 870 872 889 681 698 715 282 299 301 318 335 352 369 386 403 645 647 664 456 473 490
73 90 92 109 126 143 160 852 869 871 888 680 697 714 731 298 315 317 334 351 368 385 402 419 646 663 455 472 489 506
89 91 108 125 142 159 176 868 885 887 679 696 713 730 747 314 316 333 350 367 384 401 418 435 662 454 471 488 505 522
105 107 124 141 158 175 192 884 886 678 695 712 729 746 763 330 332 349 366 383 400 417 434 436 453 470 487 504 521 538
106 123 140 157 174 191 208 900 677 694 711 728 745 762 779 331 348 365 382 399 416 433 450 227 469 486 503 520 537 554
