Case #1: our language is impossible to understand
Case #2: there are twenty six factorial possibilities
Case #3: so it is okay if you want to just give up
Case #4: xoggk d yl wxo vkkvgo ekso uyl wonw sywy
Case #5: xkf yto akj
Case #6: yabba dabba yabba dabba yabba dabba yabba dabba yabba dabba yabba dabba yabba dabba yabba dooooooooo
Case #7: a b c d e f g h i j k l m n o p q r s t u v y w x y z now i know my abcs
Case #8: next time wont you sing with me
Case #9: you better cut the pizza in four pieces because im not hungry enough to eat six
Case #10: greetings cheese popsicle the number you have dialed is currently out of porkchops
Case #11: im commander shepard and this is my favorite problem on the google code jam
Case #12: by the pricking of my thumbs something wicked this way comes
Case #13: now is the summer of our lack of discontent
Case #14: oh nooooo goggalor is headed for the orphanage
Case #15: oh my god lets make out
Case #16: friends dont let friends let scientific progress go boink
Case #17: all your base are belong to error the spoony bard
Case #18: buff tryndamere and amumu
Case #19: you know you want to
Case #20: in a world of direwolves and lions sometimes the rarest creature is a friend
Case #21: i have bested fruit spike and moon now i shall best you the guy
Case #22: whoooooooooooooooooooaaaaaaaaa i know c plus plus
Case #23: my name is dug i have just met you and i looove you
Case #24: right i forgot here in the states you call it a sausage in the mouth
Case #25: oh hai im in ur computer eating your cheezburgers and googleresing your textz
Case #26: let lips do what hands do
Case #27: this is so exciting i have to go the bathroom
Case #28: for those who speak in a tongue do not speak to other people
Case #29: nobody understands them since they are speaking mysteries in the spirit
Case #30: dr zaius dr zaius dr zaius dr zaius ooooooooooooh dr zaius
