0.0001111110
0.1100221021
0.0100222222
0.0000001100
0.3023201101
0.0100222000
0.0100222222
0.1310233012
0.0133212212
0.0001000020
0.3441414141
0.4434153041
0.0133133032
0.0133212230
0.2120000000
0.0302034231
0.0003030002
0.5364536453
0.6270243656
0.7134885316
0.1111001110
0.2212001100
0.3303201003
0.4334230124
0.5412445111
0.6441626514
0.7470206365
0.8504047262
0.0000000000
0.0000000000
0.0000000001
0.0000000014
0.0000000140
0.0000000552
0.0000002061
0.0000004703
0.0000001010
0.0072543618
0.0000010011
0.0147583362
