1.000000 1.000000
45.353046 52.080460
45.000000 72.000000
14.632896 77.080171
27.000000 60.000000
60.239134 22.480673
67.984377 69.816820
53.000000 33.000000
77.000000 61.000000
76.000000 53.000000
50.000000 26.000000
43.516048 49.787922
19.300683 86.628549
93.999997 69.000000
32.000000 61.000000
89.071337 68.309929
56.577113 18.543155
41.639774 58.586229
68.000000 25.000000
41.000000 39.000000
78.000000 52.000000
82.061641 59.530656
74.642364 40.783151
41.599399 59.951136
43.000000 27.000000
49.629470 51.654194
58.823516 31.437300
16.636070 82.118459
53.013452 52.916710
51.780528 87.570002
34.000000 89.000000
72.998775 65.999488
50.943024 51.861517
64.172211 75.794326
53.000000 57.000000
41.947402 70.137215
85.999456 73.869836
43.000000 64.000000
62.571161 42.353851
78.000000 39.000000
66.840465 46.919258
47.222972 16.839174
55.918131 33.925195
55.035126 45.862091
48.659964 7.142462
25.090302 45.970785
49.000000 44.000000
25.712230 43.902525
52.000000 61.000000
74.278984 24.471009
78.172930 68.851060
61.620627 63.196701
73.798778 45.119880
54.000000 21.000000
79.000000 51.000000
67.716077 28.289270
84.000000 46.000000
60.202245 75.358867
56.000000 56.000000
27.783641 58.601932
26.788430 73.953158
77.570182 3.167320
43.542709 25.083538
48.000000 38.000000
64.080426 52.061816
83.000000 47.000000
60.000000 8.000000
26.624539 33.969017
57.685769 46.914401
88.956135 75.097543
25.000000 66.000000
17.520189 31.866092
79.000000 41.000000
39.000000 70.000000
60.010554 58.654599
48.083391 56.627211
36.978042 38.470248
27.276926 29.247261
85.410829 61.508713
82.135700 48.192781
53.553375 45.281071
80.746195 65.741130
28.811375 81.907846
42.487994 46.697408
77.000000 39.000000
67.000000 23.000000
82.000000 40.000000
80.000000 48.000000
58.000805 8.001349
36.000000 76.000000
64.628960 14.365054
61.544642 42.509161
70.998122 47.775186
30.796634 26.109510
78.000000 42.000000
19.000000 36.000000
74.289082 24.733326
55.000000 35.000000
54.279546 81.353515
33.558490 26.219366
