3676.381579 3077.566143
2512.106641 6543.082050
3794.391080 7143.789390
1309.000000 4804.000000
4605.945490 4173.944074
8457.000000 5753.000000
2394.000000 4680.000000
7567.526110 4570.073690
1990.000000 8900.000000
4125.291786 4161.461477
2227.948610 3844.776907
3188.241011 3451.328244
4768.876499 5857.156730
5253.301843 2556.152674
6540.881861 6699.471272
4897.344692 5245.565751
1310.047195 8073.961956
2420.587023 4453.990887
7533.419225 3885.026513
8517.590537 5981.138769
8004.000000 7734.000000
3091.220832 6111.199322
684.765449 2490.190503
8940.000000 5418.000000
2900.000000 7482.000000
4435.000000 3073.000000
6844.036617 7250.755766
1072.859928 8087.336551
5159.496470 2195.851869
3869.647720 3638.987073
7602.925375 2115.814858
5034.000000 5551.000000
5499.441690 4838.972216
3303.482438 5421.407631
8282.633157 2862.527613
5666.000000 5875.000000
6563.000000 6569.000000
5773.000000 2709.000000
4713.281681 3264.309946
3395.000000 3387.000000
2761.658545 6178.818032
3956.000000 5598.000000
4409.000000 6835.000000
4769.000000 1993.000000
1114.064210 7768.874849
1401.640655 7253.039720
8192.032223 8316.130161
2170.000000 2527.000000
1350.000000 4770.000000
4992.000000 4484.000000
1777.007999 3362.702415
7127.266867 6044.470414
4307.948639 6222.512349
8406.653656 2862.099202
7104.000000 4396.000000
7576.882712 5158.071131
5615.586442 4889.906365
4418.000000 5296.000000
3649.742152 4073.748135
6678.457914 6895.078735
5658.572027 4178.564046
7768.000000 3596.000000
5884.000000 6625.000000
4250.789628 2364.405451
3843.000000 5865.000000
5083.000000 6991.000000
6207.993756 3613.556960
2207.010942 6695.435674
7378.000000 1594.000000
4994.692286 2656.814733
5223.000000 3563.000000
3862.825964 6538.815677
1085.738573 5019.112021
6635.000000 1071.000000
4416.000000 7476.000000
2195.934424 1354.408697
5270.583766 2786.867892
3852.497376 3793.653140
1973.513018 6768.760550
7964.129707 1928.514715
7235.000000 4525.000000
5083.068650 3867.176596
1993.019370 3415.067944
7679.807414 1069.967325
7531.413725 4638.703063
7387.872720 7338.046693
3211.960428 5225.727828
2945.460946 5419.185451
1687.566957 5323.093597
7834.860499 2900.519290
1503.435712 3780.929129
8560.731624 8095.689254
811.442612 6246.789836
3221.000000 7974.000000
6302.346743 2810.666662
4089.308173 2442.499724
5574.076799 4205.899641
5513.406381 5138.311715
2545.000000 5877.000000
4252.430307 5475.867334
