Case 1:

Case 2:
1 2 3 4 7 6 5 12 11 8 9 10
1 2 3 4 7 6 11 12 5 8 9 10
1 2 3 4 7 10 9 8 5 6 11 12
1 2 3 4 7 10 9 8 5 12 11 6
1 2 3 4 7 10 9 8 11 6 5 12
1 2 3 4 7 10 9 8 11 12 5 6
1 2 3 4 7 12 5 6 11 8 9 10
1 2 3 4 7 12 11 6 5 8 9 10
1 2 3 4 9 8 5 6 11 12 7 10
1 2 3 4 9 8 5 12 11 6 7 10
1 2 3 4 9 8 11 6 5 12 7 10
1 2 3 4 9 8 11 12 5 6 7 10
1 2 3 4 9 10 7 6 5 8 11 12
1 2 3 4 9 10 7 6 11 8 5 12
1 2 3 4 9 10 7 12 5 8 11 6
1 2 3 4 9 10 7 12 11 8 5 6
1 2 3 8 5 6 11 12 7 4 9 10
1 2 3 8 5 6 11 12 7 10 9 4
1 2 3 8 5 12 11 6 7 4 9 10
1 2 3 8 5 12 11 6 7 10 9 4
1 2 3 8 11 6 5 12 7 4 9 10
1 2 3 8 11 6 5 12 7 10 9 4
1 2 3 8 11 12 5 6 7 4 9 10
1 2 3 8 11 12 5 6 7 10 9 4
1 2 3 10 7 4 9 8 5 6 11 12
1 2 3 10 7 4 9 8 5 12 11 6
1 2 3 10 7 4 9 8 11 6 5 12
1 2 3 10 7 4 9 8 11 12 5 6
1 2 3 10 7 6 5 12 11 8 9 4
1 2 3 10 7 6 11 12 5 8 9 4
1 2 3 10 7 12 5 6 11 8 9 4
1 2 3 10 7 12 11 6 5 8 9 4
1 2 3 10 9 4 7 6 5 8 11 12
1 2 3 10 9 4 7 6 11 8 5 12
1 2 3 10 9 4 7 12 5 8 11 6
1 2 3 10 9 4 7 12 11 8 5 6
1 2 3 10 9 8 5 6 11 12 7 4
1 2 3 10 9 8 5 12 11 6 7 4
1 2 3 10 9 8 11 6 5 12 7 4
1 2 3 10 9 8 11 12 5 6 7 4
1 2 5 6 7 4 3 10 9 8 11 12
1 2 5 6 7 4 9 10 3 8 11 12
1 2 5 6 7 10 3 4 9 8 11 12
1 2 5 6 7 10 9 4 3 8 11 12
1 2 5 6 7 12 11 8 3 4 9 10
1 2 5 6 7 12 11 8 3 10 9 4
1 2 5 6 7 12 11 8 9 4 3 10
1 2 5 6 7 12 11 8 9 10 3 4
1 2 5 6 11 8 3 4 9 10 7 12
1 2 5 6 11 8 3 10 9 4 7 12
1 2 5 6 11 8 9 4 3 10 7 12
1 2 5 6 11 8 9 10 3 4 7 12
1 2 5 6 11 12 7 4 3 8 9 10
1 2 5 6 11 12 7 4 9 8 3 10
1 2 5 6 11 12 7 10 3 8 9 4
1 2 5 6 11 12 7 10 9 8 3 4
1 2 5 8 3 4 9 10 7 6 11 12
1 2 5 8 3 4 9 10 7 12 11 6
1 2 5 8 3 10 9 4 7 6 11 12
1 2 5 8 3 10 9 4 7 12 11 6
1 2 5 8 9 4 3 10 7 6 11 12
1 2 5 8 9 4 3 10 7 12 11 6
1 2 5 8 9 10 3 4 7 6 11 12
1 2 5 8 9 10 3 4 7 12 11 6
1 2 5 12 7 4 3 10 9 8 11 6
1 2 5 12 7 4 9 10 3 8 11 6
1 2 5 12 7 6 11 8 3 4 9 10
1 2 5 12 7 6 11 8 3 10 9 4
1 2 5 12 7 6 11 8 9 4 3 10
1 2 5 12 7 6 11 8 9 10 3 4
1 2 5 12 7 10 3 4 9 8 11 6
1 2 5 12 7 10 9 4 3 8 11 6
1 2 5 12 11 6 7 4 3 8 9 10
1 2 5 12 11 6 7 4 9 8 3 10
1 2 5 12 11 6 7 10 3 8 9 4
1 2 5 12 11 6 7 10 9 8 3 4
1 2 5 12 11 8 3 4 9 10 7 6
1 2 5 12 11 8 3 10 9 4 7 6
1 2 5 12 11 8 9 4 3 10 7 6
1 2 5 12 11 8 9 10 3 4 7 6
1 2 9 4 3 8 5 6 11 12 7 10
1 2 9 4 3 8 5 12 11 6 7 10
1 2 9 4 3 8 11 6 5 12 7 10
1 2 9 4 3 8 11 12 5 6 7 10
1 2 9 4 3 10 7 6 5 8 11 12
1 2 9 4 3 10 7 6 11 8 5 12
1 2 9 4 3 10 7 12 5 8 11 6
1 2 9 4 3 10 7 12 11 8 5 6
1 2 9 4 7 6 5 12 11 8 3 10
1 2 9 4 7 6 11 12 5 8 3 10
1 2 9 4 7 10 3 8 5 6 11 12
1 2 9 4 7 10 3 8 5 12 11 6
1 2 9 4 7 10 3 8 11 6 5 12
1 2 9 4 7 10 3 8 11 12 5 6
1 2 9 4 7 12 5 6 11 8 3 10
1 2 9 4 7 12 11 6 5 8 3 10
1 2 9 8 5 6 11 12 7 4 3 10
1 2 9 8 5 6 11 12 7 10 3 4
1 2 9 8 5 12 11 6 7 4 3 10
1 2 9 8 5 12 11 6 7 10 3 4
1 2 9 8 11 6 5 12 7 4 3 10
1 2 9 8 11 6 5 12 7 10 3 4
1 2 9 8 11 12 5 6 7 4 3 10
1 2 9 8 11 12 5 6 7 10 3 4
1 2 9 10 3 4 7 6 5 8 11 12
1 2 9 10 3 4 7 6 11 8 5 12
1 2 9 10 3 4 7 12 5 8 11 6
1 2 9 10 3 4 7 12 11 8 5 6
1 2 9 10 3 8 5 6 11 12 7 4
1 2 9 10 3 8 5 12 11 6 7 4
1 2 9 10 3 8 11 6 5 12 7 4
1 2 9 10 3 8 11 12 5 6 7 4
1 2 9 10 7 4 3 8 5 6 11 12
1 2 9 10 7 4 3 8 5 12 11 6
1 2 9 10 7 4 3 8 11 6 5 12
1 2 9 10 7 4 3 8 11 12 5 6
1 2 9 10 7 6 5 12 11 8 3 4
1 2 9 10 7 6 11 12 5 8 3 4
1 2 9 10 7 12 5 6 11 8 3 4
1 2 9 10 7 12 11 6 5 8 3 4
1 2 11 6 5 8 3 4 9 10 7 12
1 2 11 6 5 8 3 10 9 4 7 12
1 2 11 6 5 8 9 4 3 10 7 12
1 2 11 6 5 8 9 10 3 4 7 12
1 2 11 6 5 12 7 4 3 8 9 10
1 2 11 6 5 12 7 4 9 8 3 10
1 2 11 6 5 12 7 10 3 8 9 4
1 2 11 6 5 12 7 10 9 8 3 4
1 2 11 6 7 4 3 10 9 8 5 12
1 2 11 6 7 4 9 10 3 8 5 12
1 2 11 6 7 10 3 4 9 8 5 12
1 2 11 6 7 10 9 4 3 8 5 12
1 2 11 6 7 12 5 8 3 4 9 10
1 2 11 6 7 12 5 8 3 10 9 4
1 2 11 6 7 12 5 8 9 4 3 10
1 2 11 6 7 12 5 8 9 10 3 4
1 2 11 8 3 4 9 10 7 6 5 12
1 2 11 8 3 4 9 10 7 12 5 6
1 2 11 8 3 10 9 4 7 6 5 12
1 2 11 8 3 10 9 4 7 12 5 6
1 2 11 8 9 4 3 10 7 6 5 12
1 2 11 8 9 4 3 10 7 12 5 6
1 2 11 8 9 10 3 4 7 6 5 12
1 2 11 8 9 10 3 4 7 12 5 6
1 2 11 12 5 6 7 4 3 8 9 10
1 2 11 12 5 6 7 4 9 8 3 10
1 2 11 12 5 6 7 10 3 8 9 4
1 2 11 12 5 6 7 10 9 8 3 4
1 2 11 12 5 8 3 4 9 10 7 6
1 2 11 12 5 8 3 10 9 4 7 6
1 2 11 12 5 8 9 4 3 10 7 6
1 2 11 12 5 8 9 10 3 4 7 6
1 2 11 12 7 4 3 10 9 8 5 6
1 2 11 12 7 4 9 10 3 8 5 6
1 2 11 12 7 6 5 8 3 4 9 10
1 2 11 12 7 6 5 8 3 10 9 4
1 2 11 12 7 6 5 8 9 4 3 10
1 2 11 12 7 6 5 8 9 10 3 4
1 2 11 12 7 10 3 4 9 8 5 6
1 2 11 12 7 10 9 4 3 8 5 6
1 4 3 2 5 6 7 10 9 8 11 12
1 4 3 2 5 6 7 12 11 8 9 10
1 4 3 2 5 6 11 8 9 10 7 12
1 4 3 2 5 8 9 10 7 6 11 12
1 4 3 2 5 8 9 10 7 12 11 6
1 4 3 2 5 12 7 6 11 8 9 10
1 4 3 2 5 12 7 10 9 8 11 6
1 4 3 2 5 12 11 8 9 10 7 6
1 4 3 2 9 8 5 6 11 12 7 10
1 4 3 2 9 8 5 12 11 6 7 10
1 4 3 2 9 8 11 6 5 12 7 10
1 4 3 2 9 8 11 12 5 6 7 10
1 4 3 2 9 10 7 6 5 8 11 12
1 4 3 2 9 10 7 6 11 8 5 12
1 4 3 2 9 10 7 12 5 8 11 6
1 4 3 2 9 10 7 12 11 8 5 6
1 4 3 2 11 6 5 8 9 10 7 12
1 4 3 2 11 6 7 10 9 8 5 12
1 4 3 2 11 6 7 12 5 8 9 10
1 4 3 2 11 8 9 10 7 6 5 12
1 4 3 2 11 8 9 10 7 12 5 6
1 4 3 2 11 12 5 8 9 10 7 6
1 4 3 2 11 12 7 6 5 8 9 10
1 4 3 2 11 12 7 10 9 8 5 6
1 4 3 8 5 2 9 10 7 6 11 12
1 4 3 8 5 2 9 10 7 12 11 6
1 4 3 8 5 6 7 10 9 2 11 12
1 4 3 8 5 6 7 12 11 2 9 10
1 4 3 8 5 6 11 2 9 10 7 12
1 4 3 8 5 6 11 12 7 10 9 2
1 4 3 8 5 12 7 6 11 2 9 10
1 4 3 8 5 12 7 10 9 2 11 6
1 4 3 8 5 12 11 2 9 10 7 6
1 4 3 8 5 12 11 6 7 10 9 2
1 4 3 8 9 2 5 6 11 12 7 10
1 4 3 8 9 2 5 12 11 6 7 10
1 4 3 8 9 2 11 6 5 12 7 10
1 4 3 8 9 2 11 12 5 6 7 10
1 4 3 8 9 10 7 6 5 2 11 12
1 4 3 8 9 10 7 6 5 12 11 2
1 4 3 8 9 10 7 6 11 2 5 12
1 4 3 8 9 10 7 6 11 12 5 2
1 4 3 8 9 10 7 12 5 2 11 6
1 4 3 8 9 10 7 12 5 6 11 2
1 4 3 8 9 10 7 12 11 2 5 6
1 4 3 8 9 10 7 12 11 6 5 2
1 4 3 8 11 2 9 10 7 6 5 12
1 4 3 8 11 2 9 10 7 12 5 6
1 4 3 8 11 6 5 2 9 10 7 12
1 4 3 8 11 6 5 12 7 10 9 2
1 4 3 8 11 6 7 10 9 2 5 12
1 4 3 8 11 6 7 12 5 2 9 10
1 4 3 8 11 12 5 2 9 10 7 6
1 4 3 8 11 12 5 6 7 10 9 2
1 4 3 8 11 12 7 6 5 2 9 10
1 4 3 8 11 12 7 10 9 2 5 6
1 4 3 10 7 6 5 2 9 8 11 12
1 4 3 10 7 6 5 8 9 2 11 12
1 4 3 10 7 6 5 12 11 8 9 2
1 4 3 10 7 6 11 2 9 8 5 12
1 4 3 10 7 6 11 8 9 2 5 12
1 4 3 10 7 6 11 12 5 8 9 2
1 4 3 10 7 12 5 2 9 8 11 6
1 4 3 10 7 12 5 6 11 8 9 2
1 4 3 10 7 12 5 8 9 2 11 6
1 4 3 10 7 12 11 2 9 8 5 6
1 4 3 10 7 12 11 6 5 8 9 2
1 4 3 10 7 12 11 8 9 2 5 6
1 4 3 10 9 2 5 8 11 6 7 12
1 4 3 10 9 2 5 8 11 12 7 6
1 4 3 10 9 2 11 8 5 6 7 12
1 4 3 10 9 2 11 8 5 12 7 6
1 4 3 10 9 8 5 2 11 6 7 12
1 4 3 10 9 8 5 2 11 12 7 6
1 4 3 10 9 8 5 6 7 12 11 2
1 4 3 10 9 8 5 12 7 6 11 2
1 4 3 10 9 8 11 2 5 6 7 12
1 4 3 10 9 8 11 2 5 12 7 6
1 4 3 10 9 8 11 6 7 12 5 2
1 4 3 10 9 8 11 12 7 6 5 2
1 4 7 6 5 2 3 10 9 8 11 12
1 4 7 6 5 2 9 10 3 8 11 12
1 4 7 6 5 8 3 10 9 2 11 12
1 4 7 6 5 8 9 10 3 2 11 12
1 4 7 6 5 12 11 2 3 8 9 10
1 4 7 6 5 12 11 2 9 8 3 10
1 4 7 6 5 12 11 8 3 2 9 10
1 4 7 6 5 12 11 8 3 10 9 2
1 4 7 6 5 12 11 8 9 2 3 10
1 4 7 6 5 12 11 8 9 10 3 2
1 4 7 6 11 2 3 10 9 8 5 12
1 4 7 6 11 2 9 10 3 8 5 12
1 4 7 6 11 8 3 10 9 2 5 12
1 4 7 6 11 8 9 10 3 2 5 12
1 4 7 6 11 12 5 2 3 8 9 10
1 4 7 6 11 12 5 2 9 8 3 10
1 4 7 6 11 12 5 8 3 2 9 10
1 4 7 6 11 12 5 8 3 10 9 2
1 4 7 6 11 12 5 8 9 2 3 10
1 4 7 6 11 12 5 8 9 10 3 2
1 4 7 10 3 2 9 8 5 6 11 12
1 4 7 10 3 2 9 8 5 12 11 6
1 4 7 10 3 2 9 8 11 6 5 12
1 4 7 10 3 2 9 8 11 12 5 6
1 4 7 10 3 8 9 2 5 6 11 12
1 4 7 10 3 8 9 2 5 12 11 6
1 4 7 10 3 8 9 2 11 6 5 12
1 4 7 10 3 8 9 2 11 12 5 6
1 4 7 10 9 2 3 8 5 6 11 12
1 4 7 10 9 2 3 8 5 12 11 6
1 4 7 10 9 2 3 8 11 6 5 12
1 4 7 10 9 2 3 8 11 12 5 6
1 4 7 10 9 8 3 2 5 6 11 12
1 4 7 10 9 8 3 2 5 12 11 6
1 4 7 10 9 8 3 2 11 6 5 12
1 4 7 10 9 8 3 2 11 12 5 6
1 4 7 12 5 2 3 10 9 8 11 6
1 4 7 12 5 2 9 10 3 8 11 6
1 4 7 12 5 6 11 2 3 8 9 10
1 4 7 12 5 6 11 2 9 8 3 10
1 4 7 12 5 6 11 8 3 2 9 10
1 4 7 12 5 6 11 8 3 10 9 2
1 4 7 12 5 6 11 8 9 2 3 10
1 4 7 12 5 6 11 8 9 10 3 2
1 4 7 12 5 8 3 10 9 2 11 6
1 4 7 12 5 8 9 10 3 2 11 6
1 4 7 12 11 2 3 10 9 8 5 6
1 4 7 12 11 2 9 10 3 8 5 6
1 4 7 12 11 6 5 2 3 8 9 10
1 4 7 12 11 6 5 2 9 8 3 10
1 4 7 12 11 6 5 8 3 2 9 10
1 4 7 12 11 6 5 8 3 10 9 2
1 4 7 12 11 6 5 8 9 2 3 10
1 4 7 12 11 6 5 8 9 10 3 2
1 4 7 12 11 8 3 10 9 2 5 6
1 4 7 12 11 8 9 10 3 2 5 6
1 4 9 2 3 8 5 6 11 12 7 10
1 4 9 2 3 8 5 12 11 6 7 10
1 4 9 2 3 8 11 6 5 12 7 10
1 4 9 2 3 8 11 12 5 6 7 10
1 4 9 2 3 10 7 6 5 8 11 12
1 4 9 2 3 10 7 6 11 8 5 12
1 4 9 2 3 10 7 12 5 8 11 6
1 4 9 2 3 10 7 12 11 8 5 6
1 4 9 2 5 6 7 10 3 8 11 12
1 4 9 2 5 6 7 12 11 8 3 10
1 4 9 2 5 6 11 8 3 10 7 12
1 4 9 2 5 8 3 10 7 6 11 12
1 4 9 2 5 8 3 10 7 12 11 6
1 4 9 2 5 12 7 6 11 8 3 10
1 4 9 2 5 12 7 10 3 8 11 6
1 4 9 2 5 12 11 8 3 10 7 6
1 4 9 2 11 6 5 8 3 10 7 12
1 4 9 2 11 6 7 10 3 8 5 12
1 4 9 2 11 6 7 12 5 8 3 10
1 4 9 2 11 8 3 10 7 6 5 12
1 4 9 2 11 8 3 10 7 12 5 6
1 4 9 2 11 12 5 8 3 10 7 6
1 4 9 2 11 12 7 6 5 8 3 10
1 4 9 2 11 12 7 10 3 8 5 6
1 4 9 8 3 2 5 6 11 12 7 10
1 4 9 8 3 2 5 12 11 6 7 10
1 4 9 8 3 2 11 6 5 12 7 10
1 4 9 8 3 2 11 12 5 6 7 10
1 4 9 8 3 10 7 6 5 2 11 12
1 4 9 8 3 10 7 6 5 12 11 2
1 4 9 8 3 10 7 6 11 2 5 12
1 4 9 8 3 10 7 6 11 12 5 2
1 4 9 8 3 10 7 12 5 2 11 6
1 4 9 8 3 10 7 12 5 6 11 2
1 4 9 8 3 10 7 12 11 2 5 6
1 4 9 8 3 10 7 12 11 6 5 2
1 4 9 8 5 2 3 10 7 6 11 12
1 4 9 8 5 2 3 10 7 12 11 6
1 4 9 8 5 6 7 10 3 2 11 12
1 4 9 8 5 6 7 12 11 2 3 10
1 4 9 8 5 6 11 2 3 10 7 12
1 4 9 8 5 6 11 12 7 10 3 2
1 4 9 8 5 12 7 6 11 2 3 10
1 4 9 8 5 12 7 10 3 2 11 6
1 4 9 8 5 12 11 2 3 10 7 6
1 4 9 8 5 12 11 6 7 10 3 2
1 4 9 8 11 2 3 10 7 6 5 12
1 4 9 8 11 2 3 10 7 12 5 6
1 4 9 8 11 6 5 2 3 10 7 12
1 4 9 8 11 6 5 12 7 10 3 2
1 4 9 8 11 6 7 10 3 2 5 12
1 4 9 8 11 6 7 12 5 2 3 10
1 4 9 8 11 12 5 2 3 10 7 6
1 4 9 8 11 12 5 6 7 10 3 2
1 4 9 8 11 12 7 6 5 2 3 10
1 4 9 8 11 12 7 10 3 2 5 6
1 4 9 10 3 2 5 8 11 6 7 12
1 4 9 10 3 2 5 8 11 12 7 6
1 4 9 10 3 2 11 8 5 6 7 12
1 4 9 10 3 2 11 8 5 12 7 6
1 4 9 10 3 8 5 2 11 6 7 12
1 4 9 10 3 8 5 2 11 12 7 6
1 4 9 10 3 8 5 6 7 12 11 2
1 4 9 10 3 8 5 12 7 6 11 2
1 4 9 10 3 8 11 2 5 6 7 12
1 4 9 10 3 8 11 2 5 12 7 6
1 4 9 10 3 8 11 6 7 12 5 2
1 4 9 10 3 8 11 12 7 6 5 2
1 4 9 10 7 6 5 2 3 8 11 12
1 4 9 10 7 6 5 8 3 2 11 12
1 4 9 10 7 6 5 12 11 8 3 2
1 4 9 10 7 6 11 2 3 8 5 12
1 4 9 10 7 6 11 8 3 2 5 12
1 4 9 10 7 6 11 12 5 8 3 2
1 4 9 10 7 12 5 2 3 8 11 6
1 4 9 10 7 12 5 6 11 8 3 2
1 4 9 10 7 12 5 8 3 2 11 6
1 4 9 10 7 12 11 2 3 8 5 6
1 4 9 10 7 12 11 6 5 8 3 2
1 4 9 10 7 12 11 8 3 2 5 6
1 6 5 2 3 4 7 10 9 8 11 12
1 6 5 2 3 4 7 12 11 8 9 10
1 6 5 2 3 4 9 8 11 12 7 10
1 6 5 2 3 8 11 12 7 4 9 10
1 6 5 2 3 8 11 12 7 10 9 4
1 6 5 2 3 10 7 4 9 8 11 12
1 6 5 2 3 10 7 12 11 8 9 4
1 6 5 2 3 10 9 8 11 12 7 4
1 6 5 2 9 4 3 8 11 12 7 10
1 6 5 2 9 4 7 10 3 8 11 12
1 6 5 2 9 4 7 12 11 8 3 10
1 6 5 2 9 8 11 12 7 4 3 10
1 6 5 2 9 8 11 12 7 10 3 4
1 6 5 2 9 10 3 8 11 12 7 4
1 6 5 2 9 10 7 4 3 8 11 12
1 6 5 2 9 10 7 12 11 8 3 4
1 6 5 2 11 8 3 4 9 10 7 12
1 6 5 2 11 8 3 10 9 4 7 12
1 6 5 2 11 8 9 4 3 10 7 12
1 6 5 2 11 8 9 10 3 4 7 12
1 6 5 2 11 12 7 4 3 8 9 10
1 6 5 2 11 12 7 4 9 8 3 10
1 6 5 2 11 12 7 10 3 8 9 4
1 6 5 2 11 12 7 10 9 8 3 4
1 6 5 8 3 2 11 12 7 4 9 10
1 6 5 8 3 2 11 12 7 10 9 4
1 6 5 8 3 4 7 10 9 2 11 12
1 6 5 8 3 4 7 12 11 2 9 10
1 6 5 8 3 4 9 2 11 12 7 10
1 6 5 8 3 4 9 10 7 12 11 2
1 6 5 8 3 10 7 4 9 2 11 12
1 6 5 8 3 10 7 12 11 2 9 4
1 6 5 8 3 10 9 2 11 12 7 4
1 6 5 8 3 10 9 4 7 12 11 2
1 6 5 8 9 2 11 12 7 4 3 10
1 6 5 8 9 2 11 12 7 10 3 4
1 6 5 8 9 4 3 2 11 12 7 10
1 6 5 8 9 4 3 10 7 12 11 2
1 6 5 8 9 4 7 10 3 2 11 12
1 6 5 8 9 4 7 12 11 2 3 10
1 6 5 8 9 10 3 2 11 12 7 4
1 6 5 8 9 10 3 4 7 12 11 2
1 6 5 8 9 10 7 4 3 2 11 12
1 6 5 8 9 10 7 12 11 2 3 4
1 6 5 8 11 2 3 4 9 10 7 12
1 6 5 8 11 2 3 10 9 4 7 12
1 6 5 8 11 2 9 4 3 10 7 12
1 6 5 8 11 2 9 10 3 4 7 12
1 6 5 8 11 12 7 4 3 2 9 10
1 6 5 8 11 12 7 4 3 10 9 2
1 6 5 8 11 12 7 4 9 2 3 10
1 6 5 8 11 12 7 4 9 10 3 2
1 6 5 8 11 12 7 10 3 2 9 4
1 6 5 8 11 12 7 10 3 4 9 2
1 6 5 8 11 12 7 10 9 2 3 4
1 6 5 8 11 12 7 10 9 4 3 2
1 6 5 12 7 4 3 2 11 8 9 10
1 6 5 12 7 4 3 8 11 2 9 10
1 6 5 12 7 4 3 10 9 8 11 2
1 6 5 12 7 4 9 2 11 8 3 10
1 6 5 12 7 4 9 8 11 2 3 10
1 6 5 12 7 4 9 10 3 8 11 2
1 6 5 12 7 10 3 2 11 8 9 4
1 6 5 12 7 10 3 4 9 8 11 2
1 6 5 12 7 10 3 8 11 2 9 4
1 6 5 12 7 10 9 2 11 8 3 4
1 6 5 12 7 10 9 4 3 8 11 2
1 6 5 12 7 10 9 8 11 2 3 4
1 6 5 12 11 2 3 8 9 4 7 10
1 6 5 12 11 2 3 8 9 10 7 4
1 6 5 12 11 2 9 8 3 4 7 10
1 6 5 12 11 2 9 8 3 10 7 4
1 6 5 12 11 8 3 2 9 4 7 10
1 6 5 12 11 8 3 2 9 10 7 4
1 6 5 12 11 8 3 4 7 10 9 2
1 6 5 12 11 8 3 10 7 4 9 2
1 6 5 12 11 8 9 2 3 4 7 10
1 6 5 12 11 8 9 2 3 10 7 4
1 6 5 12 11 8 9 4 7 10 3 2
1 6 5 12 11 8 9 10 7 4 3 2
1 6 7 4 3 2 5 12 11 8 9 10
1 6 7 4 3 2 11 12 5 8 9 10
1 6 7 4 3 8 5 12 11 2 9 10
1 6 7 4 3 8 11 12 5 2 9 10
1 6 7 4 3 10 9 2 5 8 11 12
1 6 7 4 3 10 9 2 11 8 5 12
1 6 7 4 3 10 9 8 5 2 11 12
1 6 7 4 3 10 9 8 5 12 11 2
1 6 7 4 3 10 9 8 11 2 5 12
1 6 7 4 3 10 9 8 11 12 5 2
1 6 7 4 9 2 5 12 11 8 3 10
1 6 7 4 9 2 11 12 5 8 3 10
1 6 7 4 9 8 5 12 11 2 3 10
1 6 7 4 9 8 11 12 5 2 3 10
1 6 7 4 9 10 3 2 5 8 11 12
1 6 7 4 9 10 3 2 11 8 5 12
1 6 7 4 9 10 3 8 5 2 11 12
1 6 7 4 9 10 3 8 5 12 11 2
1 6 7 4 9 10 3 8 11 2 5 12
1 6 7 4 9 10 3 8 11 12 5 2
1 6 7 10 3 2 5 12 11 8 9 4
1 6 7 10 3 2 11 12 5 8 9 4
1 6 7 10 3 4 9 2 5 8 11 12
1 6 7 10 3 4 9 2 11 8 5 12
1 6 7 10 3 4 9 8 5 2 11 12
1 6 7 10 3 4 9 8 5 12 11 2
1 6 7 10 3 4 9 8 11 2 5 12
1 6 7 10 3 4 9 8 11 12 5 2
1 6 7 10 3 8 5 12 11 2 9 4
1 6 7 10 3 8 11 12 5 2 9 4
1 6 7 10 9 2 5 12 11 8 3 4
1 6 7 10 9 2 11 12 5 8 3 4
1 6 7 10 9 4 3 2 5 8 11 12
1 6 7 10 9 4 3 2 11 8 5 12
1 6 7 10 9 4 3 8 5 2 11 12
1 6 7 10 9 4 3 8 5 12 11 2
1 6 7 10 9 4 3 8 11 2 5 12
1 6 7 10 9 4 3 8 11 12 5 2
1 6 7 10 9 8 5 12 11 2 3 4
1 6 7 10 9 8 11 12 5 2 3 4
1 6 7 12 5 2 11 8 3 4 9 10
1 6 7 12 5 2 11 8 3 10 9 4
1 6 7 12 5 2 11 8 9 4 3 10
1 6 7 12 5 2 11 8 9 10 3 4
1 6 7 12 5 8 11 2 3 4 9 10
1 6 7 12 5 8 11 2 3 10 9 4
1 6 7 12 5 8 11 2 9 4 3 10
1 6 7 12 5 8 11 2 9 10 3 4
1 6 7 12 11 2 5 8 3 4 9 10
1 6 7 12 11 2 5 8 3 10 9 4
1 6 7 12 11 2 5 8 9 4 3 10
1 6 7 12 11 2 5 8 9 10 3 4
1 6 7 12 11 8 5 2 3 4 9 10
1 6 7 12 11 8 5 2 3 10 9 4
1 6 7 12 11 8 5 2 9 4 3 10
1 6 7 12 11 8 5 2 9 10 3 4
1 6 11 2 3 4 7 10 9 8 5 12
1 6 11 2 3 4 7 12 5 8 9 10
1 6 11 2 3 4 9 8 5 12 7 10
1 6 11 2 3 8 5 12 7 4 9 10
1 6 11 2 3 8 5 12 7 10 9 4
1 6 11 2 3 10 7 4 9 8 5 12
1 6 11 2 3 10 7 12 5 8 9 4
1 6 11 2 3 10 9 8 5 12 7 4
1 6 11 2 5 8 3 4 9 10 7 12
1 6 11 2 5 8 3 10 9 4 7 12
1 6 11 2 5 8 9 4 3 10 7 12
1 6 11 2 5 8 9 10 3 4 7 12
1 6 11 2 5 12 7 4 3 8 9 10
1 6 11 2 5 12 7 4 9 8 3 10
1 6 11 2 5 12 7 10 3 8 9 4
1 6 11 2 5 12 7 10 9 8 3 4
1 6 11 2 9 4 3 8 5 12 7 10
1 6 11 2 9 4 7 10 3 8 5 12
1 6 11 2 9 4 7 12 5 8 3 10
1 6 11 2 9 8 5 12 7 4 3 10
1 6 11 2 9 8 5 12 7 10 3 4
1 6 11 2 9 10 3 8 5 12 7 4
1 6 11 2 9 10 7 4 3 8 5 12
1 6 11 2 9 10 7 12 5 8 3 4
1 6 11 8 3 2 5 12 7 4 9 10
1 6 11 8 3 2 5 12 7 10 9 4
1 6 11 8 3 4 7 10 9 2 5 12
1 6 11 8 3 4 7 12 5 2 9 10
1 6 11 8 3 4 9 2 5 12 7 10
1 6 11 8 3 4 9 10 7 12 5 2
1 6 11 8 3 10 7 4 9 2 5 12
1 6 11 8 3 10 7 12 5 2 9 4
1 6 11 8 3 10 9 2 5 12 7 4
1 6 11 8 3 10 9 4 7 12 5 2
1 6 11 8 5 2 3 4 9 10 7 12
1 6 11 8 5 2 3 10 9 4 7 12
1 6 11 8 5 2 9 4 3 10 7 12
1 6 11 8 5 2 9 10 3 4 7 12
1 6 11 8 5 12 7 4 3 2 9 10
1 6 11 8 5 12 7 4 3 10 9 2
1 6 11 8 5 12 7 4 9 2 3 10
1 6 11 8 5 12 7 4 9 10 3 2
1 6 11 8 5 12 7 10 3 2 9 4
1 6 11 8 5 12 7 10 3 4 9 2
1 6 11 8 5 12 7 10 9 2 3 4
1 6 11 8 5 12 7 10 9 4 3 2
1 6 11 8 9 2 5 12 7 4 3 10
1 6 11 8 9 2 5 12 7 10 3 4
1 6 11 8 9 4 3 2 5 12 7 10
1 6 11 8 9 4 3 10 7 12 5 2
1 6 11 8 9 4 7 10 3 2 5 12
1 6 11 8 9 4 7 12 5 2 3 10
1 6 11 8 9 10 3 2 5 12 7 4
1 6 11 8 9 10 3 4 7 12 5 2
1 6 11 8 9 10 7 4 3 2 5 12
1 6 11 8 9 10 7 12 5 2 3 4
1 6 11 12 5 2 3 8 9 4 7 10
1 6 11 12 5 2 3 8 9 10 7 4
1 6 11 12 5 2 9 8 3 4 7 10
1 6 11 12 5 2 9 8 3 10 7 4
1 6 11 12 5 8 3 2 9 4 7 10
1 6 11 12 5 8 3 2 9 10 7 4
1 6 11 12 5 8 3 4 7 10 9 2
1 6 11 12 5 8 3 10 7 4 9 2
1 6 11 12 5 8 9 2 3 4 7 10
1 6 11 12 5 8 9 2 3 10 7 4
1 6 11 12 5 8 9 4 7 10 3 2
1 6 11 12 5 8 9 10 7 4 3 2
1 6 11 12 7 4 3 2 5 8 9 10
1 6 11 12 7 4 3 8 5 2 9 10
1 6 11 12 7 4 3 10 9 8 5 2
1 6 11 12 7 4 9 2 5 8 3 10
1 6 11 12 7 4 9 8 5 2 3 10
1 6 11 12 7 4 9 10 3 8 5 2
1 6 11 12 7 10 3 2 5 8 9 4
1 6 11 12 7 10 3 4 9 8 5 2
1 6 11 12 7 10 3 8 5 2 9 4
1 6 11 12 7 10 9 2 5 8 3 4
1 6 11 12 7 10 9 4 3 8 5 2
1 6 11 12 7 10 9 8 5 2 3 4
1 10 3 2 5 6 7 4 9 8 11 12
1 10 3 2 5 6 7 12 11 8 9 4
1 10 3 2 5 6 11 8 9 4 7 12
1 10 3 2 5 8 9 4 7 6 11 12
1 10 3 2 5 8 9 4 7 12 11 6
1 10 3 2 5 12 7 4 9 8 11 6
1 10 3 2 5 12 7 6 11 8 9 4
1 10 3 2 5 12 11 8 9 4 7 6
1 10 3 2 9 4 7 6 5 8 11 12
1 10 3 2 9 4 7 6 11 8 5 12
1 10 3 2 9 4 7 12 5 8 11 6
1 10 3 2 9 4 7 12 11 8 5 6
1 10 3 2 9 8 5 6 11 12 7 4
1 10 3 2 9 8 5 12 11 6 7 4
1 10 3 2 9 8 11 6 5 12 7 4
1 10 3 2 9 8 11 12 5 6 7 4
1 10 3 2 11 6 5 8 9 4 7 12
1 10 3 2 11 6 7 4 9 8 5 12
1 10 3 2 11 6 7 12 5 8 9 4
1 10 3 2 11 8 9 4 7 6 5 12
1 10 3 2 11 8 9 4 7 12 5 6
1 10 3 2 11 12 5 8 9 4 7 6
1 10 3 2 11 12 7 4 9 8 5 6
1 10 3 2 11 12 7 6 5 8 9 4
1 10 3 4 7 6 5 2 9 8 11 12
1 10 3 4 7 6 5 8 9 2 11 12
1 10 3 4 7 6 5 12 11 8 9 2
1 10 3 4 7 6 11 2 9 8 5 12
1 10 3 4 7 6 11 8 9 2 5 12
1 10 3 4 7 6 11 12 5 8 9 2
1 10 3 4 7 12 5 2 9 8 11 6
1 10 3 4 7 12 5 6 11 8 9 2
1 10 3 4 7 12 5 8 9 2 11 6
1 10 3 4 7 12 11 2 9 8 5 6
1 10 3 4 7 12 11 6 5 8 9 2
1 10 3 4 7 12 11 8 9 2 5 6
1 10 3 4 9 2 5 8 11 6 7 12
1 10 3 4 9 2 5 8 11 12 7 6
1 10 3 4 9 2 11 8 5 6 7 12
1 10 3 4 9 2 11 8 5 12 7 6
1 10 3 4 9 8 5 2 11 6 7 12
1 10 3 4 9 8 5 2 11 12 7 6
1 10 3 4 9 8 5 6 7 12 11 2
1 10 3 4 9 8 5 12 7 6 11 2
1 10 3 4 9 8 11 2 5 6 7 12
1 10 3 4 9 8 11 2 5 12 7 6
1 10 3 4 9 8 11 6 7 12 5 2
1 10 3 4 9 8 11 12 7 6 5 2
1 10 3 8 5 2 9 4 7 6 11 12
1 10 3 8 5 2 9 4 7 12 11 6
1 10 3 8 5 6 7 4 9 2 11 12
1 10 3 8 5 6 7 12 11 2 9 4
1 10 3 8 5 6 11 2 9 4 7 12
1 10 3 8 5 6 11 12 7 4 9 2
1 10 3 8 5 12 7 4 9 2 11 6
1 10 3 8 5 12 7 6 11 2 9 4
1 10 3 8 5 12 11 2 9 4 7 6
1 10 3 8 5 12 11 6 7 4 9 2
1 10 3 8 9 2 5 6 11 12 7 4
1 10 3 8 9 2 5 12 11 6 7 4
1 10 3 8 9 2 11 6 5 12 7 4
1 10 3 8 9 2 11 12 5 6 7 4
1 10 3 8 9 4 7 6 5 2 11 12
1 10 3 8 9 4 7 6 5 12 11 2
1 10 3 8 9 4 7 6 11 2 5 12
1 10 3 8 9 4 7 6 11 12 5 2
1 10 3 8 9 4 7 12 5 2 11 6
1 10 3 8 9 4 7 12 5 6 11 2
1 10 3 8 9 4 7 12 11 2 5 6
1 10 3 8 9 4 7 12 11 6 5 2
1 10 3 8 11 2 9 4 7 6 5 12
1 10 3 8 11 2 9 4 7 12 5 6
1 10 3 8 11 6 5 2 9 4 7 12
1 10 3 8 11 6 5 12 7 4 9 2
1 10 3 8 11 6 7 4 9 2 5 12
1 10 3 8 11 6 7 12 5 2 9 4
1 10 3 8 11 12 5 2 9 4 7 6
1 10 3 8 11 12 5 6 7 4 9 2
1 10 3 8 11 12 7 4 9 2 5 6
1 10 3 8 11 12 7 6 5 2 9 4
1 10 7 4 3 2 9 8 5 6 11 12
1 10 7 4 3 2 9 8 5 12 11 6
1 10 7 4 3 2 9 8 11 6 5 12
1 10 7 4 3 2 9 8 11 12 5 6
1 10 7 4 3 8 9 2 5 6 11 12
1 10 7 4 3 8 9 2 5 12 11 6
1 10 7 4 3 8 9 2 11 6 5 12
1 10 7 4 3 8 9 2 11 12 5 6
1 10 7 4 9 2 3 8 5 6 11 12
1 10 7 4 9 2 3 8 5 12 11 6
1 10 7 4 9 2 3 8 11 6 5 12
1 10 7 4 9 2 3 8 11 12 5 6
1 10 7 4 9 8 3 2 5 6 11 12
1 10 7 4 9 8 3 2 5 12 11 6
1 10 7 4 9 8 3 2 11 6 5 12
1 10 7 4 9 8 3 2 11 12 5 6
1 10 7 6 5 2 3 4 9 8 11 12
1 10 7 6 5 2 9 4 3 8 11 12
1 10 7 6 5 8 3 4 9 2 11 12
1 10 7 6 5 8 9 4 3 2 11 12
1 10 7 6 5 12 11 2 3 8 9 4
1 10 7 6 5 12 11 2 9 8 3 4
1 10 7 6 5 12 11 8 3 2 9 4
1 10 7 6 5 12 11 8 3 4 9 2
1 10 7 6 5 12 11 8 9 2 3 4
1 10 7 6 5 12 11 8 9 4 3 2
1 10 7 6 11 2 3 4 9 8 5 12
1 10 7 6 11 2 9 4 3 8 5 12
1 10 7 6 11 8 3 4 9 2 5 12
1 10 7 6 11 8 9 4 3 2 5 12
1 10 7 6 11 12 5 2 3 8 9 4
1 10 7 6 11 12 5 2 9 8 3 4
1 10 7 6 11 12 5 8 3 2 9 4
1 10 7 6 11 12 5 8 3 4 9 2
1 10 7 6 11 12 5 8 9 2 3 4
1 10 7 6 11 12 5 8 9 4 3 2
1 10 7 12 5 2 3 4 9 8 11 6
1 10 7 12 5 2 9 4 3 8 11 6
1 10 7 12 5 6 11 2 3 8 9 4
1 10 7 12 5 6 11 2 9 8 3 4
1 10 7 12 5 6 11 8 3 2 9 4
1 10 7 12 5 6 11 8 3 4 9 2
1 10 7 12 5 6 11 8 9 2 3 4
1 10 7 12 5 6 11 8 9 4 3 2
1 10 7 12 5 8 3 4 9 2 11 6
1 10 7 12 5 8 9 4 3 2 11 6
1 10 7 12 11 2 3 4 9 8 5 6
1 10 7 12 11 2 9 4 3 8 5 6
1 10 7 12 11 6 5 2 3 8 9 4
1 10 7 12 11 6 5 2 9 8 3 4
1 10 7 12 11 6 5 8 3 2 9 4
1 10 7 12 11 6 5 8 3 4 9 2
1 10 7 12 11 6 5 8 9 2 3 4
1 10 7 12 11 6 5 8 9 4 3 2
1 10 7 12 11 8 3 4 9 2 5 6
1 10 7 12 11 8 9 4 3 2 5 6
1 10 9 2 3 4 7 6 5 8 11 12
1 10 9 2 3 4 7 6 11 8 5 12
1 10 9 2 3 4 7 12 5 8 11 6
1 10 9 2 3 4 7 12 11 8 5 6
1 10 9 2 3 8 5 6 11 12 7 4
1 10 9 2 3 8 5 12 11 6 7 4
1 10 9 2 3 8 11 6 5 12 7 4
1 10 9 2 3 8 11 12 5 6 7 4
1 10 9 2 5 6 7 4 3 8 11 12
1 10 9 2 5 6 7 12 11 8 3 4
1 10 9 2 5 6 11 8 3 4 7 12
1 10 9 2 5 8 3 4 7 6 11 12
1 10 9 2 5 8 3 4 7 12 11 6
1 10 9 2 5 12 7 4 3 8 11 6
1 10 9 2 5 12 7 6 11 8 3 4
1 10 9 2 5 12 11 8 3 4 7 6
1 10 9 2 11 6 5 8 3 4 7 12
1 10 9 2 11 6 7 4 3 8 5 12
1 10 9 2 11 6 7 12 5 8 3 4
1 10 9 2 11 8 3 4 7 6 5 12
1 10 9 2 11 8 3 4 7 12 5 6
1 10 9 2 11 12 5 8 3 4 7 6
1 10 9 2 11 12 7 4 3 8 5 6
1 10 9 2 11 12 7 6 5 8 3 4
1 10 9 4 3 2 5 8 11 6 7 12
1 10 9 4 3 2 5 8 11 12 7 6
1 10 9 4 3 2 11 8 5 6 7 12
1 10 9 4 3 2 11 8 5 12 7 6
1 10 9 4 3 8 5 2 11 6 7 12
1 10 9 4 3 8 5 2 11 12 7 6
1 10 9 4 3 8 5 6 7 12 11 2
1 10 9 4 3 8 5 12 7 6 11 2
1 10 9 4 3 8 11 2 5 6 7 12
1 10 9 4 3 8 11 2 5 12 7 6
1 10 9 4 3 8 11 6 7 12 5 2
1 10 9 4 3 8 11 12 7 6 5 2
1 10 9 4 7 6 5 2 3 8 11 12
1 10 9 4 7 6 5 8 3 2 11 12
1 10 9 4 7 6 5 12 11 8 3 2
1 10 9 4 7 6 11 2 3 8 5 12
1 10 9 4 7 6 11 8 3 2 5 12
1 10 9 4 7 6 11 12 5 8 3 2
1 10 9 4 7 12 5 2 3 8 11 6
1 10 9 4 7 12 5 6 11 8 3 2
1 10 9 4 7 12 5 8 3 2 11 6
1 10 9 4 7 12 11 2 3 8 5 6
1 10 9 4 7 12 11 6 5 8 3 2
1 10 9 4 7 12 11 8 3 2 5 6
1 10 9 8 3 2 5 6 11 12 7 4
1 10 9 8 3 2 5 12 11 6 7 4
1 10 9 8 3 2 11 6 5 12 7 4
1 10 9 8 3 2 11 12 5 6 7 4
1 10 9 8 3 4 7 6 5 2 11 12
1 10 9 8 3 4 7 6 5 12 11 2
1 10 9 8 3 4 7 6 11 2 5 12
1 10 9 8 3 4 7 6 11 12 5 2
1 10 9 8 3 4 7 12 5 2 11 6
1 10 9 8 3 4 7 12 5 6 11 2
1 10 9 8 3 4 7 12 11 2 5 6
1 10 9 8 3 4 7 12 11 6 5 2
1 10 9 8 5 2 3 4 7 6 11 12
1 10 9 8 5 2 3 4 7 12 11 6
1 10 9 8 5 6 7 4 3 2 11 12
1 10 9 8 5 6 7 12 11 2 3 4
1 10 9 8 5 6 11 2 3 4 7 12
1 10 9 8 5 6 11 12 7 4 3 2
1 10 9 8 5 12 7 4 3 2 11 6
1 10 9 8 5 12 7 6 11 2 3 4
1 10 9 8 5 12 11 2 3 4 7 6
1 10 9 8 5 12 11 6 7 4 3 2
1 10 9 8 11 2 3 4 7 6 5 12
1 10 9 8 11 2 3 4 7 12 5 6
1 10 9 8 11 6 5 2 3 4 7 12
1 10 9 8 11 6 5 12 7 4 3 2
1 10 9 8 11 6 7 4 3 2 5 12
1 10 9 8 11 6 7 12 5 2 3 4
1 10 9 8 11 12 5 2 3 4 7 6
1 10 9 8 11 12 5 6 7 4 3 2
1 10 9 8 11 12 7 4 3 2 5 6
1 10 9 8 11 12 7 6 5 2 3 4
1 12 5 2 3 4 7 6 11 8 9 10
1 12 5 2 3 4 7 10 9 8 11 6
1 12 5 2 3 4 9 8 11 6 7 10
1 12 5 2 3 8 11 6 7 4 9 10
1 12 5 2 3 8 11 6 7 10 9 4
1 12 5 2 3 10 7 4 9 8 11 6
1 12 5 2 3 10 7 6 11 8 9 4
1 12 5 2 3 10 9 8 11 6 7 4
1 12 5 2 9 4 3 8 11 6 7 10
1 12 5 2 9 4 7 6 11 8 3 10
1 12 5 2 9 4 7 10 3 8 11 6
1 12 5 2 9 8 11 6 7 4 3 10
1 12 5 2 9 8 11 6 7 10 3 4
1 12 5 2 9 10 3 8 11 6 7 4
1 12 5 2 9 10 7 4 3 8 11 6
1 12 5 2 9 10 7 6 11 8 3 4
1 12 5 2 11 6 7 4 3 8 9 10
1 12 5 2 11 6 7 4 9 8 3 10
1 12 5 2 11 6 7 10 3 8 9 4
1 12 5 2 11 6 7 10 9 8 3 4
1 12 5 2 11 8 3 4 9 10 7 6
1 12 5 2 11 8 3 10 9 4 7 6
1 12 5 2 11 8 9 4 3 10 7 6
1 12 5 2 11 8 9 10 3 4 7 6
1 12 5 6 7 4 3 2 11 8 9 10
1 12 5 6 7 4 3 8 11 2 9 10
1 12 5 6 7 4 3 10 9 8 11 2
1 12 5 6 7 4 9 2 11 8 3 10
1 12 5 6 7 4 9 8 11 2 3 10
1 12 5 6 7 4 9 10 3 8 11 2
1 12 5 6 7 10 3 2 11 8 9 4
1 12 5 6 7 10 3 4 9 8 11 2
1 12 5 6 7 10 3 8 11 2 9 4
1 12 5 6 7 10 9 2 11 8 3 4
1 12 5 6 7 10 9 4 3 8 11 2
1 12 5 6 7 10 9 8 11 2 3 4
1 12 5 6 11 2 3 8 9 4 7 10
1 12 5 6 11 2 3 8 9 10 7 4
1 12 5 6 11 2 9 8 3 4 7 10
1 12 5 6 11 2 9 8 3 10 7 4
1 12 5 6 11 8 3 2 9 4 7 10
1 12 5 6 11 8 3 2 9 10 7 4
1 12 5 6 11 8 3 4 7 10 9 2
1 12 5 6 11 8 3 10 7 4 9 2
1 12 5 6 11 8 9 2 3 4 7 10
1 12 5 6 11 8 9 2 3 10 7 4
1 12 5 6 11 8 9 4 7 10 3 2
1 12 5 6 11 8 9 10 7 4 3 2
1 12 5 8 3 2 11 6 7 4 9 10
1 12 5 8 3 2 11 6 7 10 9 4
1 12 5 8 3 4 7 6 11 2 9 10
1 12 5 8 3 4 7 10 9 2 11 6
1 12 5 8 3 4 9 2 11 6 7 10
1 12 5 8 3 4 9 10 7 6 11 2
1 12 5 8 3 10 7 4 9 2 11 6
1 12 5 8 3 10 7 6 11 2 9 4
1 12 5 8 3 10 9 2 11 6 7 4
1 12 5 8 3 10 9 4 7 6 11 2
1 12 5 8 9 2 11 6 7 4 3 10
1 12 5 8 9 2 11 6 7 10 3 4
1 12 5 8 9 4 3 2 11 6 7 10
1 12 5 8 9 4 3 10 7 6 11 2
1 12 5 8 9 4 7 6 11 2 3 10
1 12 5 8 9 4 7 10 3 2 11 6
1 12 5 8 9 10 3 2 11 6 7 4
1 12 5 8 9 10 3 4 7 6 11 2
1 12 5 8 9 10 7 4 3 2 11 6
1 12 5 8 9 10 7 6 11 2 3 4
1 12 5 8 11 2 3 4 9 10 7 6
1 12 5 8 11 2 3 10 9 4 7 6
1 12 5 8 11 2 9 4 3 10 7 6
1 12 5 8 11 2 9 10 3 4 7 6
1 12 5 8 11 6 7 4 3 2 9 10
1 12 5 8 11 6 7 4 3 10 9 2
1 12 5 8 11 6 7 4 9 2 3 10
1 12 5 8 11 6 7 4 9 10 3 2
1 12 5 8 11 6 7 10 3 2 9 4
1 12 5 8 11 6 7 10 3 4 9 2
1 12 5 8 11 6 7 10 9 2 3 4
1 12 5 8 11 6 7 10 9 4 3 2
1 12 7 4 3 2 5 6 11 8 9 10
1 12 7 4 3 2 11 6 5 8 9 10
1 12 7 4 3 8 5 6 11 2 9 10
1 12 7 4 3 8 11 6 5 2 9 10
1 12 7 4 3 10 9 2 5 8 11 6
1 12 7 4 3 10 9 2 11 8 5 6
1 12 7 4 3 10 9 8 5 2 11 6
1 12 7 4 3 10 9 8 5 6 11 2
1 12 7 4 3 10 9 8 11 2 5 6
1 12 7 4 3 10 9 8 11 6 5 2
1 12 7 4 9 2 5 6 11 8 3 10
1 12 7 4 9 2 11 6 5 8 3 10
1 12 7 4 9 8 5 6 11 2 3 10
1 12 7 4 9 8 11 6 5 2 3 10
1 12 7 4 9 10 3 2 5 8 11 6
1 12 7 4 9 10 3 2 11 8 5 6
1 12 7 4 9 10 3 8 5 2 11 6
1 12 7 4 9 10 3 8 5 6 11 2
1 12 7 4 9 10 3 8 11 2 5 6
1 12 7 4 9 10 3 8 11 6 5 2
1 12 7 6 5 2 11 8 3 4 9 10
1 12 7 6 5 2 11 8 3 10 9 4
1 12 7 6 5 2 11 8 9 4 3 10
1 12 7 6 5 2 11 8 9 10 3 4
1 12 7 6 5 8 11 2 3 4 9 10
1 12 7 6 5 8 11 2 3 10 9 4
1 12 7 6 5 8 11 2 9 4 3 10
1 12 7 6 5 8 11 2 9 10 3 4
1 12 7 6 11 2 5 8 3 4 9 10
1 12 7 6 11 2 5 8 3 10 9 4
1 12 7 6 11 2 5 8 9 4 3 10
1 12 7 6 11 2 5 8 9 10 3 4
1 12 7 6 11 8 5 2 3 4 9 10
1 12 7 6 11 8 5 2 3 10 9 4
1 12 7 6 11 8 5 2 9 4 3 10
1 12 7 6 11 8 5 2 9 10 3 4
1 12 7 10 3 2 5 6 11 8 9 4
1 12 7 10 3 2 11 6 5 8 9 4
1 12 7 10 3 4 9 2 5 8 11 6
1 12 7 10 3 4 9 2 11 8 5 6
1 12 7 10 3 4 9 8 5 2 11 6
1 12 7 10 3 4 9 8 5 6 11 2
1 12 7 10 3 4 9 8 11 2 5 6
1 12 7 10 3 4 9 8 11 6 5 2
1 12 7 10 3 8 5 6 11 2 9 4
1 12 7 10 3 8 11 6 5 2 9 4
1 12 7 10 9 2 5 6 11 8 3 4
1 12 7 10 9 2 11 6 5 8 3 4
1 12 7 10 9 4 3 2 5 8 11 6
1 12 7 10 9 4 3 2 11 8 5 6
1 12 7 10 9 4 3 8 5 2 11 6
1 12 7 10 9 4 3 8 5 6 11 2
1 12 7 10 9 4 3 8 11 2 5 6
1 12 7 10 9 4 3 8 11 6 5 2
1 12 7 10 9 8 5 6 11 2 3 4
1 12 7 10 9 8 11 6 5 2 3 4
1 12 11 2 3 4 7 6 5 8 9 10
1 12 11 2 3 4 7 10 9 8 5 6
1 12 11 2 3 4 9 8 5 6 7 10
1 12 11 2 3 8 5 6 7 4 9 10
1 12 11 2 3 8 5 6 7 10 9 4
1 12 11 2 3 10 7 4 9 8 5 6
1 12 11 2 3 10 7 6 5 8 9 4
1 12 11 2 3 10 9 8 5 6 7 4
1 12 11 2 5 6 7 4 3 8 9 10
1 12 11 2 5 6 7 4 9 8 3 10
1 12 11 2 5 6 7 10 3 8 9 4
1 12 11 2 5 6 7 10 9 8 3 4
1 12 11 2 5 8 3 4 9 10 7 6
1 12 11 2 5 8 3 10 9 4 7 6
1 12 11 2 5 8 9 4 3 10 7 6
1 12 11 2 5 8 9 10 3 4 7 6
1 12 11 2 9 4 3 8 5 6 7 10
1 12 11 2 9 4 7 6 5 8 3 10
1 12 11 2 9 4 7 10 3 8 5 6
1 12 11 2 9 8 5 6 7 4 3 10
1 12 11 2 9 8 5 6 7 10 3 4
1 12 11 2 9 10 3 8 5 6 7 4
1 12 11 2 9 10 7 4 3 8 5 6
1 12 11 2 9 10 7 6 5 8 3 4
1 12 11 6 5 2 3 8 9 4 7 10
1 12 11 6 5 2 3 8 9 10 7 4
1 12 11 6 5 2 9 8 3 4 7 10
1 12 11 6 5 2 9 8 3 10 7 4
1 12 11 6 5 8 3 2 9 4 7 10
1 12 11 6 5 8 3 2 9 10 7 4
1 12 11 6 5 8 3 4 7 10 9 2
1 12 11 6 5 8 3 10 7 4 9 2
1 12 11 6 5 8 9 2 3 4 7 10
1 12 11 6 5 8 9 2 3 10 7 4
1 12 11 6 5 8 9 4 7 10 3 2
1 12 11 6 5 8 9 10 7 4 3 2
1 12 11 6 7 4 3 2 5 8 9 10
1 12 11 6 7 4 3 8 5 2 9 10
1 12 11 6 7 4 3 10 9 8 5 2
1 12 11 6 7 4 9 2 5 8 3 10
1 12 11 6 7 4 9 8 5 2 3 10
1 12 11 6 7 4 9 10 3 8 5 2
1 12 11 6 7 10 3 2 5 8 9 4
1 12 11 6 7 10 3 4 9 8 5 2
1 12 11 6 7 10 3 8 5 2 9 4
1 12 11 6 7 10 9 2 5 8 3 4
1 12 11 6 7 10 9 4 3 8 5 2
1 12 11 6 7 10 9 8 5 2 3 4
1 12 11 8 3 2 5 6 7 4 9 10
1 12 11 8 3 2 5 6 7 10 9 4
1 12 11 8 3 4 7 6 5 2 9 10
1 12 11 8 3 4 7 10 9 2 5 6
1 12 11 8 3 4 9 2 5 6 7 10
1 12 11 8 3 4 9 10 7 6 5 2
1 12 11 8 3 10 7 4 9 2 5 6
1 12 11 8 3 10 7 6 5 2 9 4
1 12 11 8 3 10 9 2 5 6 7 4
1 12 11 8 3 10 9 4 7 6 5 2
1 12 11 8 5 2 3 4 9 10 7 6
1 12 11 8 5 2 3 10 9 4 7 6
1 12 11 8 5 2 9 4 3 10 7 6
1 12 11 8 5 2 9 10 3 4 7 6
1 12 11 8 5 6 7 4 3 2 9 10
1 12 11 8 5 6 7 4 3 10 9 2
1 12 11 8 5 6 7 4 9 2 3 10
1 12 11 8 5 6 7 4 9 10 3 2
1 12 11 8 5 6 7 10 3 2 9 4
1 12 11 8 5 6 7 10 3 4 9 2
1 12 11 8 5 6 7 10 9 2 3 4
1 12 11 8 5 6 7 10 9 4 3 2
1 12 11 8 9 2 5 6 7 4 3 10
1 12 11 8 9 2 5 6 7 10 3 4
1 12 11 8 9 4 3 2 5 6 7 10
1 12 11 8 9 4 3 10 7 6 5 2
1 12 11 8 9 4 7 6 5 2 3 10
1 12 11 8 9 4 7 10 3 2 5 6
1 12 11 8 9 10 3 2 5 6 7 4
1 12 11 8 9 10 3 4 7 6 5 2
1 12 11 8 9 10 7 4 3 2 5 6
1 12 11 8 9 10 7 6 5 2 3 4

