121312313
121312321
121321231
121321232
121323121
121323123
121323132
123121312
123121321
123121323
123132123
123132131
123132312
123212312
123212313
123213121
123213123
123213231
131213212
131213231
131231321
131231323
131232123
131232131
131232132
132123121
132123132
132123213
132131213
132131231
132131232
132312131
132312132
132312321
132313212
132313213
212312131
212312132
212313212
212313213
212313231
212321312
212321323
213121321
213121323
213123132
213123212
213123213
213212312
213212313
213212321
213231213
213231232
213231321
231213123
231213212
231213231
231232123
231232131
231232132
231321231
231321232
231321312
231323121
231323123
232123121
232123132
232131213
232131231
232131232
232132312
232132313
312131231
312131232
312132123
312132312
312132313
312313212
312313213
312313231
312321231
312321312
312321323
313212312
313212313
313212321
313213121
313213123
313231213
313231232
321231213
321231321
321231323
321232131
321232132
321312132
321312313
321312321
321323121
321323123
321323132
323121312
323121321
323121323
323123212
323123213
323132123
323132131
