12131231
12131232
12132123
12132312
12132313
12312131
12312132
12313212
12313213
12313231
12321231
12321312
12321323
13121321
13121323
13123132
13123212
13123213
13212312
13212313
13212321
13213121
13213123
13231213
13231232
13231321
21231213
21231321
21231323
21232131
21232132
21312132
21312313
21312321
21321231
21321232
21323121
21323123
21323132
23121312
23121321
23121323
23123212
23123213
23132123
23132131
23132312
23212312
23212313
23213121
23213123
23213231
31213123
31213212
31213231
31231321
31231323
31232123
31232131
31232132
31321231
31321232
31321312
31323121
31323123
32123121
32123132
32123213
32131213
32131231
32131232
32132312
32132313
32312131
32312132
32312321
32313212
32313213
