1213121
1213123
1213212
1213231
1231213
1231321
1231323
1232123
1232131
1232132
1312131
1312132
1312313
1312321
1321231
1321232
1321312
1323121
1323123
1323132
2123121
2123132
2123212
2123213
2131213
2131231
2131232
2132123
2132312
2132313
2312131
2312132
2312321
2313212
2313213
2313231
2321231
2321232
2321312
2321323
3121312
3121321
3121323
3123132
3123212
3123213
3132123
3132131
3132312
3132313
3212312
3212313
3212321
3213121
3213123
3213231
3231213
3231232
3231321
3231323
