1213123132
1213123212
1213123213
1213212312
1213212313
1213212321
1213231213
1213231232
1213231321
1231213123
1231213212
1231213231
1231321231
1231321232
1231321312
1231323121
1231323123
1232123121
1232123132
1232131213
1232131231
1232131232
1232132312
1232132313
1312132123
1312132312
1312132313
1312313212
1312313213
1312313231
1312321231
1312321312
1312321323
1321231213
1321231321
1321231323
1321232131
1321232132
1321312132
1321312313
1321312321
1323121312
1323121321
1323121323
1323123212
1323123213
1323132123
1323132131
2123121312
2123121321
2123121323
2123132123
2123132131
2123132312
2123213121
2123213123
2123213231
2131213212
2131213231
2131231321
2131231323
2131232123
2131232131
2131232132
2132123121
2132123132
2132123213
2132312131
2132312132
2132312321
2132313212
2132313213
2312131231
2312131232
2312132123
2312132312
2312132313
2312321231
2312321312
2312321323
2313212312
2313212313
2313212321
2313213121
2313213123
2313231213
2313231232
2321231213
2321231321
2321231323
2321312132
2321312313
2321312321
2321323121
2321323123
2321323132
3121312313
3121312321
3121321231
3121321232
3121323121
3121323123
3121323132
3123132123
3123132131
3123132312
3123212312
3123212313
3123213121
3123213123
3123213231
3132123121
3132123132
3132123213
3132131213
3132131231
3132131232
3132312131
3132312132
3132312321
3212312131
3212312132
3212313212
3212313213
3212313231
3212321312
3212321323
3213121321
3213121323
3213123132
3213123212
3213123213
3213231213
3213231232
3213231321
3231213123
3231213212
3231213231
3231232123
3231232131
3231232132
3231321231
3231321232
3231321312
