84001
84169
84336
84504
84672
84840
85008
85177
85345
85514
85683
85852
86021
86191
86360
86530
86700
86870
87040
87211
87381
87552
87723
87894
88065
88237
88408
88580
88752
88924
89096
89269
89441
89614
89787
89960
90133
90307
90480
90654
90828
91002
91176
91351
91525
91700
91875
92050
92225
92401
92576
92752
92928
93104
93280
93457
93633
93810
93987
94164
94341
94519
94696
94874
95052
95230
95408
95587
95765
95944
96123
96302
96481
96661
96840
97020
97200
97380
97560
97741
97921
98102
98283
98464
98645
98827
99008
99190
99372
99554
99736
99919
100101
100284
100467
100650
100833
101017
101200
101384
101568
101752
101936
102121
102305
102490
102675
102860
103045
103231
103416
103602
103788
103974
104160
104347
104533
104720
104907
105094
105281
105469
105656
105844
106032
106220
106408
106597
106785
106974
107163
107352
107541
107731
107920
108110
108300
108490
108680
108871
109061
109252
109443
109634
109825
110017
110208
110400
110592
110784
110976
111169
111361
111554
111747
111940
112133
112327
112520
112714
112908
113102
113296
113491
113685
113880
114075
114270
114465
114661
114856
115052
115248
115444
115640
115837
116033
116230
116427
116624
116821
117019
117216
117414
117612
117810
118008
118207
118405
118604
118803
119002
119201
119401
119600
119800
120000
120200
120400
120601
120801
121002
121203
121404
121605
121807
122008
122210
122412
122614
122816
123019
123221
123424
123627
123830
124033
124237
124440
124644
124848
125052
125256
125461
125665
125870
126075
126280
126485
126691
126896
127102
127308
127514
127720
127927
128133
128340
128547
128754
128961
129169
129376
129584
129792
130000
130208
130417
130625
130834
131043
131252
131461
131671
131880
132090
132300
132510
132720
132931
133141
133352
133563
133774
133985
134197
134408
134620
134832
135044
135256
135469
135681
135894
136107
136320
136533
136747
136960
137174
137388
137602
137816
138031
138245
138460
138675
138890
139105
139321
139536
139752
139968
140184
140400
140617
140833
141050
141267
141484
141701
141919
142136
142354
142572
142790
143008
143227
143445
143664
143883
144102
144321
144541
144760
144980
145200
145420
145640
145861
146081
146302
146523
146744
146965
147187
147408
147630
147852
148074
148296
148519
148741
148964
149187
149410
149633
149857
150080
150304
150528
150752
150976
151201
151425
151650
151875
152100
152325
152551
152776
153002
153228
153454
153680
153907
154133
154360
154587
154814
155041
155269
155496
155724
155952
156180
156408
156637
156865
157094
157323
157552
157781
158011
158240
158470
158700
158930
159160
159391
159621
159852
160083
160314
160545
160777
161008
161240
161472
161704
161936
162169
162401
162634
162867
163100
163333
163567
163800
164034
164268
164502
164736
164971
165205
165440
165675
165910
166145
166381
166616
166852
167088
167324
167560
167797
168033
168270
168507
168744
168981
169219
169456
169694
169932
170170
170408
170647
170885
171124
171363
171602
171841
172081
172320
172560
172800
173040
173280
173521
173761
174002
174243
174484
174725
174967
175208
175450
175692
175934
176176
176419
176661
176904
177147
177390
177633
177877
178120
178364
178608
178852
179096
179341
179585
179830
180075
180320
180565
180811
181056
181302
181548
181794
182040
182287
182533
182780
183027
183274
183521
183769
184016
184264
184512
184760
185008
185257
185505
185754
186003
186252
186501
186751
187000
187250
187500
187750
188000
188251
188501
188752
189003
189254
189505
189757
190008
190260
190512
190764
191016
191269
191521
191774
192027
192280
192533
192787
193040
193294
193548
193802
194056
194311
194565
194820
195075
195330
195585
195841
196096
196352
196608
196864
197120
197377
197633
197890
198147
198404
198661
198919
199176
199434
199692
199950
200208
200467
200725
200984
201243
201502
201761
202021
202280
202540
202800
203060
203320
203581
203841
204102
204363
204624
204885
205147
205408
205670
205932
206194
206456
206719
206981
207244
207507
207770
208033
208297
208560
208824
209088
209352
209616
209881
210145
210410
210675
210940
211205
211471
211736
212002
212268
212534
212800
213067
213333
213600
213867
214134
214401
214669
214936
215204
215472
215740
216008
216277
216545
216814
217083
217352
217621
217891
218160
218430
218700
218970
219240
219511
219781
220052
220323
220594
220865
221137
221408
221680
221952
222224
222496
222769
223041
223314
223587
223860
224133
224407
224680
224954
225228
225502
225776
226051
226325
226600
226875
227150
227425
227701
227976
228252
228528
228804
229080
229357
229633
229910
230187
230464
230741
231019
231296
231574
231852
232130
232408
232687
232965
233244
233523
233802
234081
234361
234640
234920
235200
235480
235760
236041
236321
236602
236883
237164
237445
237727
238008
238290
238572
238854
239136
239419
239701
239984
240267
240550
240833
241117
241400
241684
241968
242252
242536
242821
243105
243390
243675
243960
244245
244531
244816
245102
245388
245674
245960
246247
246533
246820
247107
247394
247681
247969
248256
248544
248832
249120
249408
249697
249985
250274
250563
250852
251141
251431
251720
252010
252300
252590
252880
253171
253461
253752
254043
254334
254625
254917
255208
255500
255792
256084
256376
256669
256961
257254
257547
257840
258133
258427
258720
259014
259308
259602
259896
260191
260485
260780
261075
261370
261665
261961
262256
262552
262848
263144
263440
263737
264033
264330
264627
264924
265221
265519
265816
266114
266412
266710
267008
267307
267605
267904
268203
268502
268801
269101
269400
269700
270000
270300
270600
270901
271201
271502
271803
272104
272405
272707
273008
273310
273612
273914
274216
274519
274821
275124
275427
275730
276033
276337
276640
276944
277248
277552
277856
278161
278465
278770
279075
279380
279685
279991
280296
280602
280908
281214
281520
281827
282133
282440
282747
283054
283361
283669
283976
284284
284592
284900
285208
285517
285825
286134
286443
286752
287061
287371
287680
287990
288300
288610
288920
289231
289541
289852
290163
290474
290785
291097
291408
291720
292032
292344
292656
292969
293281
293594
293907
294220
294533
294847
295160
295474
295788
296102
296416
296731
297045
297360
297675
297990
298305
298621
298936
299252
299568
299884
300200
300517
300833
301150
301467
301784
302101
302419
302736
303054
303372
303690
304008
304327
304645
304964
305283
305602
305921
306241
306560
306880
307200
307520
307840
308161
308481
308802
309123
309444
309765
310087
310408
310730
311052
311374
311696
312019
312341
312664
312987
313310
313633
313957
314280
314604
314928
315252
315576
315901
316225
316550
316875
317200
317525
317851
318176
318502
318828
319154
319480
319807
320133
320460
320787
321114
321441
321769
322096
322424
322752
323080
323408
323737
324065
324394
324723
325052
325381
325711
326040
326370
326700
327030
327360
327691
328021
328352
328683
329014
329345
329677
330008
330340
330672
331004
331336
331669
332001
332334
332667
333000
333333
333667
334000
