13404874
1201434
3238563
23646169
15268608
450469
35925181
100833
85856800
85098828
2717008
18770005
1941661
14914240
7361767
4453008
25122814
6444536
28069384
4009008
89787
41679041
31382736
3301203
2258536
3549056
122816
57974448
41794669
75872523
61880208
2437
79418220
47984001
1672533
11956040
27210408
7038008
42483
1938444
60166408
66622969
16135602
26551875
36540300
69369825
15670531
10860
1584133
10800
8959680
415524
64853551
51580387
37252204
23396961
54698700
26196075
24142870
15149274
83894120
81786965
17894976
60556654
13736
14794081
876961
32357252
5237765
46181557
441984
5270851
61069920
75671496
2581696
1781781
34334067
62230411
6271302
2917574
20750
37238110
4048408
338688
31195425
685930
74810120
6529825
60543176
15842412
21084
834769
38966448
63618075
7538260
33107052
4611560
22489932
5127361
