000123
000132
000213
000231
000312
000321
001023
001032
001203
001230
001302
001320
002013
002031
002103
002130
002301
002310
003012
003021
003102
003120
003201
003210
010023
010032
010203
010230
010302
010320
012003
012030
012300
013002
013020
013200
020013
020031
020103
020130
020301
020310
021003
021030
021300
023001
023010
023100
030012
030021
030102
030120
030201
030210
031002
031020
031200
032001
032010
032100
100023
100032
100203
100230
100302
100320
102003
102030
102300
103002
103020
103200
120003
120030
120300
123000
130002
130020
130200
132000
200013
200031
200103
200130
200301
200310
201003
201030
201300
203001
203010
203100
210003
210030
210300
213000
230001
230010
230100
231000
300012
300021
300102
300120
300201
300210
301002
301020
301200
302001
302010
302100
310002
310020
310200
312000
320001
320010
320100
321000
