0000123
0000132
0000213
0000231
0000312
0000321
0001023
0001032
0001203
0001230
0001302
0001320
0002013
0002031
0002103
0002130
0002301
0002310
0003012
0003021
0003102
0003120
0003201
0003210
0010023
0010032
0010203
0010230
0010302
0010320
0012003
0012030
0012300
0013002
0013020
0013200
0020013
0020031
0020103
0020130
0020301
0020310
0021003
0021030
0021300
0023001
0023010
0023100
0030012
0030021
0030102
0030120
0030201
0030210
0031002
0031020
0031200
0032001
0032010
0032100
0100023
0100032
0100203
0100230
0100302
0100320
0102003
0102030
0102300
0103002
0103020
0103200
0120003
0120030
0120300
0123000
0130002
0130020
0130200
0132000
0200013
0200031
0200103
0200130
0200301
0200310
0201003
0201030
0201300
0203001
0203010
0203100
0210003
0210030
0210300
0213000
0230001
0230010
0230100
0231000
0300012
0300021
0300102
0300120
0300201
0300210
0301002
0301020
0301200
0302001
0302010
0302100
0310002
0310020
0310200
0312000
0320001
0320010
0320100
0321000
1000023
1000032
1000203
1000230
1000302
1000320
1002003
1002030
1002300
1003002
1003020
1003200
1020003
1020030
1020300
1023000
1030002
1030020
1030200
1032000
1200003
1200030
1200300
1203000
1230000
1300002
1300020
1300200
1302000
1320000
2000013
2000031
2000103
2000130
2000301
2000310
2001003
2001030
2001300
2003001
2003010
2003100
2010003
2010030
2010300
2013000
2030001
2030010
2030100
2031000
2100003
2100030
2100300
2103000
2130000
2300001
2300010
2300100
2301000
2310000
3000012
3000021
3000102
3000120
3000201
3000210
3001002
3001020
3001200
3002001
3002010
3002100
3010002
3010020
3010200
3012000
3020001
3020010
3020100
3021000
3100002
3100020
3100200
3102000
3120000
3200001
3200010
3200100
3201000
3210000
