00001234
00001243
00001324
00001342
00001423
00001432
00002134
00002143
00002314
00002341
00002413
00002431
00003124
00003142
00003214
00003241
00003412
00003421
00004123
00004132
00004213
00004231
00004312
00004321
00010234
00010243
00010324
00010342
00010423
00010432
00012034
00012043
00012304
00012340
00012403
00012430
00013024
00013042
00013204
00013240
00013402
00013420
00014023
00014032
00014203
00014230
00014302
00014320
00020134
00020143
00020314
00020341
00020413
00020431
00021034
00021043
00021304
00021340
00021403
00021430
00023014
00023041
00023104
00023140
00023401
00023410
00024013
00024031
00024103
00024130
00024301
00024310
00030124
00030142
00030214
00030241
00030412
00030421
00031024
00031042
00031204
00031240
00031402
00031420
00032014
00032041
00032104
00032140
00032401
00032410
00034012
00034021
00034102
00034120
00034201
00034210
00040123
00040132
00040213
00040231
00040312
00040321
00041023
00041032
00041203
00041230
00041302
00041320
00042013
00042031
00042103
00042130
00042301
00042310
00043012
00043021
00043102
00043120
00043201
00043210
00100234
00100243
00100324
00100342
00100423
00100432
00102034
00102043
00102304
00102340
00102403
00102430
00103024
00103042
00103204
00103240
00103402
00103420
00104023
00104032
00104203
00104230
00104302
00104320
00120034
00120043
00120304
00120340
00120403
00120430
00123004
00123040
00123400
00124003
00124030
00124300
00130024
00130042
00130204
00130240
00130402
00130420
00132004
00132040
00132400
00134002
00134020
00134200
00140023
00140032
00140203
00140230
00140302
00140320
00142003
00142030
00142300
00143002
00143020
00143200
00200134
00200143
00200314
00200341
00200413
00200431
00201034
00201043
00201304
00201340
00201403
00201430
00203014
00203041
00203104
00203140
00203401
00203410
00204013
00204031
00204103
00204130
00204301
00204310
00210034
00210043
00210304
00210340
00210403
00210430
00213004
00213040
00213400
00214003
00214030
00214300
00230014
00230041
00230104
00230140
00230401
00230410
00231004
00231040
00231400
00234001
00234010
00234100
00240013
00240031
00240103
00240130
00240301
00240310
00241003
00241030
00241300
00243001
00243010
00243100
00300124
00300142
00300214
00300241
00300412
00300421
00301024
00301042
00301204
00301240
00301402
00301420
00302014
00302041
00302104
00302140
00302401
00302410
00304012
00304021
00304102
00304120
00304201
00304210
00310024
00310042
00310204
00310240
00310402
00310420
00312004
00312040
00312400
00314002
00314020
00314200
00320014
00320041
00320104
00320140
00320401
00320410
00321004
00321040
00321400
00324001
00324010
00324100
00340012
00340021
00340102
00340120
00340201
00340210
00341002
00341020
00341200
00342001
00342010
00342100
00400123
00400132
00400213
00400231
00400312
00400321
00401023
00401032
00401203
00401230
00401302
00401320
00402013
00402031
00402103
00402130
00402301
00402310
00403012
00403021
00403102
00403120
00403201
00403210
00410023
00410032
00410203
00410230
00410302
00410320
00412003
00412030
00412300
00413002
00413020
00413200
00420013
00420031
00420103
00420130
00420301
00420310
00421003
00421030
00421300
00423001
00423010
00423100
00430012
00430021
00430102
00430120
00430201
00430210
00431002
00431020
00431200
00432001
00432010
00432100
01000234
01000243
01000324
01000342
01000423
01000432
01002034
01002043
01002304
01002340
01002403
01002430
01003024
01003042
01003204
01003240
01003402
01003420
01004023
01004032
01004203
01004230
01004302
01004320
01020034
01020043
01020304
01020340
01020403
01020430
01023004
01023040
01023400
01024003
01024030
01024300
01030024
01030042
01030204
01030240
01030402
01030420
01032004
01032040
01032400
01034002
01034020
01034200
01040023
01040032
01040203
01040230
01040302
01040320
01042003
01042030
01042300
01043002
01043020
01043200
01200034
01200043
01200304
01200340
01200403
01200430
01203004
01203040
01203400
01204003
01204030
01204300
01230004
01230040
01230400
01234000
01240003
01240030
01240300
01243000
01300024
01300042
01300204
01300240
01300402
01300420
01302004
01302040
01302400
01304002
01304020
01304200
01320004
01320040
01320400
01324000
01340002
01340020
01340200
01342000
01400023
01400032
01400203
01400230
01400302
01400320
01402003
01402030
01402300
01403002
01403020
01403200
01420003
01420030
01420300
01423000
01430002
01430020
01430200
01432000
02000134
02000143
02000314
02000341
02000413
02000431
02001034
02001043
02001304
02001340
02001403
02001430
02003014
02003041
02003104
02003140
02003401
02003410
02004013
02004031
02004103
02004130
02004301
02004310
02010034
02010043
02010304
02010340
02010403
02010430
02013004
02013040
02013400
02014003
02014030
02014300
02030014
02030041
02030104
02030140
02030401
02030410
02031004
02031040
02031400
02034001
02034010
02034100
02040013
02040031
02040103
02040130
02040301
02040310
02041003
02041030
02041300
02043001
02043010
02043100
02100034
02100043
02100304
02100340
02100403
02100430
02103004
02103040
02103400
02104003
02104030
02104300
02130004
02130040
02130400
02134000
02140003
02140030
02140300
02143000
02300014
02300041
02300104
02300140
02300401
02300410
02301004
02301040
02301400
02304001
02304010
02304100
02310004
02310040
02310400
02314000
02340001
02340010
02340100
02341000
02400013
02400031
02400103
02400130
02400301
02400310
02401003
02401030
02401300
02403001
02403010
02403100
02410003
02410030
02410300
02413000
02430001
02430010
02430100
02431000
03000124
03000142
03000214
03000241
03000412
03000421
03001024
03001042
03001204
03001240
03001402
03001420
03002014
03002041
03002104
03002140
03002401
03002410
03004012
03004021
03004102
03004120
03004201
03004210
03010024
03010042
03010204
03010240
03010402
03010420
03012004
03012040
03012400
03014002
03014020
03014200
03020014
03020041
03020104
03020140
03020401
03020410
03021004
03021040
03021400
03024001
03024010
03024100
03040012
03040021
03040102
03040120
03040201
03040210
03041002
03041020
03041200
03042001
03042010
03042100
03100024
03100042
03100204
03100240
03100402
03100420
03102004
03102040
03102400
03104002
03104020
03104200
03120004
03120040
03120400
03124000
03140002
03140020
03140200
03142000
03200014
03200041
03200104
03200140
03200401
03200410
03201004
03201040
03201400
03204001
03204010
03204100
03210004
03210040
03210400
03214000
03240001
03240010
03240100
03241000
03400012
03400021
03400102
03400120
03400201
03400210
03401002
03401020
03401200
03402001
03402010
03402100
03410002
03410020
03410200
03412000
03420001
03420010
03420100
03421000
04000123
04000132
04000213
04000231
04000312
04000321
04001023
04001032
04001203
04001230
04001302
04001320
04002013
04002031
04002103
04002130
04002301
04002310
04003012
04003021
04003102
04003120
04003201
04003210
04010023
04010032
04010203
04010230
04010302
04010320
04012003
04012030
04012300
04013002
04013020
04013200
04020013
04020031
04020103
04020130
04020301
04020310
04021003
04021030
04021300
04023001
04023010
04023100
04030012
04030021
04030102
04030120
04030201
04030210
04031002
04031020
04031200
04032001
04032010
04032100
04100023
04100032
04100203
04100230
04100302
04100320
04102003
04102030
04102300
04103002
04103020
04103200
04120003
04120030
04120300
04123000
04130002
04130020
04130200
04132000
04200013
04200031
04200103
04200130
04200301
04200310
04201003
04201030
04201300
04203001
04203010
04203100
04210003
04210030
04210300
04213000
04230001
04230010
04230100
04231000
04300012
04300021
04300102
04300120
04300201
04300210
04301002
04301020
04301200
04302001
04302010
04302100
04310002
04310020
04310200
04312000
04320001
04320010
04320100
04321000
10000234
10000243
10000324
10000342
10000423
10000432
10002034
10002043
10002304
10002340
10002403
10002430
10003024
10003042
10003204
10003240
10003402
10003420
10004023
10004032
10004203
10004230
10004302
10004320
10020034
10020043
10020304
10020340
10020403
10020430
10023004
10023040
10023400
10024003
10024030
10024300
10030024
10030042
10030204
10030240
10030402
10030420
10032004
10032040
10032400
10034002
10034020
10034200
10040023
10040032
10040203
10040230
10040302
10040320
10042003
10042030
10042300
10043002
10043020
10043200
10200034
10200043
10200304
10200340
10200403
10200430
10203004
10203040
10203400
10204003
10204030
10204300
10230004
10230040
10230400
10234000
10240003
10240030
10240300
10243000
10300024
10300042
10300204
10300240
10300402
10300420
10302004
10302040
10302400
10304002
10304020
10304200
10320004
10320040
10320400
10324000
10340002
10340020
10340200
10342000
10400023
10400032
10400203
10400230
10400302
10400320
10402003
10402030
10402300
10403002
10403020
10403200
10420003
10420030
10420300
10423000
10430002
10430020
10430200
10432000
12000034
12000043
12000304
12000340
12000403
12000430
12003004
12003040
12003400
12004003
12004030
12004300
12030004
12030040
12030400
12034000
12040003
12040030
12040300
12043000
12300004
12300040
12300400
12304000
12340000
12400003
12400030
12400300
12403000
12430000
13000024
13000042
13000204
13000240
13000402
13000420
13002004
13002040
13002400
13004002
13004020
13004200
13020004
13020040
13020400
13024000
13040002
13040020
13040200
13042000
13200004
13200040
13200400
13204000
13240000
13400002
13400020
13400200
13402000
13420000
14000023
14000032
14000203
14000230
14000302
14000320
14002003
14002030
14002300
14003002
14003020
14003200
14020003
14020030
14020300
14023000
14030002
14030020
14030200
14032000
14200003
14200030
14200300
14203000
14230000
14300002
14300020
14300200
14302000
14320000
20000134
20000143
20000314
20000341
20000413
20000431
20001034
20001043
20001304
20001340
20001403
20001430
20003014
20003041
20003104
20003140
20003401
20003410
20004013
20004031
20004103
20004130
20004301
20004310
20010034
20010043
20010304
20010340
20010403
20010430
20013004
20013040
20013400
20014003
20014030
20014300
20030014
20030041
20030104
20030140
20030401
20030410
20031004
20031040
20031400
20034001
20034010
20034100
20040013
20040031
20040103
20040130
20040301
20040310
20041003
20041030
20041300
20043001
20043010
20043100
20100034
20100043
20100304
20100340
20100403
20100430
20103004
20103040
20103400
20104003
20104030
20104300
20130004
20130040
20130400
20134000
20140003
20140030
20140300
20143000
20300014
20300041
20300104
20300140
20300401
20300410
20301004
20301040
20301400
20304001
20304010
20304100
20310004
20310040
20310400
20314000
20340001
20340010
20340100
20341000
20400013
20400031
20400103
20400130
20400301
20400310
20401003
20401030
20401300
20403001
20403010
20403100
20410003
20410030
20410300
20413000
20430001
20430010
20430100
20431000
21000034
21000043
21000304
21000340
21000403
21000430
21003004
21003040
21003400
21004003
21004030
21004300
21030004
21030040
21030400
21034000
21040003
21040030
21040300
21043000
21300004
21300040
21300400
21304000
21340000
21400003
21400030
21400300
21403000
21430000
23000014
23000041
23000104
23000140
23000401
23000410
23001004
23001040
23001400
23004001
23004010
23004100
23010004
23010040
23010400
23014000
23040001
23040010
23040100
23041000
23100004
23100040
23100400
23104000
23140000
23400001
23400010
23400100
23401000
23410000
24000013
24000031
24000103
24000130
24000301
24000310
24001003
24001030
24001300
24003001
24003010
24003100
24010003
24010030
24010300
24013000
24030001
24030010
24030100
24031000
24100003
24100030
24100300
24103000
24130000
24300001
24300010
24300100
24301000
24310000
30000124
30000142
30000214
30000241
30000412
30000421
30001024
30001042
30001204
30001240
30001402
30001420
30002014
30002041
30002104
30002140
30002401
30002410
30004012
30004021
30004102
30004120
30004201
30004210
30010024
30010042
30010204
30010240
30010402
30010420
30012004
30012040
30012400
30014002
30014020
30014200
30020014
30020041
30020104
30020140
30020401
30020410
30021004
30021040
30021400
30024001
30024010
30024100
30040012
30040021
30040102
30040120
30040201
30040210
30041002
30041020
30041200
30042001
30042010
30042100
30100024
30100042
30100204
30100240
30100402
30100420
30102004
30102040
30102400
30104002
30104020
30104200
30120004
30120040
30120400
30124000
30140002
30140020
30140200
30142000
30200014
30200041
30200104
30200140
30200401
30200410
30201004
30201040
30201400
30204001
30204010
30204100
30210004
30210040
30210400
30214000
30240001
30240010
30240100
30241000
30400012
30400021
30400102
30400120
30400201
30400210
30401002
30401020
30401200
30402001
30402010
30402100
30410002
30410020
30410200
30412000
30420001
30420010
30420100
30421000
31000024
31000042
31000204
31000240
31000402
31000420
31002004
31002040
31002400
31004002
31004020
31004200
31020004
31020040
31020400
31024000
31040002
31040020
31040200
31042000
31200004
31200040
31200400
31204000
31240000
31400002
31400020
31400200
31402000
31420000
32000014
32000041
32000104
32000140
32000401
32000410
32001004
32001040
32001400
32004001
32004010
32004100
32010004
32010040
32010400
32014000
32040001
32040010
32040100
32041000
32100004
32100040
32100400
32104000
32140000
32400001
32400010
32400100
32401000
32410000
34000012
34000021
34000102
34000120
34000201
34000210
34001002
34001020
34001200
34002001
34002010
34002100
34010002
34010020
34010200
34012000
34020001
34020010
34020100
34021000
34100002
34100020
34100200
34102000
34120000
34200001
34200010
34200100
34201000
34210000
40000123
40000132
40000213
40000231
40000312
40000321
40001023
40001032
40001203
40001230
40001302
40001320
40002013
40002031
40002103
40002130
40002301
40002310
40003012
40003021
40003102
40003120
40003201
40003210
40010023
40010032
40010203
40010230
40010302
40010320
40012003
40012030
40012300
40013002
40013020
40013200
40020013
40020031
40020103
40020130
40020301
40020310
40021003
40021030
40021300
40023001
40023010
40023100
40030012
40030021
40030102
40030120
40030201
40030210
40031002
40031020
40031200
40032001
40032010
40032100
40100023
40100032
40100203
40100230
40100302
40100320
40102003
40102030
40102300
40103002
40103020
40103200
40120003
40120030
40120300
40123000
40130002
40130020
40130200
40132000
40200013
40200031
40200103
40200130
40200301
40200310
40201003
40201030
40201300
40203001
40203010
40203100
40210003
40210030
40210300
40213000
40230001
40230010
40230100
40231000
40300012
40300021
40300102
40300120
40300201
40300210
40301002
40301020
40301200
40302001
40302010
40302100
40310002
40310020
40310200
40312000
40320001
40320010
40320100
40321000
41000023
41000032
41000203
41000230
41000302
41000320
41002003
41002030
41002300
41003002
41003020
41003200
41020003
41020030
41020300
41023000
41030002
41030020
41030200
41032000
41200003
41200030
41200300
41203000
41230000
41300002
41300020
41300200
41302000
41320000
42000013
42000031
42000103
42000130
42000301
42000310
42001003
42001030
42001300
42003001
42003010
42003100
42010003
42010030
42010300
42013000
42030001
42030010
42030100
42031000
42100003
42100030
42100300
42103000
42130000
42300001
42300010
42300100
42301000
42310000
43000012
43000021
43000102
43000120
43000201
43000210
43001002
43001020
43001200
43002001
43002010
43002100
43010002
43010020
43010200
43012000
43020001
43020010
43020100
43021000
43100002
43100020
43100200
43102000
43120000
43200001
43200010
43200100
43201000
43210000
