000001234
000001243
000001324
000001342
000001423
000001432
000002134
000002143
000002314
000002341
000002413
000002431
000003124
000003142
000003214
000003241
000003412
000003421
000004123
000004132
000004213
000004231
000004312
000004321
000010234
000010243
000010324
000010342
000010423
000010432
000012034
000012043
000012304
000012340
000012403
000012430
000013024
000013042
000013204
000013240
000013402
000013420
000014023
000014032
000014203
000014230
000014302
000014320
000020134
000020143
000020314
000020341
000020413
000020431
000021034
000021043
000021304
000021340
000021403
000021430
000023014
000023041
000023104
000023140
000023401
000023410
000024013
000024031
000024103
000024130
000024301
000024310
000030124
000030142
000030214
000030241
000030412
000030421
000031024
000031042
000031204
000031240
000031402
000031420
000032014
000032041
000032104
000032140
000032401
000032410
000034012
000034021
000034102
000034120
000034201
000034210
000040123
000040132
000040213
000040231
000040312
000040321
000041023
000041032
000041203
000041230
000041302
000041320
000042013
000042031
000042103
000042130
000042301
000042310
000043012
000043021
000043102
000043120
000043201
000043210
000100234
000100243
000100324
000100342
000100423
000100432
000102034
000102043
000102304
000102340
000102403
000102430
000103024
000103042
000103204
000103240
000103402
000103420
000104023
000104032
000104203
000104230
000104302
000104320
000120034
000120043
000120304
000120340
000120403
000120430
000123004
000123040
000123400
000124003
000124030
000124300
000130024
000130042
000130204
000130240
000130402
000130420
000132004
000132040
000132400
000134002
000134020
000134200
000140023
000140032
000140203
000140230
000140302
000140320
000142003
000142030
000142300
000143002
000143020
000143200
000200134
000200143
000200314
000200341
000200413
000200431
000201034
000201043
000201304
000201340
000201403
000201430
000203014
000203041
000203104
000203140
000203401
000203410
000204013
000204031
000204103
000204130
000204301
000204310
000210034
000210043
000210304
000210340
000210403
000210430
000213004
000213040
000213400
000214003
000214030
000214300
000230014
000230041
000230104
000230140
000230401
000230410
000231004
000231040
000231400
000234001
000234010
000234100
000240013
000240031
000240103
000240130
000240301
000240310
000241003
000241030
000241300
000243001
000243010
000243100
000300124
000300142
000300214
000300241
000300412
000300421
000301024
000301042
000301204
000301240
000301402
000301420
000302014
000302041
000302104
000302140
000302401
000302410
000304012
000304021
000304102
000304120
000304201
000304210
000310024
000310042
000310204
000310240
000310402
000310420
000312004
000312040
000312400
000314002
000314020
000314200
000320014
000320041
000320104
000320140
000320401
000320410
000321004
000321040
000321400
000324001
000324010
000324100
000340012
000340021
000340102
000340120
000340201
000340210
000341002
000341020
000341200
000342001
000342010
000342100
000400123
000400132
000400213
000400231
000400312
000400321
000401023
000401032
000401203
000401230
000401302
000401320
000402013
000402031
000402103
000402130
000402301
000402310
000403012
000403021
000403102
000403120
000403201
000403210
000410023
000410032
000410203
000410230
000410302
000410320
000412003
000412030
000412300
000413002
000413020
000413200
000420013
000420031
000420103
000420130
000420301
000420310
000421003
000421030
000421300
000423001
000423010
000423100
000430012
000430021
000430102
000430120
000430201
000430210
000431002
000431020
000431200
000432001
000432010
000432100
001000234
001000243
001000324
001000342
001000423
001000432
001002034
001002043
001002304
001002340
001002403
001002430
001003024
001003042
001003204
001003240
001003402
001003420
001004023
001004032
001004203
001004230
001004302
001004320
001020034
001020043
001020304
001020340
001020403
001020430
001023004
001023040
001023400
001024003
001024030
001024300
001030024
001030042
001030204
001030240
001030402
001030420
001032004
001032040
001032400
001034002
001034020
001034200
001040023
001040032
001040203
001040230
001040302
001040320
001042003
001042030
001042300
001043002
001043020
001043200
001200034
001200043
001200304
001200340
001200403
001200430
001203004
001203040
001203400
001204003
001204030
001204300
001230004
001230040
001230400
001234000
001240003
001240030
001240300
001243000
001300024
001300042
001300204
001300240
001300402
001300420
001302004
001302040
001302400
001304002
001304020
001304200
001320004
001320040
001320400
001324000
001340002
001340020
001340200
001342000
001400023
001400032
001400203
001400230
001400302
001400320
001402003
001402030
001402300
001403002
001403020
001403200
001420003
001420030
001420300
001423000
001430002
001430020
001430200
001432000
002000134
002000143
002000314
002000341
002000413
002000431
002001034
002001043
002001304
002001340
002001403
002001430
002003014
002003041
002003104
002003140
002003401
002003410
002004013
002004031
002004103
002004130
002004301
002004310
002010034
002010043
002010304
002010340
002010403
002010430
002013004
002013040
002013400
002014003
002014030
002014300
002030014
002030041
002030104
002030140
002030401
002030410
002031004
002031040
002031400
002034001
002034010
002034100
002040013
002040031
002040103
002040130
002040301
002040310
002041003
002041030
002041300
002043001
002043010
002043100
002100034
002100043
002100304
002100340
002100403
002100430
002103004
002103040
002103400
002104003
002104030
002104300
002130004
002130040
002130400
002134000
002140003
002140030
002140300
002143000
002300014
002300041
002300104
002300140
002300401
002300410
002301004
002301040
002301400
002304001
002304010
002304100
002310004
002310040
002310400
002314000
002340001
002340010
002340100
002341000
002400013
002400031
002400103
002400130
002400301
002400310
002401003
002401030
002401300
002403001
002403010
002403100
002410003
002410030
002410300
002413000
002430001
002430010
002430100
002431000
003000124
003000142
003000214
003000241
003000412
003000421
003001024
003001042
003001204
003001240
003001402
003001420
003002014
003002041
003002104
003002140
003002401
003002410
003004012
003004021
003004102
003004120
003004201
003004210
003010024
003010042
003010204
003010240
003010402
003010420
003012004
003012040
003012400
003014002
003014020
003014200
003020014
003020041
003020104
003020140
003020401
003020410
003021004
003021040
003021400
003024001
003024010
003024100
003040012
003040021
003040102
003040120
003040201
003040210
003041002
003041020
003041200
003042001
003042010
003042100
003100024
003100042
003100204
003100240
003100402
003100420
003102004
003102040
003102400
003104002
003104020
003104200
003120004
003120040
003120400
003124000
003140002
003140020
003140200
003142000
003200014
003200041
003200104
003200140
003200401
003200410
003201004
003201040
003201400
003204001
003204010
003204100
003210004
003210040
003210400
003214000
003240001
003240010
003240100
003241000
003400012
003400021
003400102
003400120
003400201
003400210
003401002
003401020
003401200
003402001
003402010
003402100
003410002
003410020
003410200
003412000
003420001
003420010
003420100
003421000
004000123
004000132
004000213
004000231
004000312
004000321
004001023
004001032
004001203
004001230
004001302
004001320
004002013
004002031
004002103
004002130
004002301
004002310
004003012
004003021
004003102
004003120
004003201
004003210
004010023
004010032
004010203
004010230
004010302
004010320
004012003
004012030
004012300
004013002
004013020
004013200
004020013
004020031
004020103
004020130
004020301
004020310
004021003
004021030
004021300
004023001
004023010
004023100
004030012
004030021
004030102
004030120
004030201
004030210
004031002
004031020
004031200
004032001
004032010
004032100
004100023
004100032
004100203
004100230
004100302
004100320
004102003
004102030
004102300
004103002
004103020
004103200
004120003
004120030
004120300
004123000
004130002
004130020
004130200
004132000
004200013
004200031
004200103
004200130
004200301
004200310
004201003
004201030
004201300
004203001
004203010
004203100
004210003
004210030
004210300
004213000
004230001
004230010
004230100
004231000
004300012
004300021
004300102
004300120
004300201
004300210
004301002
004301020
004301200
004302001
004302010
004302100
004310002
004310020
004310200
004312000
004320001
004320010
004320100
004321000
010000234
010000243
010000324
010000342
010000423
010000432
010002034
010002043
010002304
010002340
010002403
010002430
010003024
010003042
010003204
010003240
010003402
010003420
010004023
010004032
010004203
010004230
010004302
010004320
010020034
010020043
010020304
010020340
010020403
010020430
010023004
010023040
010023400
010024003
010024030
010024300
010030024
010030042
010030204
010030240
010030402
010030420
010032004
010032040
010032400
010034002
010034020
010034200
010040023
010040032
010040203
010040230
010040302
010040320
010042003
010042030
010042300
010043002
010043020
010043200
010200034
010200043
010200304
010200340
010200403
010200430
010203004
010203040
010203400
010204003
010204030
010204300
010230004
010230040
010230400
010234000
010240003
010240030
010240300
010243000
010300024
010300042
010300204
010300240
010300402
010300420
010302004
010302040
010302400
010304002
010304020
010304200
010320004
010320040
010320400
010324000
010340002
010340020
010340200
010342000
010400023
010400032
010400203
010400230
010400302
010400320
010402003
010402030
010402300
010403002
010403020
010403200
010420003
010420030
010420300
010423000
010430002
010430020
010430200
010432000
012000034
012000043
012000304
012000340
012000403
012000430
012003004
012003040
012003400
012004003
012004030
012004300
012030004
012030040
012030400
012034000
012040003
012040030
012040300
012043000
012300004
012300040
012300400
012304000
012340000
012400003
012400030
012400300
012403000
012430000
013000024
013000042
013000204
013000240
013000402
013000420
013002004
013002040
013002400
013004002
013004020
013004200
013020004
013020040
013020400
013024000
013040002
013040020
013040200
013042000
013200004
013200040
013200400
013204000
013240000
013400002
013400020
013400200
013402000
013420000
014000023
014000032
014000203
014000230
014000302
014000320
014002003
014002030
014002300
014003002
014003020
014003200
014020003
014020030
014020300
014023000
014030002
014030020
014030200
014032000
014200003
014200030
014200300
014203000
014230000
014300002
014300020
014300200
014302000
014320000
020000134
020000143
020000314
020000341
020000413
020000431
020001034
020001043
020001304
020001340
020001403
020001430
020003014
020003041
020003104
020003140
020003401
020003410
020004013
020004031
020004103
020004130
020004301
020004310
020010034
020010043
020010304
020010340
020010403
020010430
020013004
020013040
020013400
020014003
020014030
020014300
020030014
020030041
020030104
020030140
020030401
020030410
020031004
020031040
020031400
020034001
020034010
020034100
020040013
020040031
020040103
020040130
020040301
020040310
020041003
020041030
020041300
020043001
020043010
020043100
020100034
020100043
020100304
020100340
020100403
020100430
020103004
020103040
020103400
020104003
020104030
020104300
020130004
020130040
020130400
020134000
020140003
020140030
020140300
020143000
020300014
020300041
020300104
020300140
020300401
020300410
020301004
020301040
020301400
020304001
020304010
020304100
020310004
020310040
020310400
020314000
020340001
020340010
020340100
020341000
020400013
020400031
020400103
020400130
020400301
020400310
020401003
020401030
020401300
020403001
020403010
020403100
020410003
020410030
020410300
020413000
020430001
020430010
020430100
020431000
021000034
021000043
021000304
021000340
021000403
021000430
021003004
021003040
021003400
021004003
021004030
021004300
021030004
021030040
021030400
021034000
021040003
021040030
021040300
021043000
021300004
021300040
021300400
021304000
021340000
021400003
021400030
021400300
021403000
021430000
023000014
023000041
023000104
023000140
023000401
023000410
023001004
023001040
023001400
023004001
023004010
023004100
023010004
023010040
023010400
023014000
023040001
023040010
023040100
023041000
023100004
023100040
023100400
023104000
023140000
023400001
023400010
023400100
023401000
023410000
024000013
024000031
024000103
024000130
024000301
024000310
024001003
024001030
024001300
024003001
024003010
024003100
024010003
024010030
024010300
024013000
024030001
024030010
024030100
024031000
024100003
024100030
024100300
024103000
024130000
024300001
024300010
024300100
024301000
024310000
030000124
030000142
030000214
030000241
030000412
030000421
030001024
030001042
030001204
030001240
030001402
030001420
030002014
030002041
030002104
030002140
030002401
030002410
030004012
030004021
030004102
030004120
030004201
030004210
030010024
030010042
030010204
030010240
030010402
030010420
030012004
030012040
030012400
030014002
030014020
030014200
030020014
030020041
030020104
030020140
030020401
030020410
030021004
030021040
030021400
030024001
030024010
030024100
030040012
030040021
030040102
030040120
030040201
030040210
030041002
030041020
030041200
030042001
030042010
030042100
030100024
030100042
030100204
030100240
030100402
030100420
030102004
030102040
030102400
030104002
030104020
030104200
030120004
030120040
030120400
030124000
030140002
030140020
030140200
030142000
030200014
030200041
030200104
030200140
030200401
030200410
030201004
030201040
030201400
030204001
030204010
030204100
030210004
030210040
030210400
030214000
030240001
030240010
030240100
030241000
030400012
030400021
030400102
030400120
030400201
030400210
030401002
030401020
030401200
030402001
030402010
030402100
030410002
030410020
030410200
030412000
030420001
030420010
030420100
030421000
031000024
031000042
031000204
031000240
031000402
031000420
031002004
031002040
031002400
031004002
031004020
031004200
031020004
031020040
031020400
031024000
031040002
031040020
031040200
031042000
031200004
031200040
031200400
031204000
031240000
031400002
031400020
031400200
031402000
031420000
032000014
032000041
032000104
032000140
032000401
032000410
032001004
032001040
032001400
032004001
032004010
032004100
032010004
032010040
032010400
032014000
032040001
032040010
032040100
032041000
032100004
032100040
032100400
032104000
032140000
032400001
032400010
032400100
032401000
032410000
034000012
034000021
034000102
034000120
034000201
034000210
034001002
034001020
034001200
034002001
034002010
034002100
034010002
034010020
034010200
034012000
034020001
034020010
034020100
034021000
034100002
034100020
034100200
034102000
034120000
034200001
034200010
034200100
034201000
034210000
040000123
040000132
040000213
040000231
040000312
040000321
040001023
040001032
040001203
040001230
040001302
040001320
040002013
040002031
040002103
040002130
040002301
040002310
040003012
040003021
040003102
040003120
040003201
040003210
040010023
040010032
040010203
040010230
040010302
040010320
040012003
040012030
040012300
040013002
040013020
040013200
040020013
040020031
040020103
040020130
040020301
040020310
040021003
040021030
040021300
040023001
040023010
040023100
040030012
040030021
040030102
040030120
040030201
040030210
040031002
040031020
040031200
040032001
040032010
040032100
040100023
040100032
040100203
040100230
040100302
040100320
040102003
040102030
040102300
040103002
040103020
040103200
040120003
040120030
040120300
040123000
040130002
040130020
040130200
040132000
040200013
040200031
040200103
040200130
040200301
040200310
040201003
040201030
040201300
040203001
040203010
040203100
040210003
040210030
040210300
040213000
040230001
040230010
040230100
040231000
040300012
040300021
040300102
040300120
040300201
040300210
040301002
040301020
040301200
040302001
040302010
040302100
040310002
040310020
040310200
040312000
040320001
040320010
040320100
040321000
041000023
041000032
041000203
041000230
041000302
041000320
041002003
041002030
041002300
041003002
041003020
041003200
041020003
041020030
041020300
041023000
041030002
041030020
041030200
041032000
041200003
041200030
041200300
041203000
041230000
041300002
041300020
041300200
041302000
041320000
042000013
042000031
042000103
042000130
042000301
042000310
042001003
042001030
042001300
042003001
042003010
042003100
042010003
042010030
042010300
042013000
042030001
042030010
042030100
042031000
042100003
042100030
042100300
042103000
042130000
042300001
042300010
042300100
042301000
042310000
043000012
043000021
043000102
043000120
043000201
043000210
043001002
043001020
043001200
043002001
043002010
043002100
043010002
043010020
043010200
043012000
043020001
043020010
043020100
043021000
043100002
043100020
043100200
043102000
043120000
043200001
043200010
043200100
043201000
043210000
100000234
100000243
100000324
100000342
100000423
100000432
100002034
100002043
100002304
100002340
100002403
100002430
100003024
100003042
100003204
100003240
100003402
100003420
100004023
100004032
100004203
100004230
100004302
100004320
100020034
100020043
100020304
100020340
100020403
100020430
100023004
100023040
100023400
100024003
100024030
100024300
100030024
100030042
100030204
100030240
100030402
100030420
100032004
100032040
100032400
100034002
100034020
100034200
100040023
100040032
100040203
100040230
100040302
100040320
100042003
100042030
100042300
100043002
100043020
100043200
100200034
100200043
100200304
100200340
100200403
100200430
100203004
100203040
100203400
100204003
100204030
100204300
100230004
100230040
100230400
100234000
100240003
100240030
100240300
100243000
100300024
100300042
100300204
100300240
100300402
100300420
100302004
100302040
100302400
100304002
100304020
100304200
100320004
100320040
100320400
100324000
100340002
100340020
100340200
100342000
100400023
100400032
100400203
100400230
100400302
100400320
100402003
100402030
100402300
100403002
100403020
100403200
100420003
100420030
100420300
100423000
100430002
100430020
100430200
100432000
102000034
102000043
102000304
102000340
102000403
102000430
102003004
102003040
102003400
102004003
102004030
102004300
102030004
102030040
102030400
102034000
102040003
102040030
102040300
102043000
102300004
102300040
102300400
102304000
102340000
102400003
102400030
102400300
102403000
102430000
103000024
103000042
103000204
103000240
103000402
103000420
103002004
103002040
103002400
103004002
103004020
103004200
103020004
103020040
103020400
103024000
103040002
103040020
103040200
103042000
103200004
103200040
103200400
103204000
103240000
103400002
103400020
103400200
103402000
103420000
104000023
104000032
104000203
104000230
104000302
104000320
104002003
104002030
104002300
104003002
104003020
104003200
104020003
104020030
104020300
104023000
104030002
104030020
104030200
104032000
104200003
104200030
104200300
104203000
104230000
104300002
104300020
104300200
104302000
104320000
120000034
120000043
120000304
120000340
120000403
120000430
120003004
120003040
120003400
120004003
120004030
120004300
120030004
120030040
120030400
120034000
120040003
120040030
120040300
120043000
120300004
120300040
120300400
120304000
120340000
120400003
120400030
120400300
120403000
120430000
123000004
123000040
123000400
123004000
123040000
123400000
124000003
124000030
124000300
124003000
124030000
124300000
130000024
130000042
130000204
130000240
130000402
130000420
130002004
130002040
130002400
130004002
130004020
130004200
130020004
130020040
130020400
130024000
130040002
130040020
130040200
130042000
130200004
130200040
130200400
130204000
130240000
130400002
130400020
130400200
130402000
130420000
132000004
132000040
132000400
132004000
132040000
132400000
134000002
134000020
134000200
134002000
134020000
134200000
140000023
140000032
140000203
140000230
140000302
140000320
140002003
140002030
140002300
140003002
140003020
140003200
140020003
140020030
140020300
140023000
140030002
140030020
140030200
140032000
140200003
140200030
140200300
140203000
140230000
140300002
140300020
140300200
140302000
140320000
142000003
142000030
142000300
142003000
142030000
142300000
143000002
143000020
143000200
143002000
143020000
143200000
200000134
200000143
200000314
200000341
200000413
200000431
200001034
200001043
200001304
200001340
200001403
200001430
200003014
200003041
200003104
200003140
200003401
200003410
200004013
200004031
200004103
200004130
200004301
200004310
200010034
200010043
200010304
200010340
200010403
200010430
200013004
200013040
200013400
200014003
200014030
200014300
200030014
200030041
200030104
200030140
200030401
200030410
200031004
200031040
200031400
200034001
200034010
200034100
200040013
200040031
200040103
200040130
200040301
200040310
200041003
200041030
200041300
200043001
200043010
200043100
200100034
200100043
200100304
200100340
200100403
200100430
200103004
200103040
200103400
200104003
200104030
200104300
200130004
200130040
200130400
200134000
200140003
200140030
200140300
200143000
200300014
200300041
200300104
200300140
200300401
200300410
200301004
200301040
200301400
200304001
200304010
200304100
200310004
200310040
200310400
200314000
200340001
200340010
200340100
200341000
200400013
200400031
200400103
200400130
200400301
200400310
200401003
200401030
200401300
200403001
200403010
200403100
200410003
200410030
200410300
200413000
200430001
200430010
200430100
200431000
201000034
201000043
201000304
201000340
201000403
201000430
201003004
201003040
201003400
201004003
201004030
201004300
201030004
201030040
201030400
201034000
201040003
201040030
201040300
201043000
201300004
201300040
201300400
201304000
201340000
201400003
201400030
201400300
201403000
201430000
203000014
203000041
203000104
203000140
203000401
203000410
203001004
203001040
203001400
203004001
203004010
203004100
203010004
203010040
203010400
203014000
203040001
203040010
203040100
203041000
203100004
203100040
203100400
203104000
203140000
203400001
203400010
203400100
203401000
203410000
204000013
204000031
204000103
204000130
204000301
204000310
204001003
204001030
204001300
204003001
204003010
204003100
204010003
204010030
204010300
204013000
204030001
204030010
204030100
204031000
204100003
204100030
204100300
204103000
204130000
204300001
204300010
204300100
204301000
204310000
210000034
210000043
210000304
210000340
210000403
210000430
210003004
210003040
210003400
210004003
210004030
210004300
210030004
210030040
210030400
210034000
210040003
210040030
210040300
210043000
210300004
210300040
210300400
210304000
210340000
210400003
210400030
210400300
210403000
210430000
213000004
213000040
213000400
213004000
213040000
213400000
214000003
214000030
214000300
214003000
214030000
214300000
230000014
230000041
230000104
230000140
230000401
230000410
230001004
230001040
230001400
230004001
230004010
230004100
230010004
230010040
230010400
230014000
230040001
230040010
230040100
230041000
230100004
230100040
230100400
230104000
230140000
230400001
230400010
230400100
230401000
230410000
231000004
231000040
231000400
231004000
231040000
231400000
234000001
234000010
234000100
234001000
234010000
234100000
240000013
240000031
240000103
240000130
240000301
240000310
240001003
240001030
240001300
240003001
240003010
240003100
240010003
240010030
240010300
240013000
240030001
240030010
240030100
240031000
240100003
240100030
240100300
240103000
240130000
240300001
240300010
240300100
240301000
240310000
241000003
241000030
241000300
241003000
241030000
241300000
243000001
243000010
243000100
243001000
243010000
243100000
300000124
300000142
300000214
300000241
300000412
300000421
300001024
300001042
300001204
300001240
300001402
300001420
300002014
300002041
300002104
300002140
300002401
300002410
300004012
300004021
300004102
300004120
300004201
300004210
300010024
300010042
300010204
300010240
300010402
300010420
300012004
300012040
300012400
300014002
300014020
300014200
300020014
300020041
300020104
300020140
300020401
300020410
300021004
300021040
300021400
300024001
300024010
300024100
300040012
300040021
300040102
300040120
300040201
300040210
300041002
300041020
300041200
300042001
300042010
300042100
300100024
300100042
300100204
300100240
300100402
300100420
300102004
300102040
300102400
300104002
300104020
300104200
300120004
300120040
300120400
300124000
300140002
300140020
300140200
300142000
300200014
300200041
300200104
300200140
300200401
300200410
300201004
300201040
300201400
300204001
300204010
300204100
300210004
300210040
300210400
300214000
300240001
300240010
300240100
300241000
300400012
300400021
300400102
300400120
300400201
300400210
300401002
300401020
300401200
300402001
300402010
300402100
300410002
300410020
300410200
300412000
300420001
300420010
300420100
300421000
301000024
301000042
301000204
301000240
301000402
301000420
301002004
301002040
301002400
301004002
301004020
301004200
301020004
301020040
301020400
301024000
301040002
301040020
301040200
301042000
301200004
301200040
301200400
301204000
301240000
301400002
301400020
301400200
301402000
301420000
302000014
302000041
302000104
302000140
302000401
302000410
302001004
302001040
302001400
302004001
302004010
302004100
302010004
302010040
302010400
302014000
302040001
302040010
302040100
302041000
302100004
302100040
302100400
302104000
302140000
302400001
302400010
302400100
302401000
302410000
304000012
304000021
304000102
304000120
304000201
304000210
304001002
304001020
304001200
304002001
304002010
304002100
304010002
304010020
304010200
304012000
304020001
304020010
304020100
304021000
304100002
304100020
304100200
304102000
304120000
304200001
304200010
304200100
304201000
304210000
310000024
310000042
310000204
310000240
310000402
310000420
310002004
310002040
310002400
310004002
310004020
310004200
310020004
310020040
310020400
310024000
310040002
310040020
310040200
310042000
310200004
310200040
310200400
310204000
310240000
310400002
310400020
310400200
310402000
310420000
312000004
312000040
312000400
312004000
312040000
312400000
314000002
314000020
314000200
314002000
314020000
314200000
320000014
320000041
320000104
320000140
320000401
320000410
320001004
320001040
320001400
320004001
320004010
320004100
320010004
320010040
320010400
320014000
320040001
320040010
320040100
320041000
320100004
320100040
320100400
320104000
320140000
320400001
320400010
320400100
320401000
320410000
321000004
321000040
321000400
321004000
321040000
321400000
324000001
324000010
324000100
324001000
324010000
324100000
340000012
340000021
340000102
340000120
340000201
340000210
340001002
340001020
340001200
340002001
340002010
340002100
340010002
340010020
340010200
340012000
340020001
340020010
340020100
340021000
340100002
340100020
340100200
340102000
340120000
340200001
340200010
340200100
340201000
340210000
341000002
341000020
341000200
341002000
341020000
341200000
342000001
342000010
342000100
342001000
342010000
342100000
400000123
400000132
400000213
400000231
400000312
400000321
400001023
400001032
400001203
400001230
400001302
400001320
400002013
400002031
400002103
400002130
400002301
400002310
400003012
400003021
400003102
400003120
400003201
400003210
400010023
400010032
400010203
400010230
400010302
400010320
400012003
400012030
400012300
400013002
400013020
400013200
400020013
400020031
400020103
400020130
400020301
400020310
400021003
400021030
400021300
400023001
400023010
400023100
400030012
400030021
400030102
400030120
400030201
400030210
400031002
400031020
400031200
400032001
400032010
400032100
400100023
400100032
400100203
400100230
400100302
400100320
400102003
400102030
400102300
400103002
400103020
400103200
400120003
400120030
400120300
400123000
400130002
400130020
400130200
400132000
400200013
400200031
400200103
400200130
400200301
400200310
400201003
400201030
400201300
400203001
400203010
400203100
400210003
400210030
400210300
400213000
400230001
400230010
400230100
400231000
400300012
400300021
400300102
400300120
400300201
400300210
400301002
400301020
400301200
400302001
400302010
400302100
400310002
400310020
400310200
400312000
400320001
400320010
400320100
400321000
401000023
401000032
401000203
401000230
401000302
401000320
401002003
401002030
401002300
401003002
401003020
401003200
401020003
401020030
401020300
401023000
401030002
401030020
401030200
401032000
401200003
401200030
401200300
401203000
401230000
401300002
401300020
401300200
401302000
401320000
402000013
402000031
402000103
402000130
402000301
402000310
402001003
402001030
402001300
402003001
402003010
402003100
402010003
402010030
402010300
402013000
402030001
402030010
402030100
402031000
402100003
402100030
402100300
402103000
402130000
402300001
402300010
402300100
402301000
402310000
403000012
403000021
403000102
403000120
403000201
403000210
403001002
403001020
403001200
403002001
403002010
403002100
403010002
403010020
403010200
403012000
403020001
403020010
403020100
403021000
403100002
403100020
403100200
403102000
403120000
403200001
403200010
403200100
403201000
403210000
410000023
410000032
410000203
410000230
410000302
410000320
410002003
410002030
410002300
410003002
410003020
410003200
410020003
410020030
410020300
410023000
410030002
410030020
410030200
410032000
410200003
410200030
410200300
410203000
410230000
410300002
410300020
410300200
410302000
410320000
412000003
412000030
412000300
412003000
412030000
412300000
413000002
413000020
413000200
413002000
413020000
413200000
420000013
420000031
420000103
420000130
420000301
420000310
420001003
420001030
420001300
420003001
420003010
420003100
420010003
420010030
420010300
420013000
420030001
420030010
420030100
420031000
420100003
420100030
420100300
420103000
420130000
420300001
420300010
420300100
420301000
420310000
421000003
421000030
421000300
421003000
421030000
421300000
423000001
423000010
423000100
423001000
423010000
423100000
430000012
430000021
430000102
430000120
430000201
430000210
430001002
430001020
430001200
430002001
430002010
430002100
430010002
430010020
430010200
430012000
430020001
430020010
430020100
430021000
430100002
430100020
430100200
430102000
430120000
430200001
430200010
430200100
430201000
430210000
431000002
431000020
431000200
431002000
431020000
431200000
432000001
432000010
432000100
432001000
432010000
432100000
