00000123
00000132
00000213
00000231
00000312
00000321
00001023
00001032
00001203
00001230
00001302
00001320
00002013
00002031
00002103
00002130
00002301
00002310
00003012
00003021
00003102
00003120
00003201
00003210
00010023
00010032
00010203
00010230
00010302
00010320
00012003
00012030
00012300
00013002
00013020
00013200
00020013
00020031
00020103
00020130
00020301
00020310
00021003
00021030
00021300
00023001
00023010
00023100
00030012
00030021
00030102
00030120
00030201
00030210
00031002
00031020
00031200
00032001
00032010
00032100
00100023
00100032
00100203
00100230
00100302
00100320
00102003
00102030
00102300
00103002
00103020
00103200
00120003
00120030
00120300
00123000
00130002
00130020
00130200
00132000
00200013
00200031
00200103
00200130
00200301
00200310
00201003
00201030
00201300
00203001
00203010
00203100
00210003
00210030
00210300
00213000
00230001
00230010
00230100
00231000
00300012
00300021
00300102
00300120
00300201
00300210
00301002
00301020
00301200
00302001
00302010
00302100
00310002
00310020
00310200
00312000
00320001
00320010
00320100
00321000
01000023
01000032
01000203
01000230
01000302
01000320
01002003
01002030
01002300
01003002
01003020
01003200
01020003
01020030
01020300
01023000
01030002
01030020
01030200
01032000
01200003
01200030
01200300
01203000
01230000
01300002
01300020
01300200
01302000
01320000
02000013
02000031
02000103
02000130
02000301
02000310
02001003
02001030
02001300
02003001
02003010
02003100
02010003
02010030
02010300
02013000
02030001
02030010
02030100
02031000
02100003
02100030
02100300
02103000
02130000
02300001
02300010
02300100
02301000
02310000
03000012
03000021
03000102
03000120
03000201
03000210
03001002
03001020
03001200
03002001
03002010
03002100
03010002
03010020
03010200
03012000
03020001
03020010
03020100
03021000
03100002
03100020
03100200
03102000
03120000
03200001
03200010
03200100
03201000
03210000
10000023
10000032
10000203
10000230
10000302
10000320
10002003
10002030
10002300
10003002
10003020
10003200
10020003
10020030
10020300
10023000
10030002
10030020
10030200
10032000
10200003
10200030
10200300
10203000
10230000
10300002
10300020
10300200
10302000
10320000
12000003
12000030
12000300
12003000
12030000
12300000
13000002
13000020
13000200
13002000
13020000
13200000
20000013
20000031
20000103
20000130
20000301
20000310
20001003
20001030
20001300
20003001
20003010
20003100
20010003
20010030
20010300
20013000
20030001
20030010
20030100
20031000
20100003
20100030
20100300
20103000
20130000
20300001
20300010
20300100
20301000
20310000
21000003
21000030
21000300
21003000
21030000
21300000
23000001
23000010
23000100
23001000
23010000
23100000
30000012
30000021
30000102
30000120
30000201
30000210
30001002
30001020
30001200
30002001
30002010
30002100
30010002
30010020
30010200
30012000
30020001
30020010
30020100
30021000
30100002
30100020
30100200
30102000
30120000
30200001
30200010
30200100
30201000
30210000
31000002
31000020
31000200
31002000
31020000
31200000
32000001
32000010
32000100
32001000
32010000
32100000
