1 2 3
6 4
5
1 2 3 4
9 10 5
8 6
7
1 2 3 4 5
12 13 14 6
11 15 7
10 8
9
1 2 3 4 5 6
15 16 17 18 7
14 21 19 8
13 20 9
12 10
11
1 2 3 4 5 6 7
18 19 20 21 22 8
17 27 28 23 9
16 26 24 10
15 25 11
14 12
13
1 2 3 4 5 6 7 8
21 22 23 24 25 26 9
20 33 34 35 27 10
19 32 36 28 11
18 31 29 12
17 30 13
16 14
15
1 2 3 4 5 6 7 8 9
24 25 26 27 28 29 30 10
23 39 40 41 42 31 11
22 38 45 43 32 12
21 37 44 33 13
20 36 34 14
19 35 15
18 16
17
1 2 3 4 5 6 7 8 9 10
27 28 29 30 31 32 33 34 11
26 45 46 47 48 49 35 12
25 44 54 55 50 36 13
24 43 53 51 37 14
23 42 52 38 15
22 41 39 16
21 40 17
20 18
19
